[35m[1mConsolidate compiler generated dependencies of target ctrl_long_emergency[0m
[ 50%] [32mBuilding CXX object CMakeFiles/ctrl_long_emergency.dir/src/ctrlLongEmergency.cpp.o[0m
[100%] [32m[1mLinking CXX executable ctrl_long_emergency[0m
[100%] Built target ctrl_long_emergency
-- Install configuration: ""
-- Execute custom install script
-- Up-to-date symlink: /home/oliver/ros2_ws/braking_system/install/ctrl_long_emergency/lib/ctrl_long_emergency/ctrl_long_emergency
-- Up-to-date symlink: /home/oliver/ros2_ws/braking_system/install/ctrl_long_emergency/share/ctrl_long_emergency/config/params.yaml
-- Up-to-date symlink: /home/oliver/ros2_ws/braking_system/install/ctrl_long_emergency/share/ctrl_long_emergency/launch/ctrlLongEmergency.launch.py
-- Up-to-date symlink: /home/oliver/ros2_ws/braking_system/install/ctrl_long_emergency/share/ament_index/resource_index/package_run_dependencies/ctrl_long_emergency
-- Up-to-date symlink: /home/oliver/ros2_ws/braking_system/install/ctrl_long_emergency/share/ament_index/resource_index/parent_prefix_path/ctrl_long_emergency
-- Up-to-date symlink: /home/oliver/ros2_ws/braking_system/install/ctrl_long_emergency/share/ctrl_long_emergency/environment/ament_prefix_path.sh
-- Up-to-date symlink: /home/oliver/ros2_ws/braking_system/install/ctrl_long_emergency/share/ctrl_long_emergency/environment/ament_prefix_path.dsv
-- Up-to-date symlink: /home/oliver/ros2_ws/braking_system/install/ctrl_long_emergency/share/ctrl_long_emergency/environment/path.sh
-- Up-to-date symlink: /home/oliver/ros2_ws/braking_system/install/ctrl_long_emergency/share/ctrl_long_emergency/environment/path.dsv
-- Up-to-date symlink: /home/oliver/ros2_ws/braking_system/install/ctrl_long_emergency/share/ctrl_long_emergency/local_setup.bash
-- Up-to-date symlink: /home/oliver/ros2_ws/braking_system/install/ctrl_long_emergency/share/ctrl_long_emergency/local_setup.sh
-- Up-to-date symlink: /home/oliver/ros2_ws/braking_system/install/ctrl_long_emergency/share/ctrl_long_emergency/local_setup.zsh
-- Up-to-date symlink: /home/oliver/ros2_ws/braking_system/install/ctrl_long_emergency/share/ctrl_long_emergency/local_setup.dsv
-- Symlinking: /home/oliver/ros2_ws/braking_system/install/ctrl_long_emergency/share/ctrl_long_emergency/package.dsv
-- Up-to-date symlink: /home/oliver/ros2_ws/braking_system/install/ctrl_long_emergency/share/ament_index/resource_index/packages/ctrl_long_emergency
-- Up-to-date symlink: /home/oliver/ros2_ws/braking_system/install/ctrl_long_emergency/share/ctrl_long_emergency/cmake/ctrl_long_emergencyConfig.cmake
-- Up-to-date symlink: /home/oliver/ros2_ws/braking_system/install/ctrl_long_emergency/share/ctrl_long_emergency/cmake/ctrl_long_emergencyConfig-version.cmake
-- Up-to-date symlink: /home/oliver/ros2_ws/braking_system/install/ctrl_long_emergency/share/ctrl_long_emergency/package.xml
