[0.058s] Invoking command in '/home/oliver/ros2_ws/braking_system/build/ctrl_long_emergency': CMAKE_PREFIX_PATH=/opt/ros/humble /usr/bin/cmake --build /home/oliver/ros2_ws/braking_system/build/ctrl_long_emergency -- -j8 -l8
[0.227s] [35m[1mConsolidate compiler generated dependencies of target ctrl_long_emergency[0m
[0.324s] [ 50%] [32mBuilding CXX object CMakeFiles/ctrl_long_emergency.dir/src/ctrlLongEmergency.cpp.o[0m
[27.497s] [100%] [32m[1mLinking CXX executable ctrl_long_emergency[0m
[29.173s] [100%] Built target ctrl_long_emergency
[29.193s] Invoked command in '/home/oliver/ros2_ws/braking_system/build/ctrl_long_emergency' returned '0': CMAKE_PREFIX_PATH=/opt/ros/humble /usr/bin/cmake --build /home/oliver/ros2_ws/braking_system/build/ctrl_long_emergency -- -j8 -l8
[29.197s] Invoking command in '/home/oliver/ros2_ws/braking_system/build/ctrl_long_emergency': CMAKE_PREFIX_PATH=/opt/ros/humble /usr/bin/cmake --install /home/oliver/ros2_ws/braking_system/build/ctrl_long_emergency
[29.216s] -- Install configuration: ""
[29.218s] -- Execute custom install script
[29.219s] -- Up-to-date symlink: /home/oliver/ros2_ws/braking_system/install/ctrl_long_emergency/lib/ctrl_long_emergency/ctrl_long_emergency
[29.220s] -- Up-to-date symlink: /home/oliver/ros2_ws/braking_system/install/ctrl_long_emergency/share/ctrl_long_emergency/config/params.yaml
[29.222s] -- Up-to-date symlink: /home/oliver/ros2_ws/braking_system/install/ctrl_long_emergency/share/ctrl_long_emergency/launch/ctrlLongEmergency.launch.py
[29.223s] -- Up-to-date symlink: /home/oliver/ros2_ws/braking_system/install/ctrl_long_emergency/share/ament_index/resource_index/package_run_dependencies/ctrl_long_emergency
[29.223s] -- Up-to-date symlink: /home/oliver/ros2_ws/braking_system/install/ctrl_long_emergency/share/ament_index/resource_index/parent_prefix_path/ctrl_long_emergency
[29.223s] -- Up-to-date symlink: /home/oliver/ros2_ws/braking_system/install/ctrl_long_emergency/share/ctrl_long_emergency/environment/ament_prefix_path.sh
[29.224s] -- Up-to-date symlink: /home/oliver/ros2_ws/braking_system/install/ctrl_long_emergency/share/ctrl_long_emergency/environment/ament_prefix_path.dsv
[29.224s] -- Up-to-date symlink: /home/oliver/ros2_ws/braking_system/install/ctrl_long_emergency/share/ctrl_long_emergency/environment/path.sh
[29.225s] -- Up-to-date symlink: /home/oliver/ros2_ws/braking_system/install/ctrl_long_emergency/share/ctrl_long_emergency/environment/path.dsv
[29.225s] -- Up-to-date symlink: /home/oliver/ros2_ws/braking_system/install/ctrl_long_emergency/share/ctrl_long_emergency/local_setup.bash
[29.226s] -- Up-to-date symlink: /home/oliver/ros2_ws/braking_system/install/ctrl_long_emergency/share/ctrl_long_emergency/local_setup.sh
[29.227s] -- Up-to-date symlink: /home/oliver/ros2_ws/braking_system/install/ctrl_long_emergency/share/ctrl_long_emergency/local_setup.zsh
[29.227s] -- Up-to-date symlink: /home/oliver/ros2_ws/braking_system/install/ctrl_long_emergency/share/ctrl_long_emergency/local_setup.dsv
[29.228s] -- Symlinking: /home/oliver/ros2_ws/braking_system/install/ctrl_long_emergency/share/ctrl_long_emergency/package.dsv
[29.247s] -- Up-to-date symlink: /home/oliver/ros2_ws/braking_system/install/ctrl_long_emergency/share/ament_index/resource_index/packages/ctrl_long_emergency
[29.248s] -- Up-to-date symlink: /home/oliver/ros2_ws/braking_system/install/ctrl_long_emergency/share/ctrl_long_emergency/cmake/ctrl_long_emergencyConfig.cmake
[29.248s] -- Up-to-date symlink: /home/oliver/ros2_ws/braking_system/install/ctrl_long_emergency/share/ctrl_long_emergency/cmake/ctrl_long_emergencyConfig-version.cmake
[29.248s] -- Up-to-date symlink: /home/oliver/ros2_ws/braking_system/install/ctrl_long_emergency/share/ctrl_long_emergency/package.xml
[29.254s] Invoked command in '/home/oliver/ros2_ws/braking_system/build/ctrl_long_emergency' returned '0': CMAKE_PREFIX_PATH=/opt/ros/humble /usr/bin/cmake --install /home/oliver/ros2_ws/braking_system/build/ctrl_long_emergency
