[0.052s] Invoking command in '/home/oliver/ros2_ws/braking_system/build/basic_concepts': CMAKE_PREFIX_PATH=/opt/ros/humble /usr/bin/cmake --build /home/oliver/ros2_ws/braking_system/build/basic_concepts -- -j8 -l8
[0.348s] [ 50%] Built target publisher_demo
[0.359s] [100%] Built target subscriber_demo
[0.430s] Invoked command in '/home/oliver/ros2_ws/braking_system/build/basic_concepts' returned '0': CMAKE_PREFIX_PATH=/opt/ros/humble /usr/bin/cmake --build /home/oliver/ros2_ws/braking_system/build/basic_concepts -- -j8 -l8
[0.435s] Invoking command in '/home/oliver/ros2_ws/braking_system/build/basic_concepts': CMAKE_PREFIX_PATH=/opt/ros/humble /usr/bin/cmake --install /home/oliver/ros2_ws/braking_system/build/basic_concepts
[0.477s] -- Install configuration: ""
[0.483s] -- Execute custom install script
[0.486s] -- Up-to-date symlink: /home/oliver/ros2_ws/braking_system/install/basic_concepts/lib/basic_concepts/publisher_demo
[0.486s] -- Up-to-date symlink: /home/oliver/ros2_ws/braking_system/install/basic_concepts/lib/basic_concepts/subscriber_demo
[0.489s] -- Up-to-date symlink: /home/oliver/ros2_ws/braking_system/install/basic_concepts/share/basic_concepts/config/params.yaml
[0.492s] -- Up-to-date symlink: /home/oliver/ros2_ws/braking_system/install/basic_concepts/share/basic_concepts/launch/pubsubDemo.launch.py
[0.492s] -- Up-to-date symlink: /home/oliver/ros2_ws/braking_system/install/basic_concepts/share/basic_concepts/launch/pubsubMultiDemo.launch.py
[0.492s] -- Up-to-date symlink: /home/oliver/ros2_ws/braking_system/install/basic_concepts/share/ament_index/resource_index/package_run_dependencies/basic_concepts
[0.492s] -- Up-to-date symlink: /home/oliver/ros2_ws/braking_system/install/basic_concepts/share/ament_index/resource_index/parent_prefix_path/basic_concepts
[0.492s] -- Up-to-date symlink: /home/oliver/ros2_ws/braking_system/install/basic_concepts/share/basic_concepts/environment/ament_prefix_path.sh
[0.492s] -- Up-to-date symlink: /home/oliver/ros2_ws/braking_system/install/basic_concepts/share/basic_concepts/environment/ament_prefix_path.dsv
[0.493s] -- Up-to-date symlink: /home/oliver/ros2_ws/braking_system/install/basic_concepts/share/basic_concepts/environment/path.sh
[0.499s] -- Up-to-date symlink: /home/oliver/ros2_ws/braking_system/install/basic_concepts/share/basic_concepts/environment/path.dsv
[0.499s] -- Up-to-date symlink: /home/oliver/ros2_ws/braking_system/install/basic_concepts/share/basic_concepts/local_setup.bash
[0.499s] -- Up-to-date symlink: /home/oliver/ros2_ws/braking_system/install/basic_concepts/share/basic_concepts/local_setup.sh
[0.502s] -- Up-to-date symlink: /home/oliver/ros2_ws/braking_system/install/basic_concepts/share/basic_concepts/local_setup.zsh
[0.506s] -- Up-to-date symlink: /home/oliver/ros2_ws/braking_system/install/basic_concepts/share/basic_concepts/local_setup.dsv
[0.507s] -- Symlinking: /home/oliver/ros2_ws/braking_system/install/basic_concepts/share/basic_concepts/package.dsv
[0.518s] -- Up-to-date symlink: /home/oliver/ros2_ws/braking_system/install/basic_concepts/share/ament_index/resource_index/packages/basic_concepts
[0.518s] -- Up-to-date symlink: /home/oliver/ros2_ws/braking_system/install/basic_concepts/share/basic_concepts/cmake/basic_conceptsConfig.cmake
[0.519s] -- Up-to-date symlink: /home/oliver/ros2_ws/braking_system/install/basic_concepts/share/basic_concepts/cmake/basic_conceptsConfig-version.cmake
[0.521s] -- Up-to-date symlink: /home/oliver/ros2_ws/braking_system/install/basic_concepts/share/basic_concepts/package.xml
[0.630s] Invoked command in '/home/oliver/ros2_ws/braking_system/build/basic_concepts' returned '0': CMAKE_PREFIX_PATH=/opt/ros/humble /usr/bin/cmake --install /home/oliver/ros2_ws/braking_system/build/basic_concepts
