[0.075s] Invoking command in '/home/oliver/ros2_ws/braking_system/build/velocity_estimator': CMAKE_PREFIX_PATH=/opt/ros/humble /usr/bin/cmake /home/oliver/ros2_ws/braking_system/examples/c++/velocity_estimator -DAMENT_CMAKE_SYMLINK_INSTALL=1 -DCMAKE_INSTALL_PREFIX=/home/oliver/ros2_ws/braking_system/install/velocity_estimator
[0.313s] -- The C compiler identification is GNU 11.4.0
[0.590s] -- The CXX compiler identification is GNU 11.4.0
[0.628s] -- Detecting C compiler ABI info
[0.965s] -- Detecting C compiler ABI info - done
[1.006s] -- Check for working C compiler: /usr/bin/cc - skipped
[1.007s] -- Detecting C compile features
[1.007s] -- Detecting C compile features - done
[1.017s] -- Detecting CXX compiler ABI info
[1.353s] -- Detecting CXX compiler ABI info - done
[1.415s] -- Check for working CXX compiler: /usr/bin/c++ - skipped
[1.415s] -- Detecting CXX compile features
[1.416s] -- Detecting CXX compile features - done
[1.426s] -- Found ament_cmake: 1.3.13 (/opt/ros/humble/share/ament_cmake/cmake)
[2.098s] -- Found Python3: /usr/bin/python3 (found version "3.10.12") found components: Interpreter 
[2.356s] -- Override CMake install command with custom implementation using symlinks instead of copying resources
[2.489s] -- Found rclcpp: 16.0.18 (/opt/ros/humble/share/rclcpp/cmake)
[2.665s] -- Found rosidl_generator_c: 3.1.8 (/opt/ros/humble/share/rosidl_generator_c/cmake)
[2.684s] -- Found rosidl_adapter: 3.1.8 (/opt/ros/humble/share/rosidl_adapter/cmake)
[2.725s] -- Found rosidl_generator_cpp: 3.1.8 (/opt/ros/humble/share/rosidl_generator_cpp/cmake)
[2.782s] -- Using all available rosidl_typesupport_c: rosidl_typesupport_fastrtps_c;rosidl_typesupport_introspection_c
[2.873s] -- Using all available rosidl_typesupport_cpp: rosidl_typesupport_fastrtps_cpp;rosidl_typesupport_introspection_cpp
[3.035s] -- Found rmw_implementation_cmake: 6.1.2 (/opt/ros/humble/share/rmw_implementation_cmake/cmake)
[3.048s] -- Found rmw_fastrtps_cpp: 6.2.10 (/opt/ros/humble/share/rmw_fastrtps_cpp/cmake)
[3.318s] -- Found OpenSSL: /usr/lib/x86_64-linux-gnu/libcrypto.so (found version "3.0.2")  
[3.402s] -- Found FastRTPS: /opt/ros/humble/include  
[3.527s] -- Using RMW implementation 'rmw_fastrtps_cpp' as default
[3.583s] -- Looking for pthread.h
[3.950s] -- Looking for pthread.h - found
[3.956s] -- Performing Test CMAKE_HAVE_LIBC_PTHREAD
[4.358s] -- Performing Test CMAKE_HAVE_LIBC_PTHREAD - Success
[4.380s] -- Found Threads: TRUE  
[4.787s] -- Found geometry_msgs: 4.9.1 (/opt/ros/humble/share/geometry_msgs/cmake)
[5.134s] -- Configuring done
[5.175s] -- Generating done
[5.193s] -- Build files have been written to: /home/oliver/ros2_ws/braking_system/build/velocity_estimator
