[0.366s] DEBUG:colcon:Command line arguments: ['/usr/bin/colcon', 'build', '--symlink-install']
[0.367s] DEBUG:colcon:Parsed command line arguments: Namespace(log_base=None, log_level=None, verb_name='build', build_base='build', install_base='install', merge_install=False, symlink_install=True, test_result_base=None, continue_on_error=False, executor='parallel', parallel_workers=8, event_handlers=None, ignore_user_meta=False, metas=['./colcon.meta'], base_paths=['.'], packages_ignore=None, packages_ignore_regex=None, paths=None, packages_up_to=None, packages_up_to_regex=None, packages_above=None, packages_above_and_dependencies=None, packages_above_depth=None, packages_select_by_dep=None, packages_skip_by_dep=None, packages_skip_up_to=None, packages_select_build_failed=False, packages_skip_build_finished=False, packages_select_test_failures=False, packages_skip_test_passed=False, packages_select=None, packages_skip=None, packages_select_regex=None, packages_skip_regex=None, packages_start=None, packages_end=None, allow_overriding=[], cmake_args=None, cmake_target=None, cmake_target_skip_unavailable=False, cmake_clean_cache=False, cmake_clean_first=False, cmake_force_configure=False, ament_cmake_args=None, catkin_cmake_args=None, catkin_skip_building_tests=False, mixin_files=None, mixin=None, verb_parser=<colcon_mixin.mixin.mixin_argument.MixinArgumentDecorator object at 0x70bc19a35330>, verb_extension=<colcon_core.verb.build.BuildVerb object at 0x70bc19a34910>, main=<bound method BuildVerb.main of <colcon_core.verb.build.BuildVerb object at 0x70bc19a34910>>, mixin_verb=('build',))
[0.710s] Level 1:colcon.colcon_core.package_discovery:discover_packages(colcon_meta) check parameters
[0.710s] Level 1:colcon.colcon_core.package_discovery:discover_packages(recursive) check parameters
[0.710s] Level 1:colcon.colcon_core.package_discovery:discover_packages(ignore) check parameters
[0.710s] Level 1:colcon.colcon_core.package_discovery:discover_packages(path) check parameters
[0.710s] Level 1:colcon.colcon_core.package_discovery:discover_packages(colcon_meta) discover
[0.710s] Level 1:colcon.colcon_core.package_discovery:discover_packages(recursive) discover
[0.710s] INFO:colcon.colcon_core.package_discovery:Crawling recursively for packages in '/home/oliver/ros2_ws/braking_system'
[0.710s] Level 1:colcon.colcon_core.package_identification:_identify(.) by extensions ['ignore', 'ignore_ament_install']
[0.710s] Level 1:colcon.colcon_core.package_identification:_identify(.) by extension 'ignore'
[0.711s] Level 1:colcon.colcon_core.package_identification:_identify(.) by extension 'ignore_ament_install'
[0.711s] Level 1:colcon.colcon_core.package_identification:_identify(.) by extensions ['colcon_pkg']
[0.711s] Level 1:colcon.colcon_core.package_identification:_identify(.) by extension 'colcon_pkg'
[0.711s] Level 1:colcon.colcon_core.package_identification:_identify(.) by extensions ['colcon_meta']
[0.711s] Level 1:colcon.colcon_core.package_identification:_identify(.) by extension 'colcon_meta'
[0.711s] Level 1:colcon.colcon_core.package_identification:_identify(.) by extensions ['ros']
[0.711s] Level 1:colcon.colcon_core.package_identification:_identify(.) by extension 'ros'
[0.733s] Level 1:colcon.colcon_core.package_identification:_identify(.) by extensions ['cmake', 'python']
[0.733s] Level 1:colcon.colcon_core.package_identification:_identify(.) by extension 'cmake'
[0.733s] Level 1:colcon.colcon_core.package_identification:_identify(.) by extension 'python'
[0.733s] Level 1:colcon.colcon_core.package_identification:_identify(.) by extensions ['python_setup_py']
[0.733s] Level 1:colcon.colcon_core.package_identification:_identify(.) by extension 'python_setup_py'
[0.733s] Level 1:colcon.colcon_core.package_identification:_identify(behavior_planner) by extensions ['ignore', 'ignore_ament_install']
[0.734s] Level 1:colcon.colcon_core.package_identification:_identify(behavior_planner) by extension 'ignore'
[0.734s] Level 1:colcon.colcon_core.package_identification:_identify(behavior_planner) by extension 'ignore_ament_install'
[0.734s] Level 1:colcon.colcon_core.package_identification:_identify(behavior_planner) by extensions ['colcon_pkg']
[0.734s] Level 1:colcon.colcon_core.package_identification:_identify(behavior_planner) by extension 'colcon_pkg'
[0.734s] Level 1:colcon.colcon_core.package_identification:_identify(behavior_planner) by extensions ['colcon_meta']
[0.734s] Level 1:colcon.colcon_core.package_identification:_identify(behavior_planner) by extension 'colcon_meta'
[0.734s] Level 1:colcon.colcon_core.package_identification:_identify(behavior_planner) by extensions ['ros']
[0.734s] Level 1:colcon.colcon_core.package_identification:_identify(behavior_planner) by extension 'ros'
[0.739s] DEBUG:colcon.colcon_core.package_identification:Package 'behavior_planner' with type 'ros.ament_cmake' and name 'behavior_planner'
[0.739s] Level 1:colcon.colcon_core.package_identification:_identify(build) by extensions ['ignore', 'ignore_ament_install']
[0.740s] Level 1:colcon.colcon_core.package_identification:_identify(build) by extension 'ignore'
[0.740s] Level 1:colcon.colcon_core.package_identification:_identify(build) ignored
[0.740s] Level 1:colcon.colcon_core.package_identification:_identify(ctrl_long_emergency) by extensions ['ignore', 'ignore_ament_install']
[0.740s] Level 1:colcon.colcon_core.package_identification:_identify(ctrl_long_emergency) by extension 'ignore'
[0.740s] Level 1:colcon.colcon_core.package_identification:_identify(ctrl_long_emergency) by extension 'ignore_ament_install'
[0.740s] Level 1:colcon.colcon_core.package_identification:_identify(ctrl_long_emergency) by extensions ['colcon_pkg']
[0.740s] Level 1:colcon.colcon_core.package_identification:_identify(ctrl_long_emergency) by extension 'colcon_pkg'
[0.741s] Level 1:colcon.colcon_core.package_identification:_identify(ctrl_long_emergency) by extensions ['colcon_meta']
[0.741s] Level 1:colcon.colcon_core.package_identification:_identify(ctrl_long_emergency) by extension 'colcon_meta'
[0.741s] Level 1:colcon.colcon_core.package_identification:_identify(ctrl_long_emergency) by extensions ['ros']
[0.741s] Level 1:colcon.colcon_core.package_identification:_identify(ctrl_long_emergency) by extension 'ros'
[0.742s] DEBUG:colcon.colcon_core.package_identification:Package 'ctrl_long_emergency' with type 'ros.ament_cmake' and name 'ctrl_long_emergency'
[0.743s] Level 1:colcon.colcon_core.package_identification:_identify(doc) by extensions ['ignore', 'ignore_ament_install']
[0.743s] Level 1:colcon.colcon_core.package_identification:_identify(doc) by extension 'ignore'
[0.743s] Level 1:colcon.colcon_core.package_identification:_identify(doc) by extension 'ignore_ament_install'
[0.743s] Level 1:colcon.colcon_core.package_identification:_identify(doc) by extensions ['colcon_pkg']
[0.743s] Level 1:colcon.colcon_core.package_identification:_identify(doc) by extension 'colcon_pkg'
[0.743s] Level 1:colcon.colcon_core.package_identification:_identify(doc) by extensions ['colcon_meta']
[0.743s] Level 1:colcon.colcon_core.package_identification:_identify(doc) by extension 'colcon_meta'
[0.743s] Level 1:colcon.colcon_core.package_identification:_identify(doc) by extensions ['ros']
[0.743s] Level 1:colcon.colcon_core.package_identification:_identify(doc) by extension 'ros'
[0.743s] Level 1:colcon.colcon_core.package_identification:_identify(doc) by extensions ['cmake', 'python']
[0.743s] Level 1:colcon.colcon_core.package_identification:_identify(doc) by extension 'cmake'
[0.743s] Level 1:colcon.colcon_core.package_identification:_identify(doc) by extension 'python'
[0.744s] Level 1:colcon.colcon_core.package_identification:_identify(doc) by extensions ['python_setup_py']
[0.744s] Level 1:colcon.colcon_core.package_identification:_identify(doc) by extension 'python_setup_py'
[0.744s] Level 1:colcon.colcon_core.package_identification:_identify(doc/images) by extensions ['ignore', 'ignore_ament_install']
[0.744s] Level 1:colcon.colcon_core.package_identification:_identify(doc/images) by extension 'ignore'
[0.744s] Level 1:colcon.colcon_core.package_identification:_identify(doc/images) by extension 'ignore_ament_install'
[0.744s] Level 1:colcon.colcon_core.package_identification:_identify(doc/images) by extensions ['colcon_pkg']
[0.744s] Level 1:colcon.colcon_core.package_identification:_identify(doc/images) by extension 'colcon_pkg'
[0.744s] Level 1:colcon.colcon_core.package_identification:_identify(doc/images) by extensions ['colcon_meta']
[0.744s] Level 1:colcon.colcon_core.package_identification:_identify(doc/images) by extension 'colcon_meta'
[0.744s] Level 1:colcon.colcon_core.package_identification:_identify(doc/images) by extensions ['ros']
[0.744s] Level 1:colcon.colcon_core.package_identification:_identify(doc/images) by extension 'ros'
[0.745s] Level 1:colcon.colcon_core.package_identification:_identify(doc/images) by extensions ['cmake', 'python']
[0.745s] Level 1:colcon.colcon_core.package_identification:_identify(doc/images) by extension 'cmake'
[0.745s] Level 1:colcon.colcon_core.package_identification:_identify(doc/images) by extension 'python'
[0.745s] Level 1:colcon.colcon_core.package_identification:_identify(doc/images) by extensions ['python_setup_py']
[0.745s] Level 1:colcon.colcon_core.package_identification:_identify(doc/images) by extension 'python_setup_py'
[0.745s] Level 1:colcon.colcon_core.package_identification:_identify(examples) by extensions ['ignore', 'ignore_ament_install']
[0.745s] Level 1:colcon.colcon_core.package_identification:_identify(examples) by extension 'ignore'
[0.745s] Level 1:colcon.colcon_core.package_identification:_identify(examples) by extension 'ignore_ament_install'
[0.745s] Level 1:colcon.colcon_core.package_identification:_identify(examples) by extensions ['colcon_pkg']
[0.745s] Level 1:colcon.colcon_core.package_identification:_identify(examples) by extension 'colcon_pkg'
[0.745s] Level 1:colcon.colcon_core.package_identification:_identify(examples) by extensions ['colcon_meta']
[0.745s] Level 1:colcon.colcon_core.package_identification:_identify(examples) by extension 'colcon_meta'
[0.746s] Level 1:colcon.colcon_core.package_identification:_identify(examples) by extensions ['ros']
[0.746s] Level 1:colcon.colcon_core.package_identification:_identify(examples) by extension 'ros'
[0.746s] Level 1:colcon.colcon_core.package_identification:_identify(examples) by extensions ['cmake', 'python']
[0.746s] Level 1:colcon.colcon_core.package_identification:_identify(examples) by extension 'cmake'
[0.746s] Level 1:colcon.colcon_core.package_identification:_identify(examples) by extension 'python'
[0.746s] Level 1:colcon.colcon_core.package_identification:_identify(examples) by extensions ['python_setup_py']
[0.746s] Level 1:colcon.colcon_core.package_identification:_identify(examples) by extension 'python_setup_py'
[0.746s] Level 1:colcon.colcon_core.package_identification:_identify(examples/c++) by extensions ['ignore', 'ignore_ament_install']
[0.746s] Level 1:colcon.colcon_core.package_identification:_identify(examples/c++) by extension 'ignore'
[0.746s] Level 1:colcon.colcon_core.package_identification:_identify(examples/c++) by extension 'ignore_ament_install'
[0.747s] Level 1:colcon.colcon_core.package_identification:_identify(examples/c++) by extensions ['colcon_pkg']
[0.747s] Level 1:colcon.colcon_core.package_identification:_identify(examples/c++) by extension 'colcon_pkg'
[0.747s] Level 1:colcon.colcon_core.package_identification:_identify(examples/c++) by extensions ['colcon_meta']
[0.747s] Level 1:colcon.colcon_core.package_identification:_identify(examples/c++) by extension 'colcon_meta'
[0.747s] Level 1:colcon.colcon_core.package_identification:_identify(examples/c++) by extensions ['ros']
[0.747s] Level 1:colcon.colcon_core.package_identification:_identify(examples/c++) by extension 'ros'
[0.747s] Level 1:colcon.colcon_core.package_identification:_identify(examples/c++) by extensions ['cmake', 'python']
[0.747s] Level 1:colcon.colcon_core.package_identification:_identify(examples/c++) by extension 'cmake'
[0.747s] Level 1:colcon.colcon_core.package_identification:_identify(examples/c++) by extension 'python'
[0.747s] Level 1:colcon.colcon_core.package_identification:_identify(examples/c++) by extensions ['python_setup_py']
[0.747s] Level 1:colcon.colcon_core.package_identification:_identify(examples/c++) by extension 'python_setup_py'
[0.747s] Level 1:colcon.colcon_core.package_identification:_identify(examples/c++/basic_concepts) by extensions ['ignore', 'ignore_ament_install']
[0.748s] Level 1:colcon.colcon_core.package_identification:_identify(examples/c++/basic_concepts) by extension 'ignore'
[0.748s] Level 1:colcon.colcon_core.package_identification:_identify(examples/c++/basic_concepts) by extension 'ignore_ament_install'
[0.748s] Level 1:colcon.colcon_core.package_identification:_identify(examples/c++/basic_concepts) by extensions ['colcon_pkg']
[0.748s] Level 1:colcon.colcon_core.package_identification:_identify(examples/c++/basic_concepts) by extension 'colcon_pkg'
[0.748s] Level 1:colcon.colcon_core.package_identification:_identify(examples/c++/basic_concepts) by extensions ['colcon_meta']
[0.748s] Level 1:colcon.colcon_core.package_identification:_identify(examples/c++/basic_concepts) by extension 'colcon_meta'
[0.748s] Level 1:colcon.colcon_core.package_identification:_identify(examples/c++/basic_concepts) by extensions ['ros']
[0.748s] Level 1:colcon.colcon_core.package_identification:_identify(examples/c++/basic_concepts) by extension 'ros'
[0.749s] DEBUG:colcon.colcon_core.package_identification:Package 'examples/c++/basic_concepts' with type 'ros.ament_cmake' and name 'basic_concepts'
[0.750s] Level 1:colcon.colcon_core.package_identification:_identify(examples/c++/velocity_estimator) by extensions ['ignore', 'ignore_ament_install']
[0.750s] Level 1:colcon.colcon_core.package_identification:_identify(examples/c++/velocity_estimator) by extension 'ignore'
[0.750s] Level 1:colcon.colcon_core.package_identification:_identify(examples/c++/velocity_estimator) by extension 'ignore_ament_install'
[0.750s] Level 1:colcon.colcon_core.package_identification:_identify(examples/c++/velocity_estimator) by extensions ['colcon_pkg']
[0.750s] Level 1:colcon.colcon_core.package_identification:_identify(examples/c++/velocity_estimator) by extension 'colcon_pkg'
[0.750s] Level 1:colcon.colcon_core.package_identification:_identify(examples/c++/velocity_estimator) by extensions ['colcon_meta']
[0.750s] Level 1:colcon.colcon_core.package_identification:_identify(examples/c++/velocity_estimator) by extension 'colcon_meta'
[0.750s] Level 1:colcon.colcon_core.package_identification:_identify(examples/c++/velocity_estimator) by extensions ['ros']
[0.750s] Level 1:colcon.colcon_core.package_identification:_identify(examples/c++/velocity_estimator) by extension 'ros'
[0.752s] DEBUG:colcon.colcon_core.package_identification:Package 'examples/c++/velocity_estimator' with type 'ros.ament_cmake' and name 'velocity_estimator'
[0.752s] Level 1:colcon.colcon_core.package_identification:_identify(install) by extensions ['ignore', 'ignore_ament_install']
[0.752s] Level 1:colcon.colcon_core.package_identification:_identify(install) by extension 'ignore'
[0.752s] Level 1:colcon.colcon_core.package_identification:_identify(install) ignored
[0.753s] Level 1:colcon.colcon_core.package_identification:_identify(log) by extensions ['ignore', 'ignore_ament_install']
[0.753s] Level 1:colcon.colcon_core.package_identification:_identify(log) by extension 'ignore'
[0.753s] Level 1:colcon.colcon_core.package_identification:_identify(log) ignored
[0.753s] Level 1:colcon.colcon_core.package_identification:_identify(plan_long_emergency) by extensions ['ignore', 'ignore_ament_install']
[0.753s] Level 1:colcon.colcon_core.package_identification:_identify(plan_long_emergency) by extension 'ignore'
[0.753s] Level 1:colcon.colcon_core.package_identification:_identify(plan_long_emergency) by extension 'ignore_ament_install'
[0.753s] Level 1:colcon.colcon_core.package_identification:_identify(plan_long_emergency) by extensions ['colcon_pkg']
[0.753s] Level 1:colcon.colcon_core.package_identification:_identify(plan_long_emergency) by extension 'colcon_pkg'
[0.753s] Level 1:colcon.colcon_core.package_identification:_identify(plan_long_emergency) by extensions ['colcon_meta']
[0.753s] Level 1:colcon.colcon_core.package_identification:_identify(plan_long_emergency) by extension 'colcon_meta'
[0.754s] Level 1:colcon.colcon_core.package_identification:_identify(plan_long_emergency) by extensions ['ros']
[0.754s] Level 1:colcon.colcon_core.package_identification:_identify(plan_long_emergency) by extension 'ros'
[0.755s] DEBUG:colcon.colcon_core.package_identification:Package 'plan_long_emergency' with type 'ros.ament_cmake' and name 'plan_long_emergency'
[0.755s] Level 1:colcon.colcon_core.package_discovery:discover_packages(recursive) using defaults
[0.755s] Level 1:colcon.colcon_core.package_discovery:discover_packages(ignore) discover
[0.755s] Level 1:colcon.colcon_core.package_discovery:discover_packages(ignore) using defaults
[0.755s] Level 1:colcon.colcon_core.package_discovery:discover_packages(path) discover
[0.755s] Level 1:colcon.colcon_core.package_discovery:discover_packages(path) using defaults
[0.824s] Level 1:colcon.colcon_core.package_discovery:discover_packages(prefix_path) check parameters
[0.824s] Level 1:colcon.colcon_core.package_discovery:discover_packages(prefix_path) discover
[0.831s] DEBUG:colcon.colcon_installed_package_information.package_discovery:Found 35 installed packages in /home/oliver/ros2_ws/install
[0.833s] DEBUG:colcon.colcon_installed_package_information.package_discovery:Found 4 installed packages in /home/oliver/ros2_ws/braking_system/install
[0.836s] DEBUG:colcon.colcon_installed_package_information.package_discovery:Found 282 installed packages in /opt/ros/humble
[0.840s] Level 1:colcon.colcon_core.package_discovery:discover_packages(prefix_path) using defaults
[0.918s] Level 5:colcon.colcon_core.verb:set package 'basic_concepts' build argument 'cmake_args' from command line to 'None'
[0.918s] Level 5:colcon.colcon_core.verb:set package 'basic_concepts' build argument 'cmake_target' from command line to 'None'
[0.918s] Level 5:colcon.colcon_core.verb:set package 'basic_concepts' build argument 'cmake_target_skip_unavailable' from command line to 'False'
[0.918s] Level 5:colcon.colcon_core.verb:set package 'basic_concepts' build argument 'cmake_clean_cache' from command line to 'False'
[0.918s] Level 5:colcon.colcon_core.verb:set package 'basic_concepts' build argument 'cmake_clean_first' from command line to 'False'
[0.918s] Level 5:colcon.colcon_core.verb:set package 'basic_concepts' build argument 'cmake_force_configure' from command line to 'False'
[0.918s] Level 5:colcon.colcon_core.verb:set package 'basic_concepts' build argument 'ament_cmake_args' from command line to 'None'
[0.918s] Level 5:colcon.colcon_core.verb:set package 'basic_concepts' build argument 'catkin_cmake_args' from command line to 'None'
[0.918s] Level 5:colcon.colcon_core.verb:set package 'basic_concepts' build argument 'catkin_skip_building_tests' from command line to 'False'
[0.918s] DEBUG:colcon.colcon_core.verb:Building package 'basic_concepts' with the following arguments: {'ament_cmake_args': None, 'build_base': '/home/oliver/ros2_ws/braking_system/build/basic_concepts', 'catkin_cmake_args': None, 'catkin_skip_building_tests': False, 'cmake_args': None, 'cmake_clean_cache': False, 'cmake_clean_first': False, 'cmake_force_configure': False, 'cmake_target': None, 'cmake_target_skip_unavailable': False, 'install_base': '/home/oliver/ros2_ws/braking_system/install/basic_concepts', 'merge_install': False, 'path': '/home/oliver/ros2_ws/braking_system/examples/c++/basic_concepts', 'symlink_install': True, 'test_result_base': None}
[0.919s] Level 5:colcon.colcon_core.verb:set package 'behavior_planner' build argument 'cmake_args' from command line to 'None'
[0.919s] Level 5:colcon.colcon_core.verb:set package 'behavior_planner' build argument 'cmake_target' from command line to 'None'
[0.919s] Level 5:colcon.colcon_core.verb:set package 'behavior_planner' build argument 'cmake_target_skip_unavailable' from command line to 'False'
[0.919s] Level 5:colcon.colcon_core.verb:set package 'behavior_planner' build argument 'cmake_clean_cache' from command line to 'False'
[0.919s] Level 5:colcon.colcon_core.verb:set package 'behavior_planner' build argument 'cmake_clean_first' from command line to 'False'
[0.919s] Level 5:colcon.colcon_core.verb:set package 'behavior_planner' build argument 'cmake_force_configure' from command line to 'False'
[0.919s] Level 5:colcon.colcon_core.verb:set package 'behavior_planner' build argument 'ament_cmake_args' from command line to 'None'
[0.919s] Level 5:colcon.colcon_core.verb:set package 'behavior_planner' build argument 'catkin_cmake_args' from command line to 'None'
[0.919s] Level 5:colcon.colcon_core.verb:set package 'behavior_planner' build argument 'catkin_skip_building_tests' from command line to 'False'
[0.919s] DEBUG:colcon.colcon_core.verb:Building package 'behavior_planner' with the following arguments: {'ament_cmake_args': None, 'build_base': '/home/oliver/ros2_ws/braking_system/build/behavior_planner', 'catkin_cmake_args': None, 'catkin_skip_building_tests': False, 'cmake_args': None, 'cmake_clean_cache': False, 'cmake_clean_first': False, 'cmake_force_configure': False, 'cmake_target': None, 'cmake_target_skip_unavailable': False, 'install_base': '/home/oliver/ros2_ws/braking_system/install/behavior_planner', 'merge_install': False, 'path': '/home/oliver/ros2_ws/braking_system/behavior_planner', 'symlink_install': True, 'test_result_base': None}
[0.920s] Level 5:colcon.colcon_core.verb:set package 'ctrl_long_emergency' build argument 'cmake_args' from command line to 'None'
[0.920s] Level 5:colcon.colcon_core.verb:set package 'ctrl_long_emergency' build argument 'cmake_target' from command line to 'None'
[0.920s] Level 5:colcon.colcon_core.verb:set package 'ctrl_long_emergency' build argument 'cmake_target_skip_unavailable' from command line to 'False'
[0.920s] Level 5:colcon.colcon_core.verb:set package 'ctrl_long_emergency' build argument 'cmake_clean_cache' from command line to 'False'
[0.920s] Level 5:colcon.colcon_core.verb:set package 'ctrl_long_emergency' build argument 'cmake_clean_first' from command line to 'False'
[0.920s] Level 5:colcon.colcon_core.verb:set package 'ctrl_long_emergency' build argument 'cmake_force_configure' from command line to 'False'
[0.920s] Level 5:colcon.colcon_core.verb:set package 'ctrl_long_emergency' build argument 'ament_cmake_args' from command line to 'None'
[0.920s] Level 5:colcon.colcon_core.verb:set package 'ctrl_long_emergency' build argument 'catkin_cmake_args' from command line to 'None'
[0.920s] Level 5:colcon.colcon_core.verb:set package 'ctrl_long_emergency' build argument 'catkin_skip_building_tests' from command line to 'False'
[0.920s] DEBUG:colcon.colcon_core.verb:Building package 'ctrl_long_emergency' with the following arguments: {'ament_cmake_args': None, 'build_base': '/home/oliver/ros2_ws/braking_system/build/ctrl_long_emergency', 'catkin_cmake_args': None, 'catkin_skip_building_tests': False, 'cmake_args': None, 'cmake_clean_cache': False, 'cmake_clean_first': False, 'cmake_force_configure': False, 'cmake_target': None, 'cmake_target_skip_unavailable': False, 'install_base': '/home/oliver/ros2_ws/braking_system/install/ctrl_long_emergency', 'merge_install': False, 'path': '/home/oliver/ros2_ws/braking_system/ctrl_long_emergency', 'symlink_install': True, 'test_result_base': None}
[0.921s] Level 5:colcon.colcon_core.verb:set package 'plan_long_emergency' build argument 'cmake_args' from command line to 'None'
[0.921s] Level 5:colcon.colcon_core.verb:set package 'plan_long_emergency' build argument 'cmake_target' from command line to 'None'
[0.921s] Level 5:colcon.colcon_core.verb:set package 'plan_long_emergency' build argument 'cmake_target_skip_unavailable' from command line to 'False'
[0.921s] Level 5:colcon.colcon_core.verb:set package 'plan_long_emergency' build argument 'cmake_clean_cache' from command line to 'False'
[0.921s] Level 5:colcon.colcon_core.verb:set package 'plan_long_emergency' build argument 'cmake_clean_first' from command line to 'False'
[0.921s] Level 5:colcon.colcon_core.verb:set package 'plan_long_emergency' build argument 'cmake_force_configure' from command line to 'False'
[0.921s] Level 5:colcon.colcon_core.verb:set package 'plan_long_emergency' build argument 'ament_cmake_args' from command line to 'None'
[0.921s] Level 5:colcon.colcon_core.verb:set package 'plan_long_emergency' build argument 'catkin_cmake_args' from command line to 'None'
[0.921s] Level 5:colcon.colcon_core.verb:set package 'plan_long_emergency' build argument 'catkin_skip_building_tests' from command line to 'False'
[0.922s] DEBUG:colcon.colcon_core.verb:Building package 'plan_long_emergency' with the following arguments: {'ament_cmake_args': None, 'build_base': '/home/oliver/ros2_ws/braking_system/build/plan_long_emergency', 'catkin_cmake_args': None, 'catkin_skip_building_tests': False, 'cmake_args': None, 'cmake_clean_cache': False, 'cmake_clean_first': False, 'cmake_force_configure': False, 'cmake_target': None, 'cmake_target_skip_unavailable': False, 'install_base': '/home/oliver/ros2_ws/braking_system/install/plan_long_emergency', 'merge_install': False, 'path': '/home/oliver/ros2_ws/braking_system/plan_long_emergency', 'symlink_install': True, 'test_result_base': None}
[0.922s] Level 5:colcon.colcon_core.verb:set package 'velocity_estimator' build argument 'cmake_args' from command line to 'None'
[0.922s] Level 5:colcon.colcon_core.verb:set package 'velocity_estimator' build argument 'cmake_target' from command line to 'None'
[0.922s] Level 5:colcon.colcon_core.verb:set package 'velocity_estimator' build argument 'cmake_target_skip_unavailable' from command line to 'False'
[0.922s] Level 5:colcon.colcon_core.verb:set package 'velocity_estimator' build argument 'cmake_clean_cache' from command line to 'False'
[0.922s] Level 5:colcon.colcon_core.verb:set package 'velocity_estimator' build argument 'cmake_clean_first' from command line to 'False'
[0.922s] Level 5:colcon.colcon_core.verb:set package 'velocity_estimator' build argument 'cmake_force_configure' from command line to 'False'
[0.922s] Level 5:colcon.colcon_core.verb:set package 'velocity_estimator' build argument 'ament_cmake_args' from command line to 'None'
[0.922s] Level 5:colcon.colcon_core.verb:set package 'velocity_estimator' build argument 'catkin_cmake_args' from command line to 'None'
[0.922s] Level 5:colcon.colcon_core.verb:set package 'velocity_estimator' build argument 'catkin_skip_building_tests' from command line to 'False'
[0.923s] DEBUG:colcon.colcon_core.verb:Building package 'velocity_estimator' with the following arguments: {'ament_cmake_args': None, 'build_base': '/home/oliver/ros2_ws/braking_system/build/velocity_estimator', 'catkin_cmake_args': None, 'catkin_skip_building_tests': False, 'cmake_args': None, 'cmake_clean_cache': False, 'cmake_clean_first': False, 'cmake_force_configure': False, 'cmake_target': None, 'cmake_target_skip_unavailable': False, 'install_base': '/home/oliver/ros2_ws/braking_system/install/velocity_estimator', 'merge_install': False, 'path': '/home/oliver/ros2_ws/braking_system/examples/c++/velocity_estimator', 'symlink_install': True, 'test_result_base': None}
[0.923s] INFO:colcon.colcon_core.executor:Executing jobs using 'parallel' executor
[0.924s] DEBUG:colcon.colcon_parallel_executor.executor.parallel:run_until_complete
[0.925s] INFO:colcon.colcon_ros.task.ament_cmake.build:Building ROS package in '/home/oliver/ros2_ws/braking_system/examples/c++/basic_concepts' with build type 'ament_cmake'
[0.925s] INFO:colcon.colcon_cmake.task.cmake.build:Building CMake package in '/home/oliver/ros2_ws/braking_system/examples/c++/basic_concepts'
[0.931s] INFO:colcon.colcon_core.plugin_system:Skipping extension 'colcon_core.shell.bat': Not used on non-Windows systems
[0.931s] INFO:colcon.colcon_core.shell:Skip shell extension 'powershell' for command environment: Not usable outside of PowerShell
[0.931s] DEBUG:colcon.colcon_core.shell:Skip shell extension 'dsv' for command environment
[0.947s] INFO:colcon.colcon_ros.task.ament_cmake.build:Building ROS package in '/home/oliver/ros2_ws/braking_system/behavior_planner' with build type 'ament_cmake'
[0.948s] INFO:colcon.colcon_cmake.task.cmake.build:Building CMake package in '/home/oliver/ros2_ws/braking_system/behavior_planner'
[0.949s] INFO:colcon.colcon_core.shell:Skip shell extension 'powershell' for command environment: Not usable outside of PowerShell
[0.949s] DEBUG:colcon.colcon_core.shell:Skip shell extension 'dsv' for command environment
[0.970s] INFO:colcon.colcon_ros.task.ament_cmake.build:Building ROS package in '/home/oliver/ros2_ws/braking_system/ctrl_long_emergency' with build type 'ament_cmake'
[0.971s] INFO:colcon.colcon_cmake.task.cmake.build:Building CMake package in '/home/oliver/ros2_ws/braking_system/ctrl_long_emergency'
[0.971s] INFO:colcon.colcon_core.shell:Skip shell extension 'powershell' for command environment: Not usable outside of PowerShell
[0.971s] DEBUG:colcon.colcon_core.shell:Skip shell extension 'dsv' for command environment
[0.984s] INFO:colcon.colcon_ros.task.ament_cmake.build:Building ROS package in '/home/oliver/ros2_ws/braking_system/plan_long_emergency' with build type 'ament_cmake'
[0.984s] INFO:colcon.colcon_cmake.task.cmake.build:Building CMake package in '/home/oliver/ros2_ws/braking_system/plan_long_emergency'
[0.985s] INFO:colcon.colcon_core.shell:Skip shell extension 'powershell' for command environment: Not usable outside of PowerShell
[0.985s] DEBUG:colcon.colcon_core.shell:Skip shell extension 'dsv' for command environment
[1.000s] INFO:colcon.colcon_ros.task.ament_cmake.build:Building ROS package in '/home/oliver/ros2_ws/braking_system/examples/c++/velocity_estimator' with build type 'ament_cmake'
[1.000s] INFO:colcon.colcon_cmake.task.cmake.build:Building CMake package in '/home/oliver/ros2_ws/braking_system/examples/c++/velocity_estimator'
[1.001s] INFO:colcon.colcon_core.shell:Skip shell extension 'powershell' for command environment: Not usable outside of PowerShell
[1.001s] DEBUG:colcon.colcon_core.shell:Skip shell extension 'dsv' for command environment
[1.032s] DEBUG:colcon.colcon_core.event_handler.log_command:Invoking command in '/home/oliver/ros2_ws/braking_system/build/basic_concepts': CMAKE_PREFIX_PATH=${CMAKE_PREFIX_PATH}:/opt/ros/humble /usr/bin/cmake --build /home/oliver/ros2_ws/braking_system/build/basic_concepts -- -j8 -l8
[1.047s] DEBUG:colcon.colcon_core.event_handler.log_command:Invoking command in '/home/oliver/ros2_ws/braking_system/build/behavior_planner': CMAKE_PREFIX_PATH=${CMAKE_PREFIX_PATH}:/opt/ros/humble /usr/bin/cmake /home/oliver/ros2_ws/braking_system/behavior_planner -DAMENT_CMAKE_SYMLINK_INSTALL=1 -DCMAKE_INSTALL_PREFIX=/home/oliver/ros2_ws/braking_system/install/behavior_planner
[1.054s] DEBUG:colcon.colcon_core.event_handler.log_command:Invoking command in '/home/oliver/ros2_ws/braking_system/build/ctrl_long_emergency': CMAKE_PREFIX_PATH=${CMAKE_PREFIX_PATH}:/opt/ros/humble /usr/bin/cmake /home/oliver/ros2_ws/braking_system/ctrl_long_emergency -DAMENT_CMAKE_SYMLINK_INSTALL=1 -DCMAKE_INSTALL_PREFIX=/home/oliver/ros2_ws/braking_system/install/ctrl_long_emergency
[1.069s] DEBUG:colcon.colcon_core.event_handler.log_command:Invoking command in '/home/oliver/ros2_ws/braking_system/build/plan_long_emergency': CMAKE_PREFIX_PATH=${CMAKE_PREFIX_PATH}:/opt/ros/humble /usr/bin/cmake /home/oliver/ros2_ws/braking_system/plan_long_emergency -DAMENT_CMAKE_SYMLINK_INSTALL=1 -DCMAKE_INSTALL_PREFIX=/home/oliver/ros2_ws/braking_system/install/plan_long_emergency
[1.103s] DEBUG:colcon.colcon_core.event_handler.log_command:Invoking command in '/home/oliver/ros2_ws/braking_system/build/velocity_estimator': CMAKE_PREFIX_PATH=${CMAKE_PREFIX_PATH}:/opt/ros/humble /usr/bin/cmake --build /home/oliver/ros2_ws/braking_system/build/velocity_estimator -- -j8 -l8
[1.390s] DEBUG:colcon.colcon_core.event_handler.log_command:Invoked command in '/home/oliver/ros2_ws/braking_system/build/velocity_estimator' returned '0': CMAKE_PREFIX_PATH=${CMAKE_PREFIX_PATH}:/opt/ros/humble /usr/bin/cmake --build /home/oliver/ros2_ws/braking_system/build/velocity_estimator -- -j8 -l8
[1.422s] DEBUG:colcon.colcon_core.event_handler.log_command:Invoking command in '/home/oliver/ros2_ws/braking_system/build/velocity_estimator': CMAKE_PREFIX_PATH=${CMAKE_PREFIX_PATH}:/opt/ros/humble /usr/bin/cmake --install /home/oliver/ros2_ws/braking_system/build/velocity_estimator
[1.434s] DEBUG:colcon.colcon_core.event_handler.log_command:Invoked command in '/home/oliver/ros2_ws/braking_system/build/basic_concepts' returned '0': CMAKE_PREFIX_PATH=${CMAKE_PREFIX_PATH}:/opt/ros/humble /usr/bin/cmake --build /home/oliver/ros2_ws/braking_system/build/basic_concepts -- -j8 -l8
[1.457s] DEBUG:colcon.colcon_core.event_handler.log_command:Invoking command in '/home/oliver/ros2_ws/braking_system/build/basic_concepts': CMAKE_PREFIX_PATH=${CMAKE_PREFIX_PATH}:/opt/ros/humble /usr/bin/cmake --install /home/oliver/ros2_ws/braking_system/build/basic_concepts
[1.507s] Level 1:colcon.colcon_core.environment:create_environment_scripts_only(velocity_estimator)
[1.514s] DEBUG:colcon.colcon_core.event_handler.log_command:Invoked command in '/home/oliver/ros2_ws/braking_system/build/velocity_estimator' returned '0': CMAKE_PREFIX_PATH=${CMAKE_PREFIX_PATH}:/opt/ros/humble /usr/bin/cmake --install /home/oliver/ros2_ws/braking_system/build/velocity_estimator
[1.522s] Level 1:colcon.colcon_core.environment:checking '/home/oliver/ros2_ws/braking_system/install/velocity_estimator' for CMake module files
[1.524s] Level 1:colcon.colcon_core.environment:checking '/home/oliver/ros2_ws/braking_system/install/velocity_estimator' for CMake config files
[1.525s] Level 1:colcon.colcon_core.shell:create_environment_hook('velocity_estimator', 'cmake_prefix_path')
[1.526s] INFO:colcon.colcon_core.shell:Creating environment hook '/home/oliver/ros2_ws/braking_system/install/velocity_estimator/share/velocity_estimator/hook/cmake_prefix_path.ps1'
[1.528s] INFO:colcon.colcon_core.shell:Creating environment descriptor '/home/oliver/ros2_ws/braking_system/install/velocity_estimator/share/velocity_estimator/hook/cmake_prefix_path.dsv'
[1.531s] INFO:colcon.colcon_core.shell:Creating environment hook '/home/oliver/ros2_ws/braking_system/install/velocity_estimator/share/velocity_estimator/hook/cmake_prefix_path.sh'
[1.541s] Level 1:colcon.colcon_core.environment:checking '/home/oliver/ros2_ws/braking_system/install/velocity_estimator/lib'
[1.541s] Level 1:colcon.colcon_core.environment:checking '/home/oliver/ros2_ws/braking_system/install/velocity_estimator/bin'
[1.542s] Level 1:colcon.colcon_core.environment:checking '/home/oliver/ros2_ws/braking_system/install/velocity_estimator/lib/pkgconfig/velocity_estimator.pc'
[1.542s] Level 1:colcon.colcon_core.environment:checking '/home/oliver/ros2_ws/braking_system/install/velocity_estimator/lib/python3.10/site-packages'
[1.546s] Level 1:colcon.colcon_core.environment:checking '/home/oliver/ros2_ws/braking_system/install/velocity_estimator/bin'
[1.548s] INFO:colcon.colcon_core.shell:Creating package script '/home/oliver/ros2_ws/braking_system/install/velocity_estimator/share/velocity_estimator/package.ps1'
[1.551s] INFO:colcon.colcon_core.shell:Creating package descriptor '/home/oliver/ros2_ws/braking_system/install/velocity_estimator/share/velocity_estimator/package.dsv'
[1.552s] INFO:colcon.colcon_core.shell:Creating package script '/home/oliver/ros2_ws/braking_system/install/velocity_estimator/share/velocity_estimator/package.sh'
[1.555s] INFO:colcon.colcon_core.shell:Creating package script '/home/oliver/ros2_ws/braking_system/install/velocity_estimator/share/velocity_estimator/package.bash'
[1.557s] INFO:colcon.colcon_core.shell:Creating package script '/home/oliver/ros2_ws/braking_system/install/velocity_estimator/share/velocity_estimator/package.zsh'
[1.560s] Level 1:colcon.colcon_core.environment:create_file_with_runtime_dependencies(/home/oliver/ros2_ws/braking_system/install/velocity_estimator/share/colcon-core/packages/velocity_estimator)
[1.563s] Level 1:colcon.colcon_core.environment:create_environment_scripts_only(velocity_estimator)
[1.564s] Level 1:colcon.colcon_core.environment:checking '/home/oliver/ros2_ws/braking_system/install/velocity_estimator' for CMake module files
[1.565s] Level 1:colcon.colcon_core.environment:checking '/home/oliver/ros2_ws/braking_system/install/velocity_estimator' for CMake config files
[1.566s] Level 1:colcon.colcon_core.shell:create_environment_hook('velocity_estimator', 'cmake_prefix_path')
[1.568s] INFO:colcon.colcon_core.shell:Creating environment hook '/home/oliver/ros2_ws/braking_system/install/velocity_estimator/share/velocity_estimator/hook/cmake_prefix_path.ps1'
[1.569s] INFO:colcon.colcon_core.shell:Creating environment descriptor '/home/oliver/ros2_ws/braking_system/install/velocity_estimator/share/velocity_estimator/hook/cmake_prefix_path.dsv'
[1.573s] INFO:colcon.colcon_core.shell:Creating environment hook '/home/oliver/ros2_ws/braking_system/install/velocity_estimator/share/velocity_estimator/hook/cmake_prefix_path.sh'
[1.576s] Level 1:colcon.colcon_core.environment:checking '/home/oliver/ros2_ws/braking_system/install/velocity_estimator/lib'
[1.577s] Level 1:colcon.colcon_core.environment:checking '/home/oliver/ros2_ws/braking_system/install/velocity_estimator/bin'
[1.577s] Level 1:colcon.colcon_core.environment:checking '/home/oliver/ros2_ws/braking_system/install/velocity_estimator/lib/pkgconfig/velocity_estimator.pc'
[1.577s] Level 1:colcon.colcon_core.environment:checking '/home/oliver/ros2_ws/braking_system/install/velocity_estimator/lib/python3.10/site-packages'
[1.578s] Level 1:colcon.colcon_core.environment:checking '/home/oliver/ros2_ws/braking_system/install/velocity_estimator/bin'
[1.580s] INFO:colcon.colcon_core.shell:Creating package script '/home/oliver/ros2_ws/braking_system/install/velocity_estimator/share/velocity_estimator/package.ps1'
[1.582s] INFO:colcon.colcon_core.shell:Creating package descriptor '/home/oliver/ros2_ws/braking_system/install/velocity_estimator/share/velocity_estimator/package.dsv'
[1.583s] INFO:colcon.colcon_core.shell:Creating package script '/home/oliver/ros2_ws/braking_system/install/velocity_estimator/share/velocity_estimator/package.sh'
[1.585s] INFO:colcon.colcon_core.shell:Creating package script '/home/oliver/ros2_ws/braking_system/install/velocity_estimator/share/velocity_estimator/package.bash'
[1.586s] INFO:colcon.colcon_core.shell:Creating package script '/home/oliver/ros2_ws/braking_system/install/velocity_estimator/share/velocity_estimator/package.zsh'
[1.587s] Level 1:colcon.colcon_core.environment:create_file_with_runtime_dependencies(/home/oliver/ros2_ws/braking_system/install/velocity_estimator/share/colcon-core/packages/velocity_estimator)
[1.589s] Level 1:colcon.colcon_core.environment:create_environment_scripts_only(basic_concepts)
[1.590s] Level 1:colcon.colcon_core.environment:checking '/home/oliver/ros2_ws/braking_system/install/basic_concepts' for CMake module files
[1.591s] Level 1:colcon.colcon_core.environment:checking '/home/oliver/ros2_ws/braking_system/install/basic_concepts' for CMake config files
[1.593s] Level 1:colcon.colcon_core.shell:create_environment_hook('basic_concepts', 'cmake_prefix_path')
[1.595s] DEBUG:colcon.colcon_core.event_handler.log_command:Invoked command in '/home/oliver/ros2_ws/braking_system/build/basic_concepts' returned '0': CMAKE_PREFIX_PATH=${CMAKE_PREFIX_PATH}:/opt/ros/humble /usr/bin/cmake --install /home/oliver/ros2_ws/braking_system/build/basic_concepts
[1.596s] INFO:colcon.colcon_core.shell:Creating environment hook '/home/oliver/ros2_ws/braking_system/install/basic_concepts/share/basic_concepts/hook/cmake_prefix_path.ps1'
[1.597s] INFO:colcon.colcon_core.shell:Creating environment descriptor '/home/oliver/ros2_ws/braking_system/install/basic_concepts/share/basic_concepts/hook/cmake_prefix_path.dsv'
[1.599s] INFO:colcon.colcon_core.shell:Creating environment hook '/home/oliver/ros2_ws/braking_system/install/basic_concepts/share/basic_concepts/hook/cmake_prefix_path.sh'
[1.601s] Level 1:colcon.colcon_core.environment:checking '/home/oliver/ros2_ws/braking_system/install/basic_concepts/lib'
[1.602s] Level 1:colcon.colcon_core.environment:checking '/home/oliver/ros2_ws/braking_system/install/basic_concepts/bin'
[1.602s] Level 1:colcon.colcon_core.environment:checking '/home/oliver/ros2_ws/braking_system/install/basic_concepts/lib/pkgconfig/basic_concepts.pc'
[1.603s] Level 1:colcon.colcon_core.environment:checking '/home/oliver/ros2_ws/braking_system/install/basic_concepts/lib/python3.10/site-packages'
[1.605s] Level 1:colcon.colcon_core.environment:checking '/home/oliver/ros2_ws/braking_system/install/basic_concepts/bin'
[1.605s] INFO:colcon.colcon_core.shell:Creating package script '/home/oliver/ros2_ws/braking_system/install/basic_concepts/share/basic_concepts/package.ps1'
[1.607s] INFO:colcon.colcon_core.shell:Creating package descriptor '/home/oliver/ros2_ws/braking_system/install/basic_concepts/share/basic_concepts/package.dsv'
[1.608s] INFO:colcon.colcon_core.shell:Creating package script '/home/oliver/ros2_ws/braking_system/install/basic_concepts/share/basic_concepts/package.sh'
[1.609s] INFO:colcon.colcon_core.shell:Creating package script '/home/oliver/ros2_ws/braking_system/install/basic_concepts/share/basic_concepts/package.bash'
[1.610s] INFO:colcon.colcon_core.shell:Creating package script '/home/oliver/ros2_ws/braking_system/install/basic_concepts/share/basic_concepts/package.zsh'
[1.611s] Level 1:colcon.colcon_core.environment:create_file_with_runtime_dependencies(/home/oliver/ros2_ws/braking_system/install/basic_concepts/share/colcon-core/packages/basic_concepts)
[1.612s] Level 1:colcon.colcon_core.environment:create_environment_scripts_only(basic_concepts)
[1.613s] Level 1:colcon.colcon_core.environment:checking '/home/oliver/ros2_ws/braking_system/install/basic_concepts' for CMake module files
[1.614s] Level 1:colcon.colcon_core.environment:checking '/home/oliver/ros2_ws/braking_system/install/basic_concepts' for CMake config files
[1.615s] Level 1:colcon.colcon_core.shell:create_environment_hook('basic_concepts', 'cmake_prefix_path')
[1.615s] INFO:colcon.colcon_core.shell:Creating environment hook '/home/oliver/ros2_ws/braking_system/install/basic_concepts/share/basic_concepts/hook/cmake_prefix_path.ps1'
[1.616s] INFO:colcon.colcon_core.shell:Creating environment descriptor '/home/oliver/ros2_ws/braking_system/install/basic_concepts/share/basic_concepts/hook/cmake_prefix_path.dsv'
[1.617s] INFO:colcon.colcon_core.shell:Creating environment hook '/home/oliver/ros2_ws/braking_system/install/basic_concepts/share/basic_concepts/hook/cmake_prefix_path.sh'
[1.618s] Level 1:colcon.colcon_core.environment:checking '/home/oliver/ros2_ws/braking_system/install/basic_concepts/lib'
[1.618s] Level 1:colcon.colcon_core.environment:checking '/home/oliver/ros2_ws/braking_system/install/basic_concepts/bin'
[1.619s] Level 1:colcon.colcon_core.environment:checking '/home/oliver/ros2_ws/braking_system/install/basic_concepts/lib/pkgconfig/basic_concepts.pc'
[1.619s] Level 1:colcon.colcon_core.environment:checking '/home/oliver/ros2_ws/braking_system/install/basic_concepts/lib/python3.10/site-packages'
[1.620s] Level 1:colcon.colcon_core.environment:checking '/home/oliver/ros2_ws/braking_system/install/basic_concepts/bin'
[1.620s] INFO:colcon.colcon_core.shell:Creating package script '/home/oliver/ros2_ws/braking_system/install/basic_concepts/share/basic_concepts/package.ps1'
[1.621s] INFO:colcon.colcon_core.shell:Creating package descriptor '/home/oliver/ros2_ws/braking_system/install/basic_concepts/share/basic_concepts/package.dsv'
[1.622s] INFO:colcon.colcon_core.shell:Creating package script '/home/oliver/ros2_ws/braking_system/install/basic_concepts/share/basic_concepts/package.sh'
[1.624s] INFO:colcon.colcon_core.shell:Creating package script '/home/oliver/ros2_ws/braking_system/install/basic_concepts/share/basic_concepts/package.bash'
[1.625s] INFO:colcon.colcon_core.shell:Creating package script '/home/oliver/ros2_ws/braking_system/install/basic_concepts/share/basic_concepts/package.zsh'
[1.626s] Level 1:colcon.colcon_core.environment:create_file_with_runtime_dependencies(/home/oliver/ros2_ws/braking_system/install/basic_concepts/share/colcon-core/packages/basic_concepts)
[3.433s] DEBUG:colcon.colcon_core.event_handler.log_command:Invoked command in '/home/oliver/ros2_ws/braking_system/build/behavior_planner' returned '0': CMAKE_PREFIX_PATH=${CMAKE_PREFIX_PATH}:/opt/ros/humble /usr/bin/cmake /home/oliver/ros2_ws/braking_system/behavior_planner -DAMENT_CMAKE_SYMLINK_INSTALL=1 -DCMAKE_INSTALL_PREFIX=/home/oliver/ros2_ws/braking_system/install/behavior_planner
[3.437s] DEBUG:colcon.colcon_core.event_handler.log_command:Invoking command in '/home/oliver/ros2_ws/braking_system/build/behavior_planner': CMAKE_PREFIX_PATH=${CMAKE_PREFIX_PATH}:/opt/ros/humble /usr/bin/cmake --build /home/oliver/ros2_ws/braking_system/build/behavior_planner -- -j8 -l8
[3.439s] DEBUG:colcon.colcon_core.event_handler.log_command:Invoked command in '/home/oliver/ros2_ws/braking_system/build/plan_long_emergency' returned '0': CMAKE_PREFIX_PATH=${CMAKE_PREFIX_PATH}:/opt/ros/humble /usr/bin/cmake /home/oliver/ros2_ws/braking_system/plan_long_emergency -DAMENT_CMAKE_SYMLINK_INSTALL=1 -DCMAKE_INSTALL_PREFIX=/home/oliver/ros2_ws/braking_system/install/plan_long_emergency
[3.443s] DEBUG:colcon.colcon_core.event_handler.log_command:Invoking command in '/home/oliver/ros2_ws/braking_system/build/plan_long_emergency': CMAKE_PREFIX_PATH=${CMAKE_PREFIX_PATH}:/opt/ros/humble /usr/bin/cmake --build /home/oliver/ros2_ws/braking_system/build/plan_long_emergency -- -j8 -l8
[3.448s] DEBUG:colcon.colcon_core.event_handler.log_command:Invoked command in '/home/oliver/ros2_ws/braking_system/build/ctrl_long_emergency' returned '0': CMAKE_PREFIX_PATH=${CMAKE_PREFIX_PATH}:/opt/ros/humble /usr/bin/cmake /home/oliver/ros2_ws/braking_system/ctrl_long_emergency -DAMENT_CMAKE_SYMLINK_INSTALL=1 -DCMAKE_INSTALL_PREFIX=/home/oliver/ros2_ws/braking_system/install/ctrl_long_emergency
[3.453s] DEBUG:colcon.colcon_core.event_handler.log_command:Invoking command in '/home/oliver/ros2_ws/braking_system/build/ctrl_long_emergency': CMAKE_PREFIX_PATH=${CMAKE_PREFIX_PATH}:/opt/ros/humble /usr/bin/cmake --build /home/oliver/ros2_ws/braking_system/build/ctrl_long_emergency -- -j8 -l8
[38.433s] DEBUG:colcon.colcon_core.event_handler.log_command:Invoked command in '/home/oliver/ros2_ws/braking_system/build/ctrl_long_emergency' returned '0': CMAKE_PREFIX_PATH=${CMAKE_PREFIX_PATH}:/opt/ros/humble /usr/bin/cmake --build /home/oliver/ros2_ws/braking_system/build/ctrl_long_emergency -- -j8 -l8
[38.439s] DEBUG:colcon.colcon_core.event_handler.log_command:Invoking command in '/home/oliver/ros2_ws/braking_system/build/ctrl_long_emergency': CMAKE_PREFIX_PATH=${CMAKE_PREFIX_PATH}:/opt/ros/humble /usr/bin/cmake --install /home/oliver/ros2_ws/braking_system/build/ctrl_long_emergency
[38.636s] DEBUG:colcon.colcon_core.event_handler.log_command:Invoked command in '/home/oliver/ros2_ws/braking_system/build/behavior_planner' returned '0': CMAKE_PREFIX_PATH=${CMAKE_PREFIX_PATH}:/opt/ros/humble /usr/bin/cmake --build /home/oliver/ros2_ws/braking_system/build/behavior_planner -- -j8 -l8
[38.638s] DEBUG:colcon.colcon_core.event_handler.log_command:Invoking command in '/home/oliver/ros2_ws/braking_system/build/behavior_planner': CMAKE_PREFIX_PATH=${CMAKE_PREFIX_PATH}:/opt/ros/humble /usr/bin/cmake --install /home/oliver/ros2_ws/braking_system/build/behavior_planner
[39.058s] Level 1:colcon.colcon_core.environment:create_environment_scripts_only(ctrl_long_emergency)
[39.060s] Level 1:colcon.colcon_core.environment:checking '/home/oliver/ros2_ws/braking_system/install/ctrl_long_emergency' for CMake module files
[39.061s] Level 1:colcon.colcon_core.environment:checking '/home/oliver/ros2_ws/braking_system/install/ctrl_long_emergency' for CMake config files
[39.062s] Level 1:colcon.colcon_core.shell:create_environment_hook('ctrl_long_emergency', 'cmake_prefix_path')
[39.063s] INFO:colcon.colcon_core.shell:Creating environment hook '/home/oliver/ros2_ws/braking_system/install/ctrl_long_emergency/share/ctrl_long_emergency/hook/cmake_prefix_path.ps1'
[39.065s] DEBUG:colcon.colcon_core.event_handler.log_command:Invoked command in '/home/oliver/ros2_ws/braking_system/build/ctrl_long_emergency' returned '0': CMAKE_PREFIX_PATH=${CMAKE_PREFIX_PATH}:/opt/ros/humble /usr/bin/cmake --install /home/oliver/ros2_ws/braking_system/build/ctrl_long_emergency
[39.067s] INFO:colcon.colcon_core.shell:Creating environment descriptor '/home/oliver/ros2_ws/braking_system/install/ctrl_long_emergency/share/ctrl_long_emergency/hook/cmake_prefix_path.dsv'
[39.070s] INFO:colcon.colcon_core.shell:Creating environment hook '/home/oliver/ros2_ws/braking_system/install/ctrl_long_emergency/share/ctrl_long_emergency/hook/cmake_prefix_path.sh'
[39.071s] Level 1:colcon.colcon_core.environment:checking '/home/oliver/ros2_ws/braking_system/install/ctrl_long_emergency/lib'
[39.072s] Level 1:colcon.colcon_core.environment:checking '/home/oliver/ros2_ws/braking_system/install/ctrl_long_emergency/bin'
[39.072s] Level 1:colcon.colcon_core.environment:checking '/home/oliver/ros2_ws/braking_system/install/ctrl_long_emergency/lib/pkgconfig/ctrl_long_emergency.pc'
[39.073s] Level 1:colcon.colcon_core.environment:checking '/home/oliver/ros2_ws/braking_system/install/ctrl_long_emergency/lib/python3.10/site-packages'
[39.074s] Level 1:colcon.colcon_core.environment:checking '/home/oliver/ros2_ws/braking_system/install/ctrl_long_emergency/bin'
[39.075s] INFO:colcon.colcon_core.shell:Creating package script '/home/oliver/ros2_ws/braking_system/install/ctrl_long_emergency/share/ctrl_long_emergency/package.ps1'
[39.077s] INFO:colcon.colcon_core.shell:Creating package descriptor '/home/oliver/ros2_ws/braking_system/install/ctrl_long_emergency/share/ctrl_long_emergency/package.dsv'
[39.078s] INFO:colcon.colcon_core.shell:Creating package script '/home/oliver/ros2_ws/braking_system/install/ctrl_long_emergency/share/ctrl_long_emergency/package.sh'
[39.079s] INFO:colcon.colcon_core.shell:Creating package script '/home/oliver/ros2_ws/braking_system/install/ctrl_long_emergency/share/ctrl_long_emergency/package.bash'
[39.080s] INFO:colcon.colcon_core.shell:Creating package script '/home/oliver/ros2_ws/braking_system/install/ctrl_long_emergency/share/ctrl_long_emergency/package.zsh'
[39.081s] Level 1:colcon.colcon_core.environment:create_file_with_runtime_dependencies(/home/oliver/ros2_ws/braking_system/install/ctrl_long_emergency/share/colcon-core/packages/ctrl_long_emergency)
[39.083s] Level 1:colcon.colcon_core.environment:create_environment_scripts_only(ctrl_long_emergency)
[39.083s] Level 1:colcon.colcon_core.environment:checking '/home/oliver/ros2_ws/braking_system/install/ctrl_long_emergency' for CMake module files
[39.085s] Level 1:colcon.colcon_core.environment:checking '/home/oliver/ros2_ws/braking_system/install/ctrl_long_emergency' for CMake config files
[39.086s] Level 1:colcon.colcon_core.shell:create_environment_hook('ctrl_long_emergency', 'cmake_prefix_path')
[39.087s] INFO:colcon.colcon_core.shell:Creating environment hook '/home/oliver/ros2_ws/braking_system/install/ctrl_long_emergency/share/ctrl_long_emergency/hook/cmake_prefix_path.ps1'
[39.088s] INFO:colcon.colcon_core.shell:Creating environment descriptor '/home/oliver/ros2_ws/braking_system/install/ctrl_long_emergency/share/ctrl_long_emergency/hook/cmake_prefix_path.dsv'
[39.089s] INFO:colcon.colcon_core.shell:Creating environment hook '/home/oliver/ros2_ws/braking_system/install/ctrl_long_emergency/share/ctrl_long_emergency/hook/cmake_prefix_path.sh'
[39.090s] Level 1:colcon.colcon_core.environment:checking '/home/oliver/ros2_ws/braking_system/install/ctrl_long_emergency/lib'
[39.091s] Level 1:colcon.colcon_core.environment:checking '/home/oliver/ros2_ws/braking_system/install/ctrl_long_emergency/bin'
[39.091s] Level 1:colcon.colcon_core.environment:checking '/home/oliver/ros2_ws/braking_system/install/ctrl_long_emergency/lib/pkgconfig/ctrl_long_emergency.pc'
[39.092s] Level 1:colcon.colcon_core.environment:checking '/home/oliver/ros2_ws/braking_system/install/ctrl_long_emergency/lib/python3.10/site-packages'
[39.093s] Level 1:colcon.colcon_core.environment:checking '/home/oliver/ros2_ws/braking_system/install/ctrl_long_emergency/bin'
[39.094s] INFO:colcon.colcon_core.shell:Creating package script '/home/oliver/ros2_ws/braking_system/install/ctrl_long_emergency/share/ctrl_long_emergency/package.ps1'
[39.095s] INFO:colcon.colcon_core.shell:Creating package descriptor '/home/oliver/ros2_ws/braking_system/install/ctrl_long_emergency/share/ctrl_long_emergency/package.dsv'
[39.097s] INFO:colcon.colcon_core.shell:Creating package script '/home/oliver/ros2_ws/braking_system/install/ctrl_long_emergency/share/ctrl_long_emergency/package.sh'
[39.098s] INFO:colcon.colcon_core.shell:Creating package script '/home/oliver/ros2_ws/braking_system/install/ctrl_long_emergency/share/ctrl_long_emergency/package.bash'
[39.099s] INFO:colcon.colcon_core.shell:Creating package script '/home/oliver/ros2_ws/braking_system/install/ctrl_long_emergency/share/ctrl_long_emergency/package.zsh'
[39.100s] Level 1:colcon.colcon_core.environment:create_file_with_runtime_dependencies(/home/oliver/ros2_ws/braking_system/install/ctrl_long_emergency/share/colcon-core/packages/ctrl_long_emergency)
[39.210s] Level 1:colcon.colcon_core.environment:create_environment_scripts_only(behavior_planner)
[39.214s] Level 1:colcon.colcon_core.environment:checking '/home/oliver/ros2_ws/braking_system/install/behavior_planner' for CMake module files
[39.216s] Level 1:colcon.colcon_core.environment:checking '/home/oliver/ros2_ws/braking_system/install/behavior_planner' for CMake config files
[39.212s] DEBUG:colcon.colcon_core.event_handler.log_command:Invoked command in '/home/oliver/ros2_ws/braking_system/build/behavior_planner' returned '0': CMAKE_PREFIX_PATH=${CMAKE_PREFIX_PATH}:/opt/ros/humble /usr/bin/cmake --install /home/oliver/ros2_ws/braking_system/build/behavior_planner
[39.218s] Level 1:colcon.colcon_core.shell:create_environment_hook('behavior_planner', 'cmake_prefix_path')
[39.218s] INFO:colcon.colcon_core.shell:Creating environment hook '/home/oliver/ros2_ws/braking_system/install/behavior_planner/share/behavior_planner/hook/cmake_prefix_path.ps1'
[39.219s] INFO:colcon.colcon_core.shell:Creating environment descriptor '/home/oliver/ros2_ws/braking_system/install/behavior_planner/share/behavior_planner/hook/cmake_prefix_path.dsv'
[39.223s] INFO:colcon.colcon_core.shell:Creating environment hook '/home/oliver/ros2_ws/braking_system/install/behavior_planner/share/behavior_planner/hook/cmake_prefix_path.sh'
[39.225s] Level 1:colcon.colcon_core.environment:checking '/home/oliver/ros2_ws/braking_system/install/behavior_planner/lib'
[39.225s] Level 1:colcon.colcon_core.environment:checking '/home/oliver/ros2_ws/braking_system/install/behavior_planner/bin'
[39.225s] Level 1:colcon.colcon_core.environment:checking '/home/oliver/ros2_ws/braking_system/install/behavior_planner/lib/pkgconfig/behavior_planner.pc'
[39.226s] Level 1:colcon.colcon_core.environment:checking '/home/oliver/ros2_ws/braking_system/install/behavior_planner/lib/python3.10/site-packages'
[39.227s] Level 1:colcon.colcon_core.environment:checking '/home/oliver/ros2_ws/braking_system/install/behavior_planner/bin'
[39.227s] INFO:colcon.colcon_core.shell:Creating package script '/home/oliver/ros2_ws/braking_system/install/behavior_planner/share/behavior_planner/package.ps1'
[39.228s] INFO:colcon.colcon_core.shell:Creating package descriptor '/home/oliver/ros2_ws/braking_system/install/behavior_planner/share/behavior_planner/package.dsv'
[39.232s] INFO:colcon.colcon_core.shell:Creating package script '/home/oliver/ros2_ws/braking_system/install/behavior_planner/share/behavior_planner/package.sh'
[39.233s] INFO:colcon.colcon_core.shell:Creating package script '/home/oliver/ros2_ws/braking_system/install/behavior_planner/share/behavior_planner/package.bash'
[39.234s] INFO:colcon.colcon_core.shell:Creating package script '/home/oliver/ros2_ws/braking_system/install/behavior_planner/share/behavior_planner/package.zsh'
[39.234s] Level 1:colcon.colcon_core.environment:create_file_with_runtime_dependencies(/home/oliver/ros2_ws/braking_system/install/behavior_planner/share/colcon-core/packages/behavior_planner)
[39.235s] Level 1:colcon.colcon_core.environment:create_environment_scripts_only(behavior_planner)
[39.236s] Level 1:colcon.colcon_core.environment:checking '/home/oliver/ros2_ws/braking_system/install/behavior_planner' for CMake module files
[39.237s] Level 1:colcon.colcon_core.environment:checking '/home/oliver/ros2_ws/braking_system/install/behavior_planner' for CMake config files
[39.238s] Level 1:colcon.colcon_core.shell:create_environment_hook('behavior_planner', 'cmake_prefix_path')
[39.238s] INFO:colcon.colcon_core.shell:Creating environment hook '/home/oliver/ros2_ws/braking_system/install/behavior_planner/share/behavior_planner/hook/cmake_prefix_path.ps1'
[39.239s] INFO:colcon.colcon_core.shell:Creating environment descriptor '/home/oliver/ros2_ws/braking_system/install/behavior_planner/share/behavior_planner/hook/cmake_prefix_path.dsv'
[39.240s] INFO:colcon.colcon_core.shell:Creating environment hook '/home/oliver/ros2_ws/braking_system/install/behavior_planner/share/behavior_planner/hook/cmake_prefix_path.sh'
[39.241s] Level 1:colcon.colcon_core.environment:checking '/home/oliver/ros2_ws/braking_system/install/behavior_planner/lib'
[39.241s] Level 1:colcon.colcon_core.environment:checking '/home/oliver/ros2_ws/braking_system/install/behavior_planner/bin'
[39.241s] Level 1:colcon.colcon_core.environment:checking '/home/oliver/ros2_ws/braking_system/install/behavior_planner/lib/pkgconfig/behavior_planner.pc'
[39.242s] Level 1:colcon.colcon_core.environment:checking '/home/oliver/ros2_ws/braking_system/install/behavior_planner/lib/python3.10/site-packages'
[39.243s] Level 1:colcon.colcon_core.environment:checking '/home/oliver/ros2_ws/braking_system/install/behavior_planner/bin'
[39.244s] INFO:colcon.colcon_core.shell:Creating package script '/home/oliver/ros2_ws/braking_system/install/behavior_planner/share/behavior_planner/package.ps1'
[39.245s] INFO:colcon.colcon_core.shell:Creating package descriptor '/home/oliver/ros2_ws/braking_system/install/behavior_planner/share/behavior_planner/package.dsv'
[39.246s] INFO:colcon.colcon_core.shell:Creating package script '/home/oliver/ros2_ws/braking_system/install/behavior_planner/share/behavior_planner/package.sh'
[39.246s] INFO:colcon.colcon_core.shell:Creating package script '/home/oliver/ros2_ws/braking_system/install/behavior_planner/share/behavior_planner/package.bash'
[39.250s] INFO:colcon.colcon_core.shell:Creating package script '/home/oliver/ros2_ws/braking_system/install/behavior_planner/share/behavior_planner/package.zsh'
[39.252s] Level 1:colcon.colcon_core.environment:create_file_with_runtime_dependencies(/home/oliver/ros2_ws/braking_system/install/behavior_planner/share/colcon-core/packages/behavior_planner)
[44.994s] DEBUG:colcon.colcon_core.event_handler.log_command:Invoked command in '/home/oliver/ros2_ws/braking_system/build/plan_long_emergency' returned '0': CMAKE_PREFIX_PATH=${CMAKE_PREFIX_PATH}:/opt/ros/humble /usr/bin/cmake --build /home/oliver/ros2_ws/braking_system/build/plan_long_emergency -- -j8 -l8
[44.997s] DEBUG:colcon.colcon_core.event_handler.log_command:Invoking command in '/home/oliver/ros2_ws/braking_system/build/plan_long_emergency': CMAKE_PREFIX_PATH=${CMAKE_PREFIX_PATH}:/opt/ros/humble /usr/bin/cmake --install /home/oliver/ros2_ws/braking_system/build/plan_long_emergency
[45.470s] Level 1:colcon.colcon_core.environment:create_environment_scripts_only(plan_long_emergency)
[45.470s] Level 1:colcon.colcon_core.environment:checking '/home/oliver/ros2_ws/braking_system/install/plan_long_emergency' for CMake module files
[45.474s] DEBUG:colcon.colcon_core.event_handler.log_command:Invoked command in '/home/oliver/ros2_ws/braking_system/build/plan_long_emergency' returned '0': CMAKE_PREFIX_PATH=${CMAKE_PREFIX_PATH}:/opt/ros/humble /usr/bin/cmake --install /home/oliver/ros2_ws/braking_system/build/plan_long_emergency
[45.476s] Level 1:colcon.colcon_core.environment:checking '/home/oliver/ros2_ws/braking_system/install/plan_long_emergency' for CMake config files
[45.477s] Level 1:colcon.colcon_core.shell:create_environment_hook('plan_long_emergency', 'cmake_prefix_path')
[45.478s] INFO:colcon.colcon_core.shell:Creating environment hook '/home/oliver/ros2_ws/braking_system/install/plan_long_emergency/share/plan_long_emergency/hook/cmake_prefix_path.ps1'
[45.479s] INFO:colcon.colcon_core.shell:Creating environment descriptor '/home/oliver/ros2_ws/braking_system/install/plan_long_emergency/share/plan_long_emergency/hook/cmake_prefix_path.dsv'
[45.480s] INFO:colcon.colcon_core.shell:Creating environment hook '/home/oliver/ros2_ws/braking_system/install/plan_long_emergency/share/plan_long_emergency/hook/cmake_prefix_path.sh'
[45.481s] Level 1:colcon.colcon_core.environment:checking '/home/oliver/ros2_ws/braking_system/install/plan_long_emergency/lib'
[45.481s] Level 1:colcon.colcon_core.environment:checking '/home/oliver/ros2_ws/braking_system/install/plan_long_emergency/bin'
[45.481s] Level 1:colcon.colcon_core.environment:checking '/home/oliver/ros2_ws/braking_system/install/plan_long_emergency/lib/pkgconfig/plan_long_emergency.pc'
[45.482s] Level 1:colcon.colcon_core.environment:checking '/home/oliver/ros2_ws/braking_system/install/plan_long_emergency/lib/python3.10/site-packages'
[45.483s] Level 1:colcon.colcon_core.environment:checking '/home/oliver/ros2_ws/braking_system/install/plan_long_emergency/bin'
[45.484s] INFO:colcon.colcon_core.shell:Creating package script '/home/oliver/ros2_ws/braking_system/install/plan_long_emergency/share/plan_long_emergency/package.ps1'
[45.485s] INFO:colcon.colcon_core.shell:Creating package descriptor '/home/oliver/ros2_ws/braking_system/install/plan_long_emergency/share/plan_long_emergency/package.dsv'
[45.486s] INFO:colcon.colcon_core.shell:Creating package script '/home/oliver/ros2_ws/braking_system/install/plan_long_emergency/share/plan_long_emergency/package.sh'
[45.486s] INFO:colcon.colcon_core.shell:Creating package script '/home/oliver/ros2_ws/braking_system/install/plan_long_emergency/share/plan_long_emergency/package.bash'
[45.487s] INFO:colcon.colcon_core.shell:Creating package script '/home/oliver/ros2_ws/braking_system/install/plan_long_emergency/share/plan_long_emergency/package.zsh'
[45.488s] Level 1:colcon.colcon_core.environment:create_file_with_runtime_dependencies(/home/oliver/ros2_ws/braking_system/install/plan_long_emergency/share/colcon-core/packages/plan_long_emergency)
[45.489s] Level 1:colcon.colcon_core.environment:create_environment_scripts_only(plan_long_emergency)
[45.490s] Level 1:colcon.colcon_core.environment:checking '/home/oliver/ros2_ws/braking_system/install/plan_long_emergency' for CMake module files
[45.491s] Level 1:colcon.colcon_core.environment:checking '/home/oliver/ros2_ws/braking_system/install/plan_long_emergency' for CMake config files
[45.491s] Level 1:colcon.colcon_core.shell:create_environment_hook('plan_long_emergency', 'cmake_prefix_path')
[45.492s] INFO:colcon.colcon_core.shell:Creating environment hook '/home/oliver/ros2_ws/braking_system/install/plan_long_emergency/share/plan_long_emergency/hook/cmake_prefix_path.ps1'
[45.493s] INFO:colcon.colcon_core.shell:Creating environment descriptor '/home/oliver/ros2_ws/braking_system/install/plan_long_emergency/share/plan_long_emergency/hook/cmake_prefix_path.dsv'
[45.494s] INFO:colcon.colcon_core.shell:Creating environment hook '/home/oliver/ros2_ws/braking_system/install/plan_long_emergency/share/plan_long_emergency/hook/cmake_prefix_path.sh'
[45.495s] Level 1:colcon.colcon_core.environment:checking '/home/oliver/ros2_ws/braking_system/install/plan_long_emergency/lib'
[45.495s] Level 1:colcon.colcon_core.environment:checking '/home/oliver/ros2_ws/braking_system/install/plan_long_emergency/bin'
[45.495s] Level 1:colcon.colcon_core.environment:checking '/home/oliver/ros2_ws/braking_system/install/plan_long_emergency/lib/pkgconfig/plan_long_emergency.pc'
[45.496s] Level 1:colcon.colcon_core.environment:checking '/home/oliver/ros2_ws/braking_system/install/plan_long_emergency/lib/python3.10/site-packages'
[45.496s] Level 1:colcon.colcon_core.environment:checking '/home/oliver/ros2_ws/braking_system/install/plan_long_emergency/bin'
[45.497s] INFO:colcon.colcon_core.shell:Creating package script '/home/oliver/ros2_ws/braking_system/install/plan_long_emergency/share/plan_long_emergency/package.ps1'
[45.498s] INFO:colcon.colcon_core.shell:Creating package descriptor '/home/oliver/ros2_ws/braking_system/install/plan_long_emergency/share/plan_long_emergency/package.dsv'
[45.499s] INFO:colcon.colcon_core.shell:Creating package script '/home/oliver/ros2_ws/braking_system/install/plan_long_emergency/share/plan_long_emergency/package.sh'
[45.500s] INFO:colcon.colcon_core.shell:Creating package script '/home/oliver/ros2_ws/braking_system/install/plan_long_emergency/share/plan_long_emergency/package.bash'
[45.502s] INFO:colcon.colcon_core.shell:Creating package script '/home/oliver/ros2_ws/braking_system/install/plan_long_emergency/share/plan_long_emergency/package.zsh'
[45.503s] Level 1:colcon.colcon_core.environment:create_file_with_runtime_dependencies(/home/oliver/ros2_ws/braking_system/install/plan_long_emergency/share/colcon-core/packages/plan_long_emergency)
[45.503s] DEBUG:colcon.colcon_parallel_executor.executor.parallel:closing loop
[45.504s] DEBUG:colcon.colcon_parallel_executor.executor.parallel:loop closed
[45.504s] DEBUG:colcon.colcon_parallel_executor.executor.parallel:run_until_complete finished with '0'
[45.504s] DEBUG:colcon.colcon_core.event_reactor:joining thread
[45.517s] INFO:colcon.colcon_core.plugin_system:Skipping extension 'colcon_notification.desktop_notification.terminal_notifier': Not used on non-Darwin systems
[45.517s] INFO:colcon.colcon_core.plugin_system:Skipping extension 'colcon_notification.desktop_notification.win32': Not used on non-Windows systems
[45.517s] INFO:colcon.colcon_notification.desktop_notification:Sending desktop notification using 'notify2'
[45.542s] DEBUG:colcon.colcon_core.event_reactor:joined thread
[45.543s] INFO:colcon.colcon_core.shell:Creating prefix script '/home/oliver/ros2_ws/braking_system/install/local_setup.ps1'
[45.546s] INFO:colcon.colcon_core.shell:Creating prefix util module '/home/oliver/ros2_ws/braking_system/install/_local_setup_util_ps1.py'
[45.550s] INFO:colcon.colcon_core.shell:Creating prefix chain script '/home/oliver/ros2_ws/braking_system/install/setup.ps1'
[45.556s] INFO:colcon.colcon_core.shell:Creating prefix script '/home/oliver/ros2_ws/braking_system/install/local_setup.sh'
[45.558s] INFO:colcon.colcon_core.shell:Creating prefix util module '/home/oliver/ros2_ws/braking_system/install/_local_setup_util_sh.py'
[45.560s] INFO:colcon.colcon_core.shell:Creating prefix chain script '/home/oliver/ros2_ws/braking_system/install/setup.sh'
[45.567s] INFO:colcon.colcon_core.shell:Creating prefix script '/home/oliver/ros2_ws/braking_system/install/local_setup.bash'
[45.568s] INFO:colcon.colcon_core.shell:Creating prefix chain script '/home/oliver/ros2_ws/braking_system/install/setup.bash'
[45.574s] INFO:colcon.colcon_core.shell:Creating prefix script '/home/oliver/ros2_ws/braking_system/install/local_setup.zsh'
[45.575s] INFO:colcon.colcon_core.shell:Creating prefix chain script '/home/oliver/ros2_ws/braking_system/install/setup.zsh'
