[35m[1mConsolidate compiler generated dependencies of target behavior_planner[0m
[100%] Built target behavior_planner
-- Install configuration: ""
-- Execute custom install script
-- Up-to-date symlink: /home/oliver/ros2_ws/braking_system/install/behavior_planner/lib/behavior_planner/behavior_planner
-- Up-to-date symlink: /home/oliver/ros2_ws/braking_system/install/behavior_planner/share/behavior_planner/config/params.yaml
-- Up-to-date symlink: /home/oliver/ros2_ws/braking_system/install/behavior_planner/share/behavior_planner/launch/behaviorPlanner.launch.py
-- Up-to-date symlink: /home/oliver/ros2_ws/braking_system/install/behavior_planner/share/ament_index/resource_index/package_run_dependencies/behavior_planner
-- Up-to-date symlink: /home/oliver/ros2_ws/braking_system/install/behavior_planner/share/ament_index/resource_index/parent_prefix_path/behavior_planner
-- Up-to-date symlink: /home/oliver/ros2_ws/braking_system/install/behavior_planner/share/behavior_planner/environment/ament_prefix_path.sh
-- Up-to-date symlink: /home/oliver/ros2_ws/braking_system/install/behavior_planner/share/behavior_planner/environment/ament_prefix_path.dsv
-- Up-to-date symlink: /home/oliver/ros2_ws/braking_system/install/behavior_planner/share/behavior_planner/environment/path.sh
-- Up-to-date symlink: /home/oliver/ros2_ws/braking_system/install/behavior_planner/share/behavior_planner/environment/path.dsv
-- Up-to-date symlink: /home/oliver/ros2_ws/braking_system/install/behavior_planner/share/behavior_planner/local_setup.bash
-- Up-to-date symlink: /home/oliver/ros2_ws/braking_system/install/behavior_planner/share/behavior_planner/local_setup.sh
-- Up-to-date symlink: /home/oliver/ros2_ws/braking_system/install/behavior_planner/share/behavior_planner/local_setup.zsh
-- Up-to-date symlink: /home/oliver/ros2_ws/braking_system/install/behavior_planner/share/behavior_planner/local_setup.dsv
-- Symlinking: /home/oliver/ros2_ws/braking_system/install/behavior_planner/share/behavior_planner/package.dsv
-- Up-to-date symlink: /home/oliver/ros2_ws/braking_system/install/behavior_planner/share/ament_index/resource_index/packages/behavior_planner
-- Up-to-date symlink: /home/oliver/ros2_ws/braking_system/install/behavior_planner/share/behavior_planner/cmake/behavior_plannerConfig.cmake
-- Up-to-date symlink: /home/oliver/ros2_ws/braking_system/install/behavior_planner/share/behavior_planner/cmake/behavior_plannerConfig-version.cmake
-- Up-to-date symlink: /home/oliver/ros2_ws/braking_system/install/behavior_planner/share/behavior_planner/package.xml
