[0.048s] Invoking command in '/home/oliver/ros2_ws/braking_system/build/behavior_planner': CMAKE_PREFIX_PATH=/opt/ros/humble /usr/bin/cmake --build /home/oliver/ros2_ws/braking_system/build/behavior_planner -- -j8 -l8
[0.243s] [35m[1mConsolidate compiler generated dependencies of target behavior_planner[0m
[0.339s] [100%] Built target behavior_planner
[0.402s] Invoked command in '/home/oliver/ros2_ws/braking_system/build/behavior_planner' returned '0': CMAKE_PREFIX_PATH=/opt/ros/humble /usr/bin/cmake --build /home/oliver/ros2_ws/braking_system/build/behavior_planner -- -j8 -l8
[0.407s] Invoking command in '/home/oliver/ros2_ws/braking_system/build/behavior_planner': CMAKE_PREFIX_PATH=/opt/ros/humble /usr/bin/cmake --install /home/oliver/ros2_ws/braking_system/build/behavior_planner
[0.450s] -- Install configuration: ""
[0.450s] -- Execute custom install script
[0.451s] -- Up-to-date symlink: /home/oliver/ros2_ws/braking_system/install/behavior_planner/lib/behavior_planner/behavior_planner
[0.451s] -- Up-to-date symlink: /home/oliver/ros2_ws/braking_system/install/behavior_planner/share/behavior_planner/config/params.yaml
[0.451s] -- Up-to-date symlink: /home/oliver/ros2_ws/braking_system/install/behavior_planner/share/behavior_planner/launch/behaviorPlanner.launch.py
[0.451s] -- Up-to-date symlink: /home/oliver/ros2_ws/braking_system/install/behavior_planner/share/ament_index/resource_index/package_run_dependencies/behavior_planner
[0.452s] -- Up-to-date symlink: /home/oliver/ros2_ws/braking_system/install/behavior_planner/share/ament_index/resource_index/parent_prefix_path/behavior_planner
[0.452s] -- Up-to-date symlink: /home/oliver/ros2_ws/braking_system/install/behavior_planner/share/behavior_planner/environment/ament_prefix_path.sh
[0.452s] -- Up-to-date symlink: /home/oliver/ros2_ws/braking_system/install/behavior_planner/share/behavior_planner/environment/ament_prefix_path.dsv
[0.452s] -- Up-to-date symlink: /home/oliver/ros2_ws/braking_system/install/behavior_planner/share/behavior_planner/environment/path.sh
[0.452s] -- Up-to-date symlink: /home/oliver/ros2_ws/braking_system/install/behavior_planner/share/behavior_planner/environment/path.dsv
[0.452s] -- Up-to-date symlink: /home/oliver/ros2_ws/braking_system/install/behavior_planner/share/behavior_planner/local_setup.bash
[0.452s] -- Up-to-date symlink: /home/oliver/ros2_ws/braking_system/install/behavior_planner/share/behavior_planner/local_setup.sh
[0.453s] -- Up-to-date symlink: /home/oliver/ros2_ws/braking_system/install/behavior_planner/share/behavior_planner/local_setup.zsh
[0.453s] -- Up-to-date symlink: /home/oliver/ros2_ws/braking_system/install/behavior_planner/share/behavior_planner/local_setup.dsv
[0.456s] -- Symlinking: /home/oliver/ros2_ws/braking_system/install/behavior_planner/share/behavior_planner/package.dsv
[0.469s] -- Up-to-date symlink: /home/oliver/ros2_ws/braking_system/install/behavior_planner/share/ament_index/resource_index/packages/behavior_planner
[0.471s] -- Up-to-date symlink: /home/oliver/ros2_ws/braking_system/install/behavior_planner/share/behavior_planner/cmake/behavior_plannerConfig.cmake
[0.471s] -- Up-to-date symlink: /home/oliver/ros2_ws/braking_system/install/behavior_planner/share/behavior_planner/cmake/behavior_plannerConfig-version.cmake
[0.472s] -- Up-to-date symlink: /home/oliver/ros2_ws/braking_system/install/behavior_planner/share/behavior_planner/package.xml
[0.562s] Invoked command in '/home/oliver/ros2_ws/braking_system/build/behavior_planner' returned '0': CMAKE_PREFIX_PATH=/opt/ros/humble /usr/bin/cmake --install /home/oliver/ros2_ws/braking_system/build/behavior_planner
