[ 50%] Built target subscriber_demo
[100%] Built target publisher_demo
-- Install configuration: ""
-- Execute custom install script
-- Up-to-date symlink: /home/oliver/ros2_ws/braking_system/install/basic_concepts/lib/basic_concepts/publisher_demo
-- Up-to-date symlink: /home/oliver/ros2_ws/braking_system/install/basic_concepts/lib/basic_concepts/subscriber_demo
-- Up-to-date symlink: /home/oliver/ros2_ws/braking_system/install/basic_concepts/share/basic_concepts/config/params.yaml
-- Up-to-date symlink: /home/oliver/ros2_ws/braking_system/install/basic_concepts/share/basic_concepts/launch/pubsubDemo.launch.py
-- Up-to-date symlink: /home/oliver/ros2_ws/braking_system/install/basic_concepts/share/basic_concepts/launch/pubsubMultiDemo.launch.py
-- Up-to-date symlink: /home/oliver/ros2_ws/braking_system/install/basic_concepts/share/ament_index/resource_index/package_run_dependencies/basic_concepts
-- Up-to-date symlink: /home/oliver/ros2_ws/braking_system/install/basic_concepts/share/ament_index/resource_index/parent_prefix_path/basic_concepts
-- Up-to-date symlink: /home/oliver/ros2_ws/braking_system/install/basic_concepts/share/basic_concepts/environment/ament_prefix_path.sh
-- Up-to-date symlink: /home/oliver/ros2_ws/braking_system/install/basic_concepts/share/basic_concepts/environment/ament_prefix_path.dsv
-- Up-to-date symlink: /home/oliver/ros2_ws/braking_system/install/basic_concepts/share/basic_concepts/environment/path.sh
-- Up-to-date symlink: /home/oliver/ros2_ws/braking_system/install/basic_concepts/share/basic_concepts/environment/path.dsv
-- Up-to-date symlink: /home/oliver/ros2_ws/braking_system/install/basic_concepts/share/basic_concepts/local_setup.bash
-- Up-to-date symlink: /home/oliver/ros2_ws/braking_system/install/basic_concepts/share/basic_concepts/local_setup.sh
-- Up-to-date symlink: /home/oliver/ros2_ws/braking_system/install/basic_concepts/share/basic_concepts/local_setup.zsh
-- Up-to-date symlink: /home/oliver/ros2_ws/braking_system/install/basic_concepts/share/basic_concepts/local_setup.dsv
-- Symlinking: /home/oliver/ros2_ws/braking_system/install/basic_concepts/share/basic_concepts/package.dsv
-- Up-to-date symlink: /home/oliver/ros2_ws/braking_system/install/basic_concepts/share/ament_index/resource_index/packages/basic_concepts
-- Up-to-date symlink: /home/oliver/ros2_ws/braking_system/install/basic_concepts/share/basic_concepts/cmake/basic_conceptsConfig.cmake
-- Up-to-date symlink: /home/oliver/ros2_ws/braking_system/install/basic_concepts/share/basic_concepts/cmake/basic_conceptsConfig-version.cmake
-- Up-to-date symlink: /home/oliver/ros2_ws/braking_system/install/basic_concepts/share/basic_concepts/package.xml
