[0.073s] Invoking command in '/home/oliver/ros2_ws/braking_system/build/basic_concepts': CMAKE_PREFIX_PATH=/opt/ros/humble /usr/bin/cmake --build /home/oliver/ros2_ws/braking_system/build/basic_concepts -- -j8 -l8
[0.276s] [ 50%] Built target subscriber_demo
[0.288s] [100%] Built target publisher_demo
[0.351s] Invoked command in '/home/oliver/ros2_ws/braking_system/build/basic_concepts' returned '0': CMAKE_PREFIX_PATH=/opt/ros/humble /usr/bin/cmake --build /home/oliver/ros2_ws/braking_system/build/basic_concepts -- -j8 -l8
[0.394s] Invoking command in '/home/oliver/ros2_ws/braking_system/build/basic_concepts': CMAKE_PREFIX_PATH=/opt/ros/humble /usr/bin/cmake --install /home/oliver/ros2_ws/braking_system/build/basic_concepts
[0.414s] -- Install configuration: ""
[0.414s] -- Execute custom install script
[0.415s] -- Up-to-date symlink: /home/oliver/ros2_ws/braking_system/install/basic_concepts/lib/basic_concepts/publisher_demo
[0.416s] -- Up-to-date symlink: /home/oliver/ros2_ws/braking_system/install/basic_concepts/lib/basic_concepts/subscriber_demo
[0.417s] -- Up-to-date symlink: /home/oliver/ros2_ws/braking_system/install/basic_concepts/share/basic_concepts/config/params.yaml
[0.421s] -- Up-to-date symlink: /home/oliver/ros2_ws/braking_system/install/basic_concepts/share/basic_concepts/launch/pubsubDemo.launch.py
[0.422s] -- Up-to-date symlink: /home/oliver/ros2_ws/braking_system/install/basic_concepts/share/basic_concepts/launch/pubsubMultiDemo.launch.py
[0.422s] -- Up-to-date symlink: /home/oliver/ros2_ws/braking_system/install/basic_concepts/share/ament_index/resource_index/package_run_dependencies/basic_concepts
[0.422s] -- Up-to-date symlink: /home/oliver/ros2_ws/braking_system/install/basic_concepts/share/ament_index/resource_index/parent_prefix_path/basic_concepts
[0.422s] -- Up-to-date symlink: /home/oliver/ros2_ws/braking_system/install/basic_concepts/share/basic_concepts/environment/ament_prefix_path.sh
[0.423s] -- Up-to-date symlink: /home/oliver/ros2_ws/braking_system/install/basic_concepts/share/basic_concepts/environment/ament_prefix_path.dsv
[0.423s] -- Up-to-date symlink: /home/oliver/ros2_ws/braking_system/install/basic_concepts/share/basic_concepts/environment/path.sh
[0.423s] -- Up-to-date symlink: /home/oliver/ros2_ws/braking_system/install/basic_concepts/share/basic_concepts/environment/path.dsv
[0.424s] -- Up-to-date symlink: /home/oliver/ros2_ws/braking_system/install/basic_concepts/share/basic_concepts/local_setup.bash
[0.426s] -- Up-to-date symlink: /home/oliver/ros2_ws/braking_system/install/basic_concepts/share/basic_concepts/local_setup.sh
[0.428s] -- Up-to-date symlink: /home/oliver/ros2_ws/braking_system/install/basic_concepts/share/basic_concepts/local_setup.zsh
[0.429s] -- Up-to-date symlink: /home/oliver/ros2_ws/braking_system/install/basic_concepts/share/basic_concepts/local_setup.dsv
[0.440s] -- Symlinking: /home/oliver/ros2_ws/braking_system/install/basic_concepts/share/basic_concepts/package.dsv
[0.460s] -- Up-to-date symlink: /home/oliver/ros2_ws/braking_system/install/basic_concepts/share/ament_index/resource_index/packages/basic_concepts
[0.462s] -- Up-to-date symlink: /home/oliver/ros2_ws/braking_system/install/basic_concepts/share/basic_concepts/cmake/basic_conceptsConfig.cmake
[0.466s] -- Up-to-date symlink: /home/oliver/ros2_ws/braking_system/install/basic_concepts/share/basic_concepts/cmake/basic_conceptsConfig-version.cmake
[0.467s] -- Up-to-date symlink: /home/oliver/ros2_ws/braking_system/install/basic_concepts/share/basic_concepts/package.xml
[0.479s] Invoked command in '/home/oliver/ros2_ws/braking_system/build/basic_concepts' returned '0': CMAKE_PREFIX_PATH=/opt/ros/humble /usr/bin/cmake --install /home/oliver/ros2_ws/braking_system/build/basic_concepts
