-- Found ament_cmake: 1.3.13 (/opt/ros/humble/share/ament_cmake/cmake)
-- Override CMake install command with custom implementation using symlinks instead of copying resources
-- Found rclcpp: 16.0.18 (/opt/ros/humble/share/rclcpp/cmake)
-- Found rosidl_generator_c: 3.1.8 (/opt/ros/humble/share/rosidl_generator_c/cmake)
-- Found rosidl_adapter: 3.1.8 (/opt/ros/humble/share/rosidl_adapter/cmake)
-- Found rosidl_generator_cpp: 3.1.8 (/opt/ros/humble/share/rosidl_generator_cpp/cmake)
-- Using all available rosidl_typesupport_c: rosidl_typesupport_fastrtps_c;rosidl_typesupport_introspection_c
-- Using all available rosidl_typesupport_cpp: rosidl_typesupport_fastrtps_cpp;rosidl_typesupport_introspection_cpp
-- Found rmw_implementation_cmake: 6.1.2 (/opt/ros/humble/share/rmw_implementation_cmake/cmake)
-- Found rmw_fastrtps_cpp: 6.2.10 (/opt/ros/humble/share/rmw_fastrtps_cpp/cmake)
-- Using RMW implementation 'rmw_fastrtps_cpp' as default
-- Configuring incomplete, errors occurred!
See also "/home/oliver/ros2_ws/braking_system/build/ctrl_long_emergency/CMakeFiles/CMakeOutput.log".
[31mCMake Error at CMakeLists.txt:11 (find_package):
  By not providing "Findcrp_msgs.cmake" in CMAKE_MODULE_PATH this project has
  asked CMake to find a package configuration file provided by "crp_msgs",
  but CMake did not find one.

  Could not find a package configuration file provided by "crp_msgs" with any
  of the following names:

    crp_msgsConfig.cmake
    crp_msgs-config.cmake

  Add the installation prefix of "crp_msgs" to CMAKE_PREFIX_PATH or set
  "crp_msgs_DIR" to a directory containing one of the above files.  If
  "crp_msgs" provides a separate development package or SDK, be sure it has
  been installed.

[0m
