[0.063s] Invoking command in '/home/oliver/ros2_ws/braking_system/build/ctrl_long_emergency': CMAKE_PREFIX_PATH=/opt/ros/humble /usr/bin/cmake /home/oliver/ros2_ws/braking_system/ctrl_long_emergency -DAMENT_CMAKE_SYMLINK_INSTALL=1 -DCMAKE_INSTALL_PREFIX=/home/oliver/ros2_ws/braking_system/install/ctrl_long_emergency
[0.317s] -- The C compiler identification is GNU 11.4.0
[0.553s] -- The CXX compiler identification is GNU 11.4.0
[0.594s] -- Detecting C compiler ABI info
[0.919s] -- Detecting C compiler ABI info - done
[0.982s] -- Check for working C compiler: /usr/bin/cc - skipped
[0.989s] -- Detecting C compile features
[0.990s] -- Detecting C compile features - done
[1.014s] -- Detecting CXX compiler ABI info
[1.385s] -- Detecting CXX compiler ABI info - done
[1.413s] -- Check for working CXX compiler: /usr/bin/c++ - skipped
[1.413s] -- Detecting CXX compile features
[1.415s] -- Detecting CXX compile features - done
[1.433s] -- Found ament_cmake: 1.3.13 (/opt/ros/humble/share/ament_cmake/cmake)
[2.069s] -- Found Python3: /usr/bin/python3 (found version "3.10.12") found components: Interpreter 
[2.451s] -- Override CMake install command with custom implementation using symlinks instead of copying resources
[2.544s] -- Found rclcpp: 16.0.18 (/opt/ros/humble/share/rclcpp/cmake)
[2.702s] -- Found rosidl_generator_c: 3.1.8 (/opt/ros/humble/share/rosidl_generator_c/cmake)
[2.712s] -- Found rosidl_adapter: 3.1.8 (/opt/ros/humble/share/rosidl_adapter/cmake)
[2.752s] -- Found rosidl_generator_cpp: 3.1.8 (/opt/ros/humble/share/rosidl_generator_cpp/cmake)
[2.807s] -- Using all available rosidl_typesupport_c: rosidl_typesupport_fastrtps_c;rosidl_typesupport_introspection_c
[2.885s] -- Using all available rosidl_typesupport_cpp: rosidl_typesupport_fastrtps_cpp;rosidl_typesupport_introspection_cpp
[3.046s] -- Found rmw_implementation_cmake: 6.1.2 (/opt/ros/humble/share/rmw_implementation_cmake/cmake)
[3.053s] -- Found rmw_fastrtps_cpp: 6.2.10 (/opt/ros/humble/share/rmw_fastrtps_cpp/cmake)
[3.363s] -- Found OpenSSL: /usr/lib/x86_64-linux-gnu/libcrypto.so (found version "3.0.2")  
[3.480s] -- Found FastRTPS: /opt/ros/humble/include  
[3.613s] -- Using RMW implementation 'rmw_fastrtps_cpp' as default
[3.640s] -- Looking for pthread.h
[3.961s] -- Looking for pthread.h - found
[3.965s] -- Performing Test CMAKE_HAVE_LIBC_PTHREAD
[4.656s] -- Performing Test CMAKE_HAVE_LIBC_PTHREAD - Success
[4.665s] -- Found Threads: TRUE  
[4.966s] [31mCMake Error at CMakeLists.txt:11 (find_package):
[4.967s]   By not providing "Findcrp_msgs.cmake" in CMAKE_MODULE_PATH this project has
[4.967s]   asked CMake to find a package configuration file provided by "crp_msgs",
[4.967s]   but CMake did not find one.
[4.967s] 
[4.967s]   Could not find a package configuration file provided by "crp_msgs" with any
[4.967s]   of the following names:
[4.967s] 
[4.968s]     crp_msgsConfig.cmake
[4.968s]     crp_msgs-config.cmake
[4.968s] 
[4.968s]   Add the installation prefix of "crp_msgs" to CMAKE_PREFIX_PATH or set
[4.968s]   "crp_msgs_DIR" to a directory containing one of the above files.  If
[4.969s]   "crp_msgs" provides a separate development package or SDK, be sure it has
[4.969s]   been installed.
[4.969s] 
[4.969s] [0m
[4.969s] -- Configuring incomplete, errors occurred!
[4.970s] See also "/home/oliver/ros2_ws/braking_system/build/ctrl_long_emergency/CMakeFiles/CMakeOutput.log".
