[35m[1mConsolidate compiler generated dependencies of target pose_publisher[0m
[35m[1mConsolidate compiler generated dependencies of target velocity_estimator[0m
[ 50%] Built target pose_publisher
[100%] Built target velocity_estimator
-- Install configuration: ""
-- Execute custom install script
-- Symlinking: /home/oliver/ros2_ws/braking_system/install/velocity_estimator/lib/velocity_estimator/pose_publisher
-- Symlinking: /home/oliver/ros2_ws/braking_system/install/velocity_estimator/lib/velocity_estimator/velocity_estimator
-- Symlinking: /home/oliver/ros2_ws/braking_system/install/velocity_estimator/share/velocity_estimator/config/params.yaml
-- Symlinking: /home/oliver/ros2_ws/braking_system/install/velocity_estimator/share/velocity_estimator/launch/velocityEstimatorDemo.launch.py
-- Symlinking: /home/oliver/ros2_ws/braking_system/install/velocity_estimator/share/ament_index/resource_index/package_run_dependencies/velocity_estimator
-- Symlinking: /home/oliver/ros2_ws/braking_system/install/velocity_estimator/share/ament_index/resource_index/parent_prefix_path/velocity_estimator
-- Symlinking: /home/oliver/ros2_ws/braking_system/install/velocity_estimator/share/velocity_estimator/environment/ament_prefix_path.sh
-- Symlinking: /home/oliver/ros2_ws/braking_system/install/velocity_estimator/share/velocity_estimator/environment/ament_prefix_path.dsv
-- Symlinking: /home/oliver/ros2_ws/braking_system/install/velocity_estimator/share/velocity_estimator/environment/path.sh
-- Symlinking: /home/oliver/ros2_ws/braking_system/install/velocity_estimator/share/velocity_estimator/environment/path.dsv
-- Symlinking: /home/oliver/ros2_ws/braking_system/install/velocity_estimator/share/velocity_estimator/local_setup.bash
-- Symlinking: /home/oliver/ros2_ws/braking_system/install/velocity_estimator/share/velocity_estimator/local_setup.sh
-- Symlinking: /home/oliver/ros2_ws/braking_system/install/velocity_estimator/share/velocity_estimator/local_setup.zsh
-- Symlinking: /home/oliver/ros2_ws/braking_system/install/velocity_estimator/share/velocity_estimator/local_setup.dsv
-- Symlinking: /home/oliver/ros2_ws/braking_system/install/velocity_estimator/share/velocity_estimator/package.dsv
-- Symlinking: /home/oliver/ros2_ws/braking_system/install/velocity_estimator/share/ament_index/resource_index/packages/velocity_estimator
-- Symlinking: /home/oliver/ros2_ws/braking_system/install/velocity_estimator/share/velocity_estimator/cmake/velocity_estimatorConfig.cmake
-- Symlinking: /home/oliver/ros2_ws/braking_system/install/velocity_estimator/share/velocity_estimator/cmake/velocity_estimatorConfig-version.cmake
-- Symlinking: /home/oliver/ros2_ws/braking_system/install/velocity_estimator/share/velocity_estimator/package.xml
