[0.348s] DEBUG:colcon:Command line arguments: ['/usr/bin/colcon', 'build', '--packages-select', 'behavior_planner']
[0.348s] DEBUG:colcon:Parsed command line arguments: Namespace(log_base=None, log_level=None, verb_name='build', build_base='build', install_base='install', merge_install=False, symlink_install=False, test_result_base=None, continue_on_error=False, executor='parallel', parallel_workers=8, event_handlers=None, ignore_user_meta=False, metas=['./colcon.meta'], base_paths=['.'], packages_ignore=None, packages_ignore_regex=None, paths=None, packages_up_to=None, packages_up_to_regex=None, packages_above=None, packages_above_and_dependencies=None, packages_above_depth=None, packages_select_by_dep=None, packages_skip_by_dep=None, packages_skip_up_to=None, packages_select_build_failed=False, packages_skip_build_finished=False, packages_select_test_failures=False, packages_skip_test_passed=False, packages_select=['behavior_planner'], packages_skip=None, packages_select_regex=None, packages_skip_regex=None, packages_start=None, packages_end=None, allow_overriding=[], cmake_args=None, cmake_target=None, cmake_target_skip_unavailable=False, cmake_clean_cache=False, cmake_clean_first=False, cmake_force_configure=False, ament_cmake_args=None, catkin_cmake_args=None, catkin_skip_building_tests=False, mixin_files=None, mixin=None, verb_parser=<colcon_mixin.mixin.mixin_argument.MixinArgumentDecorator object at 0x7b0174e09390>, verb_extension=<colcon_core.verb.build.BuildVerb object at 0x7b0174e08970>, main=<bound method BuildVerb.main of <colcon_core.verb.build.BuildVerb object at 0x7b0174e08970>>, mixin_verb=('build',))
[0.770s] Level 1:colcon.colcon_core.package_discovery:discover_packages(colcon_meta) check parameters
[0.770s] Level 1:colcon.colcon_core.package_discovery:discover_packages(recursive) check parameters
[0.770s] Level 1:colcon.colcon_core.package_discovery:discover_packages(ignore) check parameters
[0.770s] Level 1:colcon.colcon_core.package_discovery:discover_packages(path) check parameters
[0.771s] Level 1:colcon.colcon_core.package_discovery:discover_packages(colcon_meta) discover
[0.771s] Level 1:colcon.colcon_core.package_discovery:discover_packages(recursive) discover
[0.771s] INFO:colcon.colcon_core.package_discovery:Crawling recursively for packages in '/home/oliver/ros2_ws/braking_system'
[0.771s] Level 1:colcon.colcon_core.package_identification:_identify(.) by extensions ['ignore', 'ignore_ament_install']
[0.771s] Level 1:colcon.colcon_core.package_identification:_identify(.) by extension 'ignore'
[0.771s] Level 1:colcon.colcon_core.package_identification:_identify(.) by extension 'ignore_ament_install'
[0.771s] Level 1:colcon.colcon_core.package_identification:_identify(.) by extensions ['colcon_pkg']
[0.771s] Level 1:colcon.colcon_core.package_identification:_identify(.) by extension 'colcon_pkg'
[0.772s] Level 1:colcon.colcon_core.package_identification:_identify(.) by extensions ['colcon_meta']
[0.772s] Level 1:colcon.colcon_core.package_identification:_identify(.) by extension 'colcon_meta'
[0.772s] Level 1:colcon.colcon_core.package_identification:_identify(.) by extensions ['ros']
[0.772s] Level 1:colcon.colcon_core.package_identification:_identify(.) by extension 'ros'
[0.796s] Level 1:colcon.colcon_core.package_identification:_identify(.) by extensions ['cmake', 'python']
[0.796s] Level 1:colcon.colcon_core.package_identification:_identify(.) by extension 'cmake'
[0.796s] Level 1:colcon.colcon_core.package_identification:_identify(.) by extension 'python'
[0.796s] Level 1:colcon.colcon_core.package_identification:_identify(.) by extensions ['python_setup_py']
[0.796s] Level 1:colcon.colcon_core.package_identification:_identify(.) by extension 'python_setup_py'
[0.796s] Level 1:colcon.colcon_core.package_identification:_identify(behavior_planner) by extensions ['ignore', 'ignore_ament_install']
[0.796s] Level 1:colcon.colcon_core.package_identification:_identify(behavior_planner) by extension 'ignore'
[0.797s] Level 1:colcon.colcon_core.package_identification:_identify(behavior_planner) by extension 'ignore_ament_install'
[0.797s] Level 1:colcon.colcon_core.package_identification:_identify(behavior_planner) by extensions ['colcon_pkg']
[0.797s] Level 1:colcon.colcon_core.package_identification:_identify(behavior_planner) by extension 'colcon_pkg'
[0.797s] Level 1:colcon.colcon_core.package_identification:_identify(behavior_planner) by extensions ['colcon_meta']
[0.797s] Level 1:colcon.colcon_core.package_identification:_identify(behavior_planner) by extension 'colcon_meta'
[0.797s] Level 1:colcon.colcon_core.package_identification:_identify(behavior_planner) by extensions ['ros']
[0.797s] Level 1:colcon.colcon_core.package_identification:_identify(behavior_planner) by extension 'ros'
[0.803s] DEBUG:colcon.colcon_core.package_identification:Package 'behavior_planner' with type 'ros.ament_cmake' and name 'behavior_planner'
[0.803s] Level 1:colcon.colcon_core.package_identification:_identify(build) by extensions ['ignore', 'ignore_ament_install']
[0.804s] Level 1:colcon.colcon_core.package_identification:_identify(build) by extension 'ignore'
[0.804s] Level 1:colcon.colcon_core.package_identification:_identify(build) ignored
[0.804s] Level 1:colcon.colcon_core.package_identification:_identify(ctrl_long_emergency) by extensions ['ignore', 'ignore_ament_install']
[0.804s] Level 1:colcon.colcon_core.package_identification:_identify(ctrl_long_emergency) by extension 'ignore'
[0.804s] Level 1:colcon.colcon_core.package_identification:_identify(ctrl_long_emergency) by extension 'ignore_ament_install'
[0.804s] Level 1:colcon.colcon_core.package_identification:_identify(ctrl_long_emergency) by extensions ['colcon_pkg']
[0.804s] Level 1:colcon.colcon_core.package_identification:_identify(ctrl_long_emergency) by extension 'colcon_pkg'
[0.805s] Level 1:colcon.colcon_core.package_identification:_identify(ctrl_long_emergency) by extensions ['colcon_meta']
[0.805s] Level 1:colcon.colcon_core.package_identification:_identify(ctrl_long_emergency) by extension 'colcon_meta'
[0.805s] Level 1:colcon.colcon_core.package_identification:_identify(ctrl_long_emergency) by extensions ['ros']
[0.805s] Level 1:colcon.colcon_core.package_identification:_identify(ctrl_long_emergency) by extension 'ros'
[0.807s] DEBUG:colcon.colcon_core.package_identification:Package 'ctrl_long_emergency' with type 'ros.ament_cmake' and name 'ctrl_long_emergency'
[0.807s] Level 1:colcon.colcon_core.package_identification:_identify(doc) by extensions ['ignore', 'ignore_ament_install']
[0.807s] Level 1:colcon.colcon_core.package_identification:_identify(doc) by extension 'ignore'
[0.807s] Level 1:colcon.colcon_core.package_identification:_identify(doc) by extension 'ignore_ament_install'
[0.808s] Level 1:colcon.colcon_core.package_identification:_identify(doc) by extensions ['colcon_pkg']
[0.808s] Level 1:colcon.colcon_core.package_identification:_identify(doc) by extension 'colcon_pkg'
[0.808s] Level 1:colcon.colcon_core.package_identification:_identify(doc) by extensions ['colcon_meta']
[0.808s] Level 1:colcon.colcon_core.package_identification:_identify(doc) by extension 'colcon_meta'
[0.808s] Level 1:colcon.colcon_core.package_identification:_identify(doc) by extensions ['ros']
[0.808s] Level 1:colcon.colcon_core.package_identification:_identify(doc) by extension 'ros'
[0.808s] Level 1:colcon.colcon_core.package_identification:_identify(doc) by extensions ['cmake', 'python']
[0.808s] Level 1:colcon.colcon_core.package_identification:_identify(doc) by extension 'cmake'
[0.808s] Level 1:colcon.colcon_core.package_identification:_identify(doc) by extension 'python'
[0.808s] Level 1:colcon.colcon_core.package_identification:_identify(doc) by extensions ['python_setup_py']
[0.808s] Level 1:colcon.colcon_core.package_identification:_identify(doc) by extension 'python_setup_py'
[0.809s] Level 1:colcon.colcon_core.package_identification:_identify(doc/images) by extensions ['ignore', 'ignore_ament_install']
[0.809s] Level 1:colcon.colcon_core.package_identification:_identify(doc/images) by extension 'ignore'
[0.809s] Level 1:colcon.colcon_core.package_identification:_identify(doc/images) by extension 'ignore_ament_install'
[0.809s] Level 1:colcon.colcon_core.package_identification:_identify(doc/images) by extensions ['colcon_pkg']
[0.809s] Level 1:colcon.colcon_core.package_identification:_identify(doc/images) by extension 'colcon_pkg'
[0.809s] Level 1:colcon.colcon_core.package_identification:_identify(doc/images) by extensions ['colcon_meta']
[0.809s] Level 1:colcon.colcon_core.package_identification:_identify(doc/images) by extension 'colcon_meta'
[0.809s] Level 1:colcon.colcon_core.package_identification:_identify(doc/images) by extensions ['ros']
[0.809s] Level 1:colcon.colcon_core.package_identification:_identify(doc/images) by extension 'ros'
[0.809s] Level 1:colcon.colcon_core.package_identification:_identify(doc/images) by extensions ['cmake', 'python']
[0.809s] Level 1:colcon.colcon_core.package_identification:_identify(doc/images) by extension 'cmake'
[0.810s] Level 1:colcon.colcon_core.package_identification:_identify(doc/images) by extension 'python'
[0.810s] Level 1:colcon.colcon_core.package_identification:_identify(doc/images) by extensions ['python_setup_py']
[0.810s] Level 1:colcon.colcon_core.package_identification:_identify(doc/images) by extension 'python_setup_py'
[0.810s] Level 1:colcon.colcon_core.package_identification:_identify(examples) by extensions ['ignore', 'ignore_ament_install']
[0.810s] Level 1:colcon.colcon_core.package_identification:_identify(examples) by extension 'ignore'
[0.810s] Level 1:colcon.colcon_core.package_identification:_identify(examples) by extension 'ignore_ament_install'
[0.810s] Level 1:colcon.colcon_core.package_identification:_identify(examples) by extensions ['colcon_pkg']
[0.810s] Level 1:colcon.colcon_core.package_identification:_identify(examples) by extension 'colcon_pkg'
[0.810s] Level 1:colcon.colcon_core.package_identification:_identify(examples) by extensions ['colcon_meta']
[0.810s] Level 1:colcon.colcon_core.package_identification:_identify(examples) by extension 'colcon_meta'
[0.810s] Level 1:colcon.colcon_core.package_identification:_identify(examples) by extensions ['ros']
[0.811s] Level 1:colcon.colcon_core.package_identification:_identify(examples) by extension 'ros'
[0.811s] Level 1:colcon.colcon_core.package_identification:_identify(examples) by extensions ['cmake', 'python']
[0.811s] Level 1:colcon.colcon_core.package_identification:_identify(examples) by extension 'cmake'
[0.811s] Level 1:colcon.colcon_core.package_identification:_identify(examples) by extension 'python'
[0.811s] Level 1:colcon.colcon_core.package_identification:_identify(examples) by extensions ['python_setup_py']
[0.811s] Level 1:colcon.colcon_core.package_identification:_identify(examples) by extension 'python_setup_py'
[0.811s] Level 1:colcon.colcon_core.package_identification:_identify(examples/c++) by extensions ['ignore', 'ignore_ament_install']
[0.811s] Level 1:colcon.colcon_core.package_identification:_identify(examples/c++) by extension 'ignore'
[0.811s] Level 1:colcon.colcon_core.package_identification:_identify(examples/c++) by extension 'ignore_ament_install'
[0.811s] Level 1:colcon.colcon_core.package_identification:_identify(examples/c++) by extensions ['colcon_pkg']
[0.811s] Level 1:colcon.colcon_core.package_identification:_identify(examples/c++) by extension 'colcon_pkg'
[0.812s] Level 1:colcon.colcon_core.package_identification:_identify(examples/c++) by extensions ['colcon_meta']
[0.812s] Level 1:colcon.colcon_core.package_identification:_identify(examples/c++) by extension 'colcon_meta'
[0.812s] Level 1:colcon.colcon_core.package_identification:_identify(examples/c++) by extensions ['ros']
[0.812s] Level 1:colcon.colcon_core.package_identification:_identify(examples/c++) by extension 'ros'
[0.812s] Level 1:colcon.colcon_core.package_identification:_identify(examples/c++) by extensions ['cmake', 'python']
[0.812s] Level 1:colcon.colcon_core.package_identification:_identify(examples/c++) by extension 'cmake'
[0.812s] Level 1:colcon.colcon_core.package_identification:_identify(examples/c++) by extension 'python'
[0.812s] Level 1:colcon.colcon_core.package_identification:_identify(examples/c++) by extensions ['python_setup_py']
[0.812s] Level 1:colcon.colcon_core.package_identification:_identify(examples/c++) by extension 'python_setup_py'
[0.812s] Level 1:colcon.colcon_core.package_identification:_identify(examples/c++/basic_concepts) by extensions ['ignore', 'ignore_ament_install']
[0.812s] Level 1:colcon.colcon_core.package_identification:_identify(examples/c++/basic_concepts) by extension 'ignore'
[0.813s] Level 1:colcon.colcon_core.package_identification:_identify(examples/c++/basic_concepts) by extension 'ignore_ament_install'
[0.813s] Level 1:colcon.colcon_core.package_identification:_identify(examples/c++/basic_concepts) by extensions ['colcon_pkg']
[0.813s] Level 1:colcon.colcon_core.package_identification:_identify(examples/c++/basic_concepts) by extension 'colcon_pkg'
[0.813s] Level 1:colcon.colcon_core.package_identification:_identify(examples/c++/basic_concepts) by extensions ['colcon_meta']
[0.813s] Level 1:colcon.colcon_core.package_identification:_identify(examples/c++/basic_concepts) by extension 'colcon_meta'
[0.813s] Level 1:colcon.colcon_core.package_identification:_identify(examples/c++/basic_concepts) by extensions ['ros']
[0.813s] Level 1:colcon.colcon_core.package_identification:_identify(examples/c++/basic_concepts) by extension 'ros'
[0.815s] DEBUG:colcon.colcon_core.package_identification:Package 'examples/c++/basic_concepts' with type 'ros.ament_cmake' and name 'basic_concepts'
[0.815s] Level 1:colcon.colcon_core.package_identification:_identify(examples/c++/velocity_estimator) by extensions ['ignore', 'ignore_ament_install']
[0.815s] Level 1:colcon.colcon_core.package_identification:_identify(examples/c++/velocity_estimator) by extension 'ignore'
[0.815s] Level 1:colcon.colcon_core.package_identification:_identify(examples/c++/velocity_estimator) by extension 'ignore_ament_install'
[0.815s] Level 1:colcon.colcon_core.package_identification:_identify(examples/c++/velocity_estimator) by extensions ['colcon_pkg']
[0.815s] Level 1:colcon.colcon_core.package_identification:_identify(examples/c++/velocity_estimator) by extension 'colcon_pkg'
[0.815s] Level 1:colcon.colcon_core.package_identification:_identify(examples/c++/velocity_estimator) by extensions ['colcon_meta']
[0.816s] Level 1:colcon.colcon_core.package_identification:_identify(examples/c++/velocity_estimator) by extension 'colcon_meta'
[0.816s] Level 1:colcon.colcon_core.package_identification:_identify(examples/c++/velocity_estimator) by extensions ['ros']
[0.816s] Level 1:colcon.colcon_core.package_identification:_identify(examples/c++/velocity_estimator) by extension 'ros'
[0.817s] DEBUG:colcon.colcon_core.package_identification:Package 'examples/c++/velocity_estimator' with type 'ros.ament_cmake' and name 'velocity_estimator'
[0.817s] Level 1:colcon.colcon_core.package_identification:_identify(install) by extensions ['ignore', 'ignore_ament_install']
[0.817s] Level 1:colcon.colcon_core.package_identification:_identify(install) by extension 'ignore'
[0.817s] Level 1:colcon.colcon_core.package_identification:_identify(install) ignored
[0.818s] Level 1:colcon.colcon_core.package_identification:_identify(log) by extensions ['ignore', 'ignore_ament_install']
[0.818s] Level 1:colcon.colcon_core.package_identification:_identify(log) by extension 'ignore'
[0.818s] Level 1:colcon.colcon_core.package_identification:_identify(log) ignored
[0.818s] Level 1:colcon.colcon_core.package_identification:_identify(plan_long_emergency) by extensions ['ignore', 'ignore_ament_install']
[0.818s] Level 1:colcon.colcon_core.package_identification:_identify(plan_long_emergency) by extension 'ignore'
[0.818s] Level 1:colcon.colcon_core.package_identification:_identify(plan_long_emergency) by extension 'ignore_ament_install'
[0.818s] Level 1:colcon.colcon_core.package_identification:_identify(plan_long_emergency) by extensions ['colcon_pkg']
[0.818s] Level 1:colcon.colcon_core.package_identification:_identify(plan_long_emergency) by extension 'colcon_pkg'
[0.818s] Level 1:colcon.colcon_core.package_identification:_identify(plan_long_emergency) by extensions ['colcon_meta']
[0.818s] Level 1:colcon.colcon_core.package_identification:_identify(plan_long_emergency) by extension 'colcon_meta'
[0.819s] Level 1:colcon.colcon_core.package_identification:_identify(plan_long_emergency) by extensions ['ros']
[0.819s] Level 1:colcon.colcon_core.package_identification:_identify(plan_long_emergency) by extension 'ros'
[0.820s] DEBUG:colcon.colcon_core.package_identification:Package 'plan_long_emergency' with type 'ros.ament_cmake' and name 'plan_long_emergency'
[0.821s] Level 1:colcon.colcon_core.package_discovery:discover_packages(recursive) using defaults
[0.821s] Level 1:colcon.colcon_core.package_discovery:discover_packages(ignore) discover
[0.821s] Level 1:colcon.colcon_core.package_discovery:discover_packages(ignore) using defaults
[0.821s] Level 1:colcon.colcon_core.package_discovery:discover_packages(path) discover
[0.821s] Level 1:colcon.colcon_core.package_discovery:discover_packages(path) using defaults
[0.884s] INFO:colcon.colcon_core.package_selection:Skipping not selected package 'basic_concepts' in 'examples/c++/basic_concepts'
[0.885s] INFO:colcon.colcon_core.package_selection:Skipping not selected package 'ctrl_long_emergency' in 'ctrl_long_emergency'
[0.885s] INFO:colcon.colcon_core.package_selection:Skipping not selected package 'plan_long_emergency' in 'plan_long_emergency'
[0.885s] INFO:colcon.colcon_core.package_selection:Skipping not selected package 'velocity_estimator' in 'examples/c++/velocity_estimator'
[0.886s] Level 1:colcon.colcon_core.package_discovery:discover_packages(prefix_path) check parameters
[0.886s] Level 1:colcon.colcon_core.package_discovery:discover_packages(prefix_path) discover
[0.890s] DEBUG:colcon.colcon_installed_package_information.package_discovery:Found 4 installed packages in /home/oliver/ros2_ws/braking_system/install
[0.893s] DEBUG:colcon.colcon_installed_package_information.package_discovery:Found 282 installed packages in /opt/ros/humble
[0.896s] Level 1:colcon.colcon_core.package_discovery:discover_packages(prefix_path) using defaults
[0.977s] Level 5:colcon.colcon_core.verb:set package 'behavior_planner' build argument 'cmake_args' from command line to 'None'
[0.977s] Level 5:colcon.colcon_core.verb:set package 'behavior_planner' build argument 'cmake_target' from command line to 'None'
[0.977s] Level 5:colcon.colcon_core.verb:set package 'behavior_planner' build argument 'cmake_target_skip_unavailable' from command line to 'False'
[0.977s] Level 5:colcon.colcon_core.verb:set package 'behavior_planner' build argument 'cmake_clean_cache' from command line to 'False'
[0.977s] Level 5:colcon.colcon_core.verb:set package 'behavior_planner' build argument 'cmake_clean_first' from command line to 'False'
[0.977s] Level 5:colcon.colcon_core.verb:set package 'behavior_planner' build argument 'cmake_force_configure' from command line to 'False'
[0.978s] Level 5:colcon.colcon_core.verb:set package 'behavior_planner' build argument 'ament_cmake_args' from command line to 'None'
[0.978s] Level 5:colcon.colcon_core.verb:set package 'behavior_planner' build argument 'catkin_cmake_args' from command line to 'None'
[0.978s] Level 5:colcon.colcon_core.verb:set package 'behavior_planner' build argument 'catkin_skip_building_tests' from command line to 'False'
[0.978s] DEBUG:colcon.colcon_core.verb:Building package 'behavior_planner' with the following arguments: {'ament_cmake_args': None, 'build_base': '/home/oliver/ros2_ws/braking_system/build/behavior_planner', 'catkin_cmake_args': None, 'catkin_skip_building_tests': False, 'cmake_args': None, 'cmake_clean_cache': False, 'cmake_clean_first': False, 'cmake_force_configure': False, 'cmake_target': None, 'cmake_target_skip_unavailable': False, 'install_base': '/home/oliver/ros2_ws/braking_system/install/behavior_planner', 'merge_install': False, 'path': '/home/oliver/ros2_ws/braking_system/behavior_planner', 'symlink_install': False, 'test_result_base': None}
[0.978s] INFO:colcon.colcon_core.executor:Executing jobs using 'parallel' executor
[0.980s] DEBUG:colcon.colcon_parallel_executor.executor.parallel:run_until_complete
[0.981s] INFO:colcon.colcon_ros.task.ament_cmake.build:Building ROS package in '/home/oliver/ros2_ws/braking_system/behavior_planner' with build type 'ament_cmake'
[0.981s] INFO:colcon.colcon_cmake.task.cmake.build:Building CMake package in '/home/oliver/ros2_ws/braking_system/behavior_planner'
[0.985s] INFO:colcon.colcon_core.plugin_system:Skipping extension 'colcon_core.shell.bat': Not used on non-Windows systems
[0.986s] INFO:colcon.colcon_core.shell:Skip shell extension 'powershell' for command environment: Not usable outside of PowerShell
[0.986s] DEBUG:colcon.colcon_core.shell:Skip shell extension 'dsv' for command environment
[1.004s] DEBUG:colcon.colcon_core.event_handler.log_command:Invoking command in '/home/oliver/ros2_ws/braking_system/build/behavior_planner': CMAKE_PREFIX_PATH=${CMAKE_PREFIX_PATH}:/opt/ros/humble /usr/bin/cmake /home/oliver/ros2_ws/braking_system/behavior_planner -DCMAKE_INSTALL_PREFIX=/home/oliver/ros2_ws/braking_system/install/behavior_planner
[1.932s] DEBUG:colcon.colcon_core.event_handler.log_command:Invoked command in '/home/oliver/ros2_ws/braking_system/build/behavior_planner' returned '1': CMAKE_PREFIX_PATH=${CMAKE_PREFIX_PATH}:/opt/ros/humble /usr/bin/cmake /home/oliver/ros2_ws/braking_system/behavior_planner -DCMAKE_INSTALL_PREFIX=/home/oliver/ros2_ws/braking_system/install/behavior_planner
[1.957s] Level 1:colcon.colcon_core.environment:create_environment_scripts_only(behavior_planner)
[1.962s] Level 1:colcon.colcon_core.environment:checking '/home/oliver/ros2_ws/braking_system/install/behavior_planner' for CMake module files
[1.963s] Level 1:colcon.colcon_core.environment:checking '/home/oliver/ros2_ws/braking_system/install/behavior_planner' for CMake config files
[1.964s] Level 1:colcon.colcon_core.environment:checking '/home/oliver/ros2_ws/braking_system/install/behavior_planner/bin'
[1.964s] Level 1:colcon.colcon_core.environment:checking '/home/oliver/ros2_ws/braking_system/install/behavior_planner/lib/pkgconfig/behavior_planner.pc'
[1.965s] Level 1:colcon.colcon_core.environment:checking '/home/oliver/ros2_ws/braking_system/install/behavior_planner/lib/python3.10/site-packages'
[1.965s] Level 1:colcon.colcon_core.environment:checking '/home/oliver/ros2_ws/braking_system/install/behavior_planner/bin'
[1.966s] INFO:colcon.colcon_core.shell:Creating package script '/home/oliver/ros2_ws/braking_system/install/behavior_planner/share/behavior_planner/package.ps1'
[1.968s] INFO:colcon.colcon_core.shell:Creating package descriptor '/home/oliver/ros2_ws/braking_system/install/behavior_planner/share/behavior_planner/package.dsv'
[1.969s] INFO:colcon.colcon_core.shell:Creating package script '/home/oliver/ros2_ws/braking_system/install/behavior_planner/share/behavior_planner/package.sh'
[1.970s] INFO:colcon.colcon_core.shell:Creating package script '/home/oliver/ros2_ws/braking_system/install/behavior_planner/share/behavior_planner/package.bash'
[1.972s] INFO:colcon.colcon_core.shell:Creating package script '/home/oliver/ros2_ws/braking_system/install/behavior_planner/share/behavior_planner/package.zsh'
[1.974s] Level 1:colcon.colcon_core.environment:create_file_with_runtime_dependencies(/home/oliver/ros2_ws/braking_system/install/behavior_planner/share/colcon-core/packages/behavior_planner)
[1.985s] DEBUG:colcon.colcon_parallel_executor.executor.parallel:closing loop
[1.985s] DEBUG:colcon.colcon_parallel_executor.executor.parallel:loop closed
[1.985s] DEBUG:colcon.colcon_parallel_executor.executor.parallel:run_until_complete finished with '1'
[1.985s] DEBUG:colcon.colcon_core.event_reactor:joining thread
[2.001s] INFO:colcon.colcon_core.plugin_system:Skipping extension 'colcon_notification.desktop_notification.terminal_notifier': Not used on non-Darwin systems
[2.001s] INFO:colcon.colcon_core.plugin_system:Skipping extension 'colcon_notification.desktop_notification.win32': Not used on non-Windows systems
[2.002s] INFO:colcon.colcon_notification.desktop_notification:Sending desktop notification using 'notify2'
[2.028s] DEBUG:colcon.colcon_core.event_reactor:joined thread
[2.029s] INFO:colcon.colcon_core.shell:Creating prefix script '/home/oliver/ros2_ws/braking_system/install/local_setup.ps1'
[2.031s] INFO:colcon.colcon_core.shell:Creating prefix util module '/home/oliver/ros2_ws/braking_system/install/_local_setup_util_ps1.py'
[2.036s] INFO:colcon.colcon_core.shell:Creating prefix chain script '/home/oliver/ros2_ws/braking_system/install/setup.ps1'
[2.038s] INFO:colcon.colcon_core.shell:Creating prefix script '/home/oliver/ros2_ws/braking_system/install/local_setup.sh'
[2.040s] INFO:colcon.colcon_core.shell:Creating prefix util module '/home/oliver/ros2_ws/braking_system/install/_local_setup_util_sh.py'
[2.041s] INFO:colcon.colcon_core.shell:Creating prefix chain script '/home/oliver/ros2_ws/braking_system/install/setup.sh'
[2.045s] INFO:colcon.colcon_core.shell:Creating prefix script '/home/oliver/ros2_ws/braking_system/install/local_setup.bash'
[2.047s] INFO:colcon.colcon_core.shell:Creating prefix chain script '/home/oliver/ros2_ws/braking_system/install/setup.bash'
[2.050s] INFO:colcon.colcon_core.shell:Creating prefix script '/home/oliver/ros2_ws/braking_system/install/local_setup.zsh'
[2.051s] INFO:colcon.colcon_core.shell:Creating prefix chain script '/home/oliver/ros2_ws/braking_system/install/setup.zsh'
