-- Found ament_cmake: 1.3.13 (/opt/ros/humble/share/ament_cmake/cmake)
-- Override CMake install command with custom implementation using symlinks instead of copying resources
-- Found rclcpp: 16.0.18 (/opt/ros/humble/share/rclcpp/cmake)
-- Found rosidl_generator_c: 3.1.8 (/opt/ros/humble/share/rosidl_generator_c/cmake)
-- Found rosidl_adapter: 3.1.8 (/opt/ros/humble/share/rosidl_adapter/cmake)
-- Found rosidl_generator_cpp: 3.1.8 (/opt/ros/humble/share/rosidl_generator_cpp/cmake)
-- Using all available rosidl_typesupport_c: rosidl_typesupport_fastrtps_c;rosidl_typesupport_introspection_c
-- Using all available rosidl_typesupport_cpp: rosidl_typesupport_fastrtps_cpp;rosidl_typesupport_introspection_cpp
-- Found rmw_implementation_cmake: 6.1.2 (/opt/ros/humble/share/rmw_implementation_cmake/cmake)
-- Found rmw_fastrtps_cpp: 6.2.10 (/opt/ros/humble/share/rmw_fastrtps_cpp/cmake)
-- Using RMW implementation 'rmw_fastrtps_cpp' as default
-- Found crp_msgs: 0.0.0 (/home/oliver/ros2_ws/install/crp_msgs/share/crp_msgs/cmake)
-- Configuring done
-- Generating done
-- Build files have been written to: /home/oliver/ros2_ws/braking_system/build/behavior_planner
[ 50%] [32mBuilding CXX object CMakeFiles/behavior_planner.dir/src/behaviorPlanner.cpp.o[0m
[100%] [32m[1mLinking CXX executable behavior_planner[0m
[100%] Built target behavior_planner
-- Install configuration: ""
-- Execute custom install script
-- Symlinking: /home/oliver/ros2_ws/braking_system/install/behavior_planner/lib/behavior_planner/behavior_planner
-- Symlinking: /home/oliver/ros2_ws/braking_system/install/behavior_planner/share/behavior_planner/config/params.yaml
-- Symlinking: /home/oliver/ros2_ws/braking_system/install/behavior_planner/share/behavior_planner/launch/behaviorPlanner.launch.py
-- Symlinking: /home/oliver/ros2_ws/braking_system/install/behavior_planner/share/ament_index/resource_index/package_run_dependencies/behavior_planner
-- Symlinking: /home/oliver/ros2_ws/braking_system/install/behavior_planner/share/ament_index/resource_index/parent_prefix_path/behavior_planner
-- Symlinking: /home/oliver/ros2_ws/braking_system/install/behavior_planner/share/behavior_planner/environment/ament_prefix_path.sh
-- Symlinking: /home/oliver/ros2_ws/braking_system/install/behavior_planner/share/behavior_planner/environment/ament_prefix_path.dsv
-- Symlinking: /home/oliver/ros2_ws/braking_system/install/behavior_planner/share/behavior_planner/environment/path.sh
-- Symlinking: /home/oliver/ros2_ws/braking_system/install/behavior_planner/share/behavior_planner/environment/path.dsv
-- Symlinking: /home/oliver/ros2_ws/braking_system/install/behavior_planner/share/behavior_planner/local_setup.bash
-- Symlinking: /home/oliver/ros2_ws/braking_system/install/behavior_planner/share/behavior_planner/local_setup.sh
-- Symlinking: /home/oliver/ros2_ws/braking_system/install/behavior_planner/share/behavior_planner/local_setup.zsh
-- Symlinking: /home/oliver/ros2_ws/braking_system/install/behavior_planner/share/behavior_planner/local_setup.dsv
-- Symlinking: /home/oliver/ros2_ws/braking_system/install/behavior_planner/share/behavior_planner/package.dsv
-- Symlinking: /home/oliver/ros2_ws/braking_system/install/behavior_planner/share/ament_index/resource_index/packages/behavior_planner
-- Symlinking: /home/oliver/ros2_ws/braking_system/install/behavior_planner/share/behavior_planner/cmake/behavior_plannerConfig.cmake
-- Symlinking: /home/oliver/ros2_ws/braking_system/install/behavior_planner/share/behavior_planner/cmake/behavior_plannerConfig-version.cmake
-- Symlinking: /home/oliver/ros2_ws/braking_system/install/behavior_planner/share/behavior_planner/package.xml
