[0.099s] Invoking command in '/home/oliver/ros2_ws/braking_system/build/behavior_planner': CMAKE_PREFIX_PATH=${CMAKE_PREFIX_PATH}:/opt/ros/humble /usr/bin/cmake /home/oliver/ros2_ws/braking_system/behavior_planner -DAMENT_CMAKE_SYMLINK_INSTALL=1 -DCMAKE_INSTALL_PREFIX=/home/oliver/ros2_ws/braking_system/install/behavior_planner
[0.153s] -- Found ament_cmake: 1.3.13 (/opt/ros/humble/share/ament_cmake/cmake)
[0.723s] -- Override CMake install command with custom implementation using symlinks instead of copying resources
[0.742s] -- Found rclcpp: 16.0.18 (/opt/ros/humble/share/rclcpp/cmake)
[0.836s] -- Found rosidl_generator_c: 3.1.8 (/opt/ros/humble/share/rosidl_generator_c/cmake)
[0.845s] -- Found rosidl_adapter: 3.1.8 (/opt/ros/humble/share/rosidl_adapter/cmake)
[0.869s] -- Found rosidl_generator_cpp: 3.1.8 (/opt/ros/humble/share/rosidl_generator_cpp/cmake)
[0.907s] -- Using all available rosidl_typesupport_c: rosidl_typesupport_fastrtps_c;rosidl_typesupport_introspection_c
[0.957s] -- Using all available rosidl_typesupport_cpp: rosidl_typesupport_fastrtps_cpp;rosidl_typesupport_introspection_cpp
[1.080s] -- Found rmw_implementation_cmake: 6.1.2 (/opt/ros/humble/share/rmw_implementation_cmake/cmake)
[1.086s] -- Found rmw_fastrtps_cpp: 6.2.10 (/opt/ros/humble/share/rmw_fastrtps_cpp/cmake)
[1.456s] -- Using RMW implementation 'rmw_fastrtps_cpp' as default
[1.616s] -- Found crp_msgs: 0.0.0 (/home/oliver/ros2_ws/install/crp_msgs/share/crp_msgs/cmake)
[2.408s] -- Configuring done
[2.451s] -- Generating done
[2.465s] -- Build files have been written to: /home/oliver/ros2_ws/braking_system/build/behavior_planner
[2.485s] Invoked command in '/home/oliver/ros2_ws/braking_system/build/behavior_planner' returned '0': CMAKE_PREFIX_PATH=${CMAKE_PREFIX_PATH}:/opt/ros/humble /usr/bin/cmake /home/oliver/ros2_ws/braking_system/behavior_planner -DAMENT_CMAKE_SYMLINK_INSTALL=1 -DCMAKE_INSTALL_PREFIX=/home/oliver/ros2_ws/braking_system/install/behavior_planner
[2.489s] Invoking command in '/home/oliver/ros2_ws/braking_system/build/behavior_planner': CMAKE_PREFIX_PATH=${CMAKE_PREFIX_PATH}:/opt/ros/humble /usr/bin/cmake --build /home/oliver/ros2_ws/braking_system/build/behavior_planner -- -j8 -l8
[2.659s] [ 50%] [32mBuilding CXX object CMakeFiles/behavior_planner.dir/src/behaviorPlanner.cpp.o[0m
[35.555s] [100%] [32m[1mLinking CXX executable behavior_planner[0m
[37.619s] [100%] Built target behavior_planner
[37.688s] Invoked command in '/home/oliver/ros2_ws/braking_system/build/behavior_planner' returned '0': CMAKE_PREFIX_PATH=${CMAKE_PREFIX_PATH}:/opt/ros/humble /usr/bin/cmake --build /home/oliver/ros2_ws/braking_system/build/behavior_planner -- -j8 -l8
[37.690s] Invoking command in '/home/oliver/ros2_ws/braking_system/build/behavior_planner': CMAKE_PREFIX_PATH=${CMAKE_PREFIX_PATH}:/opt/ros/humble /usr/bin/cmake --install /home/oliver/ros2_ws/braking_system/build/behavior_planner
[37.721s] -- Install configuration: ""
[37.724s] -- Execute custom install script
[37.724s] -- Symlinking: /home/oliver/ros2_ws/braking_system/install/behavior_planner/lib/behavior_planner/behavior_planner
[37.758s] -- Symlinking: /home/oliver/ros2_ws/braking_system/install/behavior_planner/share/behavior_planner/config/params.yaml
[37.807s] -- Symlinking: /home/oliver/ros2_ws/braking_system/install/behavior_planner/share/behavior_planner/launch/behaviorPlanner.launch.py
[37.832s] -- Symlinking: /home/oliver/ros2_ws/braking_system/install/behavior_planner/share/ament_index/resource_index/package_run_dependencies/behavior_planner
[37.857s] -- Symlinking: /home/oliver/ros2_ws/braking_system/install/behavior_planner/share/ament_index/resource_index/parent_prefix_path/behavior_planner
[37.885s] -- Symlinking: /home/oliver/ros2_ws/braking_system/install/behavior_planner/share/behavior_planner/environment/ament_prefix_path.sh
[37.912s] -- Symlinking: /home/oliver/ros2_ws/braking_system/install/behavior_planner/share/behavior_planner/environment/ament_prefix_path.dsv
[37.938s] -- Symlinking: /home/oliver/ros2_ws/braking_system/install/behavior_planner/share/behavior_planner/environment/path.sh
[37.969s] -- Symlinking: /home/oliver/ros2_ws/braking_system/install/behavior_planner/share/behavior_planner/environment/path.dsv
[37.998s] -- Symlinking: /home/oliver/ros2_ws/braking_system/install/behavior_planner/share/behavior_planner/local_setup.bash
[38.031s] -- Symlinking: /home/oliver/ros2_ws/braking_system/install/behavior_planner/share/behavior_planner/local_setup.sh
[38.054s] -- Symlinking: /home/oliver/ros2_ws/braking_system/install/behavior_planner/share/behavior_planner/local_setup.zsh
[38.079s] -- Symlinking: /home/oliver/ros2_ws/braking_system/install/behavior_planner/share/behavior_planner/local_setup.dsv
[38.121s] -- Symlinking: /home/oliver/ros2_ws/braking_system/install/behavior_planner/share/behavior_planner/package.dsv
[38.148s] -- Symlinking: /home/oliver/ros2_ws/braking_system/install/behavior_planner/share/ament_index/resource_index/packages/behavior_planner
[38.172s] -- Symlinking: /home/oliver/ros2_ws/braking_system/install/behavior_planner/share/behavior_planner/cmake/behavior_plannerConfig.cmake
[38.200s] -- Symlinking: /home/oliver/ros2_ws/braking_system/install/behavior_planner/share/behavior_planner/cmake/behavior_plannerConfig-version.cmake
[38.229s] -- Symlinking: /home/oliver/ros2_ws/braking_system/install/behavior_planner/share/behavior_planner/package.xml
[38.264s] Invoked command in '/home/oliver/ros2_ws/braking_system/build/behavior_planner' returned '0': CMAKE_PREFIX_PATH=${CMAKE_PREFIX_PATH}:/opt/ros/humble /usr/bin/cmake --install /home/oliver/ros2_ws/braking_system/build/behavior_planner
