[0.059s] Invoking command in '/home/oliver/ros2_ws/braking_system/build/behavior_planner': CMAKE_PREFIX_PATH=/opt/ros/humble /usr/bin/cmake /home/oliver/ros2_ws/braking_system/behavior_planner -DAMENT_CMAKE_SYMLINK_INSTALL=1 -DCMAKE_INSTALL_PREFIX=/home/oliver/ros2_ws/braking_system/install/behavior_planner
[0.121s] -- Found ament_cmake: 1.3.13 (/opt/ros/humble/share/ament_cmake/cmake)
[0.728s] -- Override CMake install command with custom implementation using symlinks instead of copying resources
[0.756s] -- Found rclcpp: 16.0.18 (/opt/ros/humble/share/rclcpp/cmake)
[0.875s] -- Found rosidl_generator_c: 3.1.8 (/opt/ros/humble/share/rosidl_generator_c/cmake)
[0.884s] -- Found rosidl_adapter: 3.1.8 (/opt/ros/humble/share/rosidl_adapter/cmake)
[0.906s] -- Found rosidl_generator_cpp: 3.1.8 (/opt/ros/humble/share/rosidl_generator_cpp/cmake)
[0.938s] -- Using all available rosidl_typesupport_c: rosidl_typesupport_fastrtps_c;rosidl_typesupport_introspection_c
[0.981s] -- Using all available rosidl_typesupport_cpp: rosidl_typesupport_fastrtps_cpp;rosidl_typesupport_introspection_cpp
[1.100s] -- Found rmw_implementation_cmake: 6.1.2 (/opt/ros/humble/share/rmw_implementation_cmake/cmake)
[1.103s] -- Found rmw_fastrtps_cpp: 6.2.10 (/opt/ros/humble/share/rmw_fastrtps_cpp/cmake)
[1.416s] -- Using RMW implementation 'rmw_fastrtps_cpp' as default
[1.585s] [31mCMake Error at CMakeLists.txt:11 (find_package):
[1.585s]   By not providing "Findcrp_msgs.cmake" in CMAKE_MODULE_PATH this project has
[1.585s]   asked CMake to find a package configuration file provided by "crp_msgs",
[1.585s]   but CMake did not find one.
[1.586s] 
[1.586s]   Could not find a package configuration file provided by "crp_msgs" with any
[1.586s]   of the following names:
[1.586s] 
[1.586s]     crp_msgsConfig.cmake
[1.586s]     crp_msgs-config.cmake
[1.586s] 
[1.587s]   Add the installation prefix of "crp_msgs" to CMAKE_PREFIX_PATH or set
[1.587s]   "crp_msgs_DIR" to a directory containing one of the above files.  If
[1.587s]   "crp_msgs" provides a separate development package or SDK, be sure it has
[1.587s]   been installed.
[1.587s] 
[1.587s] [0m
[1.593s] -- Configuring incomplete, errors occurred!
[1.594s] See also "/home/oliver/ros2_ws/braking_system/build/behavior_planner/CMakeFiles/CMakeOutput.log".
