[35m[1mConsolidate compiler generated dependencies of target subscriber_demo[0m
[35m[1mConsolidate compiler generated dependencies of target publisher_demo[0m
[ 50%] Built target publisher_demo
[100%] Built target subscriber_demo
-- Install configuration: ""
-- Execute custom install script
-- Symlinking: /home/oliver/ros2_ws/braking_system/install/basic_concepts/lib/basic_concepts/publisher_demo
-- Symlinking: /home/oliver/ros2_ws/braking_system/install/basic_concepts/lib/basic_concepts/subscriber_demo
-- Symlinking: /home/oliver/ros2_ws/braking_system/install/basic_concepts/share/basic_concepts/config/params.yaml
-- Symlinking: /home/oliver/ros2_ws/braking_system/install/basic_concepts/share/basic_concepts/launch/pubsubDemo.launch.py
-- Symlinking: /home/oliver/ros2_ws/braking_system/install/basic_concepts/share/basic_concepts/launch/pubsubMultiDemo.launch.py
-- Symlinking: /home/oliver/ros2_ws/braking_system/install/basic_concepts/share/ament_index/resource_index/package_run_dependencies/basic_concepts
-- Symlinking: /home/oliver/ros2_ws/braking_system/install/basic_concepts/share/ament_index/resource_index/parent_prefix_path/basic_concepts
-- Symlinking: /home/oliver/ros2_ws/braking_system/install/basic_concepts/share/basic_concepts/environment/ament_prefix_path.sh
-- Symlinking: /home/oliver/ros2_ws/braking_system/install/basic_concepts/share/basic_concepts/environment/ament_prefix_path.dsv
-- Symlinking: /home/oliver/ros2_ws/braking_system/install/basic_concepts/share/basic_concepts/environment/path.sh
-- Symlinking: /home/oliver/ros2_ws/braking_system/install/basic_concepts/share/basic_concepts/environment/path.dsv
-- Symlinking: /home/oliver/ros2_ws/braking_system/install/basic_concepts/share/basic_concepts/local_setup.bash
-- Symlinking: /home/oliver/ros2_ws/braking_system/install/basic_concepts/share/basic_concepts/local_setup.sh
-- Symlinking: /home/oliver/ros2_ws/braking_system/install/basic_concepts/share/basic_concepts/local_setup.zsh
-- Symlinking: /home/oliver/ros2_ws/braking_system/install/basic_concepts/share/basic_concepts/local_setup.dsv
-- Symlinking: /home/oliver/ros2_ws/braking_system/install/basic_concepts/share/basic_concepts/package.dsv
-- Symlinking: /home/oliver/ros2_ws/braking_system/install/basic_concepts/share/ament_index/resource_index/packages/basic_concepts
-- Symlinking: /home/oliver/ros2_ws/braking_system/install/basic_concepts/share/basic_concepts/cmake/basic_conceptsConfig.cmake
-- Symlinking: /home/oliver/ros2_ws/braking_system/install/basic_concepts/share/basic_concepts/cmake/basic_conceptsConfig-version.cmake
-- Symlinking: /home/oliver/ros2_ws/braking_system/install/basic_concepts/share/basic_concepts/package.xml
