[0.065s] Invoking command in '/home/oliver/ros2_ws/braking_system/build/basic_concepts': CMAKE_PREFIX_PATH=/opt/ros/humble /usr/bin/cmake --build /home/oliver/ros2_ws/braking_system/build/basic_concepts -- -j8 -l8
[0.323s] [35m[1mConsolidate compiler generated dependencies of target subscriber_demo[0m
[0.328s] [35m[1mConsolidate compiler generated dependencies of target publisher_demo[0m
[0.404s] [ 50%] Built target publisher_demo
[0.418s] [100%] Built target subscriber_demo
[0.474s] Invoked command in '/home/oliver/ros2_ws/braking_system/build/basic_concepts' returned '0': CMAKE_PREFIX_PATH=/opt/ros/humble /usr/bin/cmake --build /home/oliver/ros2_ws/braking_system/build/basic_concepts -- -j8 -l8
[0.529s] Invoking command in '/home/oliver/ros2_ws/braking_system/build/basic_concepts': CMAKE_PREFIX_PATH=/opt/ros/humble /usr/bin/cmake --install /home/oliver/ros2_ws/braking_system/build/basic_concepts
[0.545s] -- Install configuration: ""
[0.549s] -- Execute custom install script
[0.550s] -- Symlinking: /home/oliver/ros2_ws/braking_system/install/basic_concepts/lib/basic_concepts/publisher_demo
[0.575s] -- Symlinking: /home/oliver/ros2_ws/braking_system/install/basic_concepts/lib/basic_concepts/subscriber_demo
[0.602s] -- Symlinking: /home/oliver/ros2_ws/braking_system/install/basic_concepts/share/basic_concepts/config/params.yaml
[0.625s] -- Symlinking: /home/oliver/ros2_ws/braking_system/install/basic_concepts/share/basic_concepts/launch/pubsubDemo.launch.py
[0.663s] -- Symlinking: /home/oliver/ros2_ws/braking_system/install/basic_concepts/share/basic_concepts/launch/pubsubMultiDemo.launch.py
[0.696s] -- Symlinking: /home/oliver/ros2_ws/braking_system/install/basic_concepts/share/ament_index/resource_index/package_run_dependencies/basic_concepts
[0.718s] -- Symlinking: /home/oliver/ros2_ws/braking_system/install/basic_concepts/share/ament_index/resource_index/parent_prefix_path/basic_concepts
[0.741s] -- Symlinking: /home/oliver/ros2_ws/braking_system/install/basic_concepts/share/basic_concepts/environment/ament_prefix_path.sh
[0.764s] -- Symlinking: /home/oliver/ros2_ws/braking_system/install/basic_concepts/share/basic_concepts/environment/ament_prefix_path.dsv
[0.790s] -- Symlinking: /home/oliver/ros2_ws/braking_system/install/basic_concepts/share/basic_concepts/environment/path.sh
[0.808s] -- Symlinking: /home/oliver/ros2_ws/braking_system/install/basic_concepts/share/basic_concepts/environment/path.dsv
[0.831s] -- Symlinking: /home/oliver/ros2_ws/braking_system/install/basic_concepts/share/basic_concepts/local_setup.bash
[0.873s] -- Symlinking: /home/oliver/ros2_ws/braking_system/install/basic_concepts/share/basic_concepts/local_setup.sh
[0.909s] -- Symlinking: /home/oliver/ros2_ws/braking_system/install/basic_concepts/share/basic_concepts/local_setup.zsh
[0.959s] -- Symlinking: /home/oliver/ros2_ws/braking_system/install/basic_concepts/share/basic_concepts/local_setup.dsv
[0.992s] -- Symlinking: /home/oliver/ros2_ws/braking_system/install/basic_concepts/share/basic_concepts/package.dsv
[1.035s] -- Symlinking: /home/oliver/ros2_ws/braking_system/install/basic_concepts/share/ament_index/resource_index/packages/basic_concepts
[1.062s] -- Symlinking: /home/oliver/ros2_ws/braking_system/install/basic_concepts/share/basic_concepts/cmake/basic_conceptsConfig.cmake
[1.090s] -- Symlinking: /home/oliver/ros2_ws/braking_system/install/basic_concepts/share/basic_concepts/cmake/basic_conceptsConfig-version.cmake
[1.136s] -- Symlinking: /home/oliver/ros2_ws/braking_system/install/basic_concepts/share/basic_concepts/package.xml
[1.256s] Invoked command in '/home/oliver/ros2_ws/braking_system/build/basic_concepts' returned '0': CMAKE_PREFIX_PATH=/opt/ros/humble /usr/bin/cmake --install /home/oliver/ros2_ws/braking_system/build/basic_concepts
