[ 50%] Built target velocity_estimator
[100%] Built target pose_publisher
-- Install configuration: ""
-- Execute custom install script
-- Up-to-date symlink: /home/oliver/ros2_ws/braking_system/install/velocity_estimator/lib/velocity_estimator/pose_publisher
-- Up-to-date symlink: /home/oliver/ros2_ws/braking_system/install/velocity_estimator/lib/velocity_estimator/velocity_estimator
-- Up-to-date symlink: /home/oliver/ros2_ws/braking_system/install/velocity_estimator/share/velocity_estimator/config/params.yaml
-- Up-to-date symlink: /home/oliver/ros2_ws/braking_system/install/velocity_estimator/share/velocity_estimator/launch/velocityEstimatorDemo.launch.py
-- Up-to-date symlink: /home/oliver/ros2_ws/braking_system/install/velocity_estimator/share/ament_index/resource_index/package_run_dependencies/velocity_estimator
-- Up-to-date symlink: /home/oliver/ros2_ws/braking_system/install/velocity_estimator/share/ament_index/resource_index/parent_prefix_path/velocity_estimator
-- Up-to-date symlink: /home/oliver/ros2_ws/braking_system/install/velocity_estimator/share/velocity_estimator/environment/ament_prefix_path.sh
-- Up-to-date symlink: /home/oliver/ros2_ws/braking_system/install/velocity_estimator/share/velocity_estimator/environment/ament_prefix_path.dsv
-- Up-to-date symlink: /home/oliver/ros2_ws/braking_system/install/velocity_estimator/share/velocity_estimator/environment/path.sh
-- Up-to-date symlink: /home/oliver/ros2_ws/braking_system/install/velocity_estimator/share/velocity_estimator/environment/path.dsv
-- Up-to-date symlink: /home/oliver/ros2_ws/braking_system/install/velocity_estimator/share/velocity_estimator/local_setup.bash
-- Up-to-date symlink: /home/oliver/ros2_ws/braking_system/install/velocity_estimator/share/velocity_estimator/local_setup.sh
-- Up-to-date symlink: /home/oliver/ros2_ws/braking_system/install/velocity_estimator/share/velocity_estimator/local_setup.zsh
-- Up-to-date symlink: /home/oliver/ros2_ws/braking_system/install/velocity_estimator/share/velocity_estimator/local_setup.dsv
-- Symlinking: /home/oliver/ros2_ws/braking_system/install/velocity_estimator/share/velocity_estimator/package.dsv
-- Up-to-date symlink: /home/oliver/ros2_ws/braking_system/install/velocity_estimator/share/ament_index/resource_index/packages/velocity_estimator
-- Up-to-date symlink: /home/oliver/ros2_ws/braking_system/install/velocity_estimator/share/velocity_estimator/cmake/velocity_estimatorConfig.cmake
-- Up-to-date symlink: /home/oliver/ros2_ws/braking_system/install/velocity_estimator/share/velocity_estimator/cmake/velocity_estimatorConfig-version.cmake
-- Up-to-date symlink: /home/oliver/ros2_ws/braking_system/install/velocity_estimator/share/velocity_estimator/package.xml
