[0.091s] Invoking command in '/home/oliver/ros2_ws/braking_system/build/velocity_estimator': CMAKE_PREFIX_PATH=/opt/ros/humble /usr/bin/cmake --build /home/oliver/ros2_ws/braking_system/build/velocity_estimator -- -j8 -l8
[0.316s] [ 50%] Built target velocity_estimator
[0.317s] [100%] Built target pose_publisher
[0.404s] Invoked command in '/home/oliver/ros2_ws/braking_system/build/velocity_estimator' returned '0': CMAKE_PREFIX_PATH=/opt/ros/humble /usr/bin/cmake --build /home/oliver/ros2_ws/braking_system/build/velocity_estimator -- -j8 -l8
[0.427s] Invoking command in '/home/oliver/ros2_ws/braking_system/build/velocity_estimator': CMAKE_PREFIX_PATH=/opt/ros/humble /usr/bin/cmake --install /home/oliver/ros2_ws/braking_system/build/velocity_estimator
[0.452s] -- Install configuration: ""
[0.452s] -- Execute custom install script
[0.452s] -- Up-to-date symlink: /home/oliver/ros2_ws/braking_system/install/velocity_estimator/lib/velocity_estimator/pose_publisher
[0.455s] -- Up-to-date symlink: /home/oliver/ros2_ws/braking_system/install/velocity_estimator/lib/velocity_estimator/velocity_estimator
[0.455s] -- Up-to-date symlink: /home/oliver/ros2_ws/braking_system/install/velocity_estimator/share/velocity_estimator/config/params.yaml
[0.462s] -- Up-to-date symlink: /home/oliver/ros2_ws/braking_system/install/velocity_estimator/share/velocity_estimator/launch/velocityEstimatorDemo.launch.py
[0.464s] -- Up-to-date symlink: /home/oliver/ros2_ws/braking_system/install/velocity_estimator/share/ament_index/resource_index/package_run_dependencies/velocity_estimator
[0.466s] -- Up-to-date symlink: /home/oliver/ros2_ws/braking_system/install/velocity_estimator/share/ament_index/resource_index/parent_prefix_path/velocity_estimator
[0.468s] -- Up-to-date symlink: /home/oliver/ros2_ws/braking_system/install/velocity_estimator/share/velocity_estimator/environment/ament_prefix_path.sh
[0.468s] -- Up-to-date symlink: /home/oliver/ros2_ws/braking_system/install/velocity_estimator/share/velocity_estimator/environment/ament_prefix_path.dsv
[0.469s] -- Up-to-date symlink: /home/oliver/ros2_ws/braking_system/install/velocity_estimator/share/velocity_estimator/environment/path.sh
[0.469s] -- Up-to-date symlink: /home/oliver/ros2_ws/braking_system/install/velocity_estimator/share/velocity_estimator/environment/path.dsv
[0.469s] -- Up-to-date symlink: /home/oliver/ros2_ws/braking_system/install/velocity_estimator/share/velocity_estimator/local_setup.bash
[0.469s] -- Up-to-date symlink: /home/oliver/ros2_ws/braking_system/install/velocity_estimator/share/velocity_estimator/local_setup.sh
[0.470s] -- Up-to-date symlink: /home/oliver/ros2_ws/braking_system/install/velocity_estimator/share/velocity_estimator/local_setup.zsh
[0.470s] -- Up-to-date symlink: /home/oliver/ros2_ws/braking_system/install/velocity_estimator/share/velocity_estimator/local_setup.dsv
[0.473s] -- Symlinking: /home/oliver/ros2_ws/braking_system/install/velocity_estimator/share/velocity_estimator/package.dsv
[0.497s] -- Up-to-date symlink: /home/oliver/ros2_ws/braking_system/install/velocity_estimator/share/ament_index/resource_index/packages/velocity_estimator
[0.500s] -- Up-to-date symlink: /home/oliver/ros2_ws/braking_system/install/velocity_estimator/share/velocity_estimator/cmake/velocity_estimatorConfig.cmake
[0.500s] -- Up-to-date symlink: /home/oliver/ros2_ws/braking_system/install/velocity_estimator/share/velocity_estimator/cmake/velocity_estimatorConfig-version.cmake
[0.500s] -- Up-to-date symlink: /home/oliver/ros2_ws/braking_system/install/velocity_estimator/share/velocity_estimator/package.xml
[0.634s] Invoked command in '/home/oliver/ros2_ws/braking_system/build/velocity_estimator' returned '0': CMAKE_PREFIX_PATH=/opt/ros/humble /usr/bin/cmake --install /home/oliver/ros2_ws/braking_system/build/velocity_estimator
