[0.245s] DEBUG:colcon:Command line arguments: ['/usr/bin/colcon', 'build', '--symlink-install']
[0.245s] DEBUG:colcon:Parsed command line arguments: Namespace(log_base=None, log_level=None, verb_name='build', build_base='build', install_base='install', merge_install=False, symlink_install=True, test_result_base=None, continue_on_error=False, executor='parallel', parallel_workers=8, event_handlers=None, ignore_user_meta=False, metas=['./colcon.meta'], base_paths=['.'], packages_ignore=None, packages_ignore_regex=None, paths=None, packages_up_to=None, packages_up_to_regex=None, packages_above=None, packages_above_and_dependencies=None, packages_above_depth=None, packages_select_by_dep=None, packages_skip_by_dep=None, packages_skip_up_to=None, packages_select_build_failed=False, packages_skip_build_finished=False, packages_select_test_failures=False, packages_skip_test_passed=False, packages_select=None, packages_skip=None, packages_select_regex=None, packages_skip_regex=None, packages_start=None, packages_end=None, allow_overriding=[], cmake_args=None, cmake_target=None, cmake_target_skip_unavailable=False, cmake_clean_cache=False, cmake_clean_first=False, cmake_force_configure=False, ament_cmake_args=None, catkin_cmake_args=None, catkin_skip_building_tests=False, mixin_files=None, mixin=None, verb_parser=<colcon_mixin.mixin.mixin_argument.MixinArgumentDecorator object at 0x70371a261390>, verb_extension=<colcon_core.verb.build.BuildVerb object at 0x70371a260970>, main=<bound method BuildVerb.main of <colcon_core.verb.build.BuildVerb object at 0x70371a260970>>, mixin_verb=('build',))
[0.565s] Level 1:colcon.colcon_core.package_discovery:discover_packages(colcon_meta) check parameters
[0.565s] Level 1:colcon.colcon_core.package_discovery:discover_packages(recursive) check parameters
[0.566s] Level 1:colcon.colcon_core.package_discovery:discover_packages(ignore) check parameters
[0.566s] Level 1:colcon.colcon_core.package_discovery:discover_packages(path) check parameters
[0.566s] Level 1:colcon.colcon_core.package_discovery:discover_packages(colcon_meta) discover
[0.566s] Level 1:colcon.colcon_core.package_discovery:discover_packages(recursive) discover
[0.566s] INFO:colcon.colcon_core.package_discovery:Crawling recursively for packages in '/home/oliver/ros2_ws/braking_system'
[0.566s] Level 1:colcon.colcon_core.package_identification:_identify(.) by extensions ['ignore', 'ignore_ament_install']
[0.567s] Level 1:colcon.colcon_core.package_identification:_identify(.) by extension 'ignore'
[0.567s] Level 1:colcon.colcon_core.package_identification:_identify(.) by extension 'ignore_ament_install'
[0.567s] Level 1:colcon.colcon_core.package_identification:_identify(.) by extensions ['colcon_pkg']
[0.567s] Level 1:colcon.colcon_core.package_identification:_identify(.) by extension 'colcon_pkg'
[0.567s] Level 1:colcon.colcon_core.package_identification:_identify(.) by extensions ['colcon_meta']
[0.567s] Level 1:colcon.colcon_core.package_identification:_identify(.) by extension 'colcon_meta'
[0.567s] Level 1:colcon.colcon_core.package_identification:_identify(.) by extensions ['ros']
[0.568s] Level 1:colcon.colcon_core.package_identification:_identify(.) by extension 'ros'
[0.591s] Level 1:colcon.colcon_core.package_identification:_identify(.) by extensions ['cmake', 'python']
[0.591s] Level 1:colcon.colcon_core.package_identification:_identify(.) by extension 'cmake'
[0.592s] Level 1:colcon.colcon_core.package_identification:_identify(.) by extension 'python'
[0.592s] Level 1:colcon.colcon_core.package_identification:_identify(.) by extensions ['python_setup_py']
[0.592s] Level 1:colcon.colcon_core.package_identification:_identify(.) by extension 'python_setup_py'
[0.592s] Level 1:colcon.colcon_core.package_identification:_identify(behavior_planner) by extensions ['ignore', 'ignore_ament_install']
[0.592s] Level 1:colcon.colcon_core.package_identification:_identify(behavior_planner) by extension 'ignore'
[0.593s] Level 1:colcon.colcon_core.package_identification:_identify(behavior_planner) by extension 'ignore_ament_install'
[0.593s] Level 1:colcon.colcon_core.package_identification:_identify(behavior_planner) by extensions ['colcon_pkg']
[0.593s] Level 1:colcon.colcon_core.package_identification:_identify(behavior_planner) by extension 'colcon_pkg'
[0.593s] Level 1:colcon.colcon_core.package_identification:_identify(behavior_planner) by extensions ['colcon_meta']
[0.593s] Level 1:colcon.colcon_core.package_identification:_identify(behavior_planner) by extension 'colcon_meta'
[0.593s] Level 1:colcon.colcon_core.package_identification:_identify(behavior_planner) by extensions ['ros']
[0.593s] Level 1:colcon.colcon_core.package_identification:_identify(behavior_planner) by extension 'ros'
[0.599s] DEBUG:colcon.colcon_core.package_identification:Package 'behavior_planner' with type 'ros.ament_cmake' and name 'behavior_planner'
[0.599s] Level 1:colcon.colcon_core.package_identification:_identify(build) by extensions ['ignore', 'ignore_ament_install']
[0.599s] Level 1:colcon.colcon_core.package_identification:_identify(build) by extension 'ignore'
[0.600s] Level 1:colcon.colcon_core.package_identification:_identify(build) ignored
[0.600s] Level 1:colcon.colcon_core.package_identification:_identify(ctrl_long_emergency) by extensions ['ignore', 'ignore_ament_install']
[0.600s] Level 1:colcon.colcon_core.package_identification:_identify(ctrl_long_emergency) by extension 'ignore'
[0.600s] Level 1:colcon.colcon_core.package_identification:_identify(ctrl_long_emergency) by extension 'ignore_ament_install'
[0.600s] Level 1:colcon.colcon_core.package_identification:_identify(ctrl_long_emergency) by extensions ['colcon_pkg']
[0.601s] Level 1:colcon.colcon_core.package_identification:_identify(ctrl_long_emergency) by extension 'colcon_pkg'
[0.601s] Level 1:colcon.colcon_core.package_identification:_identify(ctrl_long_emergency) by extensions ['colcon_meta']
[0.601s] Level 1:colcon.colcon_core.package_identification:_identify(ctrl_long_emergency) by extension 'colcon_meta'
[0.601s] Level 1:colcon.colcon_core.package_identification:_identify(ctrl_long_emergency) by extensions ['ros']
[0.601s] Level 1:colcon.colcon_core.package_identification:_identify(ctrl_long_emergency) by extension 'ros'
[0.604s] DEBUG:colcon.colcon_core.package_identification:Package 'ctrl_long_emergency' with type 'ros.ament_cmake' and name 'ctrl_long_emergency'
[0.604s] Level 1:colcon.colcon_core.package_identification:_identify(doc) by extensions ['ignore', 'ignore_ament_install']
[0.604s] Level 1:colcon.colcon_core.package_identification:_identify(doc) by extension 'ignore'
[0.605s] Level 1:colcon.colcon_core.package_identification:_identify(doc) by extension 'ignore_ament_install'
[0.605s] Level 1:colcon.colcon_core.package_identification:_identify(doc) by extensions ['colcon_pkg']
[0.605s] Level 1:colcon.colcon_core.package_identification:_identify(doc) by extension 'colcon_pkg'
[0.605s] Level 1:colcon.colcon_core.package_identification:_identify(doc) by extensions ['colcon_meta']
[0.605s] Level 1:colcon.colcon_core.package_identification:_identify(doc) by extension 'colcon_meta'
[0.605s] Level 1:colcon.colcon_core.package_identification:_identify(doc) by extensions ['ros']
[0.605s] Level 1:colcon.colcon_core.package_identification:_identify(doc) by extension 'ros'
[0.605s] Level 1:colcon.colcon_core.package_identification:_identify(doc) by extensions ['cmake', 'python']
[0.606s] Level 1:colcon.colcon_core.package_identification:_identify(doc) by extension 'cmake'
[0.606s] Level 1:colcon.colcon_core.package_identification:_identify(doc) by extension 'python'
[0.606s] Level 1:colcon.colcon_core.package_identification:_identify(doc) by extensions ['python_setup_py']
[0.606s] Level 1:colcon.colcon_core.package_identification:_identify(doc) by extension 'python_setup_py'
[0.606s] Level 1:colcon.colcon_core.package_identification:_identify(doc/images) by extensions ['ignore', 'ignore_ament_install']
[0.607s] Level 1:colcon.colcon_core.package_identification:_identify(doc/images) by extension 'ignore'
[0.607s] Level 1:colcon.colcon_core.package_identification:_identify(doc/images) by extension 'ignore_ament_install'
[0.607s] Level 1:colcon.colcon_core.package_identification:_identify(doc/images) by extensions ['colcon_pkg']
[0.607s] Level 1:colcon.colcon_core.package_identification:_identify(doc/images) by extension 'colcon_pkg'
[0.607s] Level 1:colcon.colcon_core.package_identification:_identify(doc/images) by extensions ['colcon_meta']
[0.607s] Level 1:colcon.colcon_core.package_identification:_identify(doc/images) by extension 'colcon_meta'
[0.607s] Level 1:colcon.colcon_core.package_identification:_identify(doc/images) by extensions ['ros']
[0.607s] Level 1:colcon.colcon_core.package_identification:_identify(doc/images) by extension 'ros'
[0.608s] Level 1:colcon.colcon_core.package_identification:_identify(doc/images) by extensions ['cmake', 'python']
[0.608s] Level 1:colcon.colcon_core.package_identification:_identify(doc/images) by extension 'cmake'
[0.608s] Level 1:colcon.colcon_core.package_identification:_identify(doc/images) by extension 'python'
[0.608s] Level 1:colcon.colcon_core.package_identification:_identify(doc/images) by extensions ['python_setup_py']
[0.608s] Level 1:colcon.colcon_core.package_identification:_identify(doc/images) by extension 'python_setup_py'
[0.608s] Level 1:colcon.colcon_core.package_identification:_identify(examples) by extensions ['ignore', 'ignore_ament_install']
[0.609s] Level 1:colcon.colcon_core.package_identification:_identify(examples) by extension 'ignore'
[0.609s] Level 1:colcon.colcon_core.package_identification:_identify(examples) by extension 'ignore_ament_install'
[0.609s] Level 1:colcon.colcon_core.package_identification:_identify(examples) by extensions ['colcon_pkg']
[0.609s] Level 1:colcon.colcon_core.package_identification:_identify(examples) by extension 'colcon_pkg'
[0.609s] Level 1:colcon.colcon_core.package_identification:_identify(examples) by extensions ['colcon_meta']
[0.609s] Level 1:colcon.colcon_core.package_identification:_identify(examples) by extension 'colcon_meta'
[0.609s] Level 1:colcon.colcon_core.package_identification:_identify(examples) by extensions ['ros']
[0.609s] Level 1:colcon.colcon_core.package_identification:_identify(examples) by extension 'ros'
[0.610s] Level 1:colcon.colcon_core.package_identification:_identify(examples) by extensions ['cmake', 'python']
[0.610s] Level 1:colcon.colcon_core.package_identification:_identify(examples) by extension 'cmake'
[0.610s] Level 1:colcon.colcon_core.package_identification:_identify(examples) by extension 'python'
[0.610s] Level 1:colcon.colcon_core.package_identification:_identify(examples) by extensions ['python_setup_py']
[0.610s] Level 1:colcon.colcon_core.package_identification:_identify(examples) by extension 'python_setup_py'
[0.610s] Level 1:colcon.colcon_core.package_identification:_identify(examples/c++) by extensions ['ignore', 'ignore_ament_install']
[0.611s] Level 1:colcon.colcon_core.package_identification:_identify(examples/c++) by extension 'ignore'
[0.611s] Level 1:colcon.colcon_core.package_identification:_identify(examples/c++) by extension 'ignore_ament_install'
[0.611s] Level 1:colcon.colcon_core.package_identification:_identify(examples/c++) by extensions ['colcon_pkg']
[0.611s] Level 1:colcon.colcon_core.package_identification:_identify(examples/c++) by extension 'colcon_pkg'
[0.611s] Level 1:colcon.colcon_core.package_identification:_identify(examples/c++) by extensions ['colcon_meta']
[0.611s] Level 1:colcon.colcon_core.package_identification:_identify(examples/c++) by extension 'colcon_meta'
[0.611s] Level 1:colcon.colcon_core.package_identification:_identify(examples/c++) by extensions ['ros']
[0.611s] Level 1:colcon.colcon_core.package_identification:_identify(examples/c++) by extension 'ros'
[0.612s] Level 1:colcon.colcon_core.package_identification:_identify(examples/c++) by extensions ['cmake', 'python']
[0.612s] Level 1:colcon.colcon_core.package_identification:_identify(examples/c++) by extension 'cmake'
[0.612s] Level 1:colcon.colcon_core.package_identification:_identify(examples/c++) by extension 'python'
[0.612s] Level 1:colcon.colcon_core.package_identification:_identify(examples/c++) by extensions ['python_setup_py']
[0.612s] Level 1:colcon.colcon_core.package_identification:_identify(examples/c++) by extension 'python_setup_py'
[0.612s] Level 1:colcon.colcon_core.package_identification:_identify(examples/c++/basic_concepts) by extensions ['ignore', 'ignore_ament_install']
[0.613s] Level 1:colcon.colcon_core.package_identification:_identify(examples/c++/basic_concepts) by extension 'ignore'
[0.613s] Level 1:colcon.colcon_core.package_identification:_identify(examples/c++/basic_concepts) by extension 'ignore_ament_install'
[0.613s] Level 1:colcon.colcon_core.package_identification:_identify(examples/c++/basic_concepts) by extensions ['colcon_pkg']
[0.613s] Level 1:colcon.colcon_core.package_identification:_identify(examples/c++/basic_concepts) by extension 'colcon_pkg'
[0.613s] Level 1:colcon.colcon_core.package_identification:_identify(examples/c++/basic_concepts) by extensions ['colcon_meta']
[0.613s] Level 1:colcon.colcon_core.package_identification:_identify(examples/c++/basic_concepts) by extension 'colcon_meta'
[0.613s] Level 1:colcon.colcon_core.package_identification:_identify(examples/c++/basic_concepts) by extensions ['ros']
[0.614s] Level 1:colcon.colcon_core.package_identification:_identify(examples/c++/basic_concepts) by extension 'ros'
[0.615s] DEBUG:colcon.colcon_core.package_identification:Package 'examples/c++/basic_concepts' with type 'ros.ament_cmake' and name 'basic_concepts'
[0.616s] Level 1:colcon.colcon_core.package_identification:_identify(examples/c++/velocity_estimator) by extensions ['ignore', 'ignore_ament_install']
[0.616s] Level 1:colcon.colcon_core.package_identification:_identify(examples/c++/velocity_estimator) by extension 'ignore'
[0.616s] Level 1:colcon.colcon_core.package_identification:_identify(examples/c++/velocity_estimator) by extension 'ignore_ament_install'
[0.616s] Level 1:colcon.colcon_core.package_identification:_identify(examples/c++/velocity_estimator) by extensions ['colcon_pkg']
[0.616s] Level 1:colcon.colcon_core.package_identification:_identify(examples/c++/velocity_estimator) by extension 'colcon_pkg'
[0.616s] Level 1:colcon.colcon_core.package_identification:_identify(examples/c++/velocity_estimator) by extensions ['colcon_meta']
[0.616s] Level 1:colcon.colcon_core.package_identification:_identify(examples/c++/velocity_estimator) by extension 'colcon_meta'
[0.617s] Level 1:colcon.colcon_core.package_identification:_identify(examples/c++/velocity_estimator) by extensions ['ros']
[0.617s] Level 1:colcon.colcon_core.package_identification:_identify(examples/c++/velocity_estimator) by extension 'ros'
[0.618s] DEBUG:colcon.colcon_core.package_identification:Package 'examples/c++/velocity_estimator' with type 'ros.ament_cmake' and name 'velocity_estimator'
[0.619s] Level 1:colcon.colcon_core.package_identification:_identify(install) by extensions ['ignore', 'ignore_ament_install']
[0.619s] Level 1:colcon.colcon_core.package_identification:_identify(install) by extension 'ignore'
[0.619s] Level 1:colcon.colcon_core.package_identification:_identify(install) ignored
[0.619s] Level 1:colcon.colcon_core.package_identification:_identify(log) by extensions ['ignore', 'ignore_ament_install']
[0.619s] Level 1:colcon.colcon_core.package_identification:_identify(log) by extension 'ignore'
[0.620s] Level 1:colcon.colcon_core.package_identification:_identify(log) ignored
[0.620s] Level 1:colcon.colcon_core.package_identification:_identify(plan_long_emergency) by extensions ['ignore', 'ignore_ament_install']
[0.620s] Level 1:colcon.colcon_core.package_identification:_identify(plan_long_emergency) by extension 'ignore'
[0.620s] Level 1:colcon.colcon_core.package_identification:_identify(plan_long_emergency) by extension 'ignore_ament_install'
[0.620s] Level 1:colcon.colcon_core.package_identification:_identify(plan_long_emergency) by extensions ['colcon_pkg']
[0.620s] Level 1:colcon.colcon_core.package_identification:_identify(plan_long_emergency) by extension 'colcon_pkg'
[0.621s] Level 1:colcon.colcon_core.package_identification:_identify(plan_long_emergency) by extensions ['colcon_meta']
[0.621s] Level 1:colcon.colcon_core.package_identification:_identify(plan_long_emergency) by extension 'colcon_meta'
[0.621s] Level 1:colcon.colcon_core.package_identification:_identify(plan_long_emergency) by extensions ['ros']
[0.621s] Level 1:colcon.colcon_core.package_identification:_identify(plan_long_emergency) by extension 'ros'
[0.623s] DEBUG:colcon.colcon_core.package_identification:Package 'plan_long_emergency' with type 'ros.ament_cmake' and name 'plan_long_emergency'
[0.623s] Level 1:colcon.colcon_core.package_discovery:discover_packages(recursive) using defaults
[0.623s] Level 1:colcon.colcon_core.package_discovery:discover_packages(ignore) discover
[0.623s] Level 1:colcon.colcon_core.package_discovery:discover_packages(ignore) using defaults
[0.623s] Level 1:colcon.colcon_core.package_discovery:discover_packages(path) discover
[0.623s] Level 1:colcon.colcon_core.package_discovery:discover_packages(path) using defaults
[0.707s] Level 1:colcon.colcon_core.package_discovery:discover_packages(prefix_path) check parameters
[0.708s] Level 1:colcon.colcon_core.package_discovery:discover_packages(prefix_path) discover
[0.712s] DEBUG:colcon.colcon_installed_package_information.package_discovery:Found 4 installed packages in /home/oliver/ros2_ws/braking_system/install
[0.717s] DEBUG:colcon.colcon_installed_package_information.package_discovery:Found 282 installed packages in /opt/ros/humble
[0.722s] Level 1:colcon.colcon_core.package_discovery:discover_packages(prefix_path) using defaults
[0.825s] Level 5:colcon.colcon_core.verb:set package 'basic_concepts' build argument 'cmake_args' from command line to 'None'
[0.826s] Level 5:colcon.colcon_core.verb:set package 'basic_concepts' build argument 'cmake_target' from command line to 'None'
[0.826s] Level 5:colcon.colcon_core.verb:set package 'basic_concepts' build argument 'cmake_target_skip_unavailable' from command line to 'False'
[0.826s] Level 5:colcon.colcon_core.verb:set package 'basic_concepts' build argument 'cmake_clean_cache' from command line to 'False'
[0.826s] Level 5:colcon.colcon_core.verb:set package 'basic_concepts' build argument 'cmake_clean_first' from command line to 'False'
[0.826s] Level 5:colcon.colcon_core.verb:set package 'basic_concepts' build argument 'cmake_force_configure' from command line to 'False'
[0.826s] Level 5:colcon.colcon_core.verb:set package 'basic_concepts' build argument 'ament_cmake_args' from command line to 'None'
[0.826s] Level 5:colcon.colcon_core.verb:set package 'basic_concepts' build argument 'catkin_cmake_args' from command line to 'None'
[0.826s] Level 5:colcon.colcon_core.verb:set package 'basic_concepts' build argument 'catkin_skip_building_tests' from command line to 'False'
[0.826s] DEBUG:colcon.colcon_core.verb:Building package 'basic_concepts' with the following arguments: {'ament_cmake_args': None, 'build_base': '/home/oliver/ros2_ws/braking_system/build/basic_concepts', 'catkin_cmake_args': None, 'catkin_skip_building_tests': False, 'cmake_args': None, 'cmake_clean_cache': False, 'cmake_clean_first': False, 'cmake_force_configure': False, 'cmake_target': None, 'cmake_target_skip_unavailable': False, 'install_base': '/home/oliver/ros2_ws/braking_system/install/basic_concepts', 'merge_install': False, 'path': '/home/oliver/ros2_ws/braking_system/examples/c++/basic_concepts', 'symlink_install': True, 'test_result_base': None}
[0.827s] Level 5:colcon.colcon_core.verb:set package 'behavior_planner' build argument 'cmake_args' from command line to 'None'
[0.827s] Level 5:colcon.colcon_core.verb:set package 'behavior_planner' build argument 'cmake_target' from command line to 'None'
[0.828s] Level 5:colcon.colcon_core.verb:set package 'behavior_planner' build argument 'cmake_target_skip_unavailable' from command line to 'False'
[0.828s] Level 5:colcon.colcon_core.verb:set package 'behavior_planner' build argument 'cmake_clean_cache' from command line to 'False'
[0.828s] Level 5:colcon.colcon_core.verb:set package 'behavior_planner' build argument 'cmake_clean_first' from command line to 'False'
[0.828s] Level 5:colcon.colcon_core.verb:set package 'behavior_planner' build argument 'cmake_force_configure' from command line to 'False'
[0.828s] Level 5:colcon.colcon_core.verb:set package 'behavior_planner' build argument 'ament_cmake_args' from command line to 'None'
[0.828s] Level 5:colcon.colcon_core.verb:set package 'behavior_planner' build argument 'catkin_cmake_args' from command line to 'None'
[0.828s] Level 5:colcon.colcon_core.verb:set package 'behavior_planner' build argument 'catkin_skip_building_tests' from command line to 'False'
[0.828s] DEBUG:colcon.colcon_core.verb:Building package 'behavior_planner' with the following arguments: {'ament_cmake_args': None, 'build_base': '/home/oliver/ros2_ws/braking_system/build/behavior_planner', 'catkin_cmake_args': None, 'catkin_skip_building_tests': False, 'cmake_args': None, 'cmake_clean_cache': False, 'cmake_clean_first': False, 'cmake_force_configure': False, 'cmake_target': None, 'cmake_target_skip_unavailable': False, 'install_base': '/home/oliver/ros2_ws/braking_system/install/behavior_planner', 'merge_install': False, 'path': '/home/oliver/ros2_ws/braking_system/behavior_planner', 'symlink_install': True, 'test_result_base': None}
[0.829s] Level 5:colcon.colcon_core.verb:set package 'ctrl_long_emergency' build argument 'cmake_args' from command line to 'None'
[0.829s] Level 5:colcon.colcon_core.verb:set package 'ctrl_long_emergency' build argument 'cmake_target' from command line to 'None'
[0.829s] Level 5:colcon.colcon_core.verb:set package 'ctrl_long_emergency' build argument 'cmake_target_skip_unavailable' from command line to 'False'
[0.829s] Level 5:colcon.colcon_core.verb:set package 'ctrl_long_emergency' build argument 'cmake_clean_cache' from command line to 'False'
[0.829s] Level 5:colcon.colcon_core.verb:set package 'ctrl_long_emergency' build argument 'cmake_clean_first' from command line to 'False'
[0.829s] Level 5:colcon.colcon_core.verb:set package 'ctrl_long_emergency' build argument 'cmake_force_configure' from command line to 'False'
[0.830s] Level 5:colcon.colcon_core.verb:set package 'ctrl_long_emergency' build argument 'ament_cmake_args' from command line to 'None'
[0.830s] Level 5:colcon.colcon_core.verb:set package 'ctrl_long_emergency' build argument 'catkin_cmake_args' from command line to 'None'
[0.830s] Level 5:colcon.colcon_core.verb:set package 'ctrl_long_emergency' build argument 'catkin_skip_building_tests' from command line to 'False'
[0.830s] DEBUG:colcon.colcon_core.verb:Building package 'ctrl_long_emergency' with the following arguments: {'ament_cmake_args': None, 'build_base': '/home/oliver/ros2_ws/braking_system/build/ctrl_long_emergency', 'catkin_cmake_args': None, 'catkin_skip_building_tests': False, 'cmake_args': None, 'cmake_clean_cache': False, 'cmake_clean_first': False, 'cmake_force_configure': False, 'cmake_target': None, 'cmake_target_skip_unavailable': False, 'install_base': '/home/oliver/ros2_ws/braking_system/install/ctrl_long_emergency', 'merge_install': False, 'path': '/home/oliver/ros2_ws/braking_system/ctrl_long_emergency', 'symlink_install': True, 'test_result_base': None}
[0.831s] Level 5:colcon.colcon_core.verb:set package 'plan_long_emergency' build argument 'cmake_args' from command line to 'None'
[0.831s] Level 5:colcon.colcon_core.verb:set package 'plan_long_emergency' build argument 'cmake_target' from command line to 'None'
[0.831s] Level 5:colcon.colcon_core.verb:set package 'plan_long_emergency' build argument 'cmake_target_skip_unavailable' from command line to 'False'
[0.831s] Level 5:colcon.colcon_core.verb:set package 'plan_long_emergency' build argument 'cmake_clean_cache' from command line to 'False'
[0.831s] Level 5:colcon.colcon_core.verb:set package 'plan_long_emergency' build argument 'cmake_clean_first' from command line to 'False'
[0.831s] Level 5:colcon.colcon_core.verb:set package 'plan_long_emergency' build argument 'cmake_force_configure' from command line to 'False'
[0.831s] Level 5:colcon.colcon_core.verb:set package 'plan_long_emergency' build argument 'ament_cmake_args' from command line to 'None'
[0.831s] Level 5:colcon.colcon_core.verb:set package 'plan_long_emergency' build argument 'catkin_cmake_args' from command line to 'None'
[0.831s] Level 5:colcon.colcon_core.verb:set package 'plan_long_emergency' build argument 'catkin_skip_building_tests' from command line to 'False'
[0.831s] DEBUG:colcon.colcon_core.verb:Building package 'plan_long_emergency' with the following arguments: {'ament_cmake_args': None, 'build_base': '/home/oliver/ros2_ws/braking_system/build/plan_long_emergency', 'catkin_cmake_args': None, 'catkin_skip_building_tests': False, 'cmake_args': None, 'cmake_clean_cache': False, 'cmake_clean_first': False, 'cmake_force_configure': False, 'cmake_target': None, 'cmake_target_skip_unavailable': False, 'install_base': '/home/oliver/ros2_ws/braking_system/install/plan_long_emergency', 'merge_install': False, 'path': '/home/oliver/ros2_ws/braking_system/plan_long_emergency', 'symlink_install': True, 'test_result_base': None}
[0.832s] Level 5:colcon.colcon_core.verb:set package 'velocity_estimator' build argument 'cmake_args' from command line to 'None'
[0.832s] Level 5:colcon.colcon_core.verb:set package 'velocity_estimator' build argument 'cmake_target' from command line to 'None'
[0.832s] Level 5:colcon.colcon_core.verb:set package 'velocity_estimator' build argument 'cmake_target_skip_unavailable' from command line to 'False'
[0.832s] Level 5:colcon.colcon_core.verb:set package 'velocity_estimator' build argument 'cmake_clean_cache' from command line to 'False'
[0.832s] Level 5:colcon.colcon_core.verb:set package 'velocity_estimator' build argument 'cmake_clean_first' from command line to 'False'
[0.832s] Level 5:colcon.colcon_core.verb:set package 'velocity_estimator' build argument 'cmake_force_configure' from command line to 'False'
[0.833s] Level 5:colcon.colcon_core.verb:set package 'velocity_estimator' build argument 'ament_cmake_args' from command line to 'None'
[0.833s] Level 5:colcon.colcon_core.verb:set package 'velocity_estimator' build argument 'catkin_cmake_args' from command line to 'None'
[0.833s] Level 5:colcon.colcon_core.verb:set package 'velocity_estimator' build argument 'catkin_skip_building_tests' from command line to 'False'
[0.833s] DEBUG:colcon.colcon_core.verb:Building package 'velocity_estimator' with the following arguments: {'ament_cmake_args': None, 'build_base': '/home/oliver/ros2_ws/braking_system/build/velocity_estimator', 'catkin_cmake_args': None, 'catkin_skip_building_tests': False, 'cmake_args': None, 'cmake_clean_cache': False, 'cmake_clean_first': False, 'cmake_force_configure': False, 'cmake_target': None, 'cmake_target_skip_unavailable': False, 'install_base': '/home/oliver/ros2_ws/braking_system/install/velocity_estimator', 'merge_install': False, 'path': '/home/oliver/ros2_ws/braking_system/examples/c++/velocity_estimator', 'symlink_install': True, 'test_result_base': None}
[0.833s] INFO:colcon.colcon_core.executor:Executing jobs using 'parallel' executor
[0.835s] DEBUG:colcon.colcon_parallel_executor.executor.parallel:run_until_complete
[0.836s] INFO:colcon.colcon_ros.task.ament_cmake.build:Building ROS package in '/home/oliver/ros2_ws/braking_system/examples/c++/basic_concepts' with build type 'ament_cmake'
[0.837s] INFO:colcon.colcon_cmake.task.cmake.build:Building CMake package in '/home/oliver/ros2_ws/braking_system/examples/c++/basic_concepts'
[0.841s] INFO:colcon.colcon_core.plugin_system:Skipping extension 'colcon_core.shell.bat': Not used on non-Windows systems
[0.841s] INFO:colcon.colcon_core.shell:Skip shell extension 'powershell' for command environment: Not usable outside of PowerShell
[0.841s] DEBUG:colcon.colcon_core.shell:Skip shell extension 'dsv' for command environment
[0.849s] INFO:colcon.colcon_ros.task.ament_cmake.build:Building ROS package in '/home/oliver/ros2_ws/braking_system/behavior_planner' with build type 'ament_cmake'
[0.849s] INFO:colcon.colcon_cmake.task.cmake.build:Building CMake package in '/home/oliver/ros2_ws/braking_system/behavior_planner'
[0.850s] INFO:colcon.colcon_core.shell:Skip shell extension 'powershell' for command environment: Not usable outside of PowerShell
[0.850s] DEBUG:colcon.colcon_core.shell:Skip shell extension 'dsv' for command environment
[0.857s] INFO:colcon.colcon_ros.task.ament_cmake.build:Building ROS package in '/home/oliver/ros2_ws/braking_system/ctrl_long_emergency' with build type 'ament_cmake'
[0.857s] INFO:colcon.colcon_cmake.task.cmake.build:Building CMake package in '/home/oliver/ros2_ws/braking_system/ctrl_long_emergency'
[0.858s] INFO:colcon.colcon_core.shell:Skip shell extension 'powershell' for command environment: Not usable outside of PowerShell
[0.859s] DEBUG:colcon.colcon_core.shell:Skip shell extension 'dsv' for command environment
[0.868s] INFO:colcon.colcon_ros.task.ament_cmake.build:Building ROS package in '/home/oliver/ros2_ws/braking_system/plan_long_emergency' with build type 'ament_cmake'
[0.868s] INFO:colcon.colcon_cmake.task.cmake.build:Building CMake package in '/home/oliver/ros2_ws/braking_system/plan_long_emergency'
[0.869s] INFO:colcon.colcon_core.shell:Skip shell extension 'powershell' for command environment: Not usable outside of PowerShell
[0.869s] DEBUG:colcon.colcon_core.shell:Skip shell extension 'dsv' for command environment
[0.882s] INFO:colcon.colcon_ros.task.ament_cmake.build:Building ROS package in '/home/oliver/ros2_ws/braking_system/examples/c++/velocity_estimator' with build type 'ament_cmake'
[0.883s] INFO:colcon.colcon_cmake.task.cmake.build:Building CMake package in '/home/oliver/ros2_ws/braking_system/examples/c++/velocity_estimator'
[0.883s] INFO:colcon.colcon_core.shell:Skip shell extension 'powershell' for command environment: Not usable outside of PowerShell
[0.883s] DEBUG:colcon.colcon_core.shell:Skip shell extension 'dsv' for command environment
[0.910s] DEBUG:colcon.colcon_core.event_handler.log_command:Invoking command in '/home/oliver/ros2_ws/braking_system/build/basic_concepts': CMAKE_PREFIX_PATH=/opt/ros/humble /usr/bin/cmake --build /home/oliver/ros2_ws/braking_system/build/basic_concepts -- -j8 -l8
[0.918s] DEBUG:colcon.colcon_core.event_handler.log_command:Invoking command in '/home/oliver/ros2_ws/braking_system/build/behavior_planner': CMAKE_PREFIX_PATH=/opt/ros/humble /usr/bin/cmake /home/oliver/ros2_ws/braking_system/behavior_planner -DAMENT_CMAKE_SYMLINK_INSTALL=1 -DCMAKE_INSTALL_PREFIX=/home/oliver/ros2_ws/braking_system/install/behavior_planner
[0.929s] DEBUG:colcon.colcon_core.event_handler.log_command:Invoking command in '/home/oliver/ros2_ws/braking_system/build/ctrl_long_emergency': CMAKE_PREFIX_PATH=/opt/ros/humble /usr/bin/cmake /home/oliver/ros2_ws/braking_system/ctrl_long_emergency -DAMENT_CMAKE_SYMLINK_INSTALL=1 -DCMAKE_INSTALL_PREFIX=/home/oliver/ros2_ws/braking_system/install/ctrl_long_emergency
[0.949s] DEBUG:colcon.colcon_core.event_handler.log_command:Invoking command in '/home/oliver/ros2_ws/braking_system/build/plan_long_emergency': CMAKE_PREFIX_PATH=/opt/ros/humble /usr/bin/cmake /home/oliver/ros2_ws/braking_system/plan_long_emergency -DAMENT_CMAKE_SYMLINK_INSTALL=1 -DCMAKE_INSTALL_PREFIX=/home/oliver/ros2_ws/braking_system/install/plan_long_emergency
[0.984s] DEBUG:colcon.colcon_core.event_handler.log_command:Invoking command in '/home/oliver/ros2_ws/braking_system/build/velocity_estimator': CMAKE_PREFIX_PATH=/opt/ros/humble /usr/bin/cmake --build /home/oliver/ros2_ws/braking_system/build/velocity_estimator -- -j8 -l8
[1.188s] DEBUG:colcon.colcon_core.event_handler.log_command:Invoked command in '/home/oliver/ros2_ws/braking_system/build/basic_concepts' returned '0': CMAKE_PREFIX_PATH=/opt/ros/humble /usr/bin/cmake --build /home/oliver/ros2_ws/braking_system/build/basic_concepts -- -j8 -l8
[1.231s] DEBUG:colcon.colcon_core.event_handler.log_command:Invoking command in '/home/oliver/ros2_ws/braking_system/build/basic_concepts': CMAKE_PREFIX_PATH=/opt/ros/humble /usr/bin/cmake --install /home/oliver/ros2_ws/braking_system/build/basic_concepts
[1.278s] DEBUG:colcon.colcon_core.event_handler.log_command:Invoked command in '/home/oliver/ros2_ws/braking_system/build/velocity_estimator' returned '0': CMAKE_PREFIX_PATH=/opt/ros/humble /usr/bin/cmake --build /home/oliver/ros2_ws/braking_system/build/velocity_estimator -- -j8 -l8
[1.284s] DEBUG:colcon.colcon_core.event_handler.log_command:Invoking command in '/home/oliver/ros2_ws/braking_system/build/velocity_estimator': CMAKE_PREFIX_PATH=/opt/ros/humble /usr/bin/cmake --install /home/oliver/ros2_ws/braking_system/build/velocity_estimator
[1.300s] Level 1:colcon.colcon_core.environment:create_environment_scripts_only(basic_concepts)
[1.316s] DEBUG:colcon.colcon_core.event_handler.log_command:Invoked command in '/home/oliver/ros2_ws/braking_system/build/basic_concepts' returned '0': CMAKE_PREFIX_PATH=/opt/ros/humble /usr/bin/cmake --install /home/oliver/ros2_ws/braking_system/build/basic_concepts
[1.329s] Level 1:colcon.colcon_core.environment:checking '/home/oliver/ros2_ws/braking_system/install/basic_concepts' for CMake module files
[1.336s] Level 1:colcon.colcon_core.environment:checking '/home/oliver/ros2_ws/braking_system/install/basic_concepts' for CMake config files
[1.337s] Level 1:colcon.colcon_core.shell:create_environment_hook('basic_concepts', 'cmake_prefix_path')
[1.341s] INFO:colcon.colcon_core.shell:Creating environment hook '/home/oliver/ros2_ws/braking_system/install/basic_concepts/share/basic_concepts/hook/cmake_prefix_path.ps1'
[1.344s] INFO:colcon.colcon_core.shell:Creating environment descriptor '/home/oliver/ros2_ws/braking_system/install/basic_concepts/share/basic_concepts/hook/cmake_prefix_path.dsv'
[1.345s] INFO:colcon.colcon_core.shell:Creating environment hook '/home/oliver/ros2_ws/braking_system/install/basic_concepts/share/basic_concepts/hook/cmake_prefix_path.sh'
[1.348s] Level 1:colcon.colcon_core.environment:checking '/home/oliver/ros2_ws/braking_system/install/basic_concepts/lib'
[1.349s] Level 1:colcon.colcon_core.environment:checking '/home/oliver/ros2_ws/braking_system/install/basic_concepts/bin'
[1.349s] Level 1:colcon.colcon_core.environment:checking '/home/oliver/ros2_ws/braking_system/install/basic_concepts/lib/pkgconfig/basic_concepts.pc'
[1.350s] Level 1:colcon.colcon_core.environment:checking '/home/oliver/ros2_ws/braking_system/install/basic_concepts/lib/python3.10/site-packages'
[1.351s] Level 1:colcon.colcon_core.environment:checking '/home/oliver/ros2_ws/braking_system/install/basic_concepts/bin'
[1.352s] INFO:colcon.colcon_core.shell:Creating package script '/home/oliver/ros2_ws/braking_system/install/basic_concepts/share/basic_concepts/package.ps1'
[1.354s] INFO:colcon.colcon_core.shell:Creating package descriptor '/home/oliver/ros2_ws/braking_system/install/basic_concepts/share/basic_concepts/package.dsv'
[1.356s] INFO:colcon.colcon_core.shell:Creating package script '/home/oliver/ros2_ws/braking_system/install/basic_concepts/share/basic_concepts/package.sh'
[1.359s] INFO:colcon.colcon_core.shell:Creating package script '/home/oliver/ros2_ws/braking_system/install/basic_concepts/share/basic_concepts/package.bash'
[1.361s] INFO:colcon.colcon_core.shell:Creating package script '/home/oliver/ros2_ws/braking_system/install/basic_concepts/share/basic_concepts/package.zsh'
[1.363s] Level 1:colcon.colcon_core.environment:create_file_with_runtime_dependencies(/home/oliver/ros2_ws/braking_system/install/basic_concepts/share/colcon-core/packages/basic_concepts)
[1.365s] Level 1:colcon.colcon_core.environment:create_environment_scripts_only(basic_concepts)
[1.366s] Level 1:colcon.colcon_core.environment:checking '/home/oliver/ros2_ws/braking_system/install/basic_concepts' for CMake module files
[1.368s] Level 1:colcon.colcon_core.environment:checking '/home/oliver/ros2_ws/braking_system/install/basic_concepts' for CMake config files
[1.369s] Level 1:colcon.colcon_core.shell:create_environment_hook('basic_concepts', 'cmake_prefix_path')
[1.369s] INFO:colcon.colcon_core.shell:Creating environment hook '/home/oliver/ros2_ws/braking_system/install/basic_concepts/share/basic_concepts/hook/cmake_prefix_path.ps1'
[1.371s] INFO:colcon.colcon_core.shell:Creating environment descriptor '/home/oliver/ros2_ws/braking_system/install/basic_concepts/share/basic_concepts/hook/cmake_prefix_path.dsv'
[1.372s] INFO:colcon.colcon_core.shell:Creating environment hook '/home/oliver/ros2_ws/braking_system/install/basic_concepts/share/basic_concepts/hook/cmake_prefix_path.sh'
[1.373s] Level 1:colcon.colcon_core.environment:checking '/home/oliver/ros2_ws/braking_system/install/basic_concepts/lib'
[1.376s] Level 1:colcon.colcon_core.environment:checking '/home/oliver/ros2_ws/braking_system/install/basic_concepts/bin'
[1.377s] Level 1:colcon.colcon_core.environment:checking '/home/oliver/ros2_ws/braking_system/install/basic_concepts/lib/pkgconfig/basic_concepts.pc'
[1.377s] Level 1:colcon.colcon_core.environment:checking '/home/oliver/ros2_ws/braking_system/install/basic_concepts/lib/python3.10/site-packages'
[1.378s] Level 1:colcon.colcon_core.environment:checking '/home/oliver/ros2_ws/braking_system/install/basic_concepts/bin'
[1.379s] INFO:colcon.colcon_core.shell:Creating package script '/home/oliver/ros2_ws/braking_system/install/basic_concepts/share/basic_concepts/package.ps1'
[1.382s] INFO:colcon.colcon_core.shell:Creating package descriptor '/home/oliver/ros2_ws/braking_system/install/basic_concepts/share/basic_concepts/package.dsv'
[1.386s] INFO:colcon.colcon_core.shell:Creating package script '/home/oliver/ros2_ws/braking_system/install/basic_concepts/share/basic_concepts/package.sh'
[1.388s] INFO:colcon.colcon_core.shell:Creating package script '/home/oliver/ros2_ws/braking_system/install/basic_concepts/share/basic_concepts/package.bash'
[1.389s] INFO:colcon.colcon_core.shell:Creating package script '/home/oliver/ros2_ws/braking_system/install/basic_concepts/share/basic_concepts/package.zsh'
[1.395s] Level 1:colcon.colcon_core.environment:create_file_with_runtime_dependencies(/home/oliver/ros2_ws/braking_system/install/basic_concepts/share/colcon-core/packages/basic_concepts)
[1.403s] Level 1:colcon.colcon_core.environment:create_environment_scripts_only(velocity_estimator)
[1.404s] Level 1:colcon.colcon_core.environment:checking '/home/oliver/ros2_ws/braking_system/install/velocity_estimator' for CMake module files
[1.408s] DEBUG:colcon.colcon_core.event_handler.log_command:Invoked command in '/home/oliver/ros2_ws/braking_system/build/velocity_estimator' returned '0': CMAKE_PREFIX_PATH=/opt/ros/humble /usr/bin/cmake --install /home/oliver/ros2_ws/braking_system/build/velocity_estimator
[1.409s] Level 1:colcon.colcon_core.environment:checking '/home/oliver/ros2_ws/braking_system/install/velocity_estimator' for CMake config files
[1.412s] Level 1:colcon.colcon_core.shell:create_environment_hook('velocity_estimator', 'cmake_prefix_path')
[1.413s] INFO:colcon.colcon_core.shell:Creating environment hook '/home/oliver/ros2_ws/braking_system/install/velocity_estimator/share/velocity_estimator/hook/cmake_prefix_path.ps1'
[1.416s] INFO:colcon.colcon_core.shell:Creating environment descriptor '/home/oliver/ros2_ws/braking_system/install/velocity_estimator/share/velocity_estimator/hook/cmake_prefix_path.dsv'
[1.420s] INFO:colcon.colcon_core.shell:Creating environment hook '/home/oliver/ros2_ws/braking_system/install/velocity_estimator/share/velocity_estimator/hook/cmake_prefix_path.sh'
[1.422s] Level 1:colcon.colcon_core.environment:checking '/home/oliver/ros2_ws/braking_system/install/velocity_estimator/lib'
[1.422s] Level 1:colcon.colcon_core.environment:checking '/home/oliver/ros2_ws/braking_system/install/velocity_estimator/bin'
[1.423s] Level 1:colcon.colcon_core.environment:checking '/home/oliver/ros2_ws/braking_system/install/velocity_estimator/lib/pkgconfig/velocity_estimator.pc'
[1.423s] Level 1:colcon.colcon_core.environment:checking '/home/oliver/ros2_ws/braking_system/install/velocity_estimator/lib/python3.10/site-packages'
[1.427s] Level 1:colcon.colcon_core.environment:checking '/home/oliver/ros2_ws/braking_system/install/velocity_estimator/bin'
[1.428s] INFO:colcon.colcon_core.shell:Creating package script '/home/oliver/ros2_ws/braking_system/install/velocity_estimator/share/velocity_estimator/package.ps1'
[1.433s] INFO:colcon.colcon_core.shell:Creating package descriptor '/home/oliver/ros2_ws/braking_system/install/velocity_estimator/share/velocity_estimator/package.dsv'
[1.434s] INFO:colcon.colcon_core.shell:Creating package script '/home/oliver/ros2_ws/braking_system/install/velocity_estimator/share/velocity_estimator/package.sh'
[1.435s] INFO:colcon.colcon_core.shell:Creating package script '/home/oliver/ros2_ws/braking_system/install/velocity_estimator/share/velocity_estimator/package.bash'
[1.439s] INFO:colcon.colcon_core.shell:Creating package script '/home/oliver/ros2_ws/braking_system/install/velocity_estimator/share/velocity_estimator/package.zsh'
[1.440s] Level 1:colcon.colcon_core.environment:create_file_with_runtime_dependencies(/home/oliver/ros2_ws/braking_system/install/velocity_estimator/share/colcon-core/packages/velocity_estimator)
[1.443s] Level 1:colcon.colcon_core.environment:create_environment_scripts_only(velocity_estimator)
[1.443s] Level 1:colcon.colcon_core.environment:checking '/home/oliver/ros2_ws/braking_system/install/velocity_estimator' for CMake module files
[1.445s] Level 1:colcon.colcon_core.environment:checking '/home/oliver/ros2_ws/braking_system/install/velocity_estimator' for CMake config files
[1.447s] Level 1:colcon.colcon_core.shell:create_environment_hook('velocity_estimator', 'cmake_prefix_path')
[1.448s] INFO:colcon.colcon_core.shell:Creating environment hook '/home/oliver/ros2_ws/braking_system/install/velocity_estimator/share/velocity_estimator/hook/cmake_prefix_path.ps1'
[1.450s] INFO:colcon.colcon_core.shell:Creating environment descriptor '/home/oliver/ros2_ws/braking_system/install/velocity_estimator/share/velocity_estimator/hook/cmake_prefix_path.dsv'
[1.450s] INFO:colcon.colcon_core.shell:Creating environment hook '/home/oliver/ros2_ws/braking_system/install/velocity_estimator/share/velocity_estimator/hook/cmake_prefix_path.sh'
[1.452s] Level 1:colcon.colcon_core.environment:checking '/home/oliver/ros2_ws/braking_system/install/velocity_estimator/lib'
[1.452s] Level 1:colcon.colcon_core.environment:checking '/home/oliver/ros2_ws/braking_system/install/velocity_estimator/bin'
[1.452s] Level 1:colcon.colcon_core.environment:checking '/home/oliver/ros2_ws/braking_system/install/velocity_estimator/lib/pkgconfig/velocity_estimator.pc'
[1.453s] Level 1:colcon.colcon_core.environment:checking '/home/oliver/ros2_ws/braking_system/install/velocity_estimator/lib/python3.10/site-packages'
[1.453s] Level 1:colcon.colcon_core.environment:checking '/home/oliver/ros2_ws/braking_system/install/velocity_estimator/bin'
[1.454s] INFO:colcon.colcon_core.shell:Creating package script '/home/oliver/ros2_ws/braking_system/install/velocity_estimator/share/velocity_estimator/package.ps1'
[1.455s] INFO:colcon.colcon_core.shell:Creating package descriptor '/home/oliver/ros2_ws/braking_system/install/velocity_estimator/share/velocity_estimator/package.dsv'
[1.457s] INFO:colcon.colcon_core.shell:Creating package script '/home/oliver/ros2_ws/braking_system/install/velocity_estimator/share/velocity_estimator/package.sh'
[1.458s] INFO:colcon.colcon_core.shell:Creating package script '/home/oliver/ros2_ws/braking_system/install/velocity_estimator/share/velocity_estimator/package.bash'
[1.459s] INFO:colcon.colcon_core.shell:Creating package script '/home/oliver/ros2_ws/braking_system/install/velocity_estimator/share/velocity_estimator/package.zsh'
[1.460s] Level 1:colcon.colcon_core.environment:create_file_with_runtime_dependencies(/home/oliver/ros2_ws/braking_system/install/velocity_estimator/share/colcon-core/packages/velocity_estimator)
[2.129s] DEBUG:colcon.colcon_core.event_handler.log_command:Invoked command in '/home/oliver/ros2_ws/braking_system/build/behavior_planner' returned '1': CMAKE_PREFIX_PATH=/opt/ros/humble /usr/bin/cmake /home/oliver/ros2_ws/braking_system/behavior_planner -DAMENT_CMAKE_SYMLINK_INSTALL=1 -DCMAKE_INSTALL_PREFIX=/home/oliver/ros2_ws/braking_system/install/behavior_planner
[2.146s] DEBUG:colcon.colcon_core.event_handler.log_command:Invoked command in '/home/oliver/ros2_ws/braking_system/build/ctrl_long_emergency' returned '1': CMAKE_PREFIX_PATH=/opt/ros/humble /usr/bin/cmake /home/oliver/ros2_ws/braking_system/ctrl_long_emergency -DAMENT_CMAKE_SYMLINK_INSTALL=1 -DCMAKE_INSTALL_PREFIX=/home/oliver/ros2_ws/braking_system/install/ctrl_long_emergency
[2.158s] Level 1:colcon.colcon_core.environment:create_environment_scripts_only(behavior_planner)
[2.159s] Level 1:colcon.colcon_core.environment:checking '/home/oliver/ros2_ws/braking_system/install/behavior_planner' for CMake module files
[2.160s] Level 1:colcon.colcon_core.environment:checking '/home/oliver/ros2_ws/braking_system/install/behavior_planner' for CMake config files
[2.161s] Level 1:colcon.colcon_core.environment:checking '/home/oliver/ros2_ws/braking_system/install/behavior_planner/bin'
[2.161s] Level 1:colcon.colcon_core.environment:checking '/home/oliver/ros2_ws/braking_system/install/behavior_planner/lib/pkgconfig/behavior_planner.pc'
[2.162s] Level 1:colcon.colcon_core.environment:checking '/home/oliver/ros2_ws/braking_system/install/behavior_planner/lib/python3.10/site-packages'
[2.163s] Level 1:colcon.colcon_core.environment:checking '/home/oliver/ros2_ws/braking_system/install/behavior_planner/bin'
[2.164s] INFO:colcon.colcon_core.shell:Creating package script '/home/oliver/ros2_ws/braking_system/install/behavior_planner/share/behavior_planner/package.ps1'
[2.165s] INFO:colcon.colcon_core.shell:Creating package descriptor '/home/oliver/ros2_ws/braking_system/install/behavior_planner/share/behavior_planner/package.dsv'
[2.166s] INFO:colcon.colcon_core.shell:Creating package script '/home/oliver/ros2_ws/braking_system/install/behavior_planner/share/behavior_planner/package.sh'
[2.167s] INFO:colcon.colcon_core.shell:Creating package script '/home/oliver/ros2_ws/braking_system/install/behavior_planner/share/behavior_planner/package.bash'
[2.168s] INFO:colcon.colcon_core.shell:Creating package script '/home/oliver/ros2_ws/braking_system/install/behavior_planner/share/behavior_planner/package.zsh'
[2.169s] Level 1:colcon.colcon_core.environment:create_file_with_runtime_dependencies(/home/oliver/ros2_ws/braking_system/install/behavior_planner/share/colcon-core/packages/behavior_planner)
[2.208s] DEBUG:colcon.colcon_parallel_executor.executor.parallel:closing loop
[2.209s] DEBUG:colcon.colcon_parallel_executor.executor.parallel:loop closed
[2.209s] DEBUG:colcon.colcon_parallel_executor.executor.parallel:run_until_complete finished with '1'
[2.209s] DEBUG:colcon.colcon_core.event_reactor:joining thread
[2.224s] INFO:colcon.colcon_core.plugin_system:Skipping extension 'colcon_notification.desktop_notification.terminal_notifier': Not used on non-Darwin systems
[2.224s] INFO:colcon.colcon_core.plugin_system:Skipping extension 'colcon_notification.desktop_notification.win32': Not used on non-Windows systems
[2.224s] INFO:colcon.colcon_notification.desktop_notification:Sending desktop notification using 'notify2'
[2.252s] DEBUG:colcon.colcon_core.event_reactor:joined thread
[2.253s] INFO:colcon.colcon_core.shell:Creating prefix script '/home/oliver/ros2_ws/braking_system/install/local_setup.ps1'
[2.257s] INFO:colcon.colcon_core.shell:Creating prefix util module '/home/oliver/ros2_ws/braking_system/install/_local_setup_util_ps1.py'
[2.261s] INFO:colcon.colcon_core.shell:Creating prefix chain script '/home/oliver/ros2_ws/braking_system/install/setup.ps1'
[2.263s] INFO:colcon.colcon_core.shell:Creating prefix script '/home/oliver/ros2_ws/braking_system/install/local_setup.sh'
[2.265s] INFO:colcon.colcon_core.shell:Creating prefix util module '/home/oliver/ros2_ws/braking_system/install/_local_setup_util_sh.py'
[2.266s] INFO:colcon.colcon_core.shell:Creating prefix chain script '/home/oliver/ros2_ws/braking_system/install/setup.sh'
[2.268s] INFO:colcon.colcon_core.shell:Creating prefix script '/home/oliver/ros2_ws/braking_system/install/local_setup.bash'
[2.269s] INFO:colcon.colcon_core.shell:Creating prefix chain script '/home/oliver/ros2_ws/braking_system/install/setup.bash'
[2.271s] INFO:colcon.colcon_core.shell:Creating prefix script '/home/oliver/ros2_ws/braking_system/install/local_setup.zsh'
[2.272s] INFO:colcon.colcon_core.shell:Creating prefix chain script '/home/oliver/ros2_ws/braking_system/install/setup.zsh'
