[0.276s] DEBUG:colcon:Command line arguments: ['/usr/bin/colcon', 'build', '--symlink-install']
[0.276s] DEBUG:colcon:Parsed command line arguments: Namespace(log_base=None, log_level=None, verb_name='build', build_base='build', install_base='install', merge_install=False, symlink_install=True, test_result_base=None, continue_on_error=False, executor='parallel', parallel_workers=8, event_handlers=None, ignore_user_meta=False, metas=['./colcon.meta'], base_paths=['.'], packages_ignore=None, packages_ignore_regex=None, paths=None, packages_up_to=None, packages_up_to_regex=None, packages_above=None, packages_above_and_dependencies=None, packages_above_depth=None, packages_select_by_dep=None, packages_skip_by_dep=None, packages_skip_up_to=None, packages_select_build_failed=False, packages_skip_build_finished=False, packages_select_test_failures=False, packages_skip_test_passed=False, packages_select=None, packages_skip=None, packages_select_regex=None, packages_skip_regex=None, packages_start=None, packages_end=None, allow_overriding=[], cmake_args=None, cmake_target=None, cmake_target_skip_unavailable=False, cmake_clean_cache=False, cmake_clean_first=False, cmake_force_configure=False, ament_cmake_args=None, catkin_cmake_args=None, catkin_skip_building_tests=False, mixin_files=None, mixin=None, verb_parser=<colcon_mixin.mixin.mixin_argument.MixinArgumentDecorator object at 0x7b6fd8221390>, verb_extension=<colcon_core.verb.build.BuildVerb object at 0x7b6fd8220970>, main=<bound method BuildVerb.main of <colcon_core.verb.build.BuildVerb object at 0x7b6fd8220970>>, mixin_verb=('build',))
[0.646s] Level 1:colcon.colcon_core.package_discovery:discover_packages(colcon_meta) check parameters
[0.646s] Level 1:colcon.colcon_core.package_discovery:discover_packages(recursive) check parameters
[0.646s] Level 1:colcon.colcon_core.package_discovery:discover_packages(ignore) check parameters
[0.646s] Level 1:colcon.colcon_core.package_discovery:discover_packages(path) check parameters
[0.646s] Level 1:colcon.colcon_core.package_discovery:discover_packages(colcon_meta) discover
[0.646s] Level 1:colcon.colcon_core.package_discovery:discover_packages(recursive) discover
[0.647s] INFO:colcon.colcon_core.package_discovery:Crawling recursively for packages in '/home/oliver/ros2_ws/braking_system'
[0.647s] Level 1:colcon.colcon_core.package_identification:_identify(.) by extensions ['ignore', 'ignore_ament_install']
[0.647s] Level 1:colcon.colcon_core.package_identification:_identify(.) by extension 'ignore'
[0.647s] Level 1:colcon.colcon_core.package_identification:_identify(.) by extension 'ignore_ament_install'
[0.648s] Level 1:colcon.colcon_core.package_identification:_identify(.) by extensions ['colcon_pkg']
[0.648s] Level 1:colcon.colcon_core.package_identification:_identify(.) by extension 'colcon_pkg'
[0.648s] Level 1:colcon.colcon_core.package_identification:_identify(.) by extensions ['colcon_meta']
[0.648s] Level 1:colcon.colcon_core.package_identification:_identify(.) by extension 'colcon_meta'
[0.648s] Level 1:colcon.colcon_core.package_identification:_identify(.) by extensions ['ros']
[0.648s] Level 1:colcon.colcon_core.package_identification:_identify(.) by extension 'ros'
[0.678s] Level 1:colcon.colcon_core.package_identification:_identify(.) by extensions ['cmake', 'python']
[0.678s] Level 1:colcon.colcon_core.package_identification:_identify(.) by extension 'cmake'
[0.678s] Level 1:colcon.colcon_core.package_identification:_identify(.) by extension 'python'
[0.678s] Level 1:colcon.colcon_core.package_identification:_identify(.) by extensions ['python_setup_py']
[0.678s] Level 1:colcon.colcon_core.package_identification:_identify(.) by extension 'python_setup_py'
[0.678s] Level 1:colcon.colcon_core.package_identification:_identify(behavior_planner) by extensions ['ignore', 'ignore_ament_install']
[0.679s] Level 1:colcon.colcon_core.package_identification:_identify(behavior_planner) by extension 'ignore'
[0.679s] Level 1:colcon.colcon_core.package_identification:_identify(behavior_planner) by extension 'ignore_ament_install'
[0.679s] Level 1:colcon.colcon_core.package_identification:_identify(behavior_planner) by extensions ['colcon_pkg']
[0.679s] Level 1:colcon.colcon_core.package_identification:_identify(behavior_planner) by extension 'colcon_pkg'
[0.679s] Level 1:colcon.colcon_core.package_identification:_identify(behavior_planner) by extensions ['colcon_meta']
[0.679s] Level 1:colcon.colcon_core.package_identification:_identify(behavior_planner) by extension 'colcon_meta'
[0.679s] Level 1:colcon.colcon_core.package_identification:_identify(behavior_planner) by extensions ['ros']
[0.679s] Level 1:colcon.colcon_core.package_identification:_identify(behavior_planner) by extension 'ros'
[0.686s] DEBUG:colcon.colcon_core.package_identification:Package 'behavior_planner' with type 'ros.ament_cmake' and name 'behavior_planner'
[0.687s] Level 1:colcon.colcon_core.package_identification:_identify(build) by extensions ['ignore', 'ignore_ament_install']
[0.687s] Level 1:colcon.colcon_core.package_identification:_identify(build) by extension 'ignore'
[0.687s] Level 1:colcon.colcon_core.package_identification:_identify(build) ignored
[0.687s] Level 1:colcon.colcon_core.package_identification:_identify(ctrl_long_emergency) by extensions ['ignore', 'ignore_ament_install']
[0.687s] Level 1:colcon.colcon_core.package_identification:_identify(ctrl_long_emergency) by extension 'ignore'
[0.688s] Level 1:colcon.colcon_core.package_identification:_identify(ctrl_long_emergency) by extension 'ignore_ament_install'
[0.688s] Level 1:colcon.colcon_core.package_identification:_identify(ctrl_long_emergency) by extensions ['colcon_pkg']
[0.688s] Level 1:colcon.colcon_core.package_identification:_identify(ctrl_long_emergency) by extension 'colcon_pkg'
[0.688s] Level 1:colcon.colcon_core.package_identification:_identify(ctrl_long_emergency) by extensions ['colcon_meta']
[0.688s] Level 1:colcon.colcon_core.package_identification:_identify(ctrl_long_emergency) by extension 'colcon_meta'
[0.688s] Level 1:colcon.colcon_core.package_identification:_identify(ctrl_long_emergency) by extensions ['ros']
[0.688s] Level 1:colcon.colcon_core.package_identification:_identify(ctrl_long_emergency) by extension 'ros'
[0.690s] DEBUG:colcon.colcon_core.package_identification:Package 'ctrl_long_emergency' with type 'ros.ament_cmake' and name 'ctrl_long_emergency'
[0.690s] Level 1:colcon.colcon_core.package_identification:_identify(doc) by extensions ['ignore', 'ignore_ament_install']
[0.690s] Level 1:colcon.colcon_core.package_identification:_identify(doc) by extension 'ignore'
[0.690s] Level 1:colcon.colcon_core.package_identification:_identify(doc) by extension 'ignore_ament_install'
[0.691s] Level 1:colcon.colcon_core.package_identification:_identify(doc) by extensions ['colcon_pkg']
[0.691s] Level 1:colcon.colcon_core.package_identification:_identify(doc) by extension 'colcon_pkg'
[0.691s] Level 1:colcon.colcon_core.package_identification:_identify(doc) by extensions ['colcon_meta']
[0.691s] Level 1:colcon.colcon_core.package_identification:_identify(doc) by extension 'colcon_meta'
[0.691s] Level 1:colcon.colcon_core.package_identification:_identify(doc) by extensions ['ros']
[0.691s] Level 1:colcon.colcon_core.package_identification:_identify(doc) by extension 'ros'
[0.691s] Level 1:colcon.colcon_core.package_identification:_identify(doc) by extensions ['cmake', 'python']
[0.691s] Level 1:colcon.colcon_core.package_identification:_identify(doc) by extension 'cmake'
[0.691s] Level 1:colcon.colcon_core.package_identification:_identify(doc) by extension 'python'
[0.691s] Level 1:colcon.colcon_core.package_identification:_identify(doc) by extensions ['python_setup_py']
[0.691s] Level 1:colcon.colcon_core.package_identification:_identify(doc) by extension 'python_setup_py'
[0.692s] Level 1:colcon.colcon_core.package_identification:_identify(doc/images) by extensions ['ignore', 'ignore_ament_install']
[0.692s] Level 1:colcon.colcon_core.package_identification:_identify(doc/images) by extension 'ignore'
[0.692s] Level 1:colcon.colcon_core.package_identification:_identify(doc/images) by extension 'ignore_ament_install'
[0.692s] Level 1:colcon.colcon_core.package_identification:_identify(doc/images) by extensions ['colcon_pkg']
[0.692s] Level 1:colcon.colcon_core.package_identification:_identify(doc/images) by extension 'colcon_pkg'
[0.692s] Level 1:colcon.colcon_core.package_identification:_identify(doc/images) by extensions ['colcon_meta']
[0.692s] Level 1:colcon.colcon_core.package_identification:_identify(doc/images) by extension 'colcon_meta'
[0.692s] Level 1:colcon.colcon_core.package_identification:_identify(doc/images) by extensions ['ros']
[0.692s] Level 1:colcon.colcon_core.package_identification:_identify(doc/images) by extension 'ros'
[0.693s] Level 1:colcon.colcon_core.package_identification:_identify(doc/images) by extensions ['cmake', 'python']
[0.693s] Level 1:colcon.colcon_core.package_identification:_identify(doc/images) by extension 'cmake'
[0.693s] Level 1:colcon.colcon_core.package_identification:_identify(doc/images) by extension 'python'
[0.693s] Level 1:colcon.colcon_core.package_identification:_identify(doc/images) by extensions ['python_setup_py']
[0.693s] Level 1:colcon.colcon_core.package_identification:_identify(doc/images) by extension 'python_setup_py'
[0.693s] Level 1:colcon.colcon_core.package_identification:_identify(examples) by extensions ['ignore', 'ignore_ament_install']
[0.693s] Level 1:colcon.colcon_core.package_identification:_identify(examples) by extension 'ignore'
[0.693s] Level 1:colcon.colcon_core.package_identification:_identify(examples) by extension 'ignore_ament_install'
[0.693s] Level 1:colcon.colcon_core.package_identification:_identify(examples) by extensions ['colcon_pkg']
[0.693s] Level 1:colcon.colcon_core.package_identification:_identify(examples) by extension 'colcon_pkg'
[0.694s] Level 1:colcon.colcon_core.package_identification:_identify(examples) by extensions ['colcon_meta']
[0.694s] Level 1:colcon.colcon_core.package_identification:_identify(examples) by extension 'colcon_meta'
[0.694s] Level 1:colcon.colcon_core.package_identification:_identify(examples) by extensions ['ros']
[0.694s] Level 1:colcon.colcon_core.package_identification:_identify(examples) by extension 'ros'
[0.694s] Level 1:colcon.colcon_core.package_identification:_identify(examples) by extensions ['cmake', 'python']
[0.694s] Level 1:colcon.colcon_core.package_identification:_identify(examples) by extension 'cmake'
[0.694s] Level 1:colcon.colcon_core.package_identification:_identify(examples) by extension 'python'
[0.694s] Level 1:colcon.colcon_core.package_identification:_identify(examples) by extensions ['python_setup_py']
[0.694s] Level 1:colcon.colcon_core.package_identification:_identify(examples) by extension 'python_setup_py'
[0.694s] Level 1:colcon.colcon_core.package_identification:_identify(examples/c++) by extensions ['ignore', 'ignore_ament_install']
[0.695s] Level 1:colcon.colcon_core.package_identification:_identify(examples/c++) by extension 'ignore'
[0.695s] Level 1:colcon.colcon_core.package_identification:_identify(examples/c++) by extension 'ignore_ament_install'
[0.695s] Level 1:colcon.colcon_core.package_identification:_identify(examples/c++) by extensions ['colcon_pkg']
[0.695s] Level 1:colcon.colcon_core.package_identification:_identify(examples/c++) by extension 'colcon_pkg'
[0.695s] Level 1:colcon.colcon_core.package_identification:_identify(examples/c++) by extensions ['colcon_meta']
[0.695s] Level 1:colcon.colcon_core.package_identification:_identify(examples/c++) by extension 'colcon_meta'
[0.695s] Level 1:colcon.colcon_core.package_identification:_identify(examples/c++) by extensions ['ros']
[0.695s] Level 1:colcon.colcon_core.package_identification:_identify(examples/c++) by extension 'ros'
[0.695s] Level 1:colcon.colcon_core.package_identification:_identify(examples/c++) by extensions ['cmake', 'python']
[0.695s] Level 1:colcon.colcon_core.package_identification:_identify(examples/c++) by extension 'cmake'
[0.695s] Level 1:colcon.colcon_core.package_identification:_identify(examples/c++) by extension 'python'
[0.696s] Level 1:colcon.colcon_core.package_identification:_identify(examples/c++) by extensions ['python_setup_py']
[0.696s] Level 1:colcon.colcon_core.package_identification:_identify(examples/c++) by extension 'python_setup_py'
[0.696s] Level 1:colcon.colcon_core.package_identification:_identify(examples/c++/basic_concepts) by extensions ['ignore', 'ignore_ament_install']
[0.696s] Level 1:colcon.colcon_core.package_identification:_identify(examples/c++/basic_concepts) by extension 'ignore'
[0.696s] Level 1:colcon.colcon_core.package_identification:_identify(examples/c++/basic_concepts) by extension 'ignore_ament_install'
[0.696s] Level 1:colcon.colcon_core.package_identification:_identify(examples/c++/basic_concepts) by extensions ['colcon_pkg']
[0.696s] Level 1:colcon.colcon_core.package_identification:_identify(examples/c++/basic_concepts) by extension 'colcon_pkg'
[0.696s] Level 1:colcon.colcon_core.package_identification:_identify(examples/c++/basic_concepts) by extensions ['colcon_meta']
[0.696s] Level 1:colcon.colcon_core.package_identification:_identify(examples/c++/basic_concepts) by extension 'colcon_meta'
[0.696s] Level 1:colcon.colcon_core.package_identification:_identify(examples/c++/basic_concepts) by extensions ['ros']
[0.697s] Level 1:colcon.colcon_core.package_identification:_identify(examples/c++/basic_concepts) by extension 'ros'
[0.698s] DEBUG:colcon.colcon_core.package_identification:Package 'examples/c++/basic_concepts' with type 'ros.ament_cmake' and name 'basic_concepts'
[0.698s] Level 1:colcon.colcon_core.package_identification:_identify(examples/c++/velocity_estimator) by extensions ['ignore', 'ignore_ament_install']
[0.699s] Level 1:colcon.colcon_core.package_identification:_identify(examples/c++/velocity_estimator) by extension 'ignore'
[0.699s] Level 1:colcon.colcon_core.package_identification:_identify(examples/c++/velocity_estimator) by extension 'ignore_ament_install'
[0.699s] Level 1:colcon.colcon_core.package_identification:_identify(examples/c++/velocity_estimator) by extensions ['colcon_pkg']
[0.699s] Level 1:colcon.colcon_core.package_identification:_identify(examples/c++/velocity_estimator) by extension 'colcon_pkg'
[0.699s] Level 1:colcon.colcon_core.package_identification:_identify(examples/c++/velocity_estimator) by extensions ['colcon_meta']
[0.699s] Level 1:colcon.colcon_core.package_identification:_identify(examples/c++/velocity_estimator) by extension 'colcon_meta'
[0.699s] Level 1:colcon.colcon_core.package_identification:_identify(examples/c++/velocity_estimator) by extensions ['ros']
[0.699s] Level 1:colcon.colcon_core.package_identification:_identify(examples/c++/velocity_estimator) by extension 'ros'
[0.701s] DEBUG:colcon.colcon_core.package_identification:Package 'examples/c++/velocity_estimator' with type 'ros.ament_cmake' and name 'velocity_estimator'
[0.701s] Level 1:colcon.colcon_core.package_identification:_identify(install) by extensions ['ignore', 'ignore_ament_install']
[0.701s] Level 1:colcon.colcon_core.package_identification:_identify(install) by extension 'ignore'
[0.701s] Level 1:colcon.colcon_core.package_identification:_identify(install) ignored
[0.701s] Level 1:colcon.colcon_core.package_identification:_identify(log) by extensions ['ignore', 'ignore_ament_install']
[0.702s] Level 1:colcon.colcon_core.package_identification:_identify(log) by extension 'ignore'
[0.702s] Level 1:colcon.colcon_core.package_identification:_identify(log) ignored
[0.702s] Level 1:colcon.colcon_core.package_identification:_identify(plan_long_emergency) by extensions ['ignore', 'ignore_ament_install']
[0.702s] Level 1:colcon.colcon_core.package_identification:_identify(plan_long_emergency) by extension 'ignore'
[0.702s] Level 1:colcon.colcon_core.package_identification:_identify(plan_long_emergency) by extension 'ignore_ament_install'
[0.702s] Level 1:colcon.colcon_core.package_identification:_identify(plan_long_emergency) by extensions ['colcon_pkg']
[0.702s] Level 1:colcon.colcon_core.package_identification:_identify(plan_long_emergency) by extension 'colcon_pkg'
[0.702s] Level 1:colcon.colcon_core.package_identification:_identify(plan_long_emergency) by extensions ['colcon_meta']
[0.702s] Level 1:colcon.colcon_core.package_identification:_identify(plan_long_emergency) by extension 'colcon_meta'
[0.703s] Level 1:colcon.colcon_core.package_identification:_identify(plan_long_emergency) by extensions ['ros']
[0.703s] Level 1:colcon.colcon_core.package_identification:_identify(plan_long_emergency) by extension 'ros'
[0.705s] DEBUG:colcon.colcon_core.package_identification:Package 'plan_long_emergency' with type 'ros.ament_cmake' and name 'plan_long_emergency'
[0.705s] Level 1:colcon.colcon_core.package_discovery:discover_packages(recursive) using defaults
[0.705s] Level 1:colcon.colcon_core.package_discovery:discover_packages(ignore) discover
[0.705s] Level 1:colcon.colcon_core.package_discovery:discover_packages(ignore) using defaults
[0.706s] Level 1:colcon.colcon_core.package_discovery:discover_packages(path) discover
[0.706s] Level 1:colcon.colcon_core.package_discovery:discover_packages(path) using defaults
[0.792s] Level 1:colcon.colcon_core.package_discovery:discover_packages(prefix_path) check parameters
[0.793s] Level 1:colcon.colcon_core.package_discovery:discover_packages(prefix_path) discover
[0.797s] DEBUG:colcon.colcon_installed_package_information.package_discovery:Found 1 installed packages in /home/oliver/ros2_ws/braking_system/install
[0.801s] DEBUG:colcon.colcon_installed_package_information.package_discovery:Found 282 installed packages in /opt/ros/humble
[0.804s] Level 1:colcon.colcon_core.package_discovery:discover_packages(prefix_path) using defaults
[0.886s] Level 5:colcon.colcon_core.verb:set package 'basic_concepts' build argument 'cmake_args' from command line to 'None'
[0.887s] Level 5:colcon.colcon_core.verb:set package 'basic_concepts' build argument 'cmake_target' from command line to 'None'
[0.887s] Level 5:colcon.colcon_core.verb:set package 'basic_concepts' build argument 'cmake_target_skip_unavailable' from command line to 'False'
[0.887s] Level 5:colcon.colcon_core.verb:set package 'basic_concepts' build argument 'cmake_clean_cache' from command line to 'False'
[0.887s] Level 5:colcon.colcon_core.verb:set package 'basic_concepts' build argument 'cmake_clean_first' from command line to 'False'
[0.887s] Level 5:colcon.colcon_core.verb:set package 'basic_concepts' build argument 'cmake_force_configure' from command line to 'False'
[0.887s] Level 5:colcon.colcon_core.verb:set package 'basic_concepts' build argument 'ament_cmake_args' from command line to 'None'
[0.887s] Level 5:colcon.colcon_core.verb:set package 'basic_concepts' build argument 'catkin_cmake_args' from command line to 'None'
[0.887s] Level 5:colcon.colcon_core.verb:set package 'basic_concepts' build argument 'catkin_skip_building_tests' from command line to 'False'
[0.887s] DEBUG:colcon.colcon_core.verb:Building package 'basic_concepts' with the following arguments: {'ament_cmake_args': None, 'build_base': '/home/oliver/ros2_ws/braking_system/build/basic_concepts', 'catkin_cmake_args': None, 'catkin_skip_building_tests': False, 'cmake_args': None, 'cmake_clean_cache': False, 'cmake_clean_first': False, 'cmake_force_configure': False, 'cmake_target': None, 'cmake_target_skip_unavailable': False, 'install_base': '/home/oliver/ros2_ws/braking_system/install/basic_concepts', 'merge_install': False, 'path': '/home/oliver/ros2_ws/braking_system/examples/c++/basic_concepts', 'symlink_install': True, 'test_result_base': None}
[0.888s] Level 5:colcon.colcon_core.verb:set package 'behavior_planner' build argument 'cmake_args' from command line to 'None'
[0.888s] Level 5:colcon.colcon_core.verb:set package 'behavior_planner' build argument 'cmake_target' from command line to 'None'
[0.888s] Level 5:colcon.colcon_core.verb:set package 'behavior_planner' build argument 'cmake_target_skip_unavailable' from command line to 'False'
[0.888s] Level 5:colcon.colcon_core.verb:set package 'behavior_planner' build argument 'cmake_clean_cache' from command line to 'False'
[0.888s] Level 5:colcon.colcon_core.verb:set package 'behavior_planner' build argument 'cmake_clean_first' from command line to 'False'
[0.888s] Level 5:colcon.colcon_core.verb:set package 'behavior_planner' build argument 'cmake_force_configure' from command line to 'False'
[0.888s] Level 5:colcon.colcon_core.verb:set package 'behavior_planner' build argument 'ament_cmake_args' from command line to 'None'
[0.888s] Level 5:colcon.colcon_core.verb:set package 'behavior_planner' build argument 'catkin_cmake_args' from command line to 'None'
[0.888s] Level 5:colcon.colcon_core.verb:set package 'behavior_planner' build argument 'catkin_skip_building_tests' from command line to 'False'
[0.888s] DEBUG:colcon.colcon_core.verb:Building package 'behavior_planner' with the following arguments: {'ament_cmake_args': None, 'build_base': '/home/oliver/ros2_ws/braking_system/build/behavior_planner', 'catkin_cmake_args': None, 'catkin_skip_building_tests': False, 'cmake_args': None, 'cmake_clean_cache': False, 'cmake_clean_first': False, 'cmake_force_configure': False, 'cmake_target': None, 'cmake_target_skip_unavailable': False, 'install_base': '/home/oliver/ros2_ws/braking_system/install/behavior_planner', 'merge_install': False, 'path': '/home/oliver/ros2_ws/braking_system/behavior_planner', 'symlink_install': True, 'test_result_base': None}
[0.889s] Level 5:colcon.colcon_core.verb:set package 'ctrl_long_emergency' build argument 'cmake_args' from command line to 'None'
[0.889s] Level 5:colcon.colcon_core.verb:set package 'ctrl_long_emergency' build argument 'cmake_target' from command line to 'None'
[0.889s] Level 5:colcon.colcon_core.verb:set package 'ctrl_long_emergency' build argument 'cmake_target_skip_unavailable' from command line to 'False'
[0.889s] Level 5:colcon.colcon_core.verb:set package 'ctrl_long_emergency' build argument 'cmake_clean_cache' from command line to 'False'
[0.889s] Level 5:colcon.colcon_core.verb:set package 'ctrl_long_emergency' build argument 'cmake_clean_first' from command line to 'False'
[0.889s] Level 5:colcon.colcon_core.verb:set package 'ctrl_long_emergency' build argument 'cmake_force_configure' from command line to 'False'
[0.889s] Level 5:colcon.colcon_core.verb:set package 'ctrl_long_emergency' build argument 'ament_cmake_args' from command line to 'None'
[0.889s] Level 5:colcon.colcon_core.verb:set package 'ctrl_long_emergency' build argument 'catkin_cmake_args' from command line to 'None'
[0.889s] Level 5:colcon.colcon_core.verb:set package 'ctrl_long_emergency' build argument 'catkin_skip_building_tests' from command line to 'False'
[0.889s] DEBUG:colcon.colcon_core.verb:Building package 'ctrl_long_emergency' with the following arguments: {'ament_cmake_args': None, 'build_base': '/home/oliver/ros2_ws/braking_system/build/ctrl_long_emergency', 'catkin_cmake_args': None, 'catkin_skip_building_tests': False, 'cmake_args': None, 'cmake_clean_cache': False, 'cmake_clean_first': False, 'cmake_force_configure': False, 'cmake_target': None, 'cmake_target_skip_unavailable': False, 'install_base': '/home/oliver/ros2_ws/braking_system/install/ctrl_long_emergency', 'merge_install': False, 'path': '/home/oliver/ros2_ws/braking_system/ctrl_long_emergency', 'symlink_install': True, 'test_result_base': None}
[0.890s] Level 5:colcon.colcon_core.verb:set package 'plan_long_emergency' build argument 'cmake_args' from command line to 'None'
[0.890s] Level 5:colcon.colcon_core.verb:set package 'plan_long_emergency' build argument 'cmake_target' from command line to 'None'
[0.890s] Level 5:colcon.colcon_core.verb:set package 'plan_long_emergency' build argument 'cmake_target_skip_unavailable' from command line to 'False'
[0.890s] Level 5:colcon.colcon_core.verb:set package 'plan_long_emergency' build argument 'cmake_clean_cache' from command line to 'False'
[0.890s] Level 5:colcon.colcon_core.verb:set package 'plan_long_emergency' build argument 'cmake_clean_first' from command line to 'False'
[0.890s] Level 5:colcon.colcon_core.verb:set package 'plan_long_emergency' build argument 'cmake_force_configure' from command line to 'False'
[0.890s] Level 5:colcon.colcon_core.verb:set package 'plan_long_emergency' build argument 'ament_cmake_args' from command line to 'None'
[0.890s] Level 5:colcon.colcon_core.verb:set package 'plan_long_emergency' build argument 'catkin_cmake_args' from command line to 'None'
[0.890s] Level 5:colcon.colcon_core.verb:set package 'plan_long_emergency' build argument 'catkin_skip_building_tests' from command line to 'False'
[0.891s] DEBUG:colcon.colcon_core.verb:Building package 'plan_long_emergency' with the following arguments: {'ament_cmake_args': None, 'build_base': '/home/oliver/ros2_ws/braking_system/build/plan_long_emergency', 'catkin_cmake_args': None, 'catkin_skip_building_tests': False, 'cmake_args': None, 'cmake_clean_cache': False, 'cmake_clean_first': False, 'cmake_force_configure': False, 'cmake_target': None, 'cmake_target_skip_unavailable': False, 'install_base': '/home/oliver/ros2_ws/braking_system/install/plan_long_emergency', 'merge_install': False, 'path': '/home/oliver/ros2_ws/braking_system/plan_long_emergency', 'symlink_install': True, 'test_result_base': None}
[0.891s] Level 5:colcon.colcon_core.verb:set package 'velocity_estimator' build argument 'cmake_args' from command line to 'None'
[0.891s] Level 5:colcon.colcon_core.verb:set package 'velocity_estimator' build argument 'cmake_target' from command line to 'None'
[0.891s] Level 5:colcon.colcon_core.verb:set package 'velocity_estimator' build argument 'cmake_target_skip_unavailable' from command line to 'False'
[0.891s] Level 5:colcon.colcon_core.verb:set package 'velocity_estimator' build argument 'cmake_clean_cache' from command line to 'False'
[0.891s] Level 5:colcon.colcon_core.verb:set package 'velocity_estimator' build argument 'cmake_clean_first' from command line to 'False'
[0.891s] Level 5:colcon.colcon_core.verb:set package 'velocity_estimator' build argument 'cmake_force_configure' from command line to 'False'
[0.891s] Level 5:colcon.colcon_core.verb:set package 'velocity_estimator' build argument 'ament_cmake_args' from command line to 'None'
[0.891s] Level 5:colcon.colcon_core.verb:set package 'velocity_estimator' build argument 'catkin_cmake_args' from command line to 'None'
[0.891s] Level 5:colcon.colcon_core.verb:set package 'velocity_estimator' build argument 'catkin_skip_building_tests' from command line to 'False'
[0.892s] DEBUG:colcon.colcon_core.verb:Building package 'velocity_estimator' with the following arguments: {'ament_cmake_args': None, 'build_base': '/home/oliver/ros2_ws/braking_system/build/velocity_estimator', 'catkin_cmake_args': None, 'catkin_skip_building_tests': False, 'cmake_args': None, 'cmake_clean_cache': False, 'cmake_clean_first': False, 'cmake_force_configure': False, 'cmake_target': None, 'cmake_target_skip_unavailable': False, 'install_base': '/home/oliver/ros2_ws/braking_system/install/velocity_estimator', 'merge_install': False, 'path': '/home/oliver/ros2_ws/braking_system/examples/c++/velocity_estimator', 'symlink_install': True, 'test_result_base': None}
[0.892s] INFO:colcon.colcon_core.executor:Executing jobs using 'parallel' executor
[0.894s] DEBUG:colcon.colcon_parallel_executor.executor.parallel:run_until_complete
[0.894s] INFO:colcon.colcon_ros.task.ament_cmake.build:Building ROS package in '/home/oliver/ros2_ws/braking_system/examples/c++/basic_concepts' with build type 'ament_cmake'
[0.895s] INFO:colcon.colcon_cmake.task.cmake.build:Building CMake package in '/home/oliver/ros2_ws/braking_system/examples/c++/basic_concepts'
[0.901s] INFO:colcon.colcon_core.plugin_system:Skipping extension 'colcon_core.shell.bat': Not used on non-Windows systems
[0.902s] INFO:colcon.colcon_core.shell:Skip shell extension 'powershell' for command environment: Not usable outside of PowerShell
[0.902s] DEBUG:colcon.colcon_core.shell:Skip shell extension 'dsv' for command environment
[0.909s] INFO:colcon.colcon_ros.task.ament_cmake.build:Building ROS package in '/home/oliver/ros2_ws/braking_system/behavior_planner' with build type 'ament_cmake'
[0.909s] INFO:colcon.colcon_cmake.task.cmake.build:Building CMake package in '/home/oliver/ros2_ws/braking_system/behavior_planner'
[0.910s] INFO:colcon.colcon_core.shell:Skip shell extension 'powershell' for command environment: Not usable outside of PowerShell
[0.910s] DEBUG:colcon.colcon_core.shell:Skip shell extension 'dsv' for command environment
[0.915s] INFO:colcon.colcon_ros.task.ament_cmake.build:Building ROS package in '/home/oliver/ros2_ws/braking_system/ctrl_long_emergency' with build type 'ament_cmake'
[0.916s] INFO:colcon.colcon_cmake.task.cmake.build:Building CMake package in '/home/oliver/ros2_ws/braking_system/ctrl_long_emergency'
[0.916s] INFO:colcon.colcon_core.shell:Skip shell extension 'powershell' for command environment: Not usable outside of PowerShell
[0.917s] DEBUG:colcon.colcon_core.shell:Skip shell extension 'dsv' for command environment
[0.926s] INFO:colcon.colcon_ros.task.ament_cmake.build:Building ROS package in '/home/oliver/ros2_ws/braking_system/plan_long_emergency' with build type 'ament_cmake'
[0.926s] INFO:colcon.colcon_cmake.task.cmake.build:Building CMake package in '/home/oliver/ros2_ws/braking_system/plan_long_emergency'
[0.927s] INFO:colcon.colcon_core.shell:Skip shell extension 'powershell' for command environment: Not usable outside of PowerShell
[0.927s] DEBUG:colcon.colcon_core.shell:Skip shell extension 'dsv' for command environment
[0.936s] INFO:colcon.colcon_ros.task.ament_cmake.build:Building ROS package in '/home/oliver/ros2_ws/braking_system/examples/c++/velocity_estimator' with build type 'ament_cmake'
[0.937s] INFO:colcon.colcon_cmake.task.cmake.build:Building CMake package in '/home/oliver/ros2_ws/braking_system/examples/c++/velocity_estimator'
[0.937s] INFO:colcon.colcon_core.shell:Skip shell extension 'powershell' for command environment: Not usable outside of PowerShell
[0.937s] DEBUG:colcon.colcon_core.shell:Skip shell extension 'dsv' for command environment
[0.960s] DEBUG:colcon.colcon_core.event_handler.log_command:Invoking command in '/home/oliver/ros2_ws/braking_system/build/basic_concepts': CMAKE_PREFIX_PATH=/opt/ros/humble /usr/bin/cmake --build /home/oliver/ros2_ws/braking_system/build/basic_concepts -- -j8 -l8
[0.969s] DEBUG:colcon.colcon_core.event_handler.log_command:Invoking command in '/home/oliver/ros2_ws/braking_system/build/behavior_planner': CMAKE_PREFIX_PATH=/opt/ros/humble /usr/bin/cmake /home/oliver/ros2_ws/braking_system/behavior_planner -DAMENT_CMAKE_SYMLINK_INSTALL=1 -DCMAKE_INSTALL_PREFIX=/home/oliver/ros2_ws/braking_system/install/behavior_planner
[0.977s] DEBUG:colcon.colcon_core.event_handler.log_command:Invoking command in '/home/oliver/ros2_ws/braking_system/build/ctrl_long_emergency': CMAKE_PREFIX_PATH=/opt/ros/humble /usr/bin/cmake /home/oliver/ros2_ws/braking_system/ctrl_long_emergency -DAMENT_CMAKE_SYMLINK_INSTALL=1 -DCMAKE_INSTALL_PREFIX=/home/oliver/ros2_ws/braking_system/install/ctrl_long_emergency
[0.995s] DEBUG:colcon.colcon_core.event_handler.log_command:Invoking command in '/home/oliver/ros2_ws/braking_system/build/plan_long_emergency': CMAKE_PREFIX_PATH=/opt/ros/humble /usr/bin/cmake /home/oliver/ros2_ws/braking_system/plan_long_emergency -DAMENT_CMAKE_SYMLINK_INSTALL=1 -DCMAKE_INSTALL_PREFIX=/home/oliver/ros2_ws/braking_system/install/plan_long_emergency
[1.079s] DEBUG:colcon.colcon_core.event_handler.log_command:Invoking command in '/home/oliver/ros2_ws/braking_system/build/velocity_estimator': CMAKE_PREFIX_PATH=/opt/ros/humble /usr/bin/cmake --build /home/oliver/ros2_ws/braking_system/build/velocity_estimator -- -j8 -l8
[1.370s] DEBUG:colcon.colcon_core.event_handler.log_command:Invoked command in '/home/oliver/ros2_ws/braking_system/build/basic_concepts' returned '0': CMAKE_PREFIX_PATH=/opt/ros/humble /usr/bin/cmake --build /home/oliver/ros2_ws/braking_system/build/basic_concepts -- -j8 -l8
[1.424s] DEBUG:colcon.colcon_core.event_handler.log_command:Invoking command in '/home/oliver/ros2_ws/braking_system/build/basic_concepts': CMAKE_PREFIX_PATH=/opt/ros/humble /usr/bin/cmake --install /home/oliver/ros2_ws/braking_system/build/basic_concepts
[1.495s] DEBUG:colcon.colcon_core.event_handler.log_command:Invoked command in '/home/oliver/ros2_ws/braking_system/build/velocity_estimator' returned '0': CMAKE_PREFIX_PATH=/opt/ros/humble /usr/bin/cmake --build /home/oliver/ros2_ws/braking_system/build/velocity_estimator -- -j8 -l8
[1.513s] DEBUG:colcon.colcon_core.event_handler.log_command:Invoking command in '/home/oliver/ros2_ws/braking_system/build/velocity_estimator': CMAKE_PREFIX_PATH=/opt/ros/humble /usr/bin/cmake --install /home/oliver/ros2_ws/braking_system/build/velocity_estimator
[2.055s] Level 1:colcon.colcon_core.environment:create_environment_scripts_only(velocity_estimator)
[2.060s] DEBUG:colcon.colcon_core.event_handler.log_command:Invoked command in '/home/oliver/ros2_ws/braking_system/build/velocity_estimator' returned '0': CMAKE_PREFIX_PATH=/opt/ros/humble /usr/bin/cmake --install /home/oliver/ros2_ws/braking_system/build/velocity_estimator
[2.080s] Level 1:colcon.colcon_core.environment:checking '/home/oliver/ros2_ws/braking_system/install/velocity_estimator' for CMake module files
[2.085s] Level 1:colcon.colcon_core.environment:checking '/home/oliver/ros2_ws/braking_system/install/velocity_estimator' for CMake config files
[2.088s] Level 1:colcon.colcon_core.shell:create_environment_hook('velocity_estimator', 'cmake_prefix_path')
[2.090s] INFO:colcon.colcon_core.shell:Creating environment hook '/home/oliver/ros2_ws/braking_system/install/velocity_estimator/share/velocity_estimator/hook/cmake_prefix_path.ps1'
[2.095s] INFO:colcon.colcon_core.shell:Creating environment descriptor '/home/oliver/ros2_ws/braking_system/install/velocity_estimator/share/velocity_estimator/hook/cmake_prefix_path.dsv'
[2.098s] INFO:colcon.colcon_core.shell:Creating environment hook '/home/oliver/ros2_ws/braking_system/install/velocity_estimator/share/velocity_estimator/hook/cmake_prefix_path.sh'
[2.101s] Level 1:colcon.colcon_core.environment:checking '/home/oliver/ros2_ws/braking_system/install/velocity_estimator/lib'
[2.105s] Level 1:colcon.colcon_core.environment:checking '/home/oliver/ros2_ws/braking_system/install/velocity_estimator/bin'
[2.106s] Level 1:colcon.colcon_core.environment:checking '/home/oliver/ros2_ws/braking_system/install/velocity_estimator/lib/pkgconfig/velocity_estimator.pc'
[2.107s] Level 1:colcon.colcon_core.environment:checking '/home/oliver/ros2_ws/braking_system/install/velocity_estimator/lib/python3.10/site-packages'
[2.109s] Level 1:colcon.colcon_core.environment:checking '/home/oliver/ros2_ws/braking_system/install/velocity_estimator/bin'
[2.111s] INFO:colcon.colcon_core.shell:Creating package script '/home/oliver/ros2_ws/braking_system/install/velocity_estimator/share/velocity_estimator/package.ps1'
[2.115s] INFO:colcon.colcon_core.shell:Creating package descriptor '/home/oliver/ros2_ws/braking_system/install/velocity_estimator/share/velocity_estimator/package.dsv'
[2.117s] INFO:colcon.colcon_core.shell:Creating package script '/home/oliver/ros2_ws/braking_system/install/velocity_estimator/share/velocity_estimator/package.sh'
[2.119s] INFO:colcon.colcon_core.shell:Creating package script '/home/oliver/ros2_ws/braking_system/install/velocity_estimator/share/velocity_estimator/package.bash'
[2.122s] INFO:colcon.colcon_core.shell:Creating package script '/home/oliver/ros2_ws/braking_system/install/velocity_estimator/share/velocity_estimator/package.zsh'
[2.124s] Level 1:colcon.colcon_core.environment:create_file_with_runtime_dependencies(/home/oliver/ros2_ws/braking_system/install/velocity_estimator/share/colcon-core/packages/velocity_estimator)
[2.126s] Level 1:colcon.colcon_core.environment:create_environment_scripts_only(velocity_estimator)
[2.127s] Level 1:colcon.colcon_core.environment:checking '/home/oliver/ros2_ws/braking_system/install/velocity_estimator' for CMake module files
[2.128s] Level 1:colcon.colcon_core.environment:checking '/home/oliver/ros2_ws/braking_system/install/velocity_estimator' for CMake config files
[2.129s] Level 1:colcon.colcon_core.shell:create_environment_hook('velocity_estimator', 'cmake_prefix_path')
[2.130s] INFO:colcon.colcon_core.shell:Creating environment hook '/home/oliver/ros2_ws/braking_system/install/velocity_estimator/share/velocity_estimator/hook/cmake_prefix_path.ps1'
[2.131s] INFO:colcon.colcon_core.shell:Creating environment descriptor '/home/oliver/ros2_ws/braking_system/install/velocity_estimator/share/velocity_estimator/hook/cmake_prefix_path.dsv'
[2.132s] INFO:colcon.colcon_core.shell:Creating environment hook '/home/oliver/ros2_ws/braking_system/install/velocity_estimator/share/velocity_estimator/hook/cmake_prefix_path.sh'
[2.134s] Level 1:colcon.colcon_core.environment:checking '/home/oliver/ros2_ws/braking_system/install/velocity_estimator/lib'
[2.134s] Level 1:colcon.colcon_core.environment:checking '/home/oliver/ros2_ws/braking_system/install/velocity_estimator/bin'
[2.134s] Level 1:colcon.colcon_core.environment:checking '/home/oliver/ros2_ws/braking_system/install/velocity_estimator/lib/pkgconfig/velocity_estimator.pc'
[2.135s] Level 1:colcon.colcon_core.environment:checking '/home/oliver/ros2_ws/braking_system/install/velocity_estimator/lib/python3.10/site-packages'
[2.136s] Level 1:colcon.colcon_core.environment:checking '/home/oliver/ros2_ws/braking_system/install/velocity_estimator/bin'
[2.137s] INFO:colcon.colcon_core.shell:Creating package script '/home/oliver/ros2_ws/braking_system/install/velocity_estimator/share/velocity_estimator/package.ps1'
[2.139s] INFO:colcon.colcon_core.shell:Creating package descriptor '/home/oliver/ros2_ws/braking_system/install/velocity_estimator/share/velocity_estimator/package.dsv'
[2.141s] INFO:colcon.colcon_core.shell:Creating package script '/home/oliver/ros2_ws/braking_system/install/velocity_estimator/share/velocity_estimator/package.sh'
[2.142s] INFO:colcon.colcon_core.shell:Creating package script '/home/oliver/ros2_ws/braking_system/install/velocity_estimator/share/velocity_estimator/package.bash'
[2.143s] INFO:colcon.colcon_core.shell:Creating package script '/home/oliver/ros2_ws/braking_system/install/velocity_estimator/share/velocity_estimator/package.zsh'
[2.144s] Level 1:colcon.colcon_core.environment:create_file_with_runtime_dependencies(/home/oliver/ros2_ws/braking_system/install/velocity_estimator/share/colcon-core/packages/velocity_estimator)
[2.150s] Level 1:colcon.colcon_core.environment:create_environment_scripts_only(basic_concepts)
[2.150s] Level 1:colcon.colcon_core.environment:checking '/home/oliver/ros2_ws/braking_system/install/basic_concepts' for CMake module files
[2.152s] DEBUG:colcon.colcon_core.event_handler.log_command:Invoked command in '/home/oliver/ros2_ws/braking_system/build/basic_concepts' returned '0': CMAKE_PREFIX_PATH=/opt/ros/humble /usr/bin/cmake --install /home/oliver/ros2_ws/braking_system/build/basic_concepts
[2.153s] Level 1:colcon.colcon_core.environment:checking '/home/oliver/ros2_ws/braking_system/install/basic_concepts' for CMake config files
[2.155s] Level 1:colcon.colcon_core.shell:create_environment_hook('basic_concepts', 'cmake_prefix_path')
[2.156s] INFO:colcon.colcon_core.shell:Creating environment hook '/home/oliver/ros2_ws/braking_system/install/basic_concepts/share/basic_concepts/hook/cmake_prefix_path.ps1'
[2.158s] INFO:colcon.colcon_core.shell:Creating environment descriptor '/home/oliver/ros2_ws/braking_system/install/basic_concepts/share/basic_concepts/hook/cmake_prefix_path.dsv'
[2.162s] INFO:colcon.colcon_core.shell:Creating environment hook '/home/oliver/ros2_ws/braking_system/install/basic_concepts/share/basic_concepts/hook/cmake_prefix_path.sh'
[2.164s] Level 1:colcon.colcon_core.environment:checking '/home/oliver/ros2_ws/braking_system/install/basic_concepts/lib'
[2.165s] Level 1:colcon.colcon_core.environment:checking '/home/oliver/ros2_ws/braking_system/install/basic_concepts/bin'
[2.165s] Level 1:colcon.colcon_core.environment:checking '/home/oliver/ros2_ws/braking_system/install/basic_concepts/lib/pkgconfig/basic_concepts.pc'
[2.166s] Level 1:colcon.colcon_core.environment:checking '/home/oliver/ros2_ws/braking_system/install/basic_concepts/lib/python3.10/site-packages'
[2.167s] Level 1:colcon.colcon_core.environment:checking '/home/oliver/ros2_ws/braking_system/install/basic_concepts/bin'
[2.168s] INFO:colcon.colcon_core.shell:Creating package script '/home/oliver/ros2_ws/braking_system/install/basic_concepts/share/basic_concepts/package.ps1'
[2.169s] INFO:colcon.colcon_core.shell:Creating package descriptor '/home/oliver/ros2_ws/braking_system/install/basic_concepts/share/basic_concepts/package.dsv'
[2.170s] INFO:colcon.colcon_core.shell:Creating package script '/home/oliver/ros2_ws/braking_system/install/basic_concepts/share/basic_concepts/package.sh'
[2.171s] INFO:colcon.colcon_core.shell:Creating package script '/home/oliver/ros2_ws/braking_system/install/basic_concepts/share/basic_concepts/package.bash'
[2.173s] INFO:colcon.colcon_core.shell:Creating package script '/home/oliver/ros2_ws/braking_system/install/basic_concepts/share/basic_concepts/package.zsh'
[2.174s] Level 1:colcon.colcon_core.environment:create_file_with_runtime_dependencies(/home/oliver/ros2_ws/braking_system/install/basic_concepts/share/colcon-core/packages/basic_concepts)
[2.176s] Level 1:colcon.colcon_core.environment:create_environment_scripts_only(basic_concepts)
[2.177s] Level 1:colcon.colcon_core.environment:checking '/home/oliver/ros2_ws/braking_system/install/basic_concepts' for CMake module files
[2.178s] Level 1:colcon.colcon_core.environment:checking '/home/oliver/ros2_ws/braking_system/install/basic_concepts' for CMake config files
[2.180s] Level 1:colcon.colcon_core.shell:create_environment_hook('basic_concepts', 'cmake_prefix_path')
[2.181s] INFO:colcon.colcon_core.shell:Creating environment hook '/home/oliver/ros2_ws/braking_system/install/basic_concepts/share/basic_concepts/hook/cmake_prefix_path.ps1'
[2.182s] INFO:colcon.colcon_core.shell:Creating environment descriptor '/home/oliver/ros2_ws/braking_system/install/basic_concepts/share/basic_concepts/hook/cmake_prefix_path.dsv'
[2.184s] INFO:colcon.colcon_core.shell:Creating environment hook '/home/oliver/ros2_ws/braking_system/install/basic_concepts/share/basic_concepts/hook/cmake_prefix_path.sh'
[2.185s] Level 1:colcon.colcon_core.environment:checking '/home/oliver/ros2_ws/braking_system/install/basic_concepts/lib'
[2.186s] Level 1:colcon.colcon_core.environment:checking '/home/oliver/ros2_ws/braking_system/install/basic_concepts/bin'
[2.186s] Level 1:colcon.colcon_core.environment:checking '/home/oliver/ros2_ws/braking_system/install/basic_concepts/lib/pkgconfig/basic_concepts.pc'
[2.187s] Level 1:colcon.colcon_core.environment:checking '/home/oliver/ros2_ws/braking_system/install/basic_concepts/lib/python3.10/site-packages'
[2.188s] Level 1:colcon.colcon_core.environment:checking '/home/oliver/ros2_ws/braking_system/install/basic_concepts/bin'
[2.189s] INFO:colcon.colcon_core.shell:Creating package script '/home/oliver/ros2_ws/braking_system/install/basic_concepts/share/basic_concepts/package.ps1'
[2.191s] INFO:colcon.colcon_core.shell:Creating package descriptor '/home/oliver/ros2_ws/braking_system/install/basic_concepts/share/basic_concepts/package.dsv'
[2.192s] INFO:colcon.colcon_core.shell:Creating package script '/home/oliver/ros2_ws/braking_system/install/basic_concepts/share/basic_concepts/package.sh'
[2.194s] INFO:colcon.colcon_core.shell:Creating package script '/home/oliver/ros2_ws/braking_system/install/basic_concepts/share/basic_concepts/package.bash'
[2.195s] INFO:colcon.colcon_core.shell:Creating package script '/home/oliver/ros2_ws/braking_system/install/basic_concepts/share/basic_concepts/package.zsh'
[2.197s] Level 1:colcon.colcon_core.environment:create_file_with_runtime_dependencies(/home/oliver/ros2_ws/braking_system/install/basic_concepts/share/colcon-core/packages/basic_concepts)
[2.472s] DEBUG:colcon.colcon_core.event_handler.log_command:Invoked command in '/home/oliver/ros2_ws/braking_system/build/ctrl_long_emergency' returned '1': CMAKE_PREFIX_PATH=/opt/ros/humble /usr/bin/cmake /home/oliver/ros2_ws/braking_system/ctrl_long_emergency -DAMENT_CMAKE_SYMLINK_INSTALL=1 -DCMAKE_INSTALL_PREFIX=/home/oliver/ros2_ws/braking_system/install/ctrl_long_emergency
[2.498s] Level 1:colcon.colcon_core.environment:create_environment_scripts_only(ctrl_long_emergency)
[2.499s] Level 1:colcon.colcon_core.environment:checking '/home/oliver/ros2_ws/braking_system/install/ctrl_long_emergency' for CMake module files
[2.500s] Level 1:colcon.colcon_core.environment:checking '/home/oliver/ros2_ws/braking_system/install/ctrl_long_emergency' for CMake config files
[2.501s] Level 1:colcon.colcon_core.environment:checking '/home/oliver/ros2_ws/braking_system/install/ctrl_long_emergency/bin'
[2.502s] Level 1:colcon.colcon_core.environment:checking '/home/oliver/ros2_ws/braking_system/install/ctrl_long_emergency/lib/pkgconfig/ctrl_long_emergency.pc'
[2.503s] Level 1:colcon.colcon_core.environment:checking '/home/oliver/ros2_ws/braking_system/install/ctrl_long_emergency/lib/python3.10/site-packages'
[2.507s] Level 1:colcon.colcon_core.environment:checking '/home/oliver/ros2_ws/braking_system/install/ctrl_long_emergency/bin'
[2.508s] INFO:colcon.colcon_core.shell:Creating package script '/home/oliver/ros2_ws/braking_system/install/ctrl_long_emergency/share/ctrl_long_emergency/package.ps1'
[2.510s] INFO:colcon.colcon_core.shell:Creating package descriptor '/home/oliver/ros2_ws/braking_system/install/ctrl_long_emergency/share/ctrl_long_emergency/package.dsv'
[2.510s] INFO:colcon.colcon_core.shell:Creating package script '/home/oliver/ros2_ws/braking_system/install/ctrl_long_emergency/share/ctrl_long_emergency/package.sh'
[2.511s] INFO:colcon.colcon_core.shell:Creating package script '/home/oliver/ros2_ws/braking_system/install/ctrl_long_emergency/share/ctrl_long_emergency/package.bash'
[2.512s] INFO:colcon.colcon_core.shell:Creating package script '/home/oliver/ros2_ws/braking_system/install/ctrl_long_emergency/share/ctrl_long_emergency/package.zsh'
[2.512s] Level 1:colcon.colcon_core.environment:create_file_with_runtime_dependencies(/home/oliver/ros2_ws/braking_system/install/ctrl_long_emergency/share/colcon-core/packages/ctrl_long_emergency)
[2.525s] DEBUG:colcon.colcon_parallel_executor.executor.parallel:closing loop
[2.526s] DEBUG:colcon.colcon_parallel_executor.executor.parallel:loop closed
[2.526s] DEBUG:colcon.colcon_parallel_executor.executor.parallel:run_until_complete finished with '1'
[2.526s] DEBUG:colcon.colcon_core.event_reactor:joining thread
[2.539s] INFO:colcon.colcon_core.plugin_system:Skipping extension 'colcon_notification.desktop_notification.terminal_notifier': Not used on non-Darwin systems
[2.539s] INFO:colcon.colcon_core.plugin_system:Skipping extension 'colcon_notification.desktop_notification.win32': Not used on non-Windows systems
[2.539s] INFO:colcon.colcon_notification.desktop_notification:Sending desktop notification using 'notify2'
[2.564s] DEBUG:colcon.colcon_core.event_reactor:joined thread
[2.565s] INFO:colcon.colcon_core.shell:Creating prefix script '/home/oliver/ros2_ws/braking_system/install/local_setup.ps1'
[2.568s] INFO:colcon.colcon_core.shell:Creating prefix util module '/home/oliver/ros2_ws/braking_system/install/_local_setup_util_ps1.py'
[2.573s] INFO:colcon.colcon_core.shell:Creating prefix chain script '/home/oliver/ros2_ws/braking_system/install/setup.ps1'
[2.577s] INFO:colcon.colcon_core.shell:Creating prefix script '/home/oliver/ros2_ws/braking_system/install/local_setup.sh'
[2.578s] INFO:colcon.colcon_core.shell:Creating prefix util module '/home/oliver/ros2_ws/braking_system/install/_local_setup_util_sh.py'
[2.580s] INFO:colcon.colcon_core.shell:Creating prefix chain script '/home/oliver/ros2_ws/braking_system/install/setup.sh'
[2.583s] INFO:colcon.colcon_core.shell:Creating prefix script '/home/oliver/ros2_ws/braking_system/install/local_setup.bash'
[2.584s] INFO:colcon.colcon_core.shell:Creating prefix chain script '/home/oliver/ros2_ws/braking_system/install/setup.bash'
[2.586s] INFO:colcon.colcon_core.shell:Creating prefix script '/home/oliver/ros2_ws/braking_system/install/local_setup.zsh'
[2.587s] INFO:colcon.colcon_core.shell:Creating prefix chain script '/home/oliver/ros2_ws/braking_system/install/setup.zsh'
