[0.068s] Invoking command in '/home/oliver/ros2_ws/braking_system/build/plan_long_emergency': CMAKE_PREFIX_PATH=/opt/ros/humble /usr/bin/cmake /home/oliver/ros2_ws/braking_system/plan_long_emergency -DAMENT_CMAKE_SYMLINK_INSTALL=1 -DCMAKE_INSTALL_PREFIX=/home/oliver/ros2_ws/braking_system/install/plan_long_emergency
[0.141s] -- Found ament_cmake: 1.3.13 (/opt/ros/humble/share/ament_cmake/cmake)
[0.652s] -- Override CMake install command with custom implementation using symlinks instead of copying resources
[0.684s] -- Found rclcpp: 16.0.18 (/opt/ros/humble/share/rclcpp/cmake)
[0.844s] -- Found rosidl_generator_c: 3.1.8 (/opt/ros/humble/share/rosidl_generator_c/cmake)
[0.853s] -- Found rosidl_adapter: 3.1.8 (/opt/ros/humble/share/rosidl_adapter/cmake)
[0.904s] -- Found rosidl_generator_cpp: 3.1.8 (/opt/ros/humble/share/rosidl_generator_cpp/cmake)
[0.944s] -- Using all available rosidl_typesupport_c: rosidl_typesupport_fastrtps_c;rosidl_typesupport_introspection_c
[0.986s] -- Using all available rosidl_typesupport_cpp: rosidl_typesupport_fastrtps_cpp;rosidl_typesupport_introspection_cpp
[1.109s] -- Found rmw_implementation_cmake: 6.1.2 (/opt/ros/humble/share/rmw_implementation_cmake/cmake)
[1.114s] -- Found rmw_fastrtps_cpp: 6.2.10 (/opt/ros/humble/share/rmw_fastrtps_cpp/cmake)
[1.403s] -- Using RMW implementation 'rmw_fastrtps_cpp' as default
[1.577s] -- Configuring incomplete, errors occurred!
[1.577s] See also "/home/oliver/ros2_ws/braking_system/build/plan_long_emergency/CMakeFiles/CMakeOutput.log".
[1.578s] [31mCMake Error at CMakeLists.txt:11 (find_package):
[1.578s]   By not providing "Findcrp_msgs.cmake" in CMAKE_MODULE_PATH this project has
[1.578s]   asked CMake to find a package configuration file provided by "crp_msgs",
[1.578s]   but CMake did not find one.
[1.578s] 
[1.578s]   Could not find a package configuration file provided by "crp_msgs" with any
[1.579s]   of the following names:
[1.579s] 
[1.579s]     crp_msgsConfig.cmake
[1.579s]     crp_msgs-config.cmake
[1.579s] 
[1.579s]   Add the installation prefix of "crp_msgs" to CMAKE_PREFIX_PATH or set
[1.580s]   "crp_msgs_DIR" to a directory containing one of the above files.  If
[1.580s]   "crp_msgs" provides a separate development package or SDK, be sure it has
[1.580s]   been installed.
[1.581s] 
[1.583s] [0m
