-- Found ament_cmake: 1.3.13 (/opt/ros/humble/share/ament_cmake/cmake)
-- Override CMake install command with custom implementation using symlinks instead of copying resources
-- Found rclcpp: 16.0.18 (/opt/ros/humble/share/rclcpp/cmake)
-- Found rosidl_generator_c: 3.1.8 (/opt/ros/humble/share/rosidl_generator_c/cmake)
-- Found rosidl_adapter: 3.1.8 (/opt/ros/humble/share/rosidl_adapter/cmake)
-- Found rosidl_generator_cpp: 3.1.8 (/opt/ros/humble/share/rosidl_generator_cpp/cmake)
-- Using all available rosidl_typesupport_c: rosidl_typesupport_fastrtps_c;rosidl_typesupport_introspection_c
-- Using all available rosidl_typesupport_cpp: rosidl_typesupport_fastrtps_cpp;rosidl_typesupport_introspection_cpp
-- Found rmw_implementation_cmake: 6.1.2 (/opt/ros/humble/share/rmw_implementation_cmake/cmake)
-- Found rmw_fastrtps_cpp: 6.2.10 (/opt/ros/humble/share/rmw_fastrtps_cpp/cmake)
-- Using RMW implementation 'rmw_fastrtps_cpp' as default
-- Found crp_msgs: 0.0.0 (/home/oliver/ros2_ws/install/crp_msgs/share/crp_msgs/cmake)
-- Found autoware_control_msgs: 1.11.0 (/home/oliver/ros2_ws/install/autoware_control_msgs/share/autoware_control_msgs/cmake)
-- Configuring done
-- Generating done
-- Build files have been written to: /home/oliver/ros2_ws/braking_system/build/ctrl_long_emergency
[ 50%] [32mBuilding CXX object CMakeFiles/ctrl_long_emergency.dir/src/ctrlLongEmergency.cpp.o[0m
[100%] [32m[1mLinking CXX executable ctrl_long_emergency[0m
[100%] Built target ctrl_long_emergency
-- Install configuration: ""
-- Execute custom install script
-- Symlinking: /home/oliver/ros2_ws/braking_system/install/ctrl_long_emergency/lib/ctrl_long_emergency/ctrl_long_emergency
-- Symlinking: /home/oliver/ros2_ws/braking_system/install/ctrl_long_emergency/share/ctrl_long_emergency/config/params.yaml
-- Symlinking: /home/oliver/ros2_ws/braking_system/install/ctrl_long_emergency/share/ctrl_long_emergency/launch/ctrlLongEmergency.launch.py
-- Symlinking: /home/oliver/ros2_ws/braking_system/install/ctrl_long_emergency/share/ament_index/resource_index/package_run_dependencies/ctrl_long_emergency
-- Symlinking: /home/oliver/ros2_ws/braking_system/install/ctrl_long_emergency/share/ament_index/resource_index/parent_prefix_path/ctrl_long_emergency
-- Symlinking: /home/oliver/ros2_ws/braking_system/install/ctrl_long_emergency/share/ctrl_long_emergency/environment/ament_prefix_path.sh
-- Symlinking: /home/oliver/ros2_ws/braking_system/install/ctrl_long_emergency/share/ctrl_long_emergency/environment/ament_prefix_path.dsv
-- Symlinking: /home/oliver/ros2_ws/braking_system/install/ctrl_long_emergency/share/ctrl_long_emergency/environment/path.sh
-- Symlinking: /home/oliver/ros2_ws/braking_system/install/ctrl_long_emergency/share/ctrl_long_emergency/environment/path.dsv
-- Symlinking: /home/oliver/ros2_ws/braking_system/install/ctrl_long_emergency/share/ctrl_long_emergency/local_setup.bash
-- Symlinking: /home/oliver/ros2_ws/braking_system/install/ctrl_long_emergency/share/ctrl_long_emergency/local_setup.sh
-- Symlinking: /home/oliver/ros2_ws/braking_system/install/ctrl_long_emergency/share/ctrl_long_emergency/local_setup.zsh
-- Symlinking: /home/oliver/ros2_ws/braking_system/install/ctrl_long_emergency/share/ctrl_long_emergency/local_setup.dsv
-- Symlinking: /home/oliver/ros2_ws/braking_system/install/ctrl_long_emergency/share/ctrl_long_emergency/package.dsv
-- Symlinking: /home/oliver/ros2_ws/braking_system/install/ctrl_long_emergency/share/ament_index/resource_index/packages/ctrl_long_emergency
-- Symlinking: /home/oliver/ros2_ws/braking_system/install/ctrl_long_emergency/share/ctrl_long_emergency/cmake/ctrl_long_emergencyConfig.cmake
-- Symlinking: /home/oliver/ros2_ws/braking_system/install/ctrl_long_emergency/share/ctrl_long_emergency/cmake/ctrl_long_emergencyConfig-version.cmake
-- Symlinking: /home/oliver/ros2_ws/braking_system/install/ctrl_long_emergency/share/ctrl_long_emergency/package.xml
