[0.082s] Invoking command in '/home/oliver/ros2_ws/braking_system/build/ctrl_long_emergency': CMAKE_PREFIX_PATH=${CMAKE_PREFIX_PATH}:/opt/ros/humble /usr/bin/cmake /home/oliver/ros2_ws/braking_system/ctrl_long_emergency -DAMENT_CMAKE_SYMLINK_INSTALL=1 -DCMAKE_INSTALL_PREFIX=/home/oliver/ros2_ws/braking_system/install/ctrl_long_emergency
[0.129s] -- Found ament_cmake: 1.3.13 (/opt/ros/humble/share/ament_cmake/cmake)
[0.703s] -- Override CMake install command with custom implementation using symlinks instead of copying resources
[0.726s] -- Found rclcpp: 16.0.18 (/opt/ros/humble/share/rclcpp/cmake)
[0.799s] -- Found rosidl_generator_c: 3.1.8 (/opt/ros/humble/share/rosidl_generator_c/cmake)
[0.811s] -- Found rosidl_adapter: 3.1.8 (/opt/ros/humble/share/rosidl_adapter/cmake)
[0.825s] -- Found rosidl_generator_cpp: 3.1.8 (/opt/ros/humble/share/rosidl_generator_cpp/cmake)
[0.858s] -- Using all available rosidl_typesupport_c: rosidl_typesupport_fastrtps_c;rosidl_typesupport_introspection_c
[0.901s] -- Using all available rosidl_typesupport_cpp: rosidl_typesupport_fastrtps_cpp;rosidl_typesupport_introspection_cpp
[1.016s] -- Found rmw_implementation_cmake: 6.1.2 (/opt/ros/humble/share/rmw_implementation_cmake/cmake)
[1.030s] -- Found rmw_fastrtps_cpp: 6.2.10 (/opt/ros/humble/share/rmw_fastrtps_cpp/cmake)
[1.421s] -- Using RMW implementation 'rmw_fastrtps_cpp' as default
[1.572s] -- Found crp_msgs: 0.0.0 (/home/oliver/ros2_ws/install/crp_msgs/share/crp_msgs/cmake)
[2.145s] -- Found autoware_control_msgs: 1.11.0 (/home/oliver/ros2_ws/install/autoware_control_msgs/share/autoware_control_msgs/cmake)
[2.399s] -- Configuring done
[2.447s] -- Generating done
[2.462s] -- Build files have been written to: /home/oliver/ros2_ws/braking_system/build/ctrl_long_emergency
[2.476s] Invoked command in '/home/oliver/ros2_ws/braking_system/build/ctrl_long_emergency' returned '0': CMAKE_PREFIX_PATH=${CMAKE_PREFIX_PATH}:/opt/ros/humble /usr/bin/cmake /home/oliver/ros2_ws/braking_system/ctrl_long_emergency -DAMENT_CMAKE_SYMLINK_INSTALL=1 -DCMAKE_INSTALL_PREFIX=/home/oliver/ros2_ws/braking_system/install/ctrl_long_emergency
[2.481s] Invoking command in '/home/oliver/ros2_ws/braking_system/build/ctrl_long_emergency': CMAKE_PREFIX_PATH=${CMAKE_PREFIX_PATH}:/opt/ros/humble /usr/bin/cmake --build /home/oliver/ros2_ws/braking_system/build/ctrl_long_emergency -- -j8 -l8
[2.659s] [ 50%] [32mBuilding CXX object CMakeFiles/ctrl_long_emergency.dir/src/ctrlLongEmergency.cpp.o[0m
[35.235s] [100%] [32m[1mLinking CXX executable ctrl_long_emergency[0m
[37.421s] [100%] Built target ctrl_long_emergency
[37.458s] Invoked command in '/home/oliver/ros2_ws/braking_system/build/ctrl_long_emergency' returned '0': CMAKE_PREFIX_PATH=${CMAKE_PREFIX_PATH}:/opt/ros/humble /usr/bin/cmake --build /home/oliver/ros2_ws/braking_system/build/ctrl_long_emergency -- -j8 -l8
[37.467s] Invoking command in '/home/oliver/ros2_ws/braking_system/build/ctrl_long_emergency': CMAKE_PREFIX_PATH=${CMAKE_PREFIX_PATH}:/opt/ros/humble /usr/bin/cmake --install /home/oliver/ros2_ws/braking_system/build/ctrl_long_emergency
[37.523s] -- Install configuration: ""
[37.533s] -- Execute custom install script
[37.536s] -- Symlinking: /home/oliver/ros2_ws/braking_system/install/ctrl_long_emergency/lib/ctrl_long_emergency/ctrl_long_emergency
[37.563s] -- Symlinking: /home/oliver/ros2_ws/braking_system/install/ctrl_long_emergency/share/ctrl_long_emergency/config/params.yaml
[37.610s] -- Symlinking: /home/oliver/ros2_ws/braking_system/install/ctrl_long_emergency/share/ctrl_long_emergency/launch/ctrlLongEmergency.launch.py
[37.649s] -- Symlinking: /home/oliver/ros2_ws/braking_system/install/ctrl_long_emergency/share/ament_index/resource_index/package_run_dependencies/ctrl_long_emergency
[37.685s] -- Symlinking: /home/oliver/ros2_ws/braking_system/install/ctrl_long_emergency/share/ament_index/resource_index/parent_prefix_path/ctrl_long_emergency
[37.716s] -- Symlinking: /home/oliver/ros2_ws/braking_system/install/ctrl_long_emergency/share/ctrl_long_emergency/environment/ament_prefix_path.sh
[37.747s] -- Symlinking: /home/oliver/ros2_ws/braking_system/install/ctrl_long_emergency/share/ctrl_long_emergency/environment/ament_prefix_path.dsv
[37.790s] -- Symlinking: /home/oliver/ros2_ws/braking_system/install/ctrl_long_emergency/share/ctrl_long_emergency/environment/path.sh
[37.817s] -- Symlinking: /home/oliver/ros2_ws/braking_system/install/ctrl_long_emergency/share/ctrl_long_emergency/environment/path.dsv
[37.839s] -- Symlinking: /home/oliver/ros2_ws/braking_system/install/ctrl_long_emergency/share/ctrl_long_emergency/local_setup.bash
[37.867s] -- Symlinking: /home/oliver/ros2_ws/braking_system/install/ctrl_long_emergency/share/ctrl_long_emergency/local_setup.sh
[37.899s] -- Symlinking: /home/oliver/ros2_ws/braking_system/install/ctrl_long_emergency/share/ctrl_long_emergency/local_setup.zsh
[37.920s] -- Symlinking: /home/oliver/ros2_ws/braking_system/install/ctrl_long_emergency/share/ctrl_long_emergency/local_setup.dsv
[37.940s] -- Symlinking: /home/oliver/ros2_ws/braking_system/install/ctrl_long_emergency/share/ctrl_long_emergency/package.dsv
[37.970s] -- Symlinking: /home/oliver/ros2_ws/braking_system/install/ctrl_long_emergency/share/ament_index/resource_index/packages/ctrl_long_emergency
[38.001s] -- Symlinking: /home/oliver/ros2_ws/braking_system/install/ctrl_long_emergency/share/ctrl_long_emergency/cmake/ctrl_long_emergencyConfig.cmake
[38.027s] -- Symlinking: /home/oliver/ros2_ws/braking_system/install/ctrl_long_emergency/share/ctrl_long_emergency/cmake/ctrl_long_emergencyConfig-version.cmake
[38.055s] -- Symlinking: /home/oliver/ros2_ws/braking_system/install/ctrl_long_emergency/share/ctrl_long_emergency/package.xml
[38.093s] Invoked command in '/home/oliver/ros2_ws/braking_system/build/ctrl_long_emergency' returned '0': CMAKE_PREFIX_PATH=${CMAKE_PREFIX_PATH}:/opt/ros/humble /usr/bin/cmake --install /home/oliver/ros2_ws/braking_system/build/ctrl_long_emergency
