[0.069s] Invoking command in '/home/oliver/ros2_ws/braking_system/build/basic_concepts': CMAKE_PREFIX_PATH=/opt/ros/humble /usr/bin/cmake /home/oliver/ros2_ws/braking_system/examples/c++/basic_concepts -DAMENT_CMAKE_SYMLINK_INSTALL=1 -DCMAKE_INSTALL_PREFIX=/home/oliver/ros2_ws/braking_system/install/basic_concepts
[0.367s] -- The C compiler identification is GNU 11.4.0
[0.576s] -- The CXX compiler identification is GNU 11.4.0
[0.619s] -- Detecting C compiler ABI info
[1.004s] -- Detecting C compiler ABI info - done
[1.039s] -- Check for working C compiler: /usr/bin/cc - skipped
[1.041s] -- Detecting C compile features
[1.051s] -- Detecting C compile features - done
[1.070s] -- Detecting CXX compiler ABI info
[1.422s] -- Detecting CXX compiler ABI info - done
[1.479s] -- Check for working CXX compiler: /usr/bin/c++ - skipped
[1.482s] -- Detecting CXX compile features
[1.482s] -- Detecting CXX compile features - done
[1.488s] -- Found ament_cmake: 1.3.13 (/opt/ros/humble/share/ament_cmake/cmake)
[2.235s] -- Found Python3: /usr/bin/python3 (found version "3.10.12") found components: Interpreter 
[2.507s] -- Override CMake install command with custom implementation using symlinks instead of copying resources
[2.581s] -- Found rclcpp: 16.0.18 (/opt/ros/humble/share/rclcpp/cmake)
[2.709s] -- Found rosidl_generator_c: 3.1.8 (/opt/ros/humble/share/rosidl_generator_c/cmake)
[2.726s] -- Found rosidl_adapter: 3.1.8 (/opt/ros/humble/share/rosidl_adapter/cmake)
[2.772s] -- Found rosidl_generator_cpp: 3.1.8 (/opt/ros/humble/share/rosidl_generator_cpp/cmake)
[2.830s] -- Using all available rosidl_typesupport_c: rosidl_typesupport_fastrtps_c;rosidl_typesupport_introspection_c
[2.906s] -- Using all available rosidl_typesupport_cpp: rosidl_typesupport_fastrtps_cpp;rosidl_typesupport_introspection_cpp
[3.065s] -- Found rmw_implementation_cmake: 6.1.2 (/opt/ros/humble/share/rmw_implementation_cmake/cmake)
[3.076s] -- Found rmw_fastrtps_cpp: 6.2.10 (/opt/ros/humble/share/rmw_fastrtps_cpp/cmake)
[3.362s] -- Found OpenSSL: /usr/lib/x86_64-linux-gnu/libcrypto.so (found version "3.0.2")  
[3.472s] -- Found FastRTPS: /opt/ros/humble/include  
[3.611s] -- Using RMW implementation 'rmw_fastrtps_cpp' as default
[3.640s] -- Looking for pthread.h
[3.978s] -- Looking for pthread.h - found
[3.987s] -- Performing Test CMAKE_HAVE_LIBC_PTHREAD
[4.643s] -- Performing Test CMAKE_HAVE_LIBC_PTHREAD - Success
[4.660s] -- Found Threads: TRUE  
[5.190s] -- Configuring done
[5.229s] -- Generating done
[5.247s] -- Build files have been written to: /home/oliver/ros2_ws/braking_system/build/basic_concepts
