[0.061s] Invoking command in '/home/oliver/ros2_ws/braking_system/build/plan_long_emergency': CMAKE_PREFIX_PATH=/opt/ros/humble /usr/bin/cmake /home/oliver/ros2_ws/braking_system/plan_long_emergency -DAMENT_CMAKE_SYMLINK_INSTALL=1 -DCMAKE_INSTALL_PREFIX=/home/oliver/ros2_ws/braking_system/install/plan_long_emergency
[0.309s] -- The C compiler identification is GNU 11.4.0
[0.597s] -- The CXX compiler identification is GNU 11.4.0
[0.639s] -- Detecting C compiler ABI info
[1.021s] -- Detecting C compiler ABI info - done
[1.084s] -- Check for working C compiler: /usr/bin/cc - skipped
[1.085s] -- Detecting C compile features
[1.085s] -- Detecting C compile features - done
[1.095s] -- Detecting CXX compiler ABI info
[1.412s] -- Detecting CXX compiler ABI info - done
[1.444s] -- Check for working CXX compiler: /usr/bin/c++ - skipped
[1.445s] -- Detecting CXX compile features
[1.446s] -- Detecting CXX compile features - done
[1.452s] -- Found ament_cmake: 1.3.13 (/opt/ros/humble/share/ament_cmake/cmake)
[2.046s] -- Found Python3: /usr/bin/python3 (found version "3.10.12") found components: Interpreter 
[2.374s] -- Override CMake install command with custom implementation using symlinks instead of copying resources
[2.490s] -- Found rclcpp: 16.0.18 (/opt/ros/humble/share/rclcpp/cmake)
[2.672s] -- Found rosidl_generator_c: 3.1.8 (/opt/ros/humble/share/rosidl_generator_c/cmake)
[2.699s] -- Found rosidl_adapter: 3.1.8 (/opt/ros/humble/share/rosidl_adapter/cmake)
[2.742s] -- Found rosidl_generator_cpp: 3.1.8 (/opt/ros/humble/share/rosidl_generator_cpp/cmake)
[2.792s] -- Using all available rosidl_typesupport_c: rosidl_typesupport_fastrtps_c;rosidl_typesupport_introspection_c
[2.872s] -- Using all available rosidl_typesupport_cpp: rosidl_typesupport_fastrtps_cpp;rosidl_typesupport_introspection_cpp
[3.038s] -- Found rmw_implementation_cmake: 6.1.2 (/opt/ros/humble/share/rmw_implementation_cmake/cmake)
[3.045s] -- Found rmw_fastrtps_cpp: 6.2.10 (/opt/ros/humble/share/rmw_fastrtps_cpp/cmake)
[3.326s] -- Found OpenSSL: /usr/lib/x86_64-linux-gnu/libcrypto.so (found version "3.0.2")  
[3.439s] -- Found FastRTPS: /opt/ros/humble/include  
[3.561s] -- Using RMW implementation 'rmw_fastrtps_cpp' as default
[3.590s] -- Looking for pthread.h
[3.884s] -- Looking for pthread.h - found
[3.884s] -- Performing Test CMAKE_HAVE_LIBC_PTHREAD
[4.432s] -- Performing Test CMAKE_HAVE_LIBC_PTHREAD - Success
[4.434s] -- Found Threads: TRUE  
[4.849s] [31mCMake Error at CMakeLists.txt:11 (find_package):
[4.849s]   By not providing "Findcrp_msgs.cmake" in CMAKE_MODULE_PATH this project has
[4.850s]   asked CMake to find a package configuration file provided by "crp_msgs",
[4.851s]   but CMake did not find one.
[4.851s] 
[4.851s]   Could not find a package configuration file provided by "crp_msgs" with any
[4.852s]   of the following names:
[4.852s] 
[4.852s]     crp_msgsConfig.cmake
[4.852s]     crp_msgs-config.cmake
[4.852s] 
[4.853s]   Add the installation prefix of "crp_msgs" to CMAKE_PREFIX_PATH or set
[4.853s]   "crp_msgs_DIR" to a directory containing one of the above files.  If
[4.853s]   "crp_msgs" provides a separate development package or SDK, be sure it has
[4.853s]   been installed.
[4.853s] 
[4.854s] [0m
[4.854s] -- Configuring incomplete, errors occurred!
[4.855s] See also "/home/oliver/ros2_ws/braking_system/build/plan_long_emergency/CMakeFiles/CMakeOutput.log".
[4.899s] Invoked command in '/home/oliver/ros2_ws/braking_system/build/plan_long_emergency' returned '1': CMAKE_PREFIX_PATH=/opt/ros/humble /usr/bin/cmake /home/oliver/ros2_ws/braking_system/plan_long_emergency -DAMENT_CMAKE_SYMLINK_INSTALL=1 -DCMAKE_INSTALL_PREFIX=/home/oliver/ros2_ws/braking_system/install/plan_long_emergency
