[0.307s] DEBUG:colcon:Command line arguments: ['/usr/bin/colcon', 'build', '--packages-select', 'crp_msgs']
[0.307s] DEBUG:colcon:Parsed command line arguments: Namespace(log_base=None, log_level=None, verb_name='build', build_base='build', install_base='install', merge_install=False, symlink_install=False, test_result_base=None, continue_on_error=False, executor='parallel', parallel_workers=8, event_handlers=None, ignore_user_meta=False, metas=['./colcon.meta'], base_paths=['.'], packages_ignore=None, packages_ignore_regex=None, paths=None, packages_up_to=None, packages_up_to_regex=None, packages_above=None, packages_above_and_dependencies=None, packages_above_depth=None, packages_select_by_dep=None, packages_skip_by_dep=None, packages_skip_up_to=None, packages_select_build_failed=False, packages_skip_build_finished=False, packages_select_test_failures=False, packages_skip_test_passed=False, packages_select=['crp_msgs'], packages_skip=None, packages_select_regex=None, packages_skip_regex=None, packages_start=None, packages_end=None, allow_overriding=[], cmake_args=None, cmake_target=None, cmake_target_skip_unavailable=False, cmake_clean_cache=False, cmake_clean_first=False, cmake_force_configure=False, ament_cmake_args=None, catkin_cmake_args=None, catkin_skip_building_tests=False, mixin_files=None, mixin=None, verb_parser=<colcon_mixin.mixin.mixin_argument.MixinArgumentDecorator object at 0x7edc66d493c0>, verb_extension=<colcon_core.verb.build.BuildVerb object at 0x7edc66d489a0>, main=<bound method BuildVerb.main of <colcon_core.verb.build.BuildVerb object at 0x7edc66d489a0>>, mixin_verb=('build',))
[0.641s] Level 1:colcon.colcon_core.package_discovery:discover_packages(colcon_meta) check parameters
[0.641s] Level 1:colcon.colcon_core.package_discovery:discover_packages(recursive) check parameters
[0.641s] Level 1:colcon.colcon_core.package_discovery:discover_packages(ignore) check parameters
[0.641s] Level 1:colcon.colcon_core.package_discovery:discover_packages(path) check parameters
[0.642s] Level 1:colcon.colcon_core.package_discovery:discover_packages(colcon_meta) discover
[0.642s] Level 1:colcon.colcon_core.package_discovery:discover_packages(recursive) discover
[0.642s] INFO:colcon.colcon_core.package_discovery:Crawling recursively for packages in '/home/oliver/ros2_ws/braking_system'
[0.642s] Level 1:colcon.colcon_core.package_identification:_identify(.) by extensions ['ignore', 'ignore_ament_install']
[0.642s] Level 1:colcon.colcon_core.package_identification:_identify(.) by extension 'ignore'
[0.642s] Level 1:colcon.colcon_core.package_identification:_identify(.) by extension 'ignore_ament_install'
[0.642s] Level 1:colcon.colcon_core.package_identification:_identify(.) by extensions ['colcon_pkg']
[0.642s] Level 1:colcon.colcon_core.package_identification:_identify(.) by extension 'colcon_pkg'
[0.642s] Level 1:colcon.colcon_core.package_identification:_identify(.) by extensions ['colcon_meta']
[0.643s] Level 1:colcon.colcon_core.package_identification:_identify(.) by extension 'colcon_meta'
[0.643s] Level 1:colcon.colcon_core.package_identification:_identify(.) by extensions ['ros']
[0.643s] Level 1:colcon.colcon_core.package_identification:_identify(.) by extension 'ros'
[0.666s] Level 1:colcon.colcon_core.package_identification:_identify(.) by extensions ['cmake', 'python']
[0.666s] Level 1:colcon.colcon_core.package_identification:_identify(.) by extension 'cmake'
[0.666s] Level 1:colcon.colcon_core.package_identification:_identify(.) by extension 'python'
[0.666s] Level 1:colcon.colcon_core.package_identification:_identify(.) by extensions ['python_setup_py']
[0.666s] Level 1:colcon.colcon_core.package_identification:_identify(.) by extension 'python_setup_py'
[0.667s] Level 1:colcon.colcon_core.package_identification:_identify(behavior_planner) by extensions ['ignore', 'ignore_ament_install']
[0.667s] Level 1:colcon.colcon_core.package_identification:_identify(behavior_planner) by extension 'ignore'
[0.667s] Level 1:colcon.colcon_core.package_identification:_identify(behavior_planner) by extension 'ignore_ament_install'
[0.667s] Level 1:colcon.colcon_core.package_identification:_identify(behavior_planner) by extensions ['colcon_pkg']
[0.667s] Level 1:colcon.colcon_core.package_identification:_identify(behavior_planner) by extension 'colcon_pkg'
[0.667s] Level 1:colcon.colcon_core.package_identification:_identify(behavior_planner) by extensions ['colcon_meta']
[0.667s] Level 1:colcon.colcon_core.package_identification:_identify(behavior_planner) by extension 'colcon_meta'
[0.667s] Level 1:colcon.colcon_core.package_identification:_identify(behavior_planner) by extensions ['ros']
[0.667s] Level 1:colcon.colcon_core.package_identification:_identify(behavior_planner) by extension 'ros'
[0.672s] DEBUG:colcon.colcon_core.package_identification:Package 'behavior_planner' with type 'ros.ament_cmake' and name 'behavior_planner'
[0.673s] Level 1:colcon.colcon_core.package_identification:_identify(build) by extensions ['ignore', 'ignore_ament_install']
[0.673s] Level 1:colcon.colcon_core.package_identification:_identify(build) by extension 'ignore'
[0.673s] Level 1:colcon.colcon_core.package_identification:_identify(build) ignored
[0.673s] Level 1:colcon.colcon_core.package_identification:_identify(ctrl_long_emergency) by extensions ['ignore', 'ignore_ament_install']
[0.673s] Level 1:colcon.colcon_core.package_identification:_identify(ctrl_long_emergency) by extension 'ignore'
[0.673s] Level 1:colcon.colcon_core.package_identification:_identify(ctrl_long_emergency) by extension 'ignore_ament_install'
[0.674s] Level 1:colcon.colcon_core.package_identification:_identify(ctrl_long_emergency) by extensions ['colcon_pkg']
[0.674s] Level 1:colcon.colcon_core.package_identification:_identify(ctrl_long_emergency) by extension 'colcon_pkg'
[0.674s] Level 1:colcon.colcon_core.package_identification:_identify(ctrl_long_emergency) by extensions ['colcon_meta']
[0.674s] Level 1:colcon.colcon_core.package_identification:_identify(ctrl_long_emergency) by extension 'colcon_meta'
[0.674s] Level 1:colcon.colcon_core.package_identification:_identify(ctrl_long_emergency) by extensions ['ros']
[0.674s] Level 1:colcon.colcon_core.package_identification:_identify(ctrl_long_emergency) by extension 'ros'
[0.675s] DEBUG:colcon.colcon_core.package_identification:Package 'ctrl_long_emergency' with type 'ros.ament_cmake' and name 'ctrl_long_emergency'
[0.676s] Level 1:colcon.colcon_core.package_identification:_identify(doc) by extensions ['ignore', 'ignore_ament_install']
[0.676s] Level 1:colcon.colcon_core.package_identification:_identify(doc) by extension 'ignore'
[0.676s] Level 1:colcon.colcon_core.package_identification:_identify(doc) by extension 'ignore_ament_install'
[0.676s] Level 1:colcon.colcon_core.package_identification:_identify(doc) by extensions ['colcon_pkg']
[0.676s] Level 1:colcon.colcon_core.package_identification:_identify(doc) by extension 'colcon_pkg'
[0.676s] Level 1:colcon.colcon_core.package_identification:_identify(doc) by extensions ['colcon_meta']
[0.676s] Level 1:colcon.colcon_core.package_identification:_identify(doc) by extension 'colcon_meta'
[0.676s] Level 1:colcon.colcon_core.package_identification:_identify(doc) by extensions ['ros']
[0.676s] Level 1:colcon.colcon_core.package_identification:_identify(doc) by extension 'ros'
[0.676s] Level 1:colcon.colcon_core.package_identification:_identify(doc) by extensions ['cmake', 'python']
[0.676s] Level 1:colcon.colcon_core.package_identification:_identify(doc) by extension 'cmake'
[0.677s] Level 1:colcon.colcon_core.package_identification:_identify(doc) by extension 'python'
[0.677s] Level 1:colcon.colcon_core.package_identification:_identify(doc) by extensions ['python_setup_py']
[0.677s] Level 1:colcon.colcon_core.package_identification:_identify(doc) by extension 'python_setup_py'
[0.677s] Level 1:colcon.colcon_core.package_identification:_identify(doc/images) by extensions ['ignore', 'ignore_ament_install']
[0.677s] Level 1:colcon.colcon_core.package_identification:_identify(doc/images) by extension 'ignore'
[0.677s] Level 1:colcon.colcon_core.package_identification:_identify(doc/images) by extension 'ignore_ament_install'
[0.677s] Level 1:colcon.colcon_core.package_identification:_identify(doc/images) by extensions ['colcon_pkg']
[0.677s] Level 1:colcon.colcon_core.package_identification:_identify(doc/images) by extension 'colcon_pkg'
[0.677s] Level 1:colcon.colcon_core.package_identification:_identify(doc/images) by extensions ['colcon_meta']
[0.677s] Level 1:colcon.colcon_core.package_identification:_identify(doc/images) by extension 'colcon_meta'
[0.677s] Level 1:colcon.colcon_core.package_identification:_identify(doc/images) by extensions ['ros']
[0.678s] Level 1:colcon.colcon_core.package_identification:_identify(doc/images) by extension 'ros'
[0.678s] Level 1:colcon.colcon_core.package_identification:_identify(doc/images) by extensions ['cmake', 'python']
[0.678s] Level 1:colcon.colcon_core.package_identification:_identify(doc/images) by extension 'cmake'
[0.678s] Level 1:colcon.colcon_core.package_identification:_identify(doc/images) by extension 'python'
[0.678s] Level 1:colcon.colcon_core.package_identification:_identify(doc/images) by extensions ['python_setup_py']
[0.678s] Level 1:colcon.colcon_core.package_identification:_identify(doc/images) by extension 'python_setup_py'
[0.678s] Level 1:colcon.colcon_core.package_identification:_identify(examples) by extensions ['ignore', 'ignore_ament_install']
[0.678s] Level 1:colcon.colcon_core.package_identification:_identify(examples) by extension 'ignore'
[0.678s] Level 1:colcon.colcon_core.package_identification:_identify(examples) by extension 'ignore_ament_install'
[0.678s] Level 1:colcon.colcon_core.package_identification:_identify(examples) by extensions ['colcon_pkg']
[0.678s] Level 1:colcon.colcon_core.package_identification:_identify(examples) by extension 'colcon_pkg'
[0.678s] Level 1:colcon.colcon_core.package_identification:_identify(examples) by extensions ['colcon_meta']
[0.679s] Level 1:colcon.colcon_core.package_identification:_identify(examples) by extension 'colcon_meta'
[0.679s] Level 1:colcon.colcon_core.package_identification:_identify(examples) by extensions ['ros']
[0.679s] Level 1:colcon.colcon_core.package_identification:_identify(examples) by extension 'ros'
[0.679s] Level 1:colcon.colcon_core.package_identification:_identify(examples) by extensions ['cmake', 'python']
[0.679s] Level 1:colcon.colcon_core.package_identification:_identify(examples) by extension 'cmake'
[0.679s] Level 1:colcon.colcon_core.package_identification:_identify(examples) by extension 'python'
[0.679s] Level 1:colcon.colcon_core.package_identification:_identify(examples) by extensions ['python_setup_py']
[0.679s] Level 1:colcon.colcon_core.package_identification:_identify(examples) by extension 'python_setup_py'
[0.679s] Level 1:colcon.colcon_core.package_identification:_identify(examples/c++) by extensions ['ignore', 'ignore_ament_install']
[0.679s] Level 1:colcon.colcon_core.package_identification:_identify(examples/c++) by extension 'ignore'
[0.679s] Level 1:colcon.colcon_core.package_identification:_identify(examples/c++) by extension 'ignore_ament_install'
[0.679s] Level 1:colcon.colcon_core.package_identification:_identify(examples/c++) by extensions ['colcon_pkg']
[0.680s] Level 1:colcon.colcon_core.package_identification:_identify(examples/c++) by extension 'colcon_pkg'
[0.680s] Level 1:colcon.colcon_core.package_identification:_identify(examples/c++) by extensions ['colcon_meta']
[0.680s] Level 1:colcon.colcon_core.package_identification:_identify(examples/c++) by extension 'colcon_meta'
[0.680s] Level 1:colcon.colcon_core.package_identification:_identify(examples/c++) by extensions ['ros']
[0.680s] Level 1:colcon.colcon_core.package_identification:_identify(examples/c++) by extension 'ros'
[0.680s] Level 1:colcon.colcon_core.package_identification:_identify(examples/c++) by extensions ['cmake', 'python']
[0.680s] Level 1:colcon.colcon_core.package_identification:_identify(examples/c++) by extension 'cmake'
[0.680s] Level 1:colcon.colcon_core.package_identification:_identify(examples/c++) by extension 'python'
[0.680s] Level 1:colcon.colcon_core.package_identification:_identify(examples/c++) by extensions ['python_setup_py']
[0.680s] Level 1:colcon.colcon_core.package_identification:_identify(examples/c++) by extension 'python_setup_py'
[0.680s] Level 1:colcon.colcon_core.package_identification:_identify(examples/c++/basic_concepts) by extensions ['ignore', 'ignore_ament_install']
[0.681s] Level 1:colcon.colcon_core.package_identification:_identify(examples/c++/basic_concepts) by extension 'ignore'
[0.681s] Level 1:colcon.colcon_core.package_identification:_identify(examples/c++/basic_concepts) by extension 'ignore_ament_install'
[0.681s] Level 1:colcon.colcon_core.package_identification:_identify(examples/c++/basic_concepts) by extensions ['colcon_pkg']
[0.681s] Level 1:colcon.colcon_core.package_identification:_identify(examples/c++/basic_concepts) by extension 'colcon_pkg'
[0.681s] Level 1:colcon.colcon_core.package_identification:_identify(examples/c++/basic_concepts) by extensions ['colcon_meta']
[0.681s] Level 1:colcon.colcon_core.package_identification:_identify(examples/c++/basic_concepts) by extension 'colcon_meta'
[0.681s] Level 1:colcon.colcon_core.package_identification:_identify(examples/c++/basic_concepts) by extensions ['ros']
[0.681s] Level 1:colcon.colcon_core.package_identification:_identify(examples/c++/basic_concepts) by extension 'ros'
[0.682s] DEBUG:colcon.colcon_core.package_identification:Package 'examples/c++/basic_concepts' with type 'ros.ament_cmake' and name 'basic_concepts'
[0.682s] Level 1:colcon.colcon_core.package_identification:_identify(examples/c++/velocity_estimator) by extensions ['ignore', 'ignore_ament_install']
[0.683s] Level 1:colcon.colcon_core.package_identification:_identify(examples/c++/velocity_estimator) by extension 'ignore'
[0.683s] Level 1:colcon.colcon_core.package_identification:_identify(examples/c++/velocity_estimator) by extension 'ignore_ament_install'
[0.683s] Level 1:colcon.colcon_core.package_identification:_identify(examples/c++/velocity_estimator) by extensions ['colcon_pkg']
[0.683s] Level 1:colcon.colcon_core.package_identification:_identify(examples/c++/velocity_estimator) by extension 'colcon_pkg'
[0.683s] Level 1:colcon.colcon_core.package_identification:_identify(examples/c++/velocity_estimator) by extensions ['colcon_meta']
[0.683s] Level 1:colcon.colcon_core.package_identification:_identify(examples/c++/velocity_estimator) by extension 'colcon_meta'
[0.683s] Level 1:colcon.colcon_core.package_identification:_identify(examples/c++/velocity_estimator) by extensions ['ros']
[0.683s] Level 1:colcon.colcon_core.package_identification:_identify(examples/c++/velocity_estimator) by extension 'ros'
[0.684s] DEBUG:colcon.colcon_core.package_identification:Package 'examples/c++/velocity_estimator' with type 'ros.ament_cmake' and name 'velocity_estimator'
[0.685s] Level 1:colcon.colcon_core.package_identification:_identify(install) by extensions ['ignore', 'ignore_ament_install']
[0.685s] Level 1:colcon.colcon_core.package_identification:_identify(install) by extension 'ignore'
[0.685s] Level 1:colcon.colcon_core.package_identification:_identify(install) ignored
[0.685s] Level 1:colcon.colcon_core.package_identification:_identify(log) by extensions ['ignore', 'ignore_ament_install']
[0.685s] Level 1:colcon.colcon_core.package_identification:_identify(log) by extension 'ignore'
[0.685s] Level 1:colcon.colcon_core.package_identification:_identify(log) ignored
[0.685s] Level 1:colcon.colcon_core.package_identification:_identify(plan_long_emergency) by extensions ['ignore', 'ignore_ament_install']
[0.685s] Level 1:colcon.colcon_core.package_identification:_identify(plan_long_emergency) by extension 'ignore'
[0.686s] Level 1:colcon.colcon_core.package_identification:_identify(plan_long_emergency) by extension 'ignore_ament_install'
[0.686s] Level 1:colcon.colcon_core.package_identification:_identify(plan_long_emergency) by extensions ['colcon_pkg']
[0.686s] Level 1:colcon.colcon_core.package_identification:_identify(plan_long_emergency) by extension 'colcon_pkg'
[0.686s] Level 1:colcon.colcon_core.package_identification:_identify(plan_long_emergency) by extensions ['colcon_meta']
[0.686s] Level 1:colcon.colcon_core.package_identification:_identify(plan_long_emergency) by extension 'colcon_meta'
[0.686s] Level 1:colcon.colcon_core.package_identification:_identify(plan_long_emergency) by extensions ['ros']
[0.686s] Level 1:colcon.colcon_core.package_identification:_identify(plan_long_emergency) by extension 'ros'
[0.688s] DEBUG:colcon.colcon_core.package_identification:Package 'plan_long_emergency' with type 'ros.ament_cmake' and name 'plan_long_emergency'
[0.688s] Level 1:colcon.colcon_core.package_discovery:discover_packages(recursive) using defaults
[0.688s] Level 1:colcon.colcon_core.package_discovery:discover_packages(ignore) discover
[0.688s] Level 1:colcon.colcon_core.package_discovery:discover_packages(ignore) using defaults
[0.688s] Level 1:colcon.colcon_core.package_discovery:discover_packages(path) discover
[0.688s] Level 1:colcon.colcon_core.package_discovery:discover_packages(path) using defaults
[0.689s] WARNING:colcon.colcon_core.package_selection:ignoring unknown package 'crp_msgs' in --packages-select
[0.751s] INFO:colcon.colcon_core.package_selection:Skipping not selected package 'basic_concepts' in 'examples/c++/basic_concepts'
[0.751s] INFO:colcon.colcon_core.package_selection:Skipping not selected package 'behavior_planner' in 'behavior_planner'
[0.751s] INFO:colcon.colcon_core.package_selection:Skipping not selected package 'ctrl_long_emergency' in 'ctrl_long_emergency'
[0.751s] INFO:colcon.colcon_core.package_selection:Skipping not selected package 'plan_long_emergency' in 'plan_long_emergency'
[0.751s] INFO:colcon.colcon_core.package_selection:Skipping not selected package 'velocity_estimator' in 'examples/c++/velocity_estimator'
[0.752s] Level 1:colcon.colcon_core.package_discovery:discover_packages(prefix_path) check parameters
[0.752s] Level 1:colcon.colcon_core.package_discovery:discover_packages(prefix_path) discover
[0.755s] DEBUG:colcon.colcon_installed_package_information.package_discovery:Found 4 installed packages in /home/oliver/ros2_ws/braking_system/install
[0.758s] DEBUG:colcon.colcon_installed_package_information.package_discovery:Found 282 installed packages in /opt/ros/humble
[0.762s] Level 1:colcon.colcon_core.package_discovery:discover_packages(prefix_path) using defaults
[0.838s] INFO:colcon.colcon_core.executor:Executing jobs using 'parallel' executor
[0.840s] DEBUG:colcon.colcon_parallel_executor.executor.parallel:run_until_complete
[0.840s] DEBUG:colcon.colcon_parallel_executor.executor.parallel:closing loop
[0.841s] DEBUG:colcon.colcon_parallel_executor.executor.parallel:loop closed
[0.841s] DEBUG:colcon.colcon_parallel_executor.executor.parallel:run_until_complete finished with '0'
[0.841s] DEBUG:colcon.colcon_core.event_reactor:joining thread
[0.853s] INFO:colcon.colcon_core.plugin_system:Skipping extension 'colcon_notification.desktop_notification.terminal_notifier': Not used on non-Darwin systems
[0.853s] INFO:colcon.colcon_core.plugin_system:Skipping extension 'colcon_notification.desktop_notification.win32': Not used on non-Windows systems
[0.853s] INFO:colcon.colcon_notification.desktop_notification:Sending desktop notification using 'notify2'
[0.889s] DEBUG:colcon.colcon_core.event_reactor:joined thread
[0.895s] INFO:colcon.colcon_core.plugin_system:Skipping extension 'colcon_core.shell.bat': Not used on non-Windows systems
[0.896s] INFO:colcon.colcon_core.shell:Creating prefix script '/home/oliver/ros2_ws/braking_system/install/local_setup.ps1'
[0.899s] INFO:colcon.colcon_core.shell:Creating prefix util module '/home/oliver/ros2_ws/braking_system/install/_local_setup_util_ps1.py'
[0.902s] INFO:colcon.colcon_core.shell:Creating prefix chain script '/home/oliver/ros2_ws/braking_system/install/setup.ps1'
[0.904s] INFO:colcon.colcon_core.shell:Creating prefix script '/home/oliver/ros2_ws/braking_system/install/local_setup.sh'
[0.905s] INFO:colcon.colcon_core.shell:Creating prefix util module '/home/oliver/ros2_ws/braking_system/install/_local_setup_util_sh.py'
[0.907s] INFO:colcon.colcon_core.shell:Creating prefix chain script '/home/oliver/ros2_ws/braking_system/install/setup.sh'
[0.909s] INFO:colcon.colcon_core.shell:Creating prefix script '/home/oliver/ros2_ws/braking_system/install/local_setup.bash'
[0.911s] INFO:colcon.colcon_core.shell:Creating prefix chain script '/home/oliver/ros2_ws/braking_system/install/setup.bash'
[0.912s] INFO:colcon.colcon_core.shell:Creating prefix script '/home/oliver/ros2_ws/braking_system/install/local_setup.zsh'
[0.914s] INFO:colcon.colcon_core.shell:Creating prefix chain script '/home/oliver/ros2_ws/braking_system/install/setup.zsh'
