[0.387s] DEBUG:colcon:Command line arguments: ['/usr/bin/colcon', 'build', '--symlink-install']
[0.388s] DEBUG:colcon:Parsed command line arguments: Namespace(log_base=None, log_level=None, verb_name='build', build_base='build', install_base='install', merge_install=False, symlink_install=True, test_result_base=None, continue_on_error=False, executor='parallel', parallel_workers=8, event_handlers=None, ignore_user_meta=False, metas=['./colcon.meta'], base_paths=['.'], packages_ignore=None, packages_ignore_regex=None, paths=None, packages_up_to=None, packages_up_to_regex=None, packages_above=None, packages_above_and_dependencies=None, packages_above_depth=None, packages_select_by_dep=None, packages_skip_by_dep=None, packages_skip_up_to=None, packages_select_build_failed=False, packages_skip_build_finished=False, packages_select_test_failures=False, packages_skip_test_passed=False, packages_select=None, packages_skip=None, packages_select_regex=None, packages_skip_regex=None, packages_start=None, packages_end=None, allow_overriding=[], cmake_args=None, cmake_target=None, cmake_target_skip_unavailable=False, cmake_clean_cache=False, cmake_clean_first=False, cmake_force_configure=False, ament_cmake_args=None, catkin_cmake_args=None, catkin_skip_building_tests=False, mixin_files=None, mixin=None, verb_parser=<colcon_mixin.mixin.mixin_argument.MixinArgumentDecorator object at 0x76246c0093c0>, verb_extension=<colcon_core.verb.build.BuildVerb object at 0x76246c0089a0>, main=<bound method BuildVerb.main of <colcon_core.verb.build.BuildVerb object at 0x76246c0089a0>>, mixin_verb=('build',))
[0.825s] Level 1:colcon.colcon_core.package_discovery:discover_packages(colcon_meta) check parameters
[0.825s] Level 1:colcon.colcon_core.package_discovery:discover_packages(recursive) check parameters
[0.825s] Level 1:colcon.colcon_core.package_discovery:discover_packages(ignore) check parameters
[0.825s] Level 1:colcon.colcon_core.package_discovery:discover_packages(path) check parameters
[0.825s] Level 1:colcon.colcon_core.package_discovery:discover_packages(colcon_meta) discover
[0.825s] Level 1:colcon.colcon_core.package_discovery:discover_packages(recursive) discover
[0.825s] INFO:colcon.colcon_core.package_discovery:Crawling recursively for packages in '/home/oliver/ros2_ws/braking_system'
[0.826s] Level 1:colcon.colcon_core.package_identification:_identify(.) by extensions ['ignore', 'ignore_ament_install']
[0.826s] Level 1:colcon.colcon_core.package_identification:_identify(.) by extension 'ignore'
[0.826s] Level 1:colcon.colcon_core.package_identification:_identify(.) by extension 'ignore_ament_install'
[0.826s] Level 1:colcon.colcon_core.package_identification:_identify(.) by extensions ['colcon_pkg']
[0.826s] Level 1:colcon.colcon_core.package_identification:_identify(.) by extension 'colcon_pkg'
[0.826s] Level 1:colcon.colcon_core.package_identification:_identify(.) by extensions ['colcon_meta']
[0.826s] Level 1:colcon.colcon_core.package_identification:_identify(.) by extension 'colcon_meta'
[0.826s] Level 1:colcon.colcon_core.package_identification:_identify(.) by extensions ['ros']
[0.826s] Level 1:colcon.colcon_core.package_identification:_identify(.) by extension 'ros'
[0.848s] Level 1:colcon.colcon_core.package_identification:_identify(.) by extensions ['cmake', 'python']
[0.849s] Level 1:colcon.colcon_core.package_identification:_identify(.) by extension 'cmake'
[0.849s] Level 1:colcon.colcon_core.package_identification:_identify(.) by extension 'python'
[0.849s] Level 1:colcon.colcon_core.package_identification:_identify(.) by extensions ['python_setup_py']
[0.849s] Level 1:colcon.colcon_core.package_identification:_identify(.) by extension 'python_setup_py'
[0.849s] Level 1:colcon.colcon_core.package_identification:_identify(behavior_planner) by extensions ['ignore', 'ignore_ament_install']
[0.849s] Level 1:colcon.colcon_core.package_identification:_identify(behavior_planner) by extension 'ignore'
[0.849s] Level 1:colcon.colcon_core.package_identification:_identify(behavior_planner) by extension 'ignore_ament_install'
[0.849s] Level 1:colcon.colcon_core.package_identification:_identify(behavior_planner) by extensions ['colcon_pkg']
[0.849s] Level 1:colcon.colcon_core.package_identification:_identify(behavior_planner) by extension 'colcon_pkg'
[0.849s] Level 1:colcon.colcon_core.package_identification:_identify(behavior_planner) by extensions ['colcon_meta']
[0.850s] Level 1:colcon.colcon_core.package_identification:_identify(behavior_planner) by extension 'colcon_meta'
[0.850s] Level 1:colcon.colcon_core.package_identification:_identify(behavior_planner) by extensions ['ros']
[0.850s] Level 1:colcon.colcon_core.package_identification:_identify(behavior_planner) by extension 'ros'
[0.857s] DEBUG:colcon.colcon_core.package_identification:Package 'behavior_planner' with type 'ros.ament_cmake' and name 'behavior_planner'
[0.857s] Level 1:colcon.colcon_core.package_identification:_identify(build) by extensions ['ignore', 'ignore_ament_install']
[0.858s] Level 1:colcon.colcon_core.package_identification:_identify(build) by extension 'ignore'
[0.858s] Level 1:colcon.colcon_core.package_identification:_identify(build) ignored
[0.858s] Level 1:colcon.colcon_core.package_identification:_identify(ctrl_long_emergency) by extensions ['ignore', 'ignore_ament_install']
[0.858s] Level 1:colcon.colcon_core.package_identification:_identify(ctrl_long_emergency) by extension 'ignore'
[0.858s] Level 1:colcon.colcon_core.package_identification:_identify(ctrl_long_emergency) by extension 'ignore_ament_install'
[0.858s] Level 1:colcon.colcon_core.package_identification:_identify(ctrl_long_emergency) by extensions ['colcon_pkg']
[0.858s] Level 1:colcon.colcon_core.package_identification:_identify(ctrl_long_emergency) by extension 'colcon_pkg'
[0.858s] Level 1:colcon.colcon_core.package_identification:_identify(ctrl_long_emergency) by extensions ['colcon_meta']
[0.859s] Level 1:colcon.colcon_core.package_identification:_identify(ctrl_long_emergency) by extension 'colcon_meta'
[0.859s] Level 1:colcon.colcon_core.package_identification:_identify(ctrl_long_emergency) by extensions ['ros']
[0.859s] Level 1:colcon.colcon_core.package_identification:_identify(ctrl_long_emergency) by extension 'ros'
[0.860s] DEBUG:colcon.colcon_core.package_identification:Package 'ctrl_long_emergency' with type 'ros.ament_cmake' and name 'ctrl_long_emergency'
[0.861s] Level 1:colcon.colcon_core.package_identification:_identify(doc) by extensions ['ignore', 'ignore_ament_install']
[0.861s] Level 1:colcon.colcon_core.package_identification:_identify(doc) by extension 'ignore'
[0.861s] Level 1:colcon.colcon_core.package_identification:_identify(doc) by extension 'ignore_ament_install'
[0.861s] Level 1:colcon.colcon_core.package_identification:_identify(doc) by extensions ['colcon_pkg']
[0.861s] Level 1:colcon.colcon_core.package_identification:_identify(doc) by extension 'colcon_pkg'
[0.861s] Level 1:colcon.colcon_core.package_identification:_identify(doc) by extensions ['colcon_meta']
[0.861s] Level 1:colcon.colcon_core.package_identification:_identify(doc) by extension 'colcon_meta'
[0.861s] Level 1:colcon.colcon_core.package_identification:_identify(doc) by extensions ['ros']
[0.861s] Level 1:colcon.colcon_core.package_identification:_identify(doc) by extension 'ros'
[0.862s] Level 1:colcon.colcon_core.package_identification:_identify(doc) by extensions ['cmake', 'python']
[0.862s] Level 1:colcon.colcon_core.package_identification:_identify(doc) by extension 'cmake'
[0.862s] Level 1:colcon.colcon_core.package_identification:_identify(doc) by extension 'python'
[0.862s] Level 1:colcon.colcon_core.package_identification:_identify(doc) by extensions ['python_setup_py']
[0.862s] Level 1:colcon.colcon_core.package_identification:_identify(doc) by extension 'python_setup_py'
[0.862s] Level 1:colcon.colcon_core.package_identification:_identify(doc/images) by extensions ['ignore', 'ignore_ament_install']
[0.862s] Level 1:colcon.colcon_core.package_identification:_identify(doc/images) by extension 'ignore'
[0.862s] Level 1:colcon.colcon_core.package_identification:_identify(doc/images) by extension 'ignore_ament_install'
[0.863s] Level 1:colcon.colcon_core.package_identification:_identify(doc/images) by extensions ['colcon_pkg']
[0.863s] Level 1:colcon.colcon_core.package_identification:_identify(doc/images) by extension 'colcon_pkg'
[0.863s] Level 1:colcon.colcon_core.package_identification:_identify(doc/images) by extensions ['colcon_meta']
[0.863s] Level 1:colcon.colcon_core.package_identification:_identify(doc/images) by extension 'colcon_meta'
[0.863s] Level 1:colcon.colcon_core.package_identification:_identify(doc/images) by extensions ['ros']
[0.863s] Level 1:colcon.colcon_core.package_identification:_identify(doc/images) by extension 'ros'
[0.863s] Level 1:colcon.colcon_core.package_identification:_identify(doc/images) by extensions ['cmake', 'python']
[0.863s] Level 1:colcon.colcon_core.package_identification:_identify(doc/images) by extension 'cmake'
[0.863s] Level 1:colcon.colcon_core.package_identification:_identify(doc/images) by extension 'python'
[0.863s] Level 1:colcon.colcon_core.package_identification:_identify(doc/images) by extensions ['python_setup_py']
[0.863s] Level 1:colcon.colcon_core.package_identification:_identify(doc/images) by extension 'python_setup_py'
[0.863s] Level 1:colcon.colcon_core.package_identification:_identify(examples) by extensions ['ignore', 'ignore_ament_install']
[0.864s] Level 1:colcon.colcon_core.package_identification:_identify(examples) by extension 'ignore'
[0.864s] Level 1:colcon.colcon_core.package_identification:_identify(examples) by extension 'ignore_ament_install'
[0.864s] Level 1:colcon.colcon_core.package_identification:_identify(examples) by extensions ['colcon_pkg']
[0.864s] Level 1:colcon.colcon_core.package_identification:_identify(examples) by extension 'colcon_pkg'
[0.864s] Level 1:colcon.colcon_core.package_identification:_identify(examples) by extensions ['colcon_meta']
[0.864s] Level 1:colcon.colcon_core.package_identification:_identify(examples) by extension 'colcon_meta'
[0.864s] Level 1:colcon.colcon_core.package_identification:_identify(examples) by extensions ['ros']
[0.864s] Level 1:colcon.colcon_core.package_identification:_identify(examples) by extension 'ros'
[0.864s] Level 1:colcon.colcon_core.package_identification:_identify(examples) by extensions ['cmake', 'python']
[0.864s] Level 1:colcon.colcon_core.package_identification:_identify(examples) by extension 'cmake'
[0.864s] Level 1:colcon.colcon_core.package_identification:_identify(examples) by extension 'python'
[0.864s] Level 1:colcon.colcon_core.package_identification:_identify(examples) by extensions ['python_setup_py']
[0.864s] Level 1:colcon.colcon_core.package_identification:_identify(examples) by extension 'python_setup_py'
[0.865s] Level 1:colcon.colcon_core.package_identification:_identify(examples/c++) by extensions ['ignore', 'ignore_ament_install']
[0.865s] Level 1:colcon.colcon_core.package_identification:_identify(examples/c++) by extension 'ignore'
[0.865s] Level 1:colcon.colcon_core.package_identification:_identify(examples/c++) by extension 'ignore_ament_install'
[0.865s] Level 1:colcon.colcon_core.package_identification:_identify(examples/c++) by extensions ['colcon_pkg']
[0.865s] Level 1:colcon.colcon_core.package_identification:_identify(examples/c++) by extension 'colcon_pkg'
[0.865s] Level 1:colcon.colcon_core.package_identification:_identify(examples/c++) by extensions ['colcon_meta']
[0.865s] Level 1:colcon.colcon_core.package_identification:_identify(examples/c++) by extension 'colcon_meta'
[0.865s] Level 1:colcon.colcon_core.package_identification:_identify(examples/c++) by extensions ['ros']
[0.865s] Level 1:colcon.colcon_core.package_identification:_identify(examples/c++) by extension 'ros'
[0.865s] Level 1:colcon.colcon_core.package_identification:_identify(examples/c++) by extensions ['cmake', 'python']
[0.865s] Level 1:colcon.colcon_core.package_identification:_identify(examples/c++) by extension 'cmake'
[0.865s] Level 1:colcon.colcon_core.package_identification:_identify(examples/c++) by extension 'python'
[0.866s] Level 1:colcon.colcon_core.package_identification:_identify(examples/c++) by extensions ['python_setup_py']
[0.866s] Level 1:colcon.colcon_core.package_identification:_identify(examples/c++) by extension 'python_setup_py'
[0.866s] Level 1:colcon.colcon_core.package_identification:_identify(examples/c++/basic_concepts) by extensions ['ignore', 'ignore_ament_install']
[0.866s] Level 1:colcon.colcon_core.package_identification:_identify(examples/c++/basic_concepts) by extension 'ignore'
[0.866s] Level 1:colcon.colcon_core.package_identification:_identify(examples/c++/basic_concepts) by extension 'ignore_ament_install'
[0.866s] Level 1:colcon.colcon_core.package_identification:_identify(examples/c++/basic_concepts) by extensions ['colcon_pkg']
[0.866s] Level 1:colcon.colcon_core.package_identification:_identify(examples/c++/basic_concepts) by extension 'colcon_pkg'
[0.866s] Level 1:colcon.colcon_core.package_identification:_identify(examples/c++/basic_concepts) by extensions ['colcon_meta']
[0.866s] Level 1:colcon.colcon_core.package_identification:_identify(examples/c++/basic_concepts) by extension 'colcon_meta'
[0.866s] Level 1:colcon.colcon_core.package_identification:_identify(examples/c++/basic_concepts) by extensions ['ros']
[0.866s] Level 1:colcon.colcon_core.package_identification:_identify(examples/c++/basic_concepts) by extension 'ros'
[0.868s] DEBUG:colcon.colcon_core.package_identification:Package 'examples/c++/basic_concepts' with type 'ros.ament_cmake' and name 'basic_concepts'
[0.868s] Level 1:colcon.colcon_core.package_identification:_identify(examples/c++/velocity_estimator) by extensions ['ignore', 'ignore_ament_install']
[0.869s] Level 1:colcon.colcon_core.package_identification:_identify(examples/c++/velocity_estimator) by extension 'ignore'
[0.869s] Level 1:colcon.colcon_core.package_identification:_identify(examples/c++/velocity_estimator) by extension 'ignore_ament_install'
[0.869s] Level 1:colcon.colcon_core.package_identification:_identify(examples/c++/velocity_estimator) by extensions ['colcon_pkg']
[0.869s] Level 1:colcon.colcon_core.package_identification:_identify(examples/c++/velocity_estimator) by extension 'colcon_pkg'
[0.869s] Level 1:colcon.colcon_core.package_identification:_identify(examples/c++/velocity_estimator) by extensions ['colcon_meta']
[0.869s] Level 1:colcon.colcon_core.package_identification:_identify(examples/c++/velocity_estimator) by extension 'colcon_meta'
[0.869s] Level 1:colcon.colcon_core.package_identification:_identify(examples/c++/velocity_estimator) by extensions ['ros']
[0.869s] Level 1:colcon.colcon_core.package_identification:_identify(examples/c++/velocity_estimator) by extension 'ros'
[0.871s] DEBUG:colcon.colcon_core.package_identification:Package 'examples/c++/velocity_estimator' with type 'ros.ament_cmake' and name 'velocity_estimator'
[0.871s] Level 1:colcon.colcon_core.package_identification:_identify(install) by extensions ['ignore', 'ignore_ament_install']
[0.871s] Level 1:colcon.colcon_core.package_identification:_identify(install) by extension 'ignore'
[0.871s] Level 1:colcon.colcon_core.package_identification:_identify(install) ignored
[0.871s] Level 1:colcon.colcon_core.package_identification:_identify(log) by extensions ['ignore', 'ignore_ament_install']
[0.872s] Level 1:colcon.colcon_core.package_identification:_identify(log) by extension 'ignore'
[0.872s] Level 1:colcon.colcon_core.package_identification:_identify(log) ignored
[0.872s] Level 1:colcon.colcon_core.package_identification:_identify(plan_long_emergency) by extensions ['ignore', 'ignore_ament_install']
[0.872s] Level 1:colcon.colcon_core.package_identification:_identify(plan_long_emergency) by extension 'ignore'
[0.872s] Level 1:colcon.colcon_core.package_identification:_identify(plan_long_emergency) by extension 'ignore_ament_install'
[0.872s] Level 1:colcon.colcon_core.package_identification:_identify(plan_long_emergency) by extensions ['colcon_pkg']
[0.872s] Level 1:colcon.colcon_core.package_identification:_identify(plan_long_emergency) by extension 'colcon_pkg'
[0.872s] Level 1:colcon.colcon_core.package_identification:_identify(plan_long_emergency) by extensions ['colcon_meta']
[0.872s] Level 1:colcon.colcon_core.package_identification:_identify(plan_long_emergency) by extension 'colcon_meta'
[0.872s] Level 1:colcon.colcon_core.package_identification:_identify(plan_long_emergency) by extensions ['ros']
[0.872s] Level 1:colcon.colcon_core.package_identification:_identify(plan_long_emergency) by extension 'ros'
[0.875s] DEBUG:colcon.colcon_core.package_identification:Package 'plan_long_emergency' with type 'ros.ament_cmake' and name 'plan_long_emergency'
[0.875s] Level 1:colcon.colcon_core.package_discovery:discover_packages(recursive) using defaults
[0.875s] Level 1:colcon.colcon_core.package_discovery:discover_packages(ignore) discover
[0.875s] Level 1:colcon.colcon_core.package_discovery:discover_packages(ignore) using defaults
[0.875s] Level 1:colcon.colcon_core.package_discovery:discover_packages(path) discover
[0.875s] Level 1:colcon.colcon_core.package_discovery:discover_packages(path) using defaults
[0.946s] Level 1:colcon.colcon_core.package_discovery:discover_packages(prefix_path) check parameters
[0.946s] Level 1:colcon.colcon_core.package_discovery:discover_packages(prefix_path) discover
[0.953s] DEBUG:colcon.colcon_installed_package_information.package_discovery:Found 282 installed packages in /opt/ros/humble
[0.955s] Level 1:colcon.colcon_core.package_discovery:discover_packages(prefix_path) using defaults
[1.027s] Level 5:colcon.colcon_core.verb:set package 'basic_concepts' build argument 'cmake_args' from command line to 'None'
[1.027s] Level 5:colcon.colcon_core.verb:set package 'basic_concepts' build argument 'cmake_target' from command line to 'None'
[1.027s] Level 5:colcon.colcon_core.verb:set package 'basic_concepts' build argument 'cmake_target_skip_unavailable' from command line to 'False'
[1.027s] Level 5:colcon.colcon_core.verb:set package 'basic_concepts' build argument 'cmake_clean_cache' from command line to 'False'
[1.027s] Level 5:colcon.colcon_core.verb:set package 'basic_concepts' build argument 'cmake_clean_first' from command line to 'False'
[1.027s] Level 5:colcon.colcon_core.verb:set package 'basic_concepts' build argument 'cmake_force_configure' from command line to 'False'
[1.027s] Level 5:colcon.colcon_core.verb:set package 'basic_concepts' build argument 'ament_cmake_args' from command line to 'None'
[1.028s] Level 5:colcon.colcon_core.verb:set package 'basic_concepts' build argument 'catkin_cmake_args' from command line to 'None'
[1.028s] Level 5:colcon.colcon_core.verb:set package 'basic_concepts' build argument 'catkin_skip_building_tests' from command line to 'False'
[1.028s] DEBUG:colcon.colcon_core.verb:Building package 'basic_concepts' with the following arguments: {'ament_cmake_args': None, 'build_base': '/home/oliver/ros2_ws/braking_system/build/basic_concepts', 'catkin_cmake_args': None, 'catkin_skip_building_tests': False, 'cmake_args': None, 'cmake_clean_cache': False, 'cmake_clean_first': False, 'cmake_force_configure': False, 'cmake_target': None, 'cmake_target_skip_unavailable': False, 'install_base': '/home/oliver/ros2_ws/braking_system/install/basic_concepts', 'merge_install': False, 'path': '/home/oliver/ros2_ws/braking_system/examples/c++/basic_concepts', 'symlink_install': True, 'test_result_base': None}
[1.028s] Level 5:colcon.colcon_core.verb:set package 'behavior_planner' build argument 'cmake_args' from command line to 'None'
[1.028s] Level 5:colcon.colcon_core.verb:set package 'behavior_planner' build argument 'cmake_target' from command line to 'None'
[1.028s] Level 5:colcon.colcon_core.verb:set package 'behavior_planner' build argument 'cmake_target_skip_unavailable' from command line to 'False'
[1.028s] Level 5:colcon.colcon_core.verb:set package 'behavior_planner' build argument 'cmake_clean_cache' from command line to 'False'
[1.028s] Level 5:colcon.colcon_core.verb:set package 'behavior_planner' build argument 'cmake_clean_first' from command line to 'False'
[1.029s] Level 5:colcon.colcon_core.verb:set package 'behavior_planner' build argument 'cmake_force_configure' from command line to 'False'
[1.029s] Level 5:colcon.colcon_core.verb:set package 'behavior_planner' build argument 'ament_cmake_args' from command line to 'None'
[1.029s] Level 5:colcon.colcon_core.verb:set package 'behavior_planner' build argument 'catkin_cmake_args' from command line to 'None'
[1.029s] Level 5:colcon.colcon_core.verb:set package 'behavior_planner' build argument 'catkin_skip_building_tests' from command line to 'False'
[1.029s] DEBUG:colcon.colcon_core.verb:Building package 'behavior_planner' with the following arguments: {'ament_cmake_args': None, 'build_base': '/home/oliver/ros2_ws/braking_system/build/behavior_planner', 'catkin_cmake_args': None, 'catkin_skip_building_tests': False, 'cmake_args': None, 'cmake_clean_cache': False, 'cmake_clean_first': False, 'cmake_force_configure': False, 'cmake_target': None, 'cmake_target_skip_unavailable': False, 'install_base': '/home/oliver/ros2_ws/braking_system/install/behavior_planner', 'merge_install': False, 'path': '/home/oliver/ros2_ws/braking_system/behavior_planner', 'symlink_install': True, 'test_result_base': None}
[1.029s] Level 5:colcon.colcon_core.verb:set package 'ctrl_long_emergency' build argument 'cmake_args' from command line to 'None'
[1.029s] Level 5:colcon.colcon_core.verb:set package 'ctrl_long_emergency' build argument 'cmake_target' from command line to 'None'
[1.029s] Level 5:colcon.colcon_core.verb:set package 'ctrl_long_emergency' build argument 'cmake_target_skip_unavailable' from command line to 'False'
[1.029s] Level 5:colcon.colcon_core.verb:set package 'ctrl_long_emergency' build argument 'cmake_clean_cache' from command line to 'False'
[1.029s] Level 5:colcon.colcon_core.verb:set package 'ctrl_long_emergency' build argument 'cmake_clean_first' from command line to 'False'
[1.030s] Level 5:colcon.colcon_core.verb:set package 'ctrl_long_emergency' build argument 'cmake_force_configure' from command line to 'False'
[1.030s] Level 5:colcon.colcon_core.verb:set package 'ctrl_long_emergency' build argument 'ament_cmake_args' from command line to 'None'
[1.030s] Level 5:colcon.colcon_core.verb:set package 'ctrl_long_emergency' build argument 'catkin_cmake_args' from command line to 'None'
[1.030s] Level 5:colcon.colcon_core.verb:set package 'ctrl_long_emergency' build argument 'catkin_skip_building_tests' from command line to 'False'
[1.030s] DEBUG:colcon.colcon_core.verb:Building package 'ctrl_long_emergency' with the following arguments: {'ament_cmake_args': None, 'build_base': '/home/oliver/ros2_ws/braking_system/build/ctrl_long_emergency', 'catkin_cmake_args': None, 'catkin_skip_building_tests': False, 'cmake_args': None, 'cmake_clean_cache': False, 'cmake_clean_first': False, 'cmake_force_configure': False, 'cmake_target': None, 'cmake_target_skip_unavailable': False, 'install_base': '/home/oliver/ros2_ws/braking_system/install/ctrl_long_emergency', 'merge_install': False, 'path': '/home/oliver/ros2_ws/braking_system/ctrl_long_emergency', 'symlink_install': True, 'test_result_base': None}
[1.030s] Level 5:colcon.colcon_core.verb:set package 'plan_long_emergency' build argument 'cmake_args' from command line to 'None'
[1.030s] Level 5:colcon.colcon_core.verb:set package 'plan_long_emergency' build argument 'cmake_target' from command line to 'None'
[1.030s] Level 5:colcon.colcon_core.verb:set package 'plan_long_emergency' build argument 'cmake_target_skip_unavailable' from command line to 'False'
[1.030s] Level 5:colcon.colcon_core.verb:set package 'plan_long_emergency' build argument 'cmake_clean_cache' from command line to 'False'
[1.030s] Level 5:colcon.colcon_core.verb:set package 'plan_long_emergency' build argument 'cmake_clean_first' from command line to 'False'
[1.030s] Level 5:colcon.colcon_core.verb:set package 'plan_long_emergency' build argument 'cmake_force_configure' from command line to 'False'
[1.030s] Level 5:colcon.colcon_core.verb:set package 'plan_long_emergency' build argument 'ament_cmake_args' from command line to 'None'
[1.031s] Level 5:colcon.colcon_core.verb:set package 'plan_long_emergency' build argument 'catkin_cmake_args' from command line to 'None'
[1.031s] Level 5:colcon.colcon_core.verb:set package 'plan_long_emergency' build argument 'catkin_skip_building_tests' from command line to 'False'
[1.031s] DEBUG:colcon.colcon_core.verb:Building package 'plan_long_emergency' with the following arguments: {'ament_cmake_args': None, 'build_base': '/home/oliver/ros2_ws/braking_system/build/plan_long_emergency', 'catkin_cmake_args': None, 'catkin_skip_building_tests': False, 'cmake_args': None, 'cmake_clean_cache': False, 'cmake_clean_first': False, 'cmake_force_configure': False, 'cmake_target': None, 'cmake_target_skip_unavailable': False, 'install_base': '/home/oliver/ros2_ws/braking_system/install/plan_long_emergency', 'merge_install': False, 'path': '/home/oliver/ros2_ws/braking_system/plan_long_emergency', 'symlink_install': True, 'test_result_base': None}
[1.031s] Level 5:colcon.colcon_core.verb:set package 'velocity_estimator' build argument 'cmake_args' from command line to 'None'
[1.031s] Level 5:colcon.colcon_core.verb:set package 'velocity_estimator' build argument 'cmake_target' from command line to 'None'
[1.031s] Level 5:colcon.colcon_core.verb:set package 'velocity_estimator' build argument 'cmake_target_skip_unavailable' from command line to 'False'
[1.031s] Level 5:colcon.colcon_core.verb:set package 'velocity_estimator' build argument 'cmake_clean_cache' from command line to 'False'
[1.031s] Level 5:colcon.colcon_core.verb:set package 'velocity_estimator' build argument 'cmake_clean_first' from command line to 'False'
[1.031s] Level 5:colcon.colcon_core.verb:set package 'velocity_estimator' build argument 'cmake_force_configure' from command line to 'False'
[1.031s] Level 5:colcon.colcon_core.verb:set package 'velocity_estimator' build argument 'ament_cmake_args' from command line to 'None'
[1.031s] Level 5:colcon.colcon_core.verb:set package 'velocity_estimator' build argument 'catkin_cmake_args' from command line to 'None'
[1.032s] Level 5:colcon.colcon_core.verb:set package 'velocity_estimator' build argument 'catkin_skip_building_tests' from command line to 'False'
[1.032s] DEBUG:colcon.colcon_core.verb:Building package 'velocity_estimator' with the following arguments: {'ament_cmake_args': None, 'build_base': '/home/oliver/ros2_ws/braking_system/build/velocity_estimator', 'catkin_cmake_args': None, 'catkin_skip_building_tests': False, 'cmake_args': None, 'cmake_clean_cache': False, 'cmake_clean_first': False, 'cmake_force_configure': False, 'cmake_target': None, 'cmake_target_skip_unavailable': False, 'install_base': '/home/oliver/ros2_ws/braking_system/install/velocity_estimator', 'merge_install': False, 'path': '/home/oliver/ros2_ws/braking_system/examples/c++/velocity_estimator', 'symlink_install': True, 'test_result_base': None}
[1.032s] INFO:colcon.colcon_core.executor:Executing jobs using 'parallel' executor
[1.034s] DEBUG:colcon.colcon_parallel_executor.executor.parallel:run_until_complete
[1.035s] INFO:colcon.colcon_ros.task.ament_cmake.build:Building ROS package in '/home/oliver/ros2_ws/braking_system/examples/c++/basic_concepts' with build type 'ament_cmake'
[1.036s] INFO:colcon.colcon_cmake.task.cmake.build:Building CMake package in '/home/oliver/ros2_ws/braking_system/examples/c++/basic_concepts'
[1.044s] INFO:colcon.colcon_core.plugin_system:Skipping extension 'colcon_core.shell.bat': Not used on non-Windows systems
[1.044s] INFO:colcon.colcon_core.shell:Skip shell extension 'powershell' for command environment: Not usable outside of PowerShell
[1.044s] DEBUG:colcon.colcon_core.shell:Skip shell extension 'dsv' for command environment
[1.052s] INFO:colcon.colcon_ros.task.ament_cmake.build:Building ROS package in '/home/oliver/ros2_ws/braking_system/behavior_planner' with build type 'ament_cmake'
[1.052s] INFO:colcon.colcon_cmake.task.cmake.build:Building CMake package in '/home/oliver/ros2_ws/braking_system/behavior_planner'
[1.053s] INFO:colcon.colcon_core.shell:Skip shell extension 'powershell' for command environment: Not usable outside of PowerShell
[1.053s] DEBUG:colcon.colcon_core.shell:Skip shell extension 'dsv' for command environment
[1.058s] INFO:colcon.colcon_ros.task.ament_cmake.build:Building ROS package in '/home/oliver/ros2_ws/braking_system/ctrl_long_emergency' with build type 'ament_cmake'
[1.059s] INFO:colcon.colcon_cmake.task.cmake.build:Building CMake package in '/home/oliver/ros2_ws/braking_system/ctrl_long_emergency'
[1.059s] INFO:colcon.colcon_core.shell:Skip shell extension 'powershell' for command environment: Not usable outside of PowerShell
[1.060s] DEBUG:colcon.colcon_core.shell:Skip shell extension 'dsv' for command environment
[1.065s] INFO:colcon.colcon_ros.task.ament_cmake.build:Building ROS package in '/home/oliver/ros2_ws/braking_system/plan_long_emergency' with build type 'ament_cmake'
[1.065s] INFO:colcon.colcon_cmake.task.cmake.build:Building CMake package in '/home/oliver/ros2_ws/braking_system/plan_long_emergency'
[1.066s] INFO:colcon.colcon_core.shell:Skip shell extension 'powershell' for command environment: Not usable outside of PowerShell
[1.066s] DEBUG:colcon.colcon_core.shell:Skip shell extension 'dsv' for command environment
[1.072s] INFO:colcon.colcon_ros.task.ament_cmake.build:Building ROS package in '/home/oliver/ros2_ws/braking_system/examples/c++/velocity_estimator' with build type 'ament_cmake'
[1.072s] INFO:colcon.colcon_cmake.task.cmake.build:Building CMake package in '/home/oliver/ros2_ws/braking_system/examples/c++/velocity_estimator'
[1.073s] INFO:colcon.colcon_core.shell:Skip shell extension 'powershell' for command environment: Not usable outside of PowerShell
[1.073s] DEBUG:colcon.colcon_core.shell:Skip shell extension 'dsv' for command environment
[1.088s] DEBUG:colcon.colcon_core.event_handler.log_command:Invoking command in '/home/oliver/ros2_ws/braking_system/build/basic_concepts': CMAKE_PREFIX_PATH=/opt/ros/humble /usr/bin/cmake --build /home/oliver/ros2_ws/braking_system/build/basic_concepts -- -j8 -l8
[1.101s] DEBUG:colcon.colcon_core.event_handler.log_command:Invoking command in '/home/oliver/ros2_ws/braking_system/build/behavior_planner': CMAKE_PREFIX_PATH=/opt/ros/humble /usr/bin/cmake --build /home/oliver/ros2_ws/braking_system/build/behavior_planner -- -j8 -l8
[1.118s] DEBUG:colcon.colcon_core.event_handler.log_command:Invoking command in '/home/oliver/ros2_ws/braking_system/build/ctrl_long_emergency': CMAKE_PREFIX_PATH=/opt/ros/humble /usr/bin/cmake --build /home/oliver/ros2_ws/braking_system/build/ctrl_long_emergency -- -j8 -l8
[1.149s] DEBUG:colcon.colcon_core.event_handler.log_command:Invoking command in '/home/oliver/ros2_ws/braking_system/build/plan_long_emergency': CMAKE_PREFIX_PATH=/opt/ros/humble /usr/bin/cmake --build /home/oliver/ros2_ws/braking_system/build/plan_long_emergency -- -j8 -l8
[1.164s] DEBUG:colcon.colcon_core.event_handler.log_command:Invoking command in '/home/oliver/ros2_ws/braking_system/build/velocity_estimator': CMAKE_PREFIX_PATH=/opt/ros/humble /usr/bin/cmake --build /home/oliver/ros2_ws/braking_system/build/velocity_estimator -- -j8 -l8
[1.411s] DEBUG:colcon.colcon_core.event_handler.log_command:Invoked command in '/home/oliver/ros2_ws/braking_system/build/plan_long_emergency' returned '0': CMAKE_PREFIX_PATH=/opt/ros/humble /usr/bin/cmake --build /home/oliver/ros2_ws/braking_system/build/plan_long_emergency -- -j8 -l8
[1.444s] DEBUG:colcon.colcon_core.event_handler.log_command:Invoking command in '/home/oliver/ros2_ws/braking_system/build/plan_long_emergency': CMAKE_PREFIX_PATH=/opt/ros/humble /usr/bin/cmake --install /home/oliver/ros2_ws/braking_system/build/plan_long_emergency
[1.455s] DEBUG:colcon.colcon_core.event_handler.log_command:Invoked command in '/home/oliver/ros2_ws/braking_system/build/behavior_planner' returned '0': CMAKE_PREFIX_PATH=/opt/ros/humble /usr/bin/cmake --build /home/oliver/ros2_ws/braking_system/build/behavior_planner -- -j8 -l8
[1.459s] DEBUG:colcon.colcon_core.event_handler.log_command:Invoking command in '/home/oliver/ros2_ws/braking_system/build/behavior_planner': CMAKE_PREFIX_PATH=/opt/ros/humble /usr/bin/cmake --install /home/oliver/ros2_ws/braking_system/build/behavior_planner
[1.466s] DEBUG:colcon.colcon_core.event_handler.log_command:Invoked command in '/home/oliver/ros2_ws/braking_system/build/basic_concepts' returned '0': CMAKE_PREFIX_PATH=/opt/ros/humble /usr/bin/cmake --build /home/oliver/ros2_ws/braking_system/build/basic_concepts -- -j8 -l8
[1.475s] DEBUG:colcon.colcon_core.event_handler.log_command:Invoking command in '/home/oliver/ros2_ws/braking_system/build/basic_concepts': CMAKE_PREFIX_PATH=/opt/ros/humble /usr/bin/cmake --install /home/oliver/ros2_ws/braking_system/build/basic_concepts
[1.478s] DEBUG:colcon.colcon_core.event_handler.log_command:Invoked command in '/home/oliver/ros2_ws/braking_system/build/velocity_estimator' returned '0': CMAKE_PREFIX_PATH=/opt/ros/humble /usr/bin/cmake --build /home/oliver/ros2_ws/braking_system/build/velocity_estimator -- -j8 -l8
[1.501s] DEBUG:colcon.colcon_core.event_handler.log_command:Invoking command in '/home/oliver/ros2_ws/braking_system/build/velocity_estimator': CMAKE_PREFIX_PATH=/opt/ros/humble /usr/bin/cmake --install /home/oliver/ros2_ws/braking_system/build/velocity_estimator
[1.513s] Level 1:colcon.colcon_core.environment:create_environment_scripts_only(plan_long_emergency)
[1.518s] DEBUG:colcon.colcon_core.event_handler.log_command:Invoked command in '/home/oliver/ros2_ws/braking_system/build/plan_long_emergency' returned '0': CMAKE_PREFIX_PATH=/opt/ros/humble /usr/bin/cmake --install /home/oliver/ros2_ws/braking_system/build/plan_long_emergency
[1.558s] Level 1:colcon.colcon_core.environment:checking '/home/oliver/ros2_ws/braking_system/install/plan_long_emergency' for CMake module files
[1.560s] Level 1:colcon.colcon_core.environment:checking '/home/oliver/ros2_ws/braking_system/install/plan_long_emergency' for CMake config files
[1.561s] Level 1:colcon.colcon_core.shell:create_environment_hook('plan_long_emergency', 'cmake_prefix_path')
[1.562s] INFO:colcon.colcon_core.shell:Creating environment hook '/home/oliver/ros2_ws/braking_system/install/plan_long_emergency/share/plan_long_emergency/hook/cmake_prefix_path.ps1'
[1.568s] INFO:colcon.colcon_core.shell:Creating environment descriptor '/home/oliver/ros2_ws/braking_system/install/plan_long_emergency/share/plan_long_emergency/hook/cmake_prefix_path.dsv'
[1.573s] INFO:colcon.colcon_core.shell:Creating environment hook '/home/oliver/ros2_ws/braking_system/install/plan_long_emergency/share/plan_long_emergency/hook/cmake_prefix_path.sh'
[1.577s] Level 1:colcon.colcon_core.environment:checking '/home/oliver/ros2_ws/braking_system/install/plan_long_emergency/lib'
[1.577s] Level 1:colcon.colcon_core.environment:checking '/home/oliver/ros2_ws/braking_system/install/plan_long_emergency/bin'
[1.577s] Level 1:colcon.colcon_core.environment:checking '/home/oliver/ros2_ws/braking_system/install/plan_long_emergency/lib/pkgconfig/plan_long_emergency.pc'
[1.578s] Level 1:colcon.colcon_core.environment:checking '/home/oliver/ros2_ws/braking_system/install/plan_long_emergency/lib/python3.10/site-packages'
[1.579s] Level 1:colcon.colcon_core.environment:checking '/home/oliver/ros2_ws/braking_system/install/plan_long_emergency/bin'
[1.580s] INFO:colcon.colcon_core.shell:Creating package script '/home/oliver/ros2_ws/braking_system/install/plan_long_emergency/share/plan_long_emergency/package.ps1'
[1.582s] INFO:colcon.colcon_core.shell:Creating package descriptor '/home/oliver/ros2_ws/braking_system/install/plan_long_emergency/share/plan_long_emergency/package.dsv'
[1.583s] INFO:colcon.colcon_core.shell:Creating package script '/home/oliver/ros2_ws/braking_system/install/plan_long_emergency/share/plan_long_emergency/package.sh'
[1.585s] INFO:colcon.colcon_core.shell:Creating package script '/home/oliver/ros2_ws/braking_system/install/plan_long_emergency/share/plan_long_emergency/package.bash'
[1.587s] INFO:colcon.colcon_core.shell:Creating package script '/home/oliver/ros2_ws/braking_system/install/plan_long_emergency/share/plan_long_emergency/package.zsh'
[1.588s] Level 1:colcon.colcon_core.environment:create_file_with_runtime_dependencies(/home/oliver/ros2_ws/braking_system/install/plan_long_emergency/share/colcon-core/packages/plan_long_emergency)
[1.590s] Level 1:colcon.colcon_core.environment:create_environment_scripts_only(plan_long_emergency)
[1.590s] Level 1:colcon.colcon_core.environment:checking '/home/oliver/ros2_ws/braking_system/install/plan_long_emergency' for CMake module files
[1.591s] Level 1:colcon.colcon_core.environment:checking '/home/oliver/ros2_ws/braking_system/install/plan_long_emergency' for CMake config files
[1.591s] Level 1:colcon.colcon_core.shell:create_environment_hook('plan_long_emergency', 'cmake_prefix_path')
[1.592s] INFO:colcon.colcon_core.shell:Creating environment hook '/home/oliver/ros2_ws/braking_system/install/plan_long_emergency/share/plan_long_emergency/hook/cmake_prefix_path.ps1'
[1.593s] INFO:colcon.colcon_core.shell:Creating environment descriptor '/home/oliver/ros2_ws/braking_system/install/plan_long_emergency/share/plan_long_emergency/hook/cmake_prefix_path.dsv'
[1.593s] INFO:colcon.colcon_core.shell:Creating environment hook '/home/oliver/ros2_ws/braking_system/install/plan_long_emergency/share/plan_long_emergency/hook/cmake_prefix_path.sh'
[1.595s] Level 1:colcon.colcon_core.environment:checking '/home/oliver/ros2_ws/braking_system/install/plan_long_emergency/lib'
[1.595s] Level 1:colcon.colcon_core.environment:checking '/home/oliver/ros2_ws/braking_system/install/plan_long_emergency/bin'
[1.595s] Level 1:colcon.colcon_core.environment:checking '/home/oliver/ros2_ws/braking_system/install/plan_long_emergency/lib/pkgconfig/plan_long_emergency.pc'
[1.596s] Level 1:colcon.colcon_core.environment:checking '/home/oliver/ros2_ws/braking_system/install/plan_long_emergency/lib/python3.10/site-packages'
[1.597s] Level 1:colcon.colcon_core.environment:checking '/home/oliver/ros2_ws/braking_system/install/plan_long_emergency/bin'
[1.598s] INFO:colcon.colcon_core.shell:Creating package script '/home/oliver/ros2_ws/braking_system/install/plan_long_emergency/share/plan_long_emergency/package.ps1'
[1.599s] INFO:colcon.colcon_core.shell:Creating package descriptor '/home/oliver/ros2_ws/braking_system/install/plan_long_emergency/share/plan_long_emergency/package.dsv'
[1.600s] INFO:colcon.colcon_core.shell:Creating package script '/home/oliver/ros2_ws/braking_system/install/plan_long_emergency/share/plan_long_emergency/package.sh'
[1.601s] INFO:colcon.colcon_core.shell:Creating package script '/home/oliver/ros2_ws/braking_system/install/plan_long_emergency/share/plan_long_emergency/package.bash'
[1.602s] INFO:colcon.colcon_core.shell:Creating package script '/home/oliver/ros2_ws/braking_system/install/plan_long_emergency/share/plan_long_emergency/package.zsh'
[1.603s] Level 1:colcon.colcon_core.environment:create_file_with_runtime_dependencies(/home/oliver/ros2_ws/braking_system/install/plan_long_emergency/share/colcon-core/packages/plan_long_emergency)
[1.611s] Level 1:colcon.colcon_core.environment:create_environment_scripts_only(behavior_planner)
[1.612s] Level 1:colcon.colcon_core.environment:checking '/home/oliver/ros2_ws/braking_system/install/behavior_planner' for CMake module files
[1.613s] Level 1:colcon.colcon_core.environment:checking '/home/oliver/ros2_ws/braking_system/install/behavior_planner' for CMake config files
[1.615s] DEBUG:colcon.colcon_core.event_handler.log_command:Invoked command in '/home/oliver/ros2_ws/braking_system/build/behavior_planner' returned '0': CMAKE_PREFIX_PATH=/opt/ros/humble /usr/bin/cmake --install /home/oliver/ros2_ws/braking_system/build/behavior_planner
[1.616s] Level 1:colcon.colcon_core.shell:create_environment_hook('behavior_planner', 'cmake_prefix_path')
[1.617s] INFO:colcon.colcon_core.shell:Creating environment hook '/home/oliver/ros2_ws/braking_system/install/behavior_planner/share/behavior_planner/hook/cmake_prefix_path.ps1'
[1.620s] INFO:colcon.colcon_core.shell:Creating environment descriptor '/home/oliver/ros2_ws/braking_system/install/behavior_planner/share/behavior_planner/hook/cmake_prefix_path.dsv'
[1.621s] INFO:colcon.colcon_core.shell:Creating environment hook '/home/oliver/ros2_ws/braking_system/install/behavior_planner/share/behavior_planner/hook/cmake_prefix_path.sh'
[1.622s] Level 1:colcon.colcon_core.environment:checking '/home/oliver/ros2_ws/braking_system/install/behavior_planner/lib'
[1.623s] Level 1:colcon.colcon_core.environment:checking '/home/oliver/ros2_ws/braking_system/install/behavior_planner/bin'
[1.623s] Level 1:colcon.colcon_core.environment:checking '/home/oliver/ros2_ws/braking_system/install/behavior_planner/lib/pkgconfig/behavior_planner.pc'
[1.626s] Level 1:colcon.colcon_core.environment:checking '/home/oliver/ros2_ws/braking_system/install/behavior_planner/lib/python3.10/site-packages'
[1.628s] Level 1:colcon.colcon_core.environment:checking '/home/oliver/ros2_ws/braking_system/install/behavior_planner/bin'
[1.629s] INFO:colcon.colcon_core.shell:Creating package script '/home/oliver/ros2_ws/braking_system/install/behavior_planner/share/behavior_planner/package.ps1'
[1.634s] INFO:colcon.colcon_core.shell:Creating package descriptor '/home/oliver/ros2_ws/braking_system/install/behavior_planner/share/behavior_planner/package.dsv'
[1.636s] INFO:colcon.colcon_core.shell:Creating package script '/home/oliver/ros2_ws/braking_system/install/behavior_planner/share/behavior_planner/package.sh'
[1.637s] INFO:colcon.colcon_core.shell:Creating package script '/home/oliver/ros2_ws/braking_system/install/behavior_planner/share/behavior_planner/package.bash'
[1.638s] INFO:colcon.colcon_core.shell:Creating package script '/home/oliver/ros2_ws/braking_system/install/behavior_planner/share/behavior_planner/package.zsh'
[1.642s] Level 1:colcon.colcon_core.environment:create_file_with_runtime_dependencies(/home/oliver/ros2_ws/braking_system/install/behavior_planner/share/colcon-core/packages/behavior_planner)
[1.643s] Level 1:colcon.colcon_core.environment:create_environment_scripts_only(behavior_planner)
[1.644s] Level 1:colcon.colcon_core.environment:checking '/home/oliver/ros2_ws/braking_system/install/behavior_planner' for CMake module files
[1.646s] Level 1:colcon.colcon_core.environment:checking '/home/oliver/ros2_ws/braking_system/install/behavior_planner' for CMake config files
[1.647s] Level 1:colcon.colcon_core.shell:create_environment_hook('behavior_planner', 'cmake_prefix_path')
[1.647s] INFO:colcon.colcon_core.shell:Creating environment hook '/home/oliver/ros2_ws/braking_system/install/behavior_planner/share/behavior_planner/hook/cmake_prefix_path.ps1'
[1.648s] INFO:colcon.colcon_core.shell:Creating environment descriptor '/home/oliver/ros2_ws/braking_system/install/behavior_planner/share/behavior_planner/hook/cmake_prefix_path.dsv'
[1.650s] INFO:colcon.colcon_core.shell:Creating environment hook '/home/oliver/ros2_ws/braking_system/install/behavior_planner/share/behavior_planner/hook/cmake_prefix_path.sh'
[1.653s] Level 1:colcon.colcon_core.environment:checking '/home/oliver/ros2_ws/braking_system/install/behavior_planner/lib'
[1.653s] Level 1:colcon.colcon_core.environment:checking '/home/oliver/ros2_ws/braking_system/install/behavior_planner/bin'
[1.654s] Level 1:colcon.colcon_core.environment:checking '/home/oliver/ros2_ws/braking_system/install/behavior_planner/lib/pkgconfig/behavior_planner.pc'
[1.654s] Level 1:colcon.colcon_core.environment:checking '/home/oliver/ros2_ws/braking_system/install/behavior_planner/lib/python3.10/site-packages'
[1.656s] Level 1:colcon.colcon_core.environment:checking '/home/oliver/ros2_ws/braking_system/install/behavior_planner/bin'
[1.657s] INFO:colcon.colcon_core.shell:Creating package script '/home/oliver/ros2_ws/braking_system/install/behavior_planner/share/behavior_planner/package.ps1'
[1.658s] INFO:colcon.colcon_core.shell:Creating package descriptor '/home/oliver/ros2_ws/braking_system/install/behavior_planner/share/behavior_planner/package.dsv'
[1.660s] INFO:colcon.colcon_core.shell:Creating package script '/home/oliver/ros2_ws/braking_system/install/behavior_planner/share/behavior_planner/package.sh'
[1.661s] INFO:colcon.colcon_core.shell:Creating package script '/home/oliver/ros2_ws/braking_system/install/behavior_planner/share/behavior_planner/package.bash'
[1.662s] INFO:colcon.colcon_core.shell:Creating package script '/home/oliver/ros2_ws/braking_system/install/behavior_planner/share/behavior_planner/package.zsh'
[1.663s] Level 1:colcon.colcon_core.environment:create_file_with_runtime_dependencies(/home/oliver/ros2_ws/braking_system/install/behavior_planner/share/colcon-core/packages/behavior_planner)
[1.664s] Level 1:colcon.colcon_core.environment:create_environment_scripts_only(basic_concepts)
[1.666s] Level 1:colcon.colcon_core.environment:checking '/home/oliver/ros2_ws/braking_system/install/basic_concepts' for CMake module files
[1.666s] DEBUG:colcon.colcon_core.event_handler.log_command:Invoked command in '/home/oliver/ros2_ws/braking_system/build/basic_concepts' returned '0': CMAKE_PREFIX_PATH=/opt/ros/humble /usr/bin/cmake --install /home/oliver/ros2_ws/braking_system/build/basic_concepts
[1.669s] Level 1:colcon.colcon_core.environment:checking '/home/oliver/ros2_ws/braking_system/install/basic_concepts' for CMake config files
[1.670s] Level 1:colcon.colcon_core.shell:create_environment_hook('basic_concepts', 'cmake_prefix_path')
[1.671s] INFO:colcon.colcon_core.shell:Creating environment hook '/home/oliver/ros2_ws/braking_system/install/basic_concepts/share/basic_concepts/hook/cmake_prefix_path.ps1'
[1.673s] INFO:colcon.colcon_core.shell:Creating environment descriptor '/home/oliver/ros2_ws/braking_system/install/basic_concepts/share/basic_concepts/hook/cmake_prefix_path.dsv'
[1.674s] INFO:colcon.colcon_core.shell:Creating environment hook '/home/oliver/ros2_ws/braking_system/install/basic_concepts/share/basic_concepts/hook/cmake_prefix_path.sh'
[1.676s] Level 1:colcon.colcon_core.environment:checking '/home/oliver/ros2_ws/braking_system/install/basic_concepts/lib'
[1.676s] Level 1:colcon.colcon_core.environment:checking '/home/oliver/ros2_ws/braking_system/install/basic_concepts/bin'
[1.676s] Level 1:colcon.colcon_core.environment:checking '/home/oliver/ros2_ws/braking_system/install/basic_concepts/lib/pkgconfig/basic_concepts.pc'
[1.677s] Level 1:colcon.colcon_core.environment:checking '/home/oliver/ros2_ws/braking_system/install/basic_concepts/lib/python3.10/site-packages'
[1.678s] Level 1:colcon.colcon_core.environment:checking '/home/oliver/ros2_ws/braking_system/install/basic_concepts/bin'
[1.679s] INFO:colcon.colcon_core.shell:Creating package script '/home/oliver/ros2_ws/braking_system/install/basic_concepts/share/basic_concepts/package.ps1'
[1.681s] INFO:colcon.colcon_core.shell:Creating package descriptor '/home/oliver/ros2_ws/braking_system/install/basic_concepts/share/basic_concepts/package.dsv'
[1.682s] INFO:colcon.colcon_core.shell:Creating package script '/home/oliver/ros2_ws/braking_system/install/basic_concepts/share/basic_concepts/package.sh'
[1.683s] INFO:colcon.colcon_core.shell:Creating package script '/home/oliver/ros2_ws/braking_system/install/basic_concepts/share/basic_concepts/package.bash'
[1.684s] INFO:colcon.colcon_core.shell:Creating package script '/home/oliver/ros2_ws/braking_system/install/basic_concepts/share/basic_concepts/package.zsh'
[1.685s] Level 1:colcon.colcon_core.environment:create_file_with_runtime_dependencies(/home/oliver/ros2_ws/braking_system/install/basic_concepts/share/colcon-core/packages/basic_concepts)
[1.686s] Level 1:colcon.colcon_core.environment:create_environment_scripts_only(basic_concepts)
[1.687s] Level 1:colcon.colcon_core.environment:checking '/home/oliver/ros2_ws/braking_system/install/basic_concepts' for CMake module files
[1.689s] Level 1:colcon.colcon_core.environment:checking '/home/oliver/ros2_ws/braking_system/install/basic_concepts' for CMake config files
[1.690s] Level 1:colcon.colcon_core.shell:create_environment_hook('basic_concepts', 'cmake_prefix_path')
[1.690s] INFO:colcon.colcon_core.shell:Creating environment hook '/home/oliver/ros2_ws/braking_system/install/basic_concepts/share/basic_concepts/hook/cmake_prefix_path.ps1'
[1.691s] INFO:colcon.colcon_core.shell:Creating environment descriptor '/home/oliver/ros2_ws/braking_system/install/basic_concepts/share/basic_concepts/hook/cmake_prefix_path.dsv'
[1.692s] INFO:colcon.colcon_core.shell:Creating environment hook '/home/oliver/ros2_ws/braking_system/install/basic_concepts/share/basic_concepts/hook/cmake_prefix_path.sh'
[1.694s] Level 1:colcon.colcon_core.environment:checking '/home/oliver/ros2_ws/braking_system/install/basic_concepts/lib'
[1.694s] Level 1:colcon.colcon_core.environment:checking '/home/oliver/ros2_ws/braking_system/install/basic_concepts/bin'
[1.694s] Level 1:colcon.colcon_core.environment:checking '/home/oliver/ros2_ws/braking_system/install/basic_concepts/lib/pkgconfig/basic_concepts.pc'
[1.695s] Level 1:colcon.colcon_core.environment:checking '/home/oliver/ros2_ws/braking_system/install/basic_concepts/lib/python3.10/site-packages'
[1.696s] Level 1:colcon.colcon_core.environment:checking '/home/oliver/ros2_ws/braking_system/install/basic_concepts/bin'
[1.697s] INFO:colcon.colcon_core.shell:Creating package script '/home/oliver/ros2_ws/braking_system/install/basic_concepts/share/basic_concepts/package.ps1'
[1.698s] INFO:colcon.colcon_core.shell:Creating package descriptor '/home/oliver/ros2_ws/braking_system/install/basic_concepts/share/basic_concepts/package.dsv'
[1.700s] INFO:colcon.colcon_core.shell:Creating package script '/home/oliver/ros2_ws/braking_system/install/basic_concepts/share/basic_concepts/package.sh'
[1.701s] INFO:colcon.colcon_core.shell:Creating package script '/home/oliver/ros2_ws/braking_system/install/basic_concepts/share/basic_concepts/package.bash'
[1.702s] INFO:colcon.colcon_core.shell:Creating package script '/home/oliver/ros2_ws/braking_system/install/basic_concepts/share/basic_concepts/package.zsh'
[1.703s] Level 1:colcon.colcon_core.environment:create_file_with_runtime_dependencies(/home/oliver/ros2_ws/braking_system/install/basic_concepts/share/colcon-core/packages/basic_concepts)
[1.705s] Level 1:colcon.colcon_core.environment:create_environment_scripts_only(velocity_estimator)
[1.706s] Level 1:colcon.colcon_core.environment:checking '/home/oliver/ros2_ws/braking_system/install/velocity_estimator' for CMake module files
[1.707s] DEBUG:colcon.colcon_core.event_handler.log_command:Invoked command in '/home/oliver/ros2_ws/braking_system/build/velocity_estimator' returned '0': CMAKE_PREFIX_PATH=/opt/ros/humble /usr/bin/cmake --install /home/oliver/ros2_ws/braking_system/build/velocity_estimator
[1.709s] Level 1:colcon.colcon_core.environment:checking '/home/oliver/ros2_ws/braking_system/install/velocity_estimator' for CMake config files
[1.710s] Level 1:colcon.colcon_core.shell:create_environment_hook('velocity_estimator', 'cmake_prefix_path')
[1.711s] INFO:colcon.colcon_core.shell:Creating environment hook '/home/oliver/ros2_ws/braking_system/install/velocity_estimator/share/velocity_estimator/hook/cmake_prefix_path.ps1'
[1.712s] INFO:colcon.colcon_core.shell:Creating environment descriptor '/home/oliver/ros2_ws/braking_system/install/velocity_estimator/share/velocity_estimator/hook/cmake_prefix_path.dsv'
[1.713s] INFO:colcon.colcon_core.shell:Creating environment hook '/home/oliver/ros2_ws/braking_system/install/velocity_estimator/share/velocity_estimator/hook/cmake_prefix_path.sh'
[1.715s] Level 1:colcon.colcon_core.environment:checking '/home/oliver/ros2_ws/braking_system/install/velocity_estimator/lib'
[1.715s] Level 1:colcon.colcon_core.environment:checking '/home/oliver/ros2_ws/braking_system/install/velocity_estimator/bin'
[1.715s] Level 1:colcon.colcon_core.environment:checking '/home/oliver/ros2_ws/braking_system/install/velocity_estimator/lib/pkgconfig/velocity_estimator.pc'
[1.716s] Level 1:colcon.colcon_core.environment:checking '/home/oliver/ros2_ws/braking_system/install/velocity_estimator/lib/python3.10/site-packages'
[1.717s] Level 1:colcon.colcon_core.environment:checking '/home/oliver/ros2_ws/braking_system/install/velocity_estimator/bin'
[1.718s] INFO:colcon.colcon_core.shell:Creating package script '/home/oliver/ros2_ws/braking_system/install/velocity_estimator/share/velocity_estimator/package.ps1'
[1.719s] INFO:colcon.colcon_core.shell:Creating package descriptor '/home/oliver/ros2_ws/braking_system/install/velocity_estimator/share/velocity_estimator/package.dsv'
[1.720s] INFO:colcon.colcon_core.shell:Creating package script '/home/oliver/ros2_ws/braking_system/install/velocity_estimator/share/velocity_estimator/package.sh'
[1.721s] INFO:colcon.colcon_core.shell:Creating package script '/home/oliver/ros2_ws/braking_system/install/velocity_estimator/share/velocity_estimator/package.bash'
[1.722s] INFO:colcon.colcon_core.shell:Creating package script '/home/oliver/ros2_ws/braking_system/install/velocity_estimator/share/velocity_estimator/package.zsh'
[1.723s] Level 1:colcon.colcon_core.environment:create_file_with_runtime_dependencies(/home/oliver/ros2_ws/braking_system/install/velocity_estimator/share/colcon-core/packages/velocity_estimator)
[1.725s] Level 1:colcon.colcon_core.environment:create_environment_scripts_only(velocity_estimator)
[1.725s] Level 1:colcon.colcon_core.environment:checking '/home/oliver/ros2_ws/braking_system/install/velocity_estimator' for CMake module files
[1.727s] Level 1:colcon.colcon_core.environment:checking '/home/oliver/ros2_ws/braking_system/install/velocity_estimator' for CMake config files
[1.728s] Level 1:colcon.colcon_core.shell:create_environment_hook('velocity_estimator', 'cmake_prefix_path')
[1.729s] INFO:colcon.colcon_core.shell:Creating environment hook '/home/oliver/ros2_ws/braking_system/install/velocity_estimator/share/velocity_estimator/hook/cmake_prefix_path.ps1'
[1.730s] INFO:colcon.colcon_core.shell:Creating environment descriptor '/home/oliver/ros2_ws/braking_system/install/velocity_estimator/share/velocity_estimator/hook/cmake_prefix_path.dsv'
[1.731s] INFO:colcon.colcon_core.shell:Creating environment hook '/home/oliver/ros2_ws/braking_system/install/velocity_estimator/share/velocity_estimator/hook/cmake_prefix_path.sh'
[1.733s] Level 1:colcon.colcon_core.environment:checking '/home/oliver/ros2_ws/braking_system/install/velocity_estimator/lib'
[1.733s] Level 1:colcon.colcon_core.environment:checking '/home/oliver/ros2_ws/braking_system/install/velocity_estimator/bin'
[1.733s] Level 1:colcon.colcon_core.environment:checking '/home/oliver/ros2_ws/braking_system/install/velocity_estimator/lib/pkgconfig/velocity_estimator.pc'
[1.734s] Level 1:colcon.colcon_core.environment:checking '/home/oliver/ros2_ws/braking_system/install/velocity_estimator/lib/python3.10/site-packages'
[1.735s] Level 1:colcon.colcon_core.environment:checking '/home/oliver/ros2_ws/braking_system/install/velocity_estimator/bin'
[1.736s] INFO:colcon.colcon_core.shell:Creating package script '/home/oliver/ros2_ws/braking_system/install/velocity_estimator/share/velocity_estimator/package.ps1'
[1.737s] INFO:colcon.colcon_core.shell:Creating package descriptor '/home/oliver/ros2_ws/braking_system/install/velocity_estimator/share/velocity_estimator/package.dsv'
[1.739s] INFO:colcon.colcon_core.shell:Creating package script '/home/oliver/ros2_ws/braking_system/install/velocity_estimator/share/velocity_estimator/package.sh'
[1.740s] INFO:colcon.colcon_core.shell:Creating package script '/home/oliver/ros2_ws/braking_system/install/velocity_estimator/share/velocity_estimator/package.bash'
[1.742s] INFO:colcon.colcon_core.shell:Creating package script '/home/oliver/ros2_ws/braking_system/install/velocity_estimator/share/velocity_estimator/package.zsh'
[1.743s] Level 1:colcon.colcon_core.environment:create_file_with_runtime_dependencies(/home/oliver/ros2_ws/braking_system/install/velocity_estimator/share/colcon-core/packages/velocity_estimator)
[30.253s] DEBUG:colcon.colcon_core.event_handler.log_command:Invoked command in '/home/oliver/ros2_ws/braking_system/build/ctrl_long_emergency' returned '0': CMAKE_PREFIX_PATH=/opt/ros/humble /usr/bin/cmake --build /home/oliver/ros2_ws/braking_system/build/ctrl_long_emergency -- -j8 -l8
[30.257s] DEBUG:colcon.colcon_core.event_handler.log_command:Invoking command in '/home/oliver/ros2_ws/braking_system/build/ctrl_long_emergency': CMAKE_PREFIX_PATH=/opt/ros/humble /usr/bin/cmake --install /home/oliver/ros2_ws/braking_system/build/ctrl_long_emergency
[30.310s] Level 1:colcon.colcon_core.environment:create_environment_scripts_only(ctrl_long_emergency)
[30.311s] Level 1:colcon.colcon_core.environment:checking '/home/oliver/ros2_ws/braking_system/install/ctrl_long_emergency' for CMake module files
[30.313s] DEBUG:colcon.colcon_core.event_handler.log_command:Invoked command in '/home/oliver/ros2_ws/braking_system/build/ctrl_long_emergency' returned '0': CMAKE_PREFIX_PATH=/opt/ros/humble /usr/bin/cmake --install /home/oliver/ros2_ws/braking_system/build/ctrl_long_emergency
[30.314s] Level 1:colcon.colcon_core.environment:checking '/home/oliver/ros2_ws/braking_system/install/ctrl_long_emergency' for CMake config files
[30.315s] Level 1:colcon.colcon_core.shell:create_environment_hook('ctrl_long_emergency', 'cmake_prefix_path')
[30.315s] INFO:colcon.colcon_core.shell:Creating environment hook '/home/oliver/ros2_ws/braking_system/install/ctrl_long_emergency/share/ctrl_long_emergency/hook/cmake_prefix_path.ps1'
[30.317s] INFO:colcon.colcon_core.shell:Creating environment descriptor '/home/oliver/ros2_ws/braking_system/install/ctrl_long_emergency/share/ctrl_long_emergency/hook/cmake_prefix_path.dsv'
[30.317s] INFO:colcon.colcon_core.shell:Creating environment hook '/home/oliver/ros2_ws/braking_system/install/ctrl_long_emergency/share/ctrl_long_emergency/hook/cmake_prefix_path.sh'
[30.318s] Level 1:colcon.colcon_core.environment:checking '/home/oliver/ros2_ws/braking_system/install/ctrl_long_emergency/lib'
[30.318s] Level 1:colcon.colcon_core.environment:checking '/home/oliver/ros2_ws/braking_system/install/ctrl_long_emergency/bin'
[30.319s] Level 1:colcon.colcon_core.environment:checking '/home/oliver/ros2_ws/braking_system/install/ctrl_long_emergency/lib/pkgconfig/ctrl_long_emergency.pc'
[30.319s] Level 1:colcon.colcon_core.environment:checking '/home/oliver/ros2_ws/braking_system/install/ctrl_long_emergency/lib/python3.10/site-packages'
[30.320s] Level 1:colcon.colcon_core.environment:checking '/home/oliver/ros2_ws/braking_system/install/ctrl_long_emergency/bin'
[30.321s] INFO:colcon.colcon_core.shell:Creating package script '/home/oliver/ros2_ws/braking_system/install/ctrl_long_emergency/share/ctrl_long_emergency/package.ps1'
[30.321s] INFO:colcon.colcon_core.shell:Creating package descriptor '/home/oliver/ros2_ws/braking_system/install/ctrl_long_emergency/share/ctrl_long_emergency/package.dsv'
[30.322s] INFO:colcon.colcon_core.shell:Creating package script '/home/oliver/ros2_ws/braking_system/install/ctrl_long_emergency/share/ctrl_long_emergency/package.sh'
[30.323s] INFO:colcon.colcon_core.shell:Creating package script '/home/oliver/ros2_ws/braking_system/install/ctrl_long_emergency/share/ctrl_long_emergency/package.bash'
[30.324s] INFO:colcon.colcon_core.shell:Creating package script '/home/oliver/ros2_ws/braking_system/install/ctrl_long_emergency/share/ctrl_long_emergency/package.zsh'
[30.325s] Level 1:colcon.colcon_core.environment:create_file_with_runtime_dependencies(/home/oliver/ros2_ws/braking_system/install/ctrl_long_emergency/share/colcon-core/packages/ctrl_long_emergency)
[30.326s] Level 1:colcon.colcon_core.environment:create_environment_scripts_only(ctrl_long_emergency)
[30.326s] Level 1:colcon.colcon_core.environment:checking '/home/oliver/ros2_ws/braking_system/install/ctrl_long_emergency' for CMake module files
[30.327s] Level 1:colcon.colcon_core.environment:checking '/home/oliver/ros2_ws/braking_system/install/ctrl_long_emergency' for CMake config files
[30.328s] Level 1:colcon.colcon_core.shell:create_environment_hook('ctrl_long_emergency', 'cmake_prefix_path')
[30.328s] INFO:colcon.colcon_core.shell:Creating environment hook '/home/oliver/ros2_ws/braking_system/install/ctrl_long_emergency/share/ctrl_long_emergency/hook/cmake_prefix_path.ps1'
[30.330s] INFO:colcon.colcon_core.shell:Creating environment descriptor '/home/oliver/ros2_ws/braking_system/install/ctrl_long_emergency/share/ctrl_long_emergency/hook/cmake_prefix_path.dsv'
[30.330s] INFO:colcon.colcon_core.shell:Creating environment hook '/home/oliver/ros2_ws/braking_system/install/ctrl_long_emergency/share/ctrl_long_emergency/hook/cmake_prefix_path.sh'
[30.332s] Level 1:colcon.colcon_core.environment:checking '/home/oliver/ros2_ws/braking_system/install/ctrl_long_emergency/lib'
[30.332s] Level 1:colcon.colcon_core.environment:checking '/home/oliver/ros2_ws/braking_system/install/ctrl_long_emergency/bin'
[30.332s] Level 1:colcon.colcon_core.environment:checking '/home/oliver/ros2_ws/braking_system/install/ctrl_long_emergency/lib/pkgconfig/ctrl_long_emergency.pc'
[30.332s] Level 1:colcon.colcon_core.environment:checking '/home/oliver/ros2_ws/braking_system/install/ctrl_long_emergency/lib/python3.10/site-packages'
[30.333s] Level 1:colcon.colcon_core.environment:checking '/home/oliver/ros2_ws/braking_system/install/ctrl_long_emergency/bin'
[30.334s] INFO:colcon.colcon_core.shell:Creating package script '/home/oliver/ros2_ws/braking_system/install/ctrl_long_emergency/share/ctrl_long_emergency/package.ps1'
[30.335s] INFO:colcon.colcon_core.shell:Creating package descriptor '/home/oliver/ros2_ws/braking_system/install/ctrl_long_emergency/share/ctrl_long_emergency/package.dsv'
[30.336s] INFO:colcon.colcon_core.shell:Creating package script '/home/oliver/ros2_ws/braking_system/install/ctrl_long_emergency/share/ctrl_long_emergency/package.sh'
[30.337s] INFO:colcon.colcon_core.shell:Creating package script '/home/oliver/ros2_ws/braking_system/install/ctrl_long_emergency/share/ctrl_long_emergency/package.bash'
[30.338s] INFO:colcon.colcon_core.shell:Creating package script '/home/oliver/ros2_ws/braking_system/install/ctrl_long_emergency/share/ctrl_long_emergency/package.zsh'
[30.339s] Level 1:colcon.colcon_core.environment:create_file_with_runtime_dependencies(/home/oliver/ros2_ws/braking_system/install/ctrl_long_emergency/share/colcon-core/packages/ctrl_long_emergency)
[30.339s] DEBUG:colcon.colcon_parallel_executor.executor.parallel:closing loop
[30.340s] DEBUG:colcon.colcon_parallel_executor.executor.parallel:loop closed
[30.340s] DEBUG:colcon.colcon_parallel_executor.executor.parallel:run_until_complete finished with '0'
[30.341s] DEBUG:colcon.colcon_core.event_reactor:joining thread
[30.355s] INFO:colcon.colcon_core.plugin_system:Skipping extension 'colcon_notification.desktop_notification.terminal_notifier': Not used on non-Darwin systems
[30.355s] INFO:colcon.colcon_core.plugin_system:Skipping extension 'colcon_notification.desktop_notification.win32': Not used on non-Windows systems
[30.355s] INFO:colcon.colcon_notification.desktop_notification:Sending desktop notification using 'notify2'
[30.395s] DEBUG:colcon.colcon_core.event_reactor:joined thread
[30.396s] INFO:colcon.colcon_core.shell:Creating prefix script '/home/oliver/ros2_ws/braking_system/install/local_setup.ps1'
[30.398s] INFO:colcon.colcon_core.shell:Creating prefix util module '/home/oliver/ros2_ws/braking_system/install/_local_setup_util_ps1.py'
[30.402s] INFO:colcon.colcon_core.shell:Creating prefix chain script '/home/oliver/ros2_ws/braking_system/install/setup.ps1'
[30.405s] INFO:colcon.colcon_core.shell:Creating prefix script '/home/oliver/ros2_ws/braking_system/install/local_setup.sh'
[30.407s] INFO:colcon.colcon_core.shell:Creating prefix util module '/home/oliver/ros2_ws/braking_system/install/_local_setup_util_sh.py'
[30.409s] INFO:colcon.colcon_core.shell:Creating prefix chain script '/home/oliver/ros2_ws/braking_system/install/setup.sh'
[30.412s] INFO:colcon.colcon_core.shell:Creating prefix script '/home/oliver/ros2_ws/braking_system/install/local_setup.bash'
[30.414s] INFO:colcon.colcon_core.shell:Creating prefix chain script '/home/oliver/ros2_ws/braking_system/install/setup.bash'
[30.416s] INFO:colcon.colcon_core.shell:Creating prefix script '/home/oliver/ros2_ws/braking_system/install/local_setup.zsh'
[30.417s] INFO:colcon.colcon_core.shell:Creating prefix chain script '/home/oliver/ros2_ws/braking_system/install/setup.zsh'
