[0.067s] Invoking command in '/home/oliver/ros2_ws/braking_system/build/behavior_planner': CMAKE_PREFIX_PATH=/opt/ros/humble /usr/bin/cmake /home/oliver/ros2_ws/braking_system/behavior_planner -DAMENT_CMAKE_SYMLINK_INSTALL=1 -DCMAKE_INSTALL_PREFIX=/home/oliver/ros2_ws/braking_system/install/behavior_planner
[0.358s] -- The C compiler identification is GNU 11.4.0
[0.615s] -- The CXX compiler identification is GNU 11.4.0
[0.646s] -- Detecting C compiler ABI info
[0.956s] -- Detecting C compiler ABI info - done
[0.990s] -- Check for working C compiler: /usr/bin/cc - skipped
[0.998s] -- Detecting C compile features
[1.001s] -- Detecting C compile features - done
[1.038s] -- Detecting CXX compiler ABI info
[1.368s] -- Detecting CXX compiler ABI info - done
[1.416s] -- Check for working CXX compiler: /usr/bin/c++ - skipped
[1.416s] -- Detecting CXX compile features
[1.417s] -- Detecting CXX compile features - done
[1.445s] -- Found ament_cmake: 1.3.13 (/opt/ros/humble/share/ament_cmake/cmake)
[2.105s] -- Found Python3: /usr/bin/python3 (found version "3.10.12") found components: Interpreter 
[2.409s] -- Override CMake install command with custom implementation using symlinks instead of copying resources
[2.514s] -- Found rclcpp: 16.0.18 (/opt/ros/humble/share/rclcpp/cmake)
[2.702s] -- Found rosidl_generator_c: 3.1.8 (/opt/ros/humble/share/rosidl_generator_c/cmake)
[2.717s] -- Found rosidl_adapter: 3.1.8 (/opt/ros/humble/share/rosidl_adapter/cmake)
[2.764s] -- Found rosidl_generator_cpp: 3.1.8 (/opt/ros/humble/share/rosidl_generator_cpp/cmake)
[2.812s] -- Using all available rosidl_typesupport_c: rosidl_typesupport_fastrtps_c;rosidl_typesupport_introspection_c
[2.881s] -- Using all available rosidl_typesupport_cpp: rosidl_typesupport_fastrtps_cpp;rosidl_typesupport_introspection_cpp
[3.057s] -- Found rmw_implementation_cmake: 6.1.2 (/opt/ros/humble/share/rmw_implementation_cmake/cmake)
[3.067s] -- Found rmw_fastrtps_cpp: 6.2.10 (/opt/ros/humble/share/rmw_fastrtps_cpp/cmake)
[3.388s] -- Found OpenSSL: /usr/lib/x86_64-linux-gnu/libcrypto.so (found version "3.0.2")  
[3.465s] -- Found FastRTPS: /opt/ros/humble/include  
[3.584s] -- Using RMW implementation 'rmw_fastrtps_cpp' as default
[3.611s] -- Looking for pthread.h
[3.964s] -- Looking for pthread.h - found
[3.966s] -- Performing Test CMAKE_HAVE_LIBC_PTHREAD
[4.491s] -- Performing Test CMAKE_HAVE_LIBC_PTHREAD - Success
[4.509s] -- Found Threads: TRUE  
[4.859s] [31mCMake Error at CMakeLists.txt:11 (find_package):
[4.860s]   By not providing "Findcrp_msgs.cmake" in CMAKE_MODULE_PATH this project has
[4.860s]   asked CMake to find a package configuration file provided by "crp_msgs",
[4.860s]   but CMake did not find one.
[4.865s] 
[4.865s]   Could not find a package configuration file provided by "crp_msgs" with any
[4.865s]   of the following names:
[4.865s] 
[4.865s]     crp_msgsConfig.cmake
[4.866s]     crp_msgs-config.cmake
[4.866s] 
[4.869s]   Add the installation prefix of "crp_msgs" to CMAKE_PREFIX_PATH or set
[4.869s]   "crp_msgs_DIR" to a directory containing one of the above files.  If
[4.869s] -- Configuring incomplete, errors occurred!
[4.870s] See also "/home/oliver/ros2_ws/braking_system/build/behavior_planner/CMakeFiles/CMakeOutput.log".
[4.870s]   "crp_msgs" provides a separate development package or SDK, be sure it has
[4.871s]   been installed.
[4.871s] 
[4.871s] [0m
[4.883s] Invoked command in '/home/oliver/ros2_ws/braking_system/build/behavior_planner' returned '1': CMAKE_PREFIX_PATH=/opt/ros/humble /usr/bin/cmake /home/oliver/ros2_ws/braking_system/behavior_planner -DAMENT_CMAKE_SYMLINK_INSTALL=1 -DCMAKE_INSTALL_PREFIX=/home/oliver/ros2_ws/braking_system/install/behavior_planner
