[35m[1mConsolidate compiler generated dependencies of target plan_long_emergency[0m
[100%] Built target plan_long_emergency
-- Install configuration: ""
-- Execute custom install script
-- Up-to-date symlink: /home/oliver/ros2_ws/braking_system/install/plan_long_emergency/lib/plan_long_emergency/plan_long_emergency
-- Up-to-date symlink: /home/oliver/ros2_ws/braking_system/install/plan_long_emergency/share/plan_long_emergency/config/config.yaml
-- Up-to-date symlink: /home/oliver/ros2_ws/braking_system/install/plan_long_emergency/share/plan_long_emergency/launch/motion_planning.launch.py
-- Up-to-date symlink: /home/oliver/ros2_ws/braking_system/install/plan_long_emergency/share/ament_index/resource_index/package_run_dependencies/plan_long_emergency
-- Up-to-date symlink: /home/oliver/ros2_ws/braking_system/install/plan_long_emergency/share/ament_index/resource_index/parent_prefix_path/plan_long_emergency
-- Up-to-date symlink: /home/oliver/ros2_ws/braking_system/install/plan_long_emergency/share/plan_long_emergency/environment/ament_prefix_path.sh
-- Up-to-date symlink: /home/oliver/ros2_ws/braking_system/install/plan_long_emergency/share/plan_long_emergency/environment/ament_prefix_path.dsv
-- Up-to-date symlink: /home/oliver/ros2_ws/braking_system/install/plan_long_emergency/share/plan_long_emergency/environment/path.sh
-- Up-to-date symlink: /home/oliver/ros2_ws/braking_system/install/plan_long_emergency/share/plan_long_emergency/environment/path.dsv
-- Up-to-date symlink: /home/oliver/ros2_ws/braking_system/install/plan_long_emergency/share/plan_long_emergency/local_setup.bash
-- Up-to-date symlink: /home/oliver/ros2_ws/braking_system/install/plan_long_emergency/share/plan_long_emergency/local_setup.sh
-- Up-to-date symlink: /home/oliver/ros2_ws/braking_system/install/plan_long_emergency/share/plan_long_emergency/local_setup.zsh
-- Up-to-date symlink: /home/oliver/ros2_ws/braking_system/install/plan_long_emergency/share/plan_long_emergency/local_setup.dsv
-- Symlinking: /home/oliver/ros2_ws/braking_system/install/plan_long_emergency/share/plan_long_emergency/package.dsv
-- Up-to-date symlink: /home/oliver/ros2_ws/braking_system/install/plan_long_emergency/share/ament_index/resource_index/packages/plan_long_emergency
-- Up-to-date symlink: /home/oliver/ros2_ws/braking_system/install/plan_long_emergency/share/plan_long_emergency/cmake/plan_long_emergencyConfig.cmake
-- Up-to-date symlink: /home/oliver/ros2_ws/braking_system/install/plan_long_emergency/share/plan_long_emergency/cmake/plan_long_emergencyConfig-version.cmake
-- Up-to-date symlink: /home/oliver/ros2_ws/braking_system/install/plan_long_emergency/share/plan_long_emergency/package.xml
