[0.082s] Invoking command in '/home/oliver/ros2_ws/braking_system/build/plan_long_emergency': CMAKE_PREFIX_PATH=/opt/ros/humble /usr/bin/cmake --build /home/oliver/ros2_ws/braking_system/build/plan_long_emergency -- -j8 -l8
[0.231s] [35m[1mConsolidate compiler generated dependencies of target plan_long_emergency[0m
[0.315s] [100%] Built target plan_long_emergency
[0.345s] Invoked command in '/home/oliver/ros2_ws/braking_system/build/plan_long_emergency' returned '0': CMAKE_PREFIX_PATH=/opt/ros/humble /usr/bin/cmake --build /home/oliver/ros2_ws/braking_system/build/plan_long_emergency -- -j8 -l8
[0.378s] Invoking command in '/home/oliver/ros2_ws/braking_system/build/plan_long_emergency': CMAKE_PREFIX_PATH=/opt/ros/humble /usr/bin/cmake --install /home/oliver/ros2_ws/braking_system/build/plan_long_emergency
[0.402s] -- Install configuration: ""
[0.421s] -- Execute custom install script
[0.422s] -- Up-to-date symlink: /home/oliver/ros2_ws/braking_system/install/plan_long_emergency/lib/plan_long_emergency/plan_long_emergency
[0.422s] -- Up-to-date symlink: /home/oliver/ros2_ws/braking_system/install/plan_long_emergency/share/plan_long_emergency/config/config.yaml
[0.422s] -- Up-to-date symlink: /home/oliver/ros2_ws/braking_system/install/plan_long_emergency/share/plan_long_emergency/launch/motion_planning.launch.py
[0.422s] -- Up-to-date symlink: /home/oliver/ros2_ws/braking_system/install/plan_long_emergency/share/ament_index/resource_index/package_run_dependencies/plan_long_emergency
[0.426s] -- Up-to-date symlink: /home/oliver/ros2_ws/braking_system/install/plan_long_emergency/share/ament_index/resource_index/parent_prefix_path/plan_long_emergency
[0.429s] -- Up-to-date symlink: /home/oliver/ros2_ws/braking_system/install/plan_long_emergency/share/plan_long_emergency/environment/ament_prefix_path.sh
[0.429s] -- Up-to-date symlink: /home/oliver/ros2_ws/braking_system/install/plan_long_emergency/share/plan_long_emergency/environment/ament_prefix_path.dsv
[0.429s] -- Up-to-date symlink: /home/oliver/ros2_ws/braking_system/install/plan_long_emergency/share/plan_long_emergency/environment/path.sh
[0.429s] -- Up-to-date symlink: /home/oliver/ros2_ws/braking_system/install/plan_long_emergency/share/plan_long_emergency/environment/path.dsv
[0.429s] -- Up-to-date symlink: /home/oliver/ros2_ws/braking_system/install/plan_long_emergency/share/plan_long_emergency/local_setup.bash
[0.430s] -- Up-to-date symlink: /home/oliver/ros2_ws/braking_system/install/plan_long_emergency/share/plan_long_emergency/local_setup.sh
[0.430s] -- Up-to-date symlink: /home/oliver/ros2_ws/braking_system/install/plan_long_emergency/share/plan_long_emergency/local_setup.zsh
[0.430s] -- Up-to-date symlink: /home/oliver/ros2_ws/braking_system/install/plan_long_emergency/share/plan_long_emergency/local_setup.dsv
[0.430s] -- Symlinking: /home/oliver/ros2_ws/braking_system/install/plan_long_emergency/share/plan_long_emergency/package.dsv
[0.443s] -- Up-to-date symlink: /home/oliver/ros2_ws/braking_system/install/plan_long_emergency/share/ament_index/resource_index/packages/plan_long_emergency
[0.443s] -- Up-to-date symlink: /home/oliver/ros2_ws/braking_system/install/plan_long_emergency/share/plan_long_emergency/cmake/plan_long_emergencyConfig.cmake
[0.444s] -- Up-to-date symlink: /home/oliver/ros2_ws/braking_system/install/plan_long_emergency/share/plan_long_emergency/cmake/plan_long_emergencyConfig-version.cmake
[0.444s] -- Up-to-date symlink: /home/oliver/ros2_ws/braking_system/install/plan_long_emergency/share/plan_long_emergency/package.xml
[0.452s] Invoked command in '/home/oliver/ros2_ws/braking_system/build/plan_long_emergency' returned '0': CMAKE_PREFIX_PATH=/opt/ros/humble /usr/bin/cmake --install /home/oliver/ros2_ws/braking_system/build/plan_long_emergency
