[0.022s] Invoking command in '/home/oliver/ros2_ws/braking_system/build/behavior_planner': CMAKE_PREFIX_PATH=${CMAKE_PREFIX_PATH}:/opt/ros/humble /usr/bin/cmake /home/oliver/ros2_ws/braking_system/behavior_planner -DCMAKE_INSTALL_PREFIX=/home/oliver/ros2_ws/braking_system/install/behavior_planner
[0.053s] -- Found ament_cmake: 1.3.13 (/opt/ros/humble/share/ament_cmake/cmake)
[0.355s] -- Override CMake install command with custom implementation using symlinks instead of copying resources
[0.369s] -- Found rclcpp: 16.0.18 (/opt/ros/humble/share/rclcpp/cmake)
[0.432s] -- Found rosidl_generator_c: 3.1.8 (/opt/ros/humble/share/rosidl_generator_c/cmake)
[0.437s] -- Found rosidl_adapter: 3.1.8 (/opt/ros/humble/share/rosidl_adapter/cmake)
[0.450s] -- Found rosidl_generator_cpp: 3.1.8 (/opt/ros/humble/share/rosidl_generator_cpp/cmake)
[0.470s] -- Using all available rosidl_typesupport_c: rosidl_typesupport_fastrtps_c;rosidl_typesupport_introspection_c
[0.494s] -- Using all available rosidl_typesupport_cpp: rosidl_typesupport_fastrtps_cpp;rosidl_typesupport_introspection_cpp
[0.568s] -- Found rmw_implementation_cmake: 6.1.2 (/opt/ros/humble/share/rmw_implementation_cmake/cmake)
[0.571s] -- Found rmw_fastrtps_cpp: 6.2.10 (/opt/ros/humble/share/rmw_fastrtps_cpp/cmake)
[0.793s] -- Using RMW implementation 'rmw_fastrtps_cpp' as default
[0.935s] [31mCMake Error at CMakeLists.txt:11 (find_package):
[0.935s]   By not providing "Findcrp_msgs.cmake" in CMAKE_MODULE_PATH this project has
[0.936s]   asked CMake to find a package configuration file provided by "crp_msgs",
[0.936s]   but CMake did not find one.
[0.936s] 
[0.936s]   Could not find a package configuration file provided by "crp_msgs" with any
[0.936s]   of the following names:
[0.936s] 
[0.937s]     crp_msgsConfig.cmake
[0.937s]     crp_msgs-config.cmake
[0.937s] 
[0.937s]   Add the installation prefix of "crp_msgs" to CMAKE_PREFIX_PATH or set
[0.937s]   "crp_msgs_DIR" to a directory containing one of the above files.  If
[0.938s]   "crp_msgs" provides a separate development package or SDK, be sure it has
[0.938s]   been installed.
[0.938s] 
[0.938s] [0m
[0.938s] -- Configuring incomplete, errors occurred!
[0.939s] See also "/home/oliver/ros2_ws/braking_system/build/behavior_planner/CMakeFiles/CMakeOutput.log".
[0.950s] Invoked command in '/home/oliver/ros2_ws/braking_system/build/behavior_planner' returned '1': CMAKE_PREFIX_PATH=${CMAKE_PREFIX_PATH}:/opt/ros/humble /usr/bin/cmake /home/oliver/ros2_ws/braking_system/behavior_planner -DCMAKE_INSTALL_PREFIX=/home/oliver/ros2_ws/braking_system/install/behavior_planner
